59.0 APEX_CODE,FINEST;APEX_PROFILING,INFO;CALLOUT,INFO;DB,INFO;NBA,INFO;SYSTEM,DEBUG;VALIDATION,INFO;VISUALFORCE,FINER;WAVE,INFO;WORKFLOW,INFO
11:57:11.3 (3480163)|USER_INFO|[EXTERNAL]|005ao0000003lhe|alex.downs@spdex450.edu|(GMT-08:00) Pacific Standard Time (America/Los_Angeles)|GMT-08:00
11:57:11.3 (3527594)|EXECUTION_STARTED
11:57:11.3 (3554774)|CODE_UNIT_STARTED|[EXTERNAL]|01pao000001Zu6n|invoicescontrollertest.posInvoiceTestCase()
11:57:11.3 (3808249)|HEAP_ALLOCATE|[79]|Bytes:3
11:57:11.3 (4526611)|HEAP_ALLOCATE|[84]|Bytes:152
11:57:11.3 (4545882)|HEAP_ALLOCATE|[399]|Bytes:408
11:57:11.3 (4559052)|HEAP_ALLOCATE|[412]|Bytes:408
11:57:11.3 (4572892)|HEAP_ALLOCATE|[520]|Bytes:48
11:57:11.3 (4611824)|HEAP_ALLOCATE|[139]|Bytes:6
11:57:11.3 (4643355)|HEAP_ALLOCATE|[EXTERNAL]|Bytes:347
11:57:11.3 (4655555)|METHOD_ENTRY|[2]|01pao000001Zu6n|invoicescontrollertest.invoicescontrollertest()
11:57:11.3 (4666665)|STATEMENT_EXECUTE|[2]
11:57:11.3 (4676894)|STATEMENT_EXECUTE|[2]
11:57:11.3 (4683604)|METHOD_EXIT|[2]|invoicescontrollertest
11:57:11.3 (4716626)|HEAP_ALLOCATE|[52]|Bytes:5
11:57:11.3 (4747975)|HEAP_ALLOCATE|[58]|Bytes:5
11:57:11.3 (4756637)|HEAP_ALLOCATE|[66]|Bytes:7
11:57:11.3 (4805256)|STATEMENT_EXECUTE|[95]
11:57:11.3 (4806646)|STATEMENT_EXECUTE|[98]
11:57:11.3 (4909968)|HEAP_ALLOCATE|[98]|Bytes:4
11:57:11.3 (5002220)|VARIABLE_SCOPE_BEGIN|[98]|newInvoices|List<Invoice__c>|true|false
11:57:11.3 (5014671)|HEAP_ALLOCATE|[EXTERNAL]|Bytes:4
11:57:11.3 (5055851)|VARIABLE_ASSIGNMENT|[98]|newInvoices|[]|0x1bbd45c6
11:57:11.3 (5060651)|STATEMENT_EXECUTE|[99]
11:57:11.3 (5063851)|HEAP_ALLOCATE|[99]|Bytes:12
11:57:11.3 (7340183)|HEAP_ALLOCATE|[99]|Bytes:10
11:57:11.3 (7374693)|METHOD_ENTRY|[2]|01pao0000018irJ|testDataFactory.testDataFactory()
11:57:11.3 (7383413)|STATEMENT_EXECUTE|[2]
11:57:11.3 (7390984)|STATEMENT_EXECUTE|[2]
11:57:11.3 (7398574)|METHOD_EXIT|[2]|testDataFactory
11:57:11.3 (7432784)|METHOD_ENTRY|[99]|01pao0000018irJ|testDataFactory.createValidAccount(String)
11:57:11.3 (7506226)|VARIABLE_SCOPE_BEGIN|[4]|aName|String|false|false
11:57:11.3 (7524207)|VARIABLE_ASSIGNMENT|[4]|aName|"Test Account"
11:57:11.3 (7554357)|STATEMENT_EXECUTE|[4]
11:57:11.3 (7555746)|STATEMENT_EXECUTE|[5]
11:57:11.3 (7582888)|HEAP_ALLOCATE|[5]|Bytes:4
11:57:11.3 (7678549)|VARIABLE_SCOPE_BEGIN|[5]|a|Account|true|false
11:57:11.3 (7700960)|VARIABLE_ASSIGNMENT|[5]|a|{}|0x26e29485
11:57:11.3 (7705000)|STATEMENT_EXECUTE|[6]
11:57:11.3 (7803102)|VARIABLE_ASSIGNMENT|[6]|this.Name|"Test Account"|0x26e29485
11:57:11.3 (7808652)|STATEMENT_EXECUTE|[7]
11:57:11.3 (7816322)|METHOD_EXIT|[99]|01pao0000018irJ|testDataFactory.createValidAccount(String)
11:57:11.3 (7824162)|VARIABLE_SCOPE_BEGIN|[99]|a|Account|true|false
11:57:11.3 (7837162)|VARIABLE_ASSIGNMENT|[99]|a|{"Name":"Test Account"}|0x26e29485
11:57:11.3 (7841152)|STATEMENT_EXECUTE|[100]
11:57:11.3 (7875893)|HEAP_ALLOCATE|[100]|Bytes:8
11:57:11.3 (7902884)|DML_BEGIN|[100]|Op:Insert|Type:Account|Rows:1
11:57:11.3 (7965205)|HEAP_ALLOCATE|[EXTERNAL]|Bytes:8
11:57:11.3 (70921352)|DML_END|[100]
11:57:11.3 (71257387)|STATEMENT_EXECUTE|[101]
11:57:11.3 (71329520)|HEAP_ALLOCATE|[101]|Bytes:4
11:57:11.3 (71458982)|VARIABLE_SCOPE_BEGIN|[101]|o|Opportunity|true|false
11:57:11.3 (71493543)|VARIABLE_ASSIGNMENT|[101]|o|{}|0x76129ba8
11:57:11.3 (71498552)|STATEMENT_EXECUTE|[102]
11:57:11.3 (71505943)|HEAP_ALLOCATE|[102]|Bytes:8
11:57:11.3 (71609714)|VARIABLE_ASSIGNMENT|[102]|this.Name|"test Opp"|0x76129ba8
11:57:11.3 (71616034)|STATEMENT_EXECUTE|[103]
11:57:11.3 (71664186)|HEAP_ALLOCATE|[103]|Bytes:28
11:57:11.3 (71703326)|VARIABLE_ASSIGNMENT|[103]|this.Amount|40|0x76129ba8
11:57:11.3 (71708806)|STATEMENT_EXECUTE|[104]
11:57:11.3 (71712456)|HEAP_ALLOCATE|[104]|Bytes:27
11:57:11.3 (71741857)|VARIABLE_ASSIGNMENT|[104]|this.Type|"Existing Customer -  (7 more) ..."|0x76129ba8
11:57:11.3 (71747116)|STATEMENT_EXECUTE|[105]
11:57:11.3 (71749387)|HEAP_ALLOCATE|[105]|Bytes:10
11:57:11.3 (71773477)|VARIABLE_ASSIGNMENT|[105]|this.StageName|"Closed Won"|0x76129ba8
11:57:11.3 (71778197)|STATEMENT_EXECUTE|[106]
11:57:11.3 (71883990)|HEAP_ALLOCATE|[106]|Bytes:4
11:57:11.3 (71949811)|VARIABLE_ASSIGNMENT|[106]|this.CloseDate|"2024-02-20T00:00:00.000Z"|0x76129ba8
11:57:11.3 (71955601)|STATEMENT_EXECUTE|[107]
11:57:11.3 (72026462)|VARIABLE_ASSIGNMENT|[107]|this.AccountId|"001ao000006fIsLAAU"|0x76129ba8
11:57:11.3 (72032672)|STATEMENT_EXECUTE|[108]
11:57:11.3 (72067733)|HEAP_ALLOCATE|[108]|Bytes:8
11:57:11.3 (72099663)|DML_BEGIN|[108]|Op:Insert|Type:Opportunity|Rows:1
11:57:11.3 (72169265)|HEAP_ALLOCATE|[EXTERNAL]|Bytes:8
11:57:11.3 (87526185)|CODE_UNIT_STARTED|[EXTERNAL]|01qao00000061vt|OppMasterTrigger on Opportunity trigger event BeforeInsert|__sfdc_trigger/OppMasterTrigger
11:57:11.3 (87585196)|HEAP_ALLOCATE|[EXTERNAL]|Bytes:8
11:57:11.3 (87729207)|HEAP_ALLOCATE|[EXTERNAL]|Bytes:4
11:57:11.3 (87748408)|VARIABLE_SCOPE_BEGIN|[1]|this|OppMasterTrigger|true|false
11:57:11.3 (87799360)|VARIABLE_ASSIGNMENT|[1]|this|{}|0x6e3abcf5
11:57:11.3 (87863491)|HEAP_ALLOCATE|[EXTERNAL]|Bytes:4
11:57:11.3 (87943962)|VARIABLE_SCOPE_BEGIN|[1]|this|OppMasterTrigger|true|false
11:57:11.3 (87973933)|VARIABLE_ASSIGNMENT|[1]|this|{}|0x6e3abcf5
11:57:11.3 (87985253)|STATEMENT_EXECUTE|[1]
11:57:11.3 (88022784)|STATEMENT_EXECUTE|[6]
11:57:11.3 (88033604)|STATEMENT_EXECUTE|[7]
11:57:11.3 (88035044)|STATEMENT_EXECUTE|[8]
11:57:11.3 (90352055)|HEAP_ALLOCATE|[8]|Bytes:10
11:57:11.3 (90406077)|METHOD_ENTRY|[1]|01pao0000015Cj7|OppHandler.OppHandler()
11:57:11.3 (90420647)|STATEMENT_EXECUTE|[1]
11:57:11.3 (90430548)|STATEMENT_EXECUTE|[1]
11:57:11.3 (91064799)|SYSTEM_MODE_ENTER|false
11:57:11.3 (91089759)|HEAP_ALLOCATE|[8]|Bytes:5
11:57:11.3 (91099420)|SYSTEM_MODE_EXIT|false
11:57:11.3 (91116480)|METHOD_EXIT|[1]|OppHandler
11:57:11.3 (91153060)|METHOD_ENTRY|[8]|01pao0000015Cj7|OppHandler.applyNamingConvention(List<Opportunity>)
11:57:11.3 (91190661)|VARIABLE_SCOPE_BEGIN|[3]|triggerNew|List<Opportunity>|true|false
11:57:11.3 (91969456)|VARIABLE_ASSIGNMENT|[3]|triggerNew|[{"IsDeleted":false,"AccountId":"001ao000006fIsLAAU","HasOpportunityLineItem":false,"StageName":"Closed Won","Amount":40.00,"Probability":100,"ForecastCategory":"Closed","IsClosed":true,"CloseDate":"2024-02-20T00:00:00.000Z","Name":"test Opp","HasOpenActivity":false,"Type":"Existing Customer -  (7 more) ...","OwnerId":"005ao0000003lheAAA","IsWon":true,"HasOverdueTask":false,"ForecastCategoryName":"Closed","IsPrivate":false}]|0x6a90ad91
11:57:11.3 (92001196)|SYSTEM_MODE_ENTER|false
11:57:11.3 (92013436)|HEAP_ALLOCATE|[10]|Bytes:5
11:57:11.3 (92018646)|STATEMENT_EXECUTE|[3]
11:57:11.3 (92019796)|STATEMENT_EXECUTE|[10]
11:57:11.3 (92070418)|HEAP_ALLOCATE|[10]|Bytes:4
11:57:11.3 (92113558)|VARIABLE_SCOPE_BEGIN|[10]|parentAccounts|Map<Id,Account>|true|false
11:57:11.3 (92129968)|VARIABLE_ASSIGNMENT|[10]|parentAccounts|{}|0x3da1b85f
11:57:11.3 (92133819)|STATEMENT_EXECUTE|[11]
11:57:11.3 (92146488)|HEAP_ALLOCATE|[11]|Bytes:4
11:57:11.3 (92216799)|VARIABLE_SCOPE_BEGIN|[11]|parentIds|Set<Id>|true|false
11:57:11.3 (92244770)|VARIABLE_ASSIGNMENT|[11]|parentIds|[]|0x77c00bec
11:57:11.3 (92443683)|HEAP_ALLOCATE|[12]|Bytes:5
11:57:11.3 (92466414)|HEAP_ALLOCATE|[12]|Bytes:4
11:57:11.3 (92477574)|VARIABLE_SCOPE_BEGIN|[12]|o|Opportunity|true|false
11:57:11.3 (93083216)|VARIABLE_ASSIGNMENT|[12]|o|{"IsDeleted":false,"AccountId":"001ao000006fIsLAAU","HasOpportunityLineItem":false,"StageName":"Closed Won","Amount":40.00,"Probability":100,"ForecastCategory":"Closed","IsClosed":true,"CloseDate":"2024-02-20T00:00:00.000Z","Name":"test Opp","HasOpenActivity":false,"Type":"Existing Customer -  (7 more) ...","OwnerId":"005ao0000003lheAAA","IsWon":true,"HasOverdueTask":false,"ForecastCategoryName":"Closed","IsPrivate":false}|0x23cbf28f
11:57:11.3 (93114956)|STATEMENT_EXECUTE|[12]
11:57:11.3 (93116446)|STATEMENT_EXECUTE|[13]
11:57:11.3 (93193208)|HEAP_ALLOCATE|[EXTERNAL]|Bytes:4
11:57:11.3 (93213918)|HEAP_ALLOCATE|[12]|Bytes:5
11:57:11.3 (93228358)|VARIABLE_ASSIGNMENT|[12]|o|null|
11:57:11.3 (93235058)|HEAP_ALLOCATE|[15]|Bytes:48
11:57:11.3 (93250579)|HEAP_ALLOCATE|[15]|Bytes:4
11:57:11.3 (93257929)|HEAP_ALLOCATE|[15]|Bytes:7
11:57:11.3 (93637606)|SOQL_EXECUTE_BEGIN|[15]|Aggregations:0|SELECT Id, Name FROM Account WHERE Id = :tmpVar1
11:57:11.3 (99027324)|SOQL_EXECUTE_END|[15]|Rows:1
11:57:11.3 (99074475)|HEAP_ALLOCATE|[EXTERNAL]|Bytes:8
11:57:11.3 (99300339)|HEAP_ALLOCATE|[15]|Bytes:54
11:57:11.3 (99310759)|HEAP_ALLOCATE|[15]|Bytes:8
11:57:11.3 (99325069)|SYSTEM_METHOD_ENTRY|[7]|QueryLocatorIterator.QueryLocatorIterator()
11:57:11.3 (99332899)|STATEMENT_EXECUTE|[7]
11:57:11.3 (99347750)|SYSTEM_METHOD_EXIT|[7]|QueryLocatorIterator
11:57:11.3 (99356930)|HEAP_ALLOCATE|[15]|Bytes:28
11:57:11.3 (99404561)|HEAP_ALLOCATE|[15]|Bytes:8
11:57:11.3 (99420881)|HEAP_ALLOCATE|[15]|Bytes:8
11:57:11.3 (99423831)|HEAP_ALLOCATE|[15]|Bytes:8
11:57:11.3 (99430781)|VARIABLE_SCOPE_BEGIN|[15]|this|Database.QueryLocatorIterator|true|false
11:57:11.3 (99476582)|VARIABLE_ASSIGNMENT|[15]|this|{}|0x4773753e
11:57:11.3 (99482022)|VARIABLE_SCOPE_BEGIN|[15]|values|List<SObject>|true|false
11:57:11.3 (99505052)|VARIABLE_ASSIGNMENT|[15]|values|[{"Id":"001ao000006fIsLAAU","Name":"Test Account"}]|0x33ecfb54
11:57:11.3 (99508873)|VARIABLE_SCOPE_BEGIN|[15]|ql|Database.QueryLocator|true|false
11:57:11.3 (99527853)|VARIABLE_ASSIGNMENT|[15]|ql|{"query":"SELECT Id, Name FROM (28 more) ..."}|0x168a212b
11:57:11.3 (99531643)|VARIABLE_SCOPE_BEGIN|[15]|totalNumRecords|Integer|false|false
11:57:11.3 (99537943)|VARIABLE_ASSIGNMENT|[15]|totalNumRecords|1
11:57:11.3 (99540463)|VARIABLE_SCOPE_BEGIN|[15]|queryMoreSize|Integer|false|false
11:57:11.3 (99545033)|VARIABLE_ASSIGNMENT|[15]|queryMoreSize|49999
11:57:11.3 (100259057)|HEAP_ALLOCATE|[15]|Bytes:28
11:57:11.3 (100291227)|METHOD_ENTRY|[15]||Database.QueryLocatorIterator.hasNext()
11:57:11.3 (100421949)|METHOD_EXIT|[15]||Database.QueryLocatorIterator.hasNext()
11:57:11.3 (100435010)|METHOD_ENTRY|[15]||Database.QueryLocatorIterator.next()
11:57:11.3 (100529412)|METHOD_EXIT|[15]||Database.QueryLocatorIterator.next()
11:57:11.3 (100540921)|VARIABLE_SCOPE_BEGIN|[15]|a|Account|true|false
11:57:11.3 (100562812)|VARIABLE_ASSIGNMENT|[15]|a|{"Id":"001ao000006fIsLAAU","Name":"Test Account"}|0x152374b3
11:57:11.3 (100569712)|STATEMENT_EXECUTE|[15]
11:57:11.3 (100571402)|STATEMENT_EXECUTE|[16]
11:57:11.3 (101479579)|HEAP_ALLOCATE|[EXTERNAL]|Bytes:-4
11:57:11.3 (101500939)|METHOD_ENTRY|[15]||Database.QueryLocatorIterator.hasNext()
11:57:11.3 (101526590)|METHOD_EXIT|[15]||Database.QueryLocatorIterator.hasNext()
11:57:11.3 (101539690)|VARIABLE_ASSIGNMENT|[15]|a|null|
11:57:11.3 (101608251)|HEAP_ALLOCATE|[21]|Bytes:5
11:57:11.3 (101630021)|HEAP_ALLOCATE|[21]|Bytes:4
11:57:11.3 (101638622)|VARIABLE_SCOPE_BEGIN|[21]|o|Opportunity|true|false
11:57:11.3 (102162161)|VARIABLE_ASSIGNMENT|[21]|o|{"IsDeleted":false,"AccountId":"001ao000006fIsLAAU","HasOpportunityLineItem":false,"StageName":"Closed Won","Amount":40.00,"Probability":100,"ForecastCategory":"Closed","IsClosed":true,"CloseDate":"2024-02-20T00:00:00.000Z","Name":"test Opp","HasOpenActivity":false,"Type":"Existing Customer -  (7 more) ...","OwnerId":"005ao0000003lheAAA","IsWon":true,"HasOverdueTask":false,"ForecastCategoryName":"Closed","IsPrivate":false}|0x23cbf28f
11:57:11.3 (102176401)|STATEMENT_EXECUTE|[21]
11:57:11.3 (102177951)|STATEMENT_EXECUTE|[22]
11:57:11.3 (102324794)|HEAP_ALLOCATE|[22]|Bytes:3
11:57:11.3 (102492057)|HEAP_ALLOCATE|[23]|Bytes:1
11:57:11.3 (102505337)|HEAP_ALLOCATE|[23]|Bytes:1
11:57:11.3 (102520497)|HEAP_ALLOCATE|[22]|Bytes:47
11:57:11.3 (102566838)|HEAP_ALLOCATE|[23]|Bytes:4
11:57:11.3 (102580449)|HEAP_ALLOCATE|[22]|Bytes:51
11:57:11.3 (103040117)|VARIABLE_ASSIGNMENT|[22]|this.Name|"Test Account - Exist (31 more) ..."|0x23cbf28f
11:57:11.3 (103073037)|HEAP_ALLOCATE|[21]|Bytes:5
11:57:11.3 (103091458)|VARIABLE_ASSIGNMENT|[21]|o|null|
11:57:11.3 (103100349)|SYSTEM_MODE_EXIT|false
11:57:11.3 (103114118)|METHOD_EXIT|[8]|01pao0000015Cj7|OppHandler.applyNamingConvention(List<Opportunity>)
11:57:11.3 (103134838)|STATEMENT_EXECUTE|[12]
11:57:11.3 (103144888)|STATEMENT_EXECUTE|[16]
11:57:11.3 (103154150)|STATEMENT_EXECUTE|[22]
11:57:11.103 (103171159)|CUMULATIVE_LIMIT_USAGE
11:57:11.103 (103171159)|LIMIT_USAGE_FOR_NS|(default)|
  Number of SOQL queries: 1 out of 100
  Number of query rows: 1 out of 50000
  Number of SOSL queries: 0 out of 20
  Number of DML statements: 2 out of 150
  Number of Publish Immediate DML: 0 out of 150
  Number of DML rows: 2 out of 10000
  Maximum CPU time: 0 out of 10000
  Maximum heap size: 0 out of 6000000
  Number of callouts: 0 out of 100
  Number of Email Invocations: 0 out of 10
  Number of future calls: 0 out of 50
  Number of queueable jobs added to the queue: 0 out of 50
  Number of Mobile Apex push calls: 0 out of 10

11:57:11.103 (103171159)|CUMULATIVE_LIMIT_USAGE_END

11:57:11.3 (103752819)|CODE_UNIT_FINISHED|OppMasterTrigger on Opportunity trigger event BeforeInsert|__sfdc_trigger/OppMasterTrigger
11:57:11.3 (139444260)|CODE_UNIT_STARTED|[EXTERNAL]|01qao00000061vt|OppMasterTrigger on Opportunity trigger event AfterInsert|__sfdc_trigger/OppMasterTrigger
11:57:11.3 (139522243)|HEAP_ALLOCATE|[EXTERNAL]|Bytes:8
11:57:11.3 (139698886)|HEAP_ALLOCATE|[EXTERNAL]|Bytes:4
11:57:11.3 (139715545)|VARIABLE_SCOPE_BEGIN|[1]|this|OppMasterTrigger|true|false
11:57:11.3 (139764386)|VARIABLE_ASSIGNMENT|[1]|this|{}|0x4b6dffa0
11:57:11.3 (139815968)|HEAP_ALLOCATE|[EXTERNAL]|Bytes:4
11:57:11.3 (139824088)|VARIABLE_SCOPE_BEGIN|[1]|this|OppMasterTrigger|true|false
11:57:11.3 (139837717)|VARIABLE_ASSIGNMENT|[1]|this|{}|0x4b6dffa0
11:57:11.3 (139844357)|STATEMENT_EXECUTE|[1]
11:57:11.3 (139862598)|STATEMENT_EXECUTE|[6]
11:57:11.3 (139870518)|STATEMENT_EXECUTE|[22]
11:57:11.3 (139878729)|STATEMENT_EXECUTE|[23]
11:57:11.3 (139880458)|STATEMENT_EXECUTE|[24]
11:57:11.3 (139936700)|METHOD_ENTRY|[24]|01pao0000015Cj7|OppHandler.CreateInvoiceFromOpportunity(List<Opportunity>)
11:57:11.3 (139971461)|VARIABLE_SCOPE_BEGIN|[54]|triggerNew|List<Opportunity>|true|false
11:57:11.3 (140467248)|VARIABLE_ASSIGNMENT|[54]|triggerNew|[{"LastModifiedDate":"2024-02-20T19:57:11.000Z","IsDeleted":false,"AccountId":"001ao000006fIsLAAU","HasOpportunityLineItem":false,"StageName":"Closed Won","Amount":40.00,"Probability":100,"ForecastCategory":"Closed","IsClosed":true,"CloseDate":"2024-02-20T00:00:00.000Z","Name":"Test Account - Exist (31 more) ...","SystemModstamp":"2024-02-20T19:57:11.000Z","HasOpenActivity":false,"Type":"Existing Customer -  (7 more) ...","ExpectedRevenue":40.00,"CreatedById":"005ao0000003lheAAA","OwnerId":"005ao0000003lheAAA","IsWon":true,"CreatedDate":"2024-02-20T19:57:11.000Z","HasOverdueTask":false,"Id":"006ao000000rR11AAE","ForecastCategoryName":"Closed","IsPrivate":false,"LastModifiedById":"005ao0000003lheAAA"}]|0x4e943469
11:57:11.3 (141150782)|SYSTEM_MODE_ENTER|false
11:57:11.3 (141187492)|HEAP_ALLOCATE|[55]|Bytes:5
11:57:11.3 (141198973)|STATEMENT_EXECUTE|[54]
11:57:11.3 (141201433)|STATEMENT_EXECUTE|[55]
11:57:11.3 (141225083)|HEAP_ALLOCATE|[55]|Bytes:4
11:57:11.3 (141285794)|VARIABLE_SCOPE_BEGIN|[55]|invoiceRecords|List<Invoice__c>|true|false
11:57:11.3 (141300854)|HEAP_ALLOCATE|[EXTERNAL]|Bytes:4
11:57:11.3 (141319095)|VARIABLE_ASSIGNMENT|[55]|invoiceRecords|[]|0x10e412f7
11:57:11.3 (141391366)|HEAP_ALLOCATE|[58]|Bytes:5
11:57:11.3 (141421557)|VARIABLE_SCOPE_BEGIN|[58]|o|Opportunity|true|false
11:57:11.3 (141813974)|VARIABLE_ASSIGNMENT|[58]|o|{"LastModifiedDate":"2024-02-20T19:57:11.000Z","IsDeleted":false,"AccountId":"001ao000006fIsLAAU","HasOpportunityLineItem":false,"StageName":"Closed Won","Amount":40.00,"Probability":100,"ForecastCategory":"Closed","IsClosed":true,"CloseDate":"2024-02-20T00:00:00.000Z","Name":"Test Account - Exist (31 more) ...","SystemModstamp":"2024-02-20T19:57:11.000Z","HasOpenActivity":false,"Type":"Existing Customer -  (7 more) ...","ExpectedRevenue":40.00,"CreatedById":"005ao0000003lheAAA","OwnerId":"005ao0000003lheAAA","IsWon":true,"CreatedDate":"2024-02-20T19:57:11.000Z","HasOverdueTask":false,"Id":"006ao000000rR11AAE","ForecastCategoryName":"Closed","IsPrivate":false,"LastModifiedById":"005ao0000003lheAAA"}|0x34d06fb4
11:57:11.3 (141828924)|STATEMENT_EXECUTE|[58]
11:57:11.3 (141861784)|STATEMENT_EXECUTE|[60]
11:57:11.3 (141863904)|STATEMENT_EXECUTE|[61]
11:57:11.3 (141887505)|METHOD_ENTRY|[61]|01pao0000015Cj7|OppHandler.CreateInvoice(Opportunity)
11:57:11.3 (141918435)|VARIABLE_SCOPE_BEGIN|[27]|o|Opportunity|true|false
11:57:11.3 (142271162)|VARIABLE_ASSIGNMENT|[27]|o|{"LastModifiedDate":"2024-02-20T19:57:11.000Z","IsDeleted":false,"AccountId":"001ao000006fIsLAAU","HasOpportunityLineItem":false,"StageName":"Closed Won","Amount":40.00,"Probability":100,"ForecastCategory":"Closed","IsClosed":true,"CloseDate":"2024-02-20T00:00:00.000Z","Name":"Test Account - Exist (31 more) ...","SystemModstamp":"2024-02-20T19:57:11.000Z","HasOpenActivity":false,"Type":"Existing Customer -  (7 more) ...","ExpectedRevenue":40.00,"CreatedById":"005ao0000003lheAAA","OwnerId":"005ao0000003lheAAA","IsWon":true,"CreatedDate":"2024-02-20T19:57:11.000Z","HasOverdueTask":false,"Id":"006ao000000rR11AAE","ForecastCategoryName":"Closed","IsPrivate":false,"LastModifiedById":"005ao0000003lheAAA"}|0x34d06fb4
11:57:11.3 (142305222)|HEAP_ALLOCATE|[28]|Bytes:5
11:57:11.3 (142310533)|STATEMENT_EXECUTE|[27]
11:57:11.3 (142311992)|STATEMENT_EXECUTE|[28]
11:57:11.3 (142346523)|HEAP_ALLOCATE|[28]|Bytes:4
11:57:11.3 (142476555)|VARIABLE_SCOPE_BEGIN|[28]|newInvoice|Invoice__c|true|false
11:57:11.3 (142502706)|VARIABLE_ASSIGNMENT|[28]|newInvoice|{}|0x7227498c
11:57:11.3 (142510716)|STATEMENT_EXECUTE|[29]
11:57:11.3 (142695510)|VARIABLE_ASSIGNMENT|[29]|this.Opportunity__c|"006ao000000rR11AAE"|0x7227498c
11:57:11.3 (142707170)|STATEMENT_EXECUTE|[30]
11:57:11.3 (142810672)|VARIABLE_ASSIGNMENT|[30]|this.Amount__c|40.00|0x7227498c
11:57:11.3 (142819882)|STATEMENT_EXECUTE|[31]
11:57:11.3 (142870092)|VARIABLE_ASSIGNMENT|[31]|this.Account__c|"001ao000006fIsLAAU"|0x7227498c
11:57:11.3 (142875904)|STATEMENT_EXECUTE|[32]
11:57:11.3 (142974875)|HEAP_ALLOCATE|[32]|Bytes:4
11:57:11.3 (143044856)|VARIABLE_ASSIGNMENT|[32]|this.Due_Date__c|"2024-03-21T00:00:00.000Z"|0x7227498c
11:57:11.3 (143052416)|STATEMENT_EXECUTE|[33]
11:57:11.3 (143066107)|METHOD_EXIT|[61]|01pao0000015Cj7|OppHandler.CreateInvoice(Opportunity)
11:57:11.3 (143084936)|HEAP_ALLOCATE|[EXTERNAL]|Bytes:4
11:57:11.3 (143104668)|HEAP_ALLOCATE|[58]|Bytes:5
11:57:11.3 (143123577)|VARIABLE_ASSIGNMENT|[58]|o|null|
11:57:11.3 (143166529)|STATEMENT_EXECUTE|[66]
11:57:11.3 (143169519)|STATEMENT_EXECUTE|[67]
11:57:11.3 (143256139)|DML_BEGIN|[67]|Op:Insert|Type:Invoice__c|Rows:1
11:57:11.3 (143334242)|HEAP_ALLOCATE|[EXTERNAL]|Bytes:8
11:57:11.3 (146557720)|CODE_UNIT_STARTED|[EXTERNAL]|01qao0000007bm1|masterInvoiceTrigger on Invoice trigger event BeforeInsert|__sfdc_trigger/masterInvoiceTrigger
11:57:11.3 (146601571)|HEAP_ALLOCATE|[EXTERNAL]|Bytes:8
11:57:11.3 (146712283)|HEAP_ALLOCATE|[EXTERNAL]|Bytes:4
11:57:11.3 (146729193)|VARIABLE_SCOPE_BEGIN|[1]|this|masterInvoiceTrigger|true|false
11:57:11.3 (146778964)|VARIABLE_ASSIGNMENT|[1]|this|{}|0x6f640097
11:57:11.3 (146854266)|HEAP_ALLOCATE|[EXTERNAL]|Bytes:4
11:57:11.3 (146953337)|VARIABLE_SCOPE_BEGIN|[1]|this|masterInvoiceTrigger|true|false
11:57:11.3 (146982008)|VARIABLE_ASSIGNMENT|[1]|this|{}|0x6f640097
11:57:11.3 (146992648)|STATEMENT_EXECUTE|[1]
11:57:11.3 (147010158)|STATEMENT_EXECUTE|[5]
11:57:11.3 (147017758)|STATEMENT_EXECUTE|[6]
11:57:11.3 (147019379)|STATEMENT_EXECUTE|[7]
11:57:11.3 (149014455)|HEAP_ALLOCATE|[7]|Bytes:4
11:57:11.3 (149025115)|HEAP_ALLOCATE|[7]|Bytes:2
11:57:11.3 (149052356)|METHOD_ENTRY|[1]|01pao000001O23J|invoiceTriggerHandler.invoiceTriggerHandler()
11:57:11.3 (149060266)|STATEMENT_EXECUTE|[1]
11:57:11.3 (149068126)|STATEMENT_EXECUTE|[1]
11:57:11.3 (149078736)|HEAP_ALLOCATE|[7]|Bytes:5
11:57:11.3 (149091666)|METHOD_EXIT|[1]|invoiceTriggerHandler
11:57:11.3 (149132477)|METHOD_ENTRY|[7]|01pao000001O23J|invoiceTriggerHandler.applyLateFeeOnUnpaidInvoice(List<Invoice__c>)
11:57:11.3 (149164408)|VARIABLE_SCOPE_BEGIN|[38]|triggernew|List<Invoice__c>|true|false
11:57:11.3 (149484533)|VARIABLE_ASSIGNMENT|[38]|triggernew|[{"IsDeleted":false,"OwnerId":"005ao0000003lheAAA","Amount__c":40.00,"Due_Date__c":"2024-03-21T00:00:00.000Z","Paid__c":false,"Account__c":"001ao000006fIsLAAU","Opportunity__c":"006ao000000rR11AAE"}]|0x2df54b69
11:57:11.3 (149514134)|HEAP_ALLOCATE|[42]|Bytes:5
11:57:11.3 (149518944)|STATEMENT_EXECUTE|[38]
11:57:11.3 (149705057)|HEAP_ALLOCATE|[42]|Bytes:5
11:57:11.3 (149729808)|HEAP_ALLOCATE|[42]|Bytes:4
11:57:11.3 (149740818)|VARIABLE_SCOPE_BEGIN|[42]|i|Invoice__c|true|false
11:57:11.3 (149898811)|VARIABLE_ASSIGNMENT|[42]|i|{"IsDeleted":false,"OwnerId":"005ao0000003lheAAA","Amount__c":40.00,"Due_Date__c":"2024-03-21T00:00:00.000Z","Paid__c":false,"Account__c":"001ao000006fIsLAAU","Opportunity__c":"006ao000000rR11AAE"}|0x53787558
11:57:11.3 (149907341)|STATEMENT_EXECUTE|[42]
11:57:11.3 (150003943)|HEAP_ALLOCATE|[43]|Bytes:4
11:57:11.3 (150066694)|STATEMENT_EXECUTE|[43]
11:57:11.3 (150079454)|HEAP_ALLOCATE|[42]|Bytes:5
11:57:11.3 (150093294)|VARIABLE_ASSIGNMENT|[42]|i|null|
11:57:11.3 (150104524)|METHOD_EXIT|[7]|01pao000001O23J|invoiceTriggerHandler.applyLateFeeOnUnpaidInvoice(List<Invoice__c>)
11:57:11.3 (150117295)|STATEMENT_EXECUTE|[10]
11:57:11.3 (150124765)|STATEMENT_EXECUTE|[14]
11:57:11.3 (150132636)|STATEMENT_EXECUTE|[18]
11:57:11.150 (150146596)|CUMULATIVE_LIMIT_USAGE
11:57:11.150 (150146596)|LIMIT_USAGE_FOR_NS|(default)|
  Number of SOQL queries: 1 out of 100
  Number of query rows: 1 out of 50000
  Number of SOSL queries: 0 out of 20
  Number of DML statements: 3 out of 150
  Number of Publish Immediate DML: 0 out of 150
  Number of DML rows: 3 out of 10000
  Maximum CPU time: 0 out of 10000
  Maximum heap size: 0 out of 6000000
  Number of callouts: 0 out of 100
  Number of Email Invocations: 0 out of 10
  Number of future calls: 0 out of 50
  Number of queueable jobs added to the queue: 0 out of 50
  Number of Mobile Apex push calls: 0 out of 10

11:57:11.150 (150146596)|CUMULATIVE_LIMIT_USAGE_END

11:57:11.3 (150382369)|CODE_UNIT_FINISHED|masterInvoiceTrigger on Invoice trigger event BeforeInsert|__sfdc_trigger/masterInvoiceTrigger
11:57:11.3 (178369900)|CODE_UNIT_STARTED|[EXTERNAL]|01qao0000007bm1|masterInvoiceTrigger on Invoice trigger event AfterInsert|__sfdc_trigger/masterInvoiceTrigger
11:57:11.3 (178431631)|HEAP_ALLOCATE|[EXTERNAL]|Bytes:8
11:57:11.3 (178576533)|HEAP_ALLOCATE|[EXTERNAL]|Bytes:4
11:57:11.3 (178590584)|VARIABLE_SCOPE_BEGIN|[1]|this|masterInvoiceTrigger|true|false
11:57:11.3 (178632184)|VARIABLE_ASSIGNMENT|[1]|this|{}|0x2fa96a9f
11:57:11.3 (178669605)|HEAP_ALLOCATE|[EXTERNAL]|Bytes:4
11:57:11.3 (178675415)|VARIABLE_SCOPE_BEGIN|[1]|this|masterInvoiceTrigger|true|false
11:57:11.3 (178687115)|VARIABLE_ASSIGNMENT|[1]|this|{}|0x2fa96a9f
11:57:11.3 (178693496)|STATEMENT_EXECUTE|[1]
11:57:11.3 (178711946)|STATEMENT_EXECUTE|[5]
11:57:11.3 (178719446)|STATEMENT_EXECUTE|[18]
11:57:11.3 (178727816)|STATEMENT_EXECUTE|[19]
11:57:11.3 (178729486)|STATEMENT_EXECUTE|[20]
11:57:11.3 (178783467)|METHOD_ENTRY|[20]|01pao000001O23J|invoiceTriggerHandler.applySharing(List<Invoice__c>)
11:57:11.3 (178820778)|VARIABLE_SCOPE_BEGIN|[3]|triggernew|List<Invoice__c>|true|false
11:57:11.3 (179080232)|VARIABLE_ASSIGNMENT|[3]|triggernew|[{"LastModifiedDate":"2024-02-20T19:57:11.000Z","IsDeleted":false,"Name__c":"INV-100020","Opportunity__c":"006ao000000rR11AAE","Name":"a04ao000000ArW5","SystemModstamp":"2024-02-20T19:57:11.000Z","OwnerId":"005ao0000003lheAAA","CreatedById":"005ao0000003lheAAA","Amount__c":40.00,"Due_Date__c":"2024-03-21T00:00:00.000Z","CreatedDate":"2024-02-20T19:57:11.000Z","Paid__c":false,"Account__c":"001ao000006fIsLAAU","Id":"a04ao000000ArW5AAK","LastModifiedById":"005ao0000003lheAAA"}]|0x1beaaac9
11:57:11.3 (179123473)|HEAP_ALLOCATE|[6]|Bytes:5
11:57:11.3 (179128853)|STATEMENT_EXECUTE|[3]
11:57:11.3 (179129993)|STATEMENT_EXECUTE|[6]
11:57:11.3 (179144584)|HEAP_ALLOCATE|[6]|Bytes:4
11:57:11.3 (179190914)|VARIABLE_SCOPE_BEGIN|[6]|oppIds|Set<Id>|true|false
11:57:11.3 (179218385)|VARIABLE_ASSIGNMENT|[6]|oppIds|[]|0x27549b42
11:57:11.3 (179270176)|HEAP_ALLOCATE|[7]|Bytes:5
11:57:11.3 (179297016)|VARIABLE_SCOPE_BEGIN|[7]|inv|Invoice__c|true|false
11:57:11.3 (179417650)|VARIABLE_ASSIGNMENT|[7]|inv|{"LastModifiedDate":"2024-02-20T19:57:11.000Z","IsDeleted":false,"Name__c":"INV-100020","Opportunity__c":"006ao000000rR11AAE","Name":"a04ao000000ArW5","SystemModstamp":"2024-02-20T19:57:11.000Z","OwnerId":"005ao0000003lheAAA","CreatedById":"005ao0000003lheAAA","Amount__c":40.00,"Due_Date__c":"2024-03-21T00:00:00.000Z","CreatedDate":"2024-02-20T19:57:11.000Z","Paid__c":false,"Account__c":"001ao000006fIsLAAU","Id":"a04ao000000ArW5AAK","LastModifiedById":"005ao0000003lheAAA"}|0x434de0a5
11:57:11.3 (179428050)|STATEMENT_EXECUTE|[7]
11:57:11.3 (179429549)|STATEMENT_EXECUTE|[8]
11:57:11.3 (179490131)|HEAP_ALLOCATE|[EXTERNAL]|Bytes:4
11:57:11.3 (179508571)|HEAP_ALLOCATE|[7]|Bytes:5
11:57:11.3 (179523000)|VARIABLE_ASSIGNMENT|[7]|inv|null|
11:57:11.3 (179528132)|STATEMENT_EXECUTE|[11]
11:57:11.3 (179544791)|HEAP_ALLOCATE|[11]|Bytes:4
11:57:11.3 (179556412)|VARIABLE_SCOPE_BEGIN|[11]|ownerIds|Map<Id,Id>|true|false
11:57:11.3 (179570892)|VARIABLE_ASSIGNMENT|[11]|ownerIds|{}|0x395cee9f
11:57:11.3 (179577932)|HEAP_ALLOCATE|[12]|Bytes:55
11:57:11.3 (179587973)|HEAP_ALLOCATE|[12]|Bytes:4
11:57:11.3 (179961448)|SOQL_EXECUTE_BEGIN|[12]|Aggregations:0|SELECT Id, OwnerId FROM Opportunity WHERE Id = :tmpVar1
11:57:11.3 (184437180)|SOQL_EXECUTE_END|[12]|Rows:1
11:57:11.3 (184471931)|HEAP_ALLOCATE|[EXTERNAL]|Bytes:8
11:57:11.3 (184592493)|HEAP_ALLOCATE|[12]|Bytes:28
11:57:11.3 (184623625)|HEAP_ALLOCATE|[12]|Bytes:8
11:57:11.3 (184634594)|HEAP_ALLOCATE|[12]|Bytes:8
11:57:11.3 (184637284)|HEAP_ALLOCATE|[12]|Bytes:8
11:57:11.3 (184642714)|VARIABLE_SCOPE_BEGIN|[15]|this|Database.QueryLocatorIterator|true|false
11:57:11.3 (184679765)|VARIABLE_ASSIGNMENT|[15]|this|{}|0x28675623
11:57:11.3 (184684515)|VARIABLE_SCOPE_BEGIN|[15]|values|List<SObject>|true|false
11:57:11.3 (184704595)|VARIABLE_ASSIGNMENT|[15]|values|[{"Id":"006ao000000rR11AAE","OwnerId":"005ao0000003lheAAA"}]|0x55c3e670
11:57:11.3 (184708355)|VARIABLE_SCOPE_BEGIN|[15]|ql|Database.QueryLocator|true|false
11:57:11.3 (184724565)|VARIABLE_ASSIGNMENT|[15]|ql|{"query":"SELECT Id, OwnerId F (35 more) ..."}|0x6ddc1445
11:57:11.3 (184728245)|VARIABLE_SCOPE_BEGIN|[15]|totalNumRecords|Integer|false|false
11:57:11.3 (184734747)|VARIABLE_ASSIGNMENT|[15]|totalNumRecords|1
11:57:11.3 (184737356)|VARIABLE_SCOPE_BEGIN|[15]|queryMoreSize|Integer|false|false
11:57:11.3 (184741756)|VARIABLE_ASSIGNMENT|[15]|queryMoreSize|49998
11:57:11.3 (184796948)|HEAP_ALLOCATE|[12]|Bytes:28
11:57:11.3 (184815397)|METHOD_ENTRY|[12]||Database.QueryLocatorIterator.hasNext()
11:57:11.3 (184862798)|METHOD_EXIT|[12]||Database.QueryLocatorIterator.hasNext()
11:57:11.3 (184869998)|METHOD_ENTRY|[12]||Database.QueryLocatorIterator.next()
11:57:11.3 (184935710)|METHOD_EXIT|[12]||Database.QueryLocatorIterator.next()
11:57:11.3 (184945750)|VARIABLE_SCOPE_BEGIN|[12]|o|Opportunity|true|false
11:57:11.3 (184958620)|VARIABLE_ASSIGNMENT|[12]|o|{"Id":"006ao000000rR11AAE","OwnerId":"005ao0000003lheAAA"}|0x5be17359
11:57:11.3 (184964180)|STATEMENT_EXECUTE|[12]
11:57:11.3 (184965680)|STATEMENT_EXECUTE|[13]
11:57:11.3 (185050042)|HEAP_ALLOCATE|[EXTERNAL]|Bytes:-4
11:57:11.3 (185062472)|METHOD_ENTRY|[12]||Database.QueryLocatorIterator.hasNext()
11:57:11.3 (185082683)|METHOD_EXIT|[12]||Database.QueryLocatorIterator.hasNext()
11:57:11.3 (185091022)|VARIABLE_ASSIGNMENT|[12]|o|null|
11:57:11.3 (185128434)|STATEMENT_EXECUTE|[17]
11:57:11.3 (185132893)|HEAP_ALLOCATE|[17]|Bytes:94
11:57:11.3 (185147044)|HEAP_ALLOCATE|[17]|Bytes:4
11:57:11.3 (185458739)|SOQL_EXECUTE_BEGIN|[17]|Aggregations:0|SELECT ID, DeveloperName FROM Group WHERE DeveloperName = 'SVPCustomerServiceSupportA' LIMIT 1
11:57:11.3 (192028679)|SOQL_EXECUTE_END|[17]|Rows:1
11:57:11.3 (192061639)|HEAP_ALLOCATE|[17]|Bytes:8
11:57:11.3 (192094620)|HEAP_ALLOCATE|[17]|Bytes:72
11:57:11.3 (192184971)|HEAP_ALLOCATE|[17]|Bytes:8
11:57:11.3 (192202772)|HEAP_ALLOCATE|[17]|Bytes:31
11:57:11.3 (192280503)|HEAP_ALLOCATE|[17]|Bytes:12
11:57:11.3 (192292173)|VARIABLE_SCOPE_BEGIN|[17]|SVPGroup|Group|true|false
11:57:11.3 (192320884)|VARIABLE_ASSIGNMENT|[17]|SVPGroup|{"Id":"00Gao0000002u6FEAQ","DeveloperName":"SVPCustomerServiceSu (6 more) ..."}|0x128d7cf6
11:57:11.3 (192326364)|STATEMENT_EXECUTE|[19]
11:57:11.3 (192402925)|HEAP_ALLOCATE|[19]|Bytes:4
11:57:11.3 (192468007)|VARIABLE_SCOPE_BEGIN|[19]|newShares|List<Invoice__Share>|true|false
11:57:11.3 (192475937)|HEAP_ALLOCATE|[EXTERNAL]|Bytes:4
11:57:11.3 (192489707)|VARIABLE_ASSIGNMENT|[19]|newShares|[]|0x663da2a9
11:57:11.3 (192544769)|HEAP_ALLOCATE|[20]|Bytes:5
11:57:11.3 (192567958)|VARIABLE_SCOPE_BEGIN|[20]|inv|Invoice__c|true|false
11:57:11.3 (192737941)|VARIABLE_ASSIGNMENT|[20]|inv|{"LastModifiedDate":"2024-02-20T19:57:11.000Z","IsDeleted":false,"Name__c":"INV-100020","Opportunity__c":"006ao000000rR11AAE","Name":"a04ao000000ArW5","SystemModstamp":"2024-02-20T19:57:11.000Z","OwnerId":"005ao0000003lheAAA","CreatedById":"005ao0000003lheAAA","Amount__c":40.00,"Due_Date__c":"2024-03-21T00:00:00.000Z","CreatedDate":"2024-02-20T19:57:11.000Z","Paid__c":false,"Account__c":"001ao000006fIsLAAU","Id":"a04ao000000ArW5AAK","LastModifiedById":"005ao0000003lheAAA"}|0x434de0a5
11:57:11.3 (192748191)|STATEMENT_EXECUTE|[20]
11:57:11.3 (192749861)|STATEMENT_EXECUTE|[21]
11:57:11.3 (192790642)|HEAP_ALLOCATE|[21]|Bytes:4
11:57:11.3 (192899714)|VARIABLE_SCOPE_BEGIN|[21]|ownerShare|Invoice__Share|true|false
11:57:11.3 (192914594)|VARIABLE_ASSIGNMENT|[21]|ownerShare|{}|0x3093fa30
11:57:11.3 (192918634)|STATEMENT_EXECUTE|[22]
11:57:11.3 (193068717)|VARIABLE_ASSIGNMENT|[22]|this.ParentId|"a04ao000000ArW5AAK"|0x3093fa30
11:57:11.3 (193077967)|STATEMENT_EXECUTE|[23]
11:57:11.3 (193224640)|VARIABLE_ASSIGNMENT|[23]|this.UserOrGroupId|"005ao0000003lheAAA"|0x3093fa30
11:57:11.3 (193232290)|STATEMENT_EXECUTE|[24]
11:57:11.3 (193236311)|HEAP_ALLOCATE|[24]|Bytes:4
11:57:11.3 (193269691)|VARIABLE_ASSIGNMENT|[24]|this.AccessLevel|"Read"|0x3093fa30
11:57:11.3 (193275211)|STATEMENT_EXECUTE|[25]
11:57:11.3 (193278192)|HEAP_ALLOCATE|[25]|Bytes:20
11:57:11.3 (193317833)|VARIABLE_ASSIGNMENT|[25]|this.RowCause|"Opportunity_Owner__c"|0x3093fa30
11:57:11.3 (193323482)|STATEMENT_EXECUTE|[26]
11:57:11.3 (193354903)|HEAP_ALLOCATE|[EXTERNAL]|Bytes:4
11:57:11.3 (193378813)|HEAP_ALLOCATE|[20]|Bytes:5
11:57:11.3 (193393533)|VARIABLE_ASSIGNMENT|[20]|inv|null|
11:57:11.3 (193398533)|STATEMENT_EXECUTE|[28]
11:57:11.3 (193497966)|USER_DEBUG|[28]|DEBUG|(Invoice__Share:{ParentId=a04ao000000ArW5AAK, UserOrGroupId=005ao0000003lheAAA, AccessLevel=Read, RowCause=Opportunity_Owner__c})
11:57:11.3 (193509786)|STATEMENT_EXECUTE|[29]
11:57:11.3 (193583557)|DML_BEGIN|[29]|Op:Insert|Type:Invoice__Share|Rows:1
11:57:11.3 (193650898)|HEAP_ALLOCATE|[EXTERNAL]|Bytes:8
11:57:11.3 (207370578)|DML_END|[29]
11:57:11.3 (207820436)|HEAP_ALLOCATE|[EXTERNAL]|Bytes:8
11:57:11.3 (207863017)|METHOD_EXIT|[20]|01pao000001O23J|invoiceTriggerHandler.applySharing(List<Invoice__c>)
11:57:11.3 (207889068)|STATEMENT_EXECUTE|[23]
11:57:11.3 (207898138)|STATEMENT_EXECUTE|[27]
11:57:11.3 (207908938)|STATEMENT_EXECUTE|[29]
11:57:11.207 (207928818)|CUMULATIVE_LIMIT_USAGE
11:57:11.207 (207928818)|LIMIT_USAGE_FOR_NS|(default)|
  Number of SOQL queries: 3 out of 100
  Number of query rows: 3 out of 50000
  Number of SOSL queries: 0 out of 20
  Number of DML statements: 4 out of 150
  Number of Publish Immediate DML: 0 out of 150
  Number of DML rows: 4 out of 10000
  Maximum CPU time: 0 out of 10000
  Maximum heap size: 0 out of 6000000
  Number of callouts: 0 out of 100
  Number of Email Invocations: 0 out of 10
  Number of future calls: 0 out of 50
  Number of queueable jobs added to the queue: 0 out of 50
  Number of Mobile Apex push calls: 0 out of 10

11:57:11.207 (207928818)|CUMULATIVE_LIMIT_USAGE_END

11:57:11.3 (208153222)|CODE_UNIT_FINISHED|masterInvoiceTrigger on Invoice trigger event AfterInsert|__sfdc_trigger/masterInvoiceTrigger
11:57:11.3 (211391072)|DML_END|[67]
11:57:11.3 (211432633)|HEAP_ALLOCATE|[EXTERNAL]|Bytes:8
11:57:11.3 (211462443)|SYSTEM_MODE_EXIT|false
11:57:11.3 (211476434)|METHOD_EXIT|[24]|01pao0000015Cj7|OppHandler.CreateInvoiceFromOpportunity(List<Opportunity>)
11:57:11.3 (211495213)|STATEMENT_EXECUTE|[27]
11:57:11.3 (211503044)|STATEMENT_EXECUTE|[31]
11:57:11.3 (211508973)|STATEMENT_EXECUTE|[35]
11:57:11.211 (211524704)|CUMULATIVE_LIMIT_USAGE
11:57:11.211 (211524704)|LIMIT_USAGE_FOR_NS|(default)|
  Number of SOQL queries: 3 out of 100
  Number of query rows: 3 out of 50000
  Number of SOSL queries: 0 out of 20
  Number of DML statements: 4 out of 150
  Number of Publish Immediate DML: 0 out of 150
  Number of DML rows: 4 out of 10000
  Maximum CPU time: 0 out of 10000
  Maximum heap size: 0 out of 6000000
  Number of callouts: 0 out of 100
  Number of Email Invocations: 0 out of 10
  Number of future calls: 0 out of 50
  Number of queueable jobs added to the queue: 0 out of 50
  Number of Mobile Apex push calls: 0 out of 10

11:57:11.211 (211524704)|CUMULATIVE_LIMIT_USAGE_END

11:57:11.3 (211721737)|CODE_UNIT_FINISHED|OppMasterTrigger on Opportunity trigger event AfterInsert|__sfdc_trigger/OppMasterTrigger
11:57:11.3 (215299233)|DML_END|[108]
11:57:11.3 (215688780)|STATEMENT_EXECUTE|[111]
11:57:11.3 (215724281)|HEAP_ALLOCATE|[111]|Bytes:4
11:57:11.3 (215777592)|VARIABLE_SCOPE_BEGIN|[111]|newInv|Invoice__c|true|false
11:57:11.3 (215805662)|VARIABLE_ASSIGNMENT|[111]|newInv|{}|0x2bdcca2f
11:57:11.3 (215810172)|STATEMENT_EXECUTE|[112]
11:57:11.3 (215816712)|HEAP_ALLOCATE|[112]|Bytes:26
11:57:11.3 (215920064)|VARIABLE_ASSIGNMENT|[112]|this.Name|"Test Invoice #Positi (6 more) ..."|0x2bdcca2f
11:57:11.3 (215925244)|STATEMENT_EXECUTE|[113]
11:57:11.3 (215965785)|HEAP_ALLOCATE|[113]|Bytes:28
11:57:11.3 (215970205)|HEAP_ALLOCATE|[113]|Bytes:28
11:57:11.3 (216018186)|VARIABLE_ASSIGNMENT|[113]|this.Amount__c|10|0x2bdcca2f
11:57:11.3 (216024396)|STATEMENT_EXECUTE|[114]
11:57:11.3 (216104927)|HEAP_ALLOCATE|[114]|Bytes:4
11:57:11.3 (216129938)|HEAP_ALLOCATE|[114]|Bytes:4
11:57:11.3 (216183439)|VARIABLE_ASSIGNMENT|[114]|this.Due_Date__c|"2024-02-15T00:00:00.000Z"|0x2bdcca2f
11:57:11.3 (216189649)|STATEMENT_EXECUTE|[115]
11:57:11.3 (216212299)|VARIABLE_ASSIGNMENT|[115]|this.Paid__c|false|0x2bdcca2f
11:57:11.3 (216216839)|STATEMENT_EXECUTE|[116]
11:57:11.3 (216269090)|VARIABLE_ASSIGNMENT|[116]|this.Opportunity__c|"006ao000000rR11AAE"|0x2bdcca2f
11:57:11.3 (216274740)|STATEMENT_EXECUTE|[118]
11:57:11.3 (216314591)|HEAP_ALLOCATE|[EXTERNAL]|Bytes:4
11:57:11.3 (216323451)|STATEMENT_EXECUTE|[122]
11:57:11.3 (216379502)|HEAP_ALLOCATE|[122]|Bytes:98
11:57:11.3 (216395092)|SYSTEM_METHOD_ENTRY|[1]|Test.Test()
11:57:11.3 (216401433)|STATEMENT_EXECUTE|[1]
11:57:11.3 (216413743)|SYSTEM_METHOD_EXIT|[1]|Test
11:57:11.3 (216432764)|METHOD_ENTRY|[122]||System.Test.startTest()
11:57:11.3 (218231456)|METHOD_EXIT|[122]||System.Test.startTest()
11:57:11.3 (218241416)|STATEMENT_EXECUTE|[123]
11:57:11.3 (218251216)|METHOD_ENTRY|[123]|01pao000001O23J|invoiceTriggerHandler.applyLateFeeOnUnpaidInvoice(List<Invoice__c>)
11:57:11.3 (218267067)|VARIABLE_SCOPE_BEGIN|[38]|triggernew|List<Invoice__c>|true|false
11:57:11.3 (218305967)|VARIABLE_ASSIGNMENT|[38]|triggernew|[{"Name":"Test Invoice #Positi (6 more) ...","Amount__c":10,"Due_Date__c":"2024-02-15T00:00:00.000Z","Paid__c":false,"Opportunity__c":"006ao000000rR11AAE"}]|0x1bbd45c6
11:57:11.3 (218323728)|SYSTEM_MODE_ENTER|false
11:57:11.3 (218331758)|HEAP_ALLOCATE|[42]|Bytes:5
11:57:11.3 (218336208)|STATEMENT_EXECUTE|[38]
11:57:11.3 (218362898)|HEAP_ALLOCATE|[42]|Bytes:5
11:57:11.3 (218380119)|HEAP_ALLOCATE|[42]|Bytes:24
11:57:11.3 (218388999)|VARIABLE_SCOPE_BEGIN|[42]|i|Invoice__c|true|false
11:57:11.3 (218406429)|VARIABLE_ASSIGNMENT|[42]|i|{"Name":"Test Invoice #Positi (6 more) ...","Amount__c":10,"Due_Date__c":"2024-02-15T00:00:00.000Z","Paid__c":false,"Opportunity__c":"006ao000000rR11AAE"}|0x2bdcca2f
11:57:11.3 (218411659)|STATEMENT_EXECUTE|[42]
11:57:11.3 (218444950)|HEAP_ALLOCATE|[43]|Bytes:4
11:57:11.3 (218491131)|STATEMENT_EXECUTE|[43]
11:57:11.3 (218492921)|STATEMENT_EXECUTE|[44]
11:57:11.3 (218506621)|HEAP_ALLOCATE|[44]|Bytes:28
11:57:11.3 (218511691)|HEAP_ALLOCATE|[44]|Bytes:4
11:57:11.3 (218522851)|HEAP_ALLOCATE|[44]|Bytes:28
11:57:11.3 (218573522)|HEAP_ALLOCATE|[44]|Bytes:28
11:57:11.3 (218628643)|VARIABLE_ASSIGNMENT|[44]|this.Amount__c|11.00|0x2bdcca2f
11:57:11.3 (218645284)|HEAP_ALLOCATE|[42]|Bytes:5
11:57:11.3 (218657284)|VARIABLE_ASSIGNMENT|[42]|i|null|
11:57:11.3 (218664034)|SYSTEM_MODE_EXIT|false
11:57:11.3 (218672004)|METHOD_EXIT|[123]|01pao000001O23J|invoiceTriggerHandler.applyLateFeeOnUnpaidInvoice(List<Invoice__c>)
11:57:11.3 (218676264)|STATEMENT_EXECUTE|[124]
11:57:11.3 (218689004)|METHOD_ENTRY|[124]||System.Test.stopTest()
11:57:11.3 (218779436)|METHOD_EXIT|[124]||System.Test.stopTest()
11:57:11.3 (218784756)|STATEMENT_EXECUTE|[125]
11:57:11.3 (218796246)|HEAP_ALLOCATE|[125]|Bytes:24
11:57:11.3 (218841167)|USER_DEBUG|[125]|DEBUG|2024-02-15 00:00:00
11:57:11.3 (218848937)|STATEMENT_EXECUTE|[126]
11:57:11.3 (218854537)|HEAP_ALLOCATE|[126]|Bytes:24
11:57:11.3 (218867027)|HEAP_ALLOCATE|[126]|Bytes:28
11:57:11.3 (218871458)|HEAP_ALLOCATE|[126]|Bytes:16
11:57:11.218 (218925939)|CUMULATIVE_LIMIT_USAGE
11:57:11.218 (218925939)|LIMIT_USAGE_FOR_NS|(default)|
  Number of SOQL queries: 3 out of 100
  Number of query rows: 3 out of 50000
  Number of SOSL queries: 0 out of 20
  Number of DML statements: 4 out of 150
  Number of Publish Immediate DML: 0 out of 150
  Number of DML rows: 4 out of 10000
  Maximum CPU time: 0 out of 10000
  Maximum heap size: 0 out of 6000000
  Number of callouts: 0 out of 100
  Number of Email Invocations: 0 out of 10
  Number of future calls: 0 out of 50
  Number of queueable jobs added to the queue: 0 out of 50
  Number of Mobile Apex push calls: 0 out of 10

11:57:11.218 (218925939)|TESTING_LIMITS
11:57:11.218 (218925939)|LIMIT_USAGE_FOR_NS|(default)|
  Number of SOQL queries: 0 out of 100
  Number of query rows: 0 out of 50000
  Number of SOSL queries: 0 out of 20
  Number of DML statements: 0 out of 150
  Number of Publish Immediate DML: 0 out of 150
  Number of DML rows: 0 out of 10000
  Maximum CPU time: 0 out of 10000
  Maximum heap size: 0 out of 6000000
  Number of callouts: 0 out of 100
  Number of Email Invocations: 0 out of 10
  Number of future calls: 0 out of 50
  Number of queueable jobs added to the queue: 0 out of 50
  Number of Mobile Apex push calls: 0 out of 10

11:57:11.218 (218925939)|CUMULATIVE_LIMIT_USAGE_END

11:57:11.3 (218981750)|CODE_UNIT_FINISHED|invoicescontrollertest.posInvoiceTestCase()
11:57:11.3 (218991590)|EXECUTION_FINISHED
