59.0 APEX_CODE,FINEST;APEX_PROFILING,INFO;CALLOUT,INFO;DB,INFO;NBA,INFO;SYSTEM,DEBUG;VALIDATION,INFO;VISUALFORCE,FINER;WAVE,INFO;WORKFLOW,INFO
11:41:09.4 (4474719)|USER_INFO|[EXTERNAL]|005ao0000003lhe|alex.downs@spdex450.edu|(GMT-08:00) Pacific Standard Time (America/Los_Angeles)|GMT-08:00
11:41:09.4 (4544500)|EXECUTION_STARTED
11:41:09.4 (4601091)|CODE_UNIT_STARTED|[EXTERNAL]|01pao000001Zu6n|invoicescontrollertest.posInvoiceTestCase()
11:41:09.4 (5050078)|HEAP_ALLOCATE|[79]|Bytes:3
11:41:09.4 (5302392)|HEAP_ALLOCATE|[84]|Bytes:152
11:41:09.4 (5345673)|HEAP_ALLOCATE|[399]|Bytes:408
11:41:09.4 (5368573)|HEAP_ALLOCATE|[412]|Bytes:408
11:41:09.4 (5388803)|HEAP_ALLOCATE|[520]|Bytes:48
11:41:09.4 (5438114)|HEAP_ALLOCATE|[139]|Bytes:6
11:41:09.4 (5476104)|HEAP_ALLOCATE|[EXTERNAL]|Bytes:347
11:41:09.4 (5538615)|METHOD_ENTRY|[2]|01pao000001Zu6n|invoicescontrollertest.invoicescontrollertest()
11:41:09.4 (5545916)|STATEMENT_EXECUTE|[2]
11:41:09.4 (5550916)|STATEMENT_EXECUTE|[2]
11:41:09.4 (5557656)|METHOD_EXIT|[2]|invoicescontrollertest
11:41:09.4 (5619947)|HEAP_ALLOCATE|[52]|Bytes:5
11:41:09.4 (5670557)|HEAP_ALLOCATE|[58]|Bytes:5
11:41:09.4 (5683418)|HEAP_ALLOCATE|[66]|Bytes:7
11:41:09.4 (5845320)|STATEMENT_EXECUTE|[95]
11:41:09.4 (5848500)|STATEMENT_EXECUTE|[98]
11:41:09.4 (6020793)|HEAP_ALLOCATE|[98]|Bytes:4
11:41:09.4 (6279236)|VARIABLE_SCOPE_BEGIN|[98]|newInvoices|List<Invoice__c>|true|false
11:41:09.4 (6341637)|HEAP_ALLOCATE|[EXTERNAL]|Bytes:4
11:41:09.4 (6409518)|VARIABLE_ASSIGNMENT|[98]|newInvoices|[]|0x2047583f
11:41:09.4 (6418629)|STATEMENT_EXECUTE|[99]
11:41:09.4 (6423980)|HEAP_ALLOCATE|[99]|Bytes:12
11:41:09.4 (10410361)|HEAP_ALLOCATE|[99]|Bytes:10
11:41:09.4 (10482902)|METHOD_ENTRY|[2]|01pao0000018irJ|testDataFactory.testDataFactory()
11:41:09.4 (10492982)|STATEMENT_EXECUTE|[2]
11:41:09.4 (10498843)|STATEMENT_EXECUTE|[2]
11:41:09.4 (10507933)|METHOD_EXIT|[2]|testDataFactory
11:41:09.4 (10596874)|METHOD_ENTRY|[99]|01pao0000018irJ|testDataFactory.createValidAccount(String)
11:41:09.4 (10784807)|VARIABLE_SCOPE_BEGIN|[4]|aName|String|false|false
11:41:09.4 (10812357)|VARIABLE_ASSIGNMENT|[4]|aName|"Test Account"
11:41:09.4 (10877738)|STATEMENT_EXECUTE|[4]
11:41:09.4 (10880448)|STATEMENT_EXECUTE|[5]
11:41:09.4 (10934139)|HEAP_ALLOCATE|[5]|Bytes:4
11:41:09.4 (11150592)|VARIABLE_SCOPE_BEGIN|[5]|a|Account|true|false
11:41:09.4 (11191533)|VARIABLE_ASSIGNMENT|[5]|a|{}|0xe95788
11:41:09.4 (11199383)|STATEMENT_EXECUTE|[6]
11:41:09.4 (11343255)|VARIABLE_ASSIGNMENT|[6]|this.Name|"Test Account"|0xe95788
11:41:09.4 (11355115)|STATEMENT_EXECUTE|[7]
11:41:09.4 (11369066)|METHOD_EXIT|[99]|01pao0000018irJ|testDataFactory.createValidAccount(String)
11:41:09.4 (11381847)|VARIABLE_SCOPE_BEGIN|[99]|a|Account|true|false
11:41:09.4 (11406356)|VARIABLE_ASSIGNMENT|[99]|a|{"Name":"Test Account"}|0xe95788
11:41:09.4 (11424066)|STATEMENT_EXECUTE|[100]
11:41:09.4 (11509129)|HEAP_ALLOCATE|[100]|Bytes:8
11:41:09.4 (11560699)|DML_BEGIN|[100]|Op:Insert|Type:Account|Rows:1
11:41:09.4 (11704852)|HEAP_ALLOCATE|[EXTERNAL]|Bytes:8
11:41:09.4 (251430714)|DML_END|[100]
11:41:09.4 (252552141)|STATEMENT_EXECUTE|[101]
11:41:09.4 (252632902)|HEAP_ALLOCATE|[101]|Bytes:4
11:41:09.4 (252800895)|VARIABLE_SCOPE_BEGIN|[101]|o|Opportunity|true|false
11:41:09.4 (252838807)|VARIABLE_ASSIGNMENT|[101]|o|{}|0x2ed46baf
11:41:09.4 (252843546)|STATEMENT_EXECUTE|[102]
11:41:09.4 (252850866)|HEAP_ALLOCATE|[102]|Bytes:8
11:41:09.4 (252959918)|VARIABLE_ASSIGNMENT|[102]|this.Name|"test Opp"|0x2ed46baf
11:41:09.4 (252966278)|STATEMENT_EXECUTE|[103]
11:41:09.4 (253026649)|HEAP_ALLOCATE|[103]|Bytes:28
11:41:09.4 (253078740)|VARIABLE_ASSIGNMENT|[103]|this.Amount|40|0x2ed46baf
11:41:09.4 (253085210)|STATEMENT_EXECUTE|[104]
11:41:09.4 (253088629)|HEAP_ALLOCATE|[104]|Bytes:27
11:41:09.4 (253122161)|VARIABLE_ASSIGNMENT|[104]|this.Type|"Existing Customer -  (7 more) ..."|0x2ed46baf
11:41:09.4 (253126901)|STATEMENT_EXECUTE|[105]
11:41:09.4 (253129181)|HEAP_ALLOCATE|[105]|Bytes:10
11:41:09.4 (253154221)|VARIABLE_ASSIGNMENT|[105]|this.StageName|"Closed Won"|0x2ed46baf
11:41:09.4 (253158491)|STATEMENT_EXECUTE|[106]
11:41:09.4 (253305113)|HEAP_ALLOCATE|[106]|Bytes:4
11:41:09.4 (253382095)|VARIABLE_ASSIGNMENT|[106]|this.CloseDate|"2024-02-20T00:00:00.000Z"|0x2ed46baf
11:41:09.4 (253388505)|STATEMENT_EXECUTE|[107]
11:41:09.4 (253463126)|VARIABLE_ASSIGNMENT|[107]|this.AccountId|"001ao000006gXtnAAE"|0x2ed46baf
11:41:09.4 (253469136)|STATEMENT_EXECUTE|[108]
11:41:09.4 (253531357)|HEAP_ALLOCATE|[108]|Bytes:8
11:41:09.4 (253561307)|DML_BEGIN|[108]|Op:Insert|Type:Opportunity|Rows:1
11:41:09.4 (253641628)|HEAP_ALLOCATE|[EXTERNAL]|Bytes:8
11:41:09.4 (340860463)|CODE_UNIT_STARTED|[EXTERNAL]|01qao00000061vt|OppMasterTrigger on Opportunity trigger event BeforeInsert|__sfdc_trigger/OppMasterTrigger
11:41:09.4 (340932414)|HEAP_ALLOCATE|[EXTERNAL]|Bytes:8
11:41:09.4 (341174898)|HEAP_ALLOCATE|[EXTERNAL]|Bytes:4
11:41:09.4 (341195489)|VARIABLE_SCOPE_BEGIN|[1]|this|OppMasterTrigger|true|false
11:41:09.4 (341314120)|VARIABLE_ASSIGNMENT|[1]|this|{}|0x229bfed
11:41:09.4 (342513910)|HEAP_ALLOCATE|[EXTERNAL]|Bytes:4
11:41:09.4 (342627250)|VARIABLE_SCOPE_BEGIN|[1]|this|OppMasterTrigger|true|false
11:41:09.4 (342707131)|VARIABLE_ASSIGNMENT|[1]|this|{}|0x229bfed
11:41:09.4 (342722083)|STATEMENT_EXECUTE|[1]
11:41:09.4 (342764803)|STATEMENT_EXECUTE|[6]
11:41:09.4 (342811943)|STATEMENT_EXECUTE|[7]
11:41:09.4 (342814093)|STATEMENT_EXECUTE|[8]
11:41:09.4 (346545231)|HEAP_ALLOCATE|[8]|Bytes:10
11:41:09.4 (346609392)|METHOD_ENTRY|[1]|01pao0000015Cj7|OppHandler.OppHandler()
11:41:09.4 (346616592)|STATEMENT_EXECUTE|[1]
11:41:09.4 (346620562)|STATEMENT_EXECUTE|[1]
11:41:09.4 (347989544)|SYSTEM_MODE_ENTER|false
11:41:09.4 (348029995)|HEAP_ALLOCATE|[8]|Bytes:5
11:41:09.4 (348047645)|SYSTEM_MODE_EXIT|false
11:41:09.4 (348064615)|METHOD_EXIT|[1]|OppHandler
11:41:09.4 (348118716)|METHOD_ENTRY|[8]|01pao0000015Cj7|OppHandler.applyNamingConvention(List<Opportunity>)
11:41:09.4 (348209627)|VARIABLE_SCOPE_BEGIN|[3]|triggerNew|List<Opportunity>|true|false
11:41:09.4 (349030810)|VARIABLE_ASSIGNMENT|[3]|triggerNew|[{"IsDeleted":false,"AccountId":"001ao000006gXtnAAE","HasOpportunityLineItem":false,"StageName":"Closed Won","Amount":40.00,"Probability":100,"ForecastCategory":"Closed","IsClosed":true,"CloseDate":"2024-02-20T00:00:00.000Z","Name":"test Opp","HasOpenActivity":false,"Type":"Existing Customer -  (7 more) ...","OwnerId":"005ao0000003lheAAA","IsWon":true,"HasOverdueTask":false,"ForecastCategoryName":"Closed","IsPrivate":false}]|0x6bd72610
11:41:09.4 (349098692)|SYSTEM_MODE_ENTER|false
11:41:09.4 (349112751)|HEAP_ALLOCATE|[10]|Bytes:5
11:41:09.4 (349120921)|STATEMENT_EXECUTE|[3]
11:41:09.4 (349122601)|STATEMENT_EXECUTE|[10]
11:41:09.4 (349200992)|HEAP_ALLOCATE|[10]|Bytes:4
11:41:09.4 (349256803)|VARIABLE_SCOPE_BEGIN|[10]|parentAccounts|Map<Id,Account>|true|false
11:41:09.4 (349290464)|VARIABLE_ASSIGNMENT|[10]|parentAccounts|{}|0x54e8bbe2
11:41:09.4 (349298144)|STATEMENT_EXECUTE|[11]
11:41:09.4 (349318504)|HEAP_ALLOCATE|[11]|Bytes:4
11:41:09.4 (349449547)|VARIABLE_SCOPE_BEGIN|[11]|parentIds|Set<Id>|true|false
11:41:09.4 (349492818)|VARIABLE_ASSIGNMENT|[11]|parentIds|[]|0x3f2b8f54
11:41:09.4 (349873963)|HEAP_ALLOCATE|[12]|Bytes:5
11:41:09.4 (349905764)|HEAP_ALLOCATE|[12]|Bytes:4
11:41:09.4 (349922074)|VARIABLE_SCOPE_BEGIN|[12]|o|Opportunity|true|false
11:41:09.4 (350787347)|VARIABLE_ASSIGNMENT|[12]|o|{"IsDeleted":false,"AccountId":"001ao000006gXtnAAE","HasOpportunityLineItem":false,"StageName":"Closed Won","Amount":40.00,"Probability":100,"ForecastCategory":"Closed","IsClosed":true,"CloseDate":"2024-02-20T00:00:00.000Z","Name":"test Opp","HasOpenActivity":false,"Type":"Existing Customer -  (7 more) ...","OwnerId":"005ao0000003lheAAA","IsWon":true,"HasOverdueTask":false,"ForecastCategoryName":"Closed","IsPrivate":false}|0x36b02c6c
11:41:09.4 (350805838)|STATEMENT_EXECUTE|[12]
11:41:09.4 (350807987)|STATEMENT_EXECUTE|[13]
11:41:09.4 (350941380)|HEAP_ALLOCATE|[EXTERNAL]|Bytes:4
11:41:09.4 (350968881)|HEAP_ALLOCATE|[12]|Bytes:5
11:41:09.4 (350986331)|VARIABLE_ASSIGNMENT|[12]|o|null|
11:41:09.4 (350996521)|HEAP_ALLOCATE|[15]|Bytes:48
11:41:09.4 (351013411)|HEAP_ALLOCATE|[15]|Bytes:4
11:41:09.4 (351023771)|HEAP_ALLOCATE|[15]|Bytes:7
11:41:09.4 (351448018)|SOQL_EXECUTE_BEGIN|[15]|Aggregations:0|SELECT Id, Name FROM Account WHERE Id = :tmpVar1
11:41:09.4 (364012552)|SOQL_EXECUTE_END|[15]|Rows:1
11:41:09.4 (364078183)|HEAP_ALLOCATE|[EXTERNAL]|Bytes:8
11:41:09.4 (364415079)|HEAP_ALLOCATE|[15]|Bytes:54
11:41:09.4 (364426089)|HEAP_ALLOCATE|[15]|Bytes:8
11:41:09.4 (364441570)|SYSTEM_METHOD_ENTRY|[7]|QueryLocatorIterator.QueryLocatorIterator()
11:41:09.4 (364445730)|STATEMENT_EXECUTE|[7]
11:41:09.4 (364457310)|SYSTEM_METHOD_EXIT|[7]|QueryLocatorIterator
11:41:09.4 (364466080)|HEAP_ALLOCATE|[15]|Bytes:28
11:41:09.4 (364517461)|HEAP_ALLOCATE|[15]|Bytes:8
11:41:09.4 (364536041)|HEAP_ALLOCATE|[15]|Bytes:8
11:41:09.4 (364538421)|HEAP_ALLOCATE|[15]|Bytes:8
11:41:09.4 (364549651)|VARIABLE_SCOPE_BEGIN|[15]|this|Database.QueryLocatorIterator|true|false
11:41:09.4 (364636843)|VARIABLE_ASSIGNMENT|[15]|this|{}|0x7f6a0983
11:41:09.4 (364643293)|VARIABLE_SCOPE_BEGIN|[15]|values|List<SObject>|true|false
11:41:09.4 (364673263)|VARIABLE_ASSIGNMENT|[15]|values|[{"Id":"001ao000006gXtnAAE","Name":"Test Account"}]|0x2dd56778
11:41:09.4 (364676953)|VARIABLE_SCOPE_BEGIN|[15]|ql|Database.QueryLocator|true|false
11:41:09.4 (364693093)|VARIABLE_ASSIGNMENT|[15]|ql|{"query":"SELECT Id, Name FROM (28 more) ..."}|0x54bdf695
11:41:09.4 (364696853)|VARIABLE_SCOPE_BEGIN|[15]|totalNumRecords|Integer|false|false
11:41:09.4 (364703804)|VARIABLE_ASSIGNMENT|[15]|totalNumRecords|1
11:41:09.4 (364706534)|VARIABLE_SCOPE_BEGIN|[15]|queryMoreSize|Integer|false|false
11:41:09.4 (364711264)|VARIABLE_ASSIGNMENT|[15]|queryMoreSize|49999
11:41:09.4 (366403730)|HEAP_ALLOCATE|[15]|Bytes:28
11:41:09.4 (366446521)|METHOD_ENTRY|[15]||Database.QueryLocatorIterator.hasNext()
11:41:09.4 (366657684)|METHOD_EXIT|[15]||Database.QueryLocatorIterator.hasNext()
11:41:09.4 (366668994)|METHOD_ENTRY|[15]||Database.QueryLocatorIterator.next()
11:41:09.4 (366792465)|METHOD_EXIT|[15]||Database.QueryLocatorIterator.next()
11:41:09.4 (366808347)|VARIABLE_SCOPE_BEGIN|[15]|a|Account|true|false
11:41:09.4 (366834116)|VARIABLE_ASSIGNMENT|[15]|a|{"Id":"001ao000006gXtnAAE","Name":"Test Account"}|0x69ec32bd
11:41:09.4 (366839916)|STATEMENT_EXECUTE|[15]
11:41:09.4 (366841236)|STATEMENT_EXECUTE|[16]
11:41:09.4 (366930038)|HEAP_ALLOCATE|[EXTERNAL]|Bytes:-4
11:41:09.4 (366944529)|METHOD_ENTRY|[15]||Database.QueryLocatorIterator.hasNext()
11:41:09.4 (366968329)|METHOD_EXIT|[15]||Database.QueryLocatorIterator.hasNext()
11:41:09.4 (366978219)|VARIABLE_ASSIGNMENT|[15]|a|null|
11:41:09.4 (367063970)|HEAP_ALLOCATE|[21]|Bytes:5
11:41:09.4 (367083281)|HEAP_ALLOCATE|[21]|Bytes:4
11:41:09.4 (367092171)|VARIABLE_SCOPE_BEGIN|[21]|o|Opportunity|true|false
11:41:09.4 (367606129)|VARIABLE_ASSIGNMENT|[21]|o|{"IsDeleted":false,"AccountId":"001ao000006gXtnAAE","HasOpportunityLineItem":false,"StageName":"Closed Won","Amount":40.00,"Probability":100,"ForecastCategory":"Closed","IsClosed":true,"CloseDate":"2024-02-20T00:00:00.000Z","Name":"test Opp","HasOpenActivity":false,"Type":"Existing Customer -  (7 more) ...","OwnerId":"005ao0000003lheAAA","IsWon":true,"HasOverdueTask":false,"ForecastCategoryName":"Closed","IsPrivate":false}|0x36b02c6c
11:41:09.4 (367621569)|STATEMENT_EXECUTE|[21]
11:41:09.4 (367623399)|STATEMENT_EXECUTE|[22]
11:41:09.4 (367772231)|HEAP_ALLOCATE|[22]|Bytes:3
11:41:09.4 (367928883)|HEAP_ALLOCATE|[23]|Bytes:1
11:41:09.4 (367942243)|HEAP_ALLOCATE|[23]|Bytes:1
11:41:09.4 (367960315)|HEAP_ALLOCATE|[22]|Bytes:47
11:41:09.4 (368011444)|HEAP_ALLOCATE|[23]|Bytes:4
11:41:09.4 (368028335)|HEAP_ALLOCATE|[22]|Bytes:51
11:41:09.4 (368551973)|VARIABLE_ASSIGNMENT|[22]|this.Name|"Test Account - Exist (31 more) ..."|0x36b02c6c
11:41:09.4 (368588524)|HEAP_ALLOCATE|[21]|Bytes:5
11:41:09.4 (368610794)|VARIABLE_ASSIGNMENT|[21]|o|null|
11:41:09.4 (368625915)|SYSTEM_MODE_EXIT|false
11:41:09.4 (368642745)|METHOD_EXIT|[8]|01pao0000015Cj7|OppHandler.applyNamingConvention(List<Opportunity>)
11:41:09.4 (368669755)|STATEMENT_EXECUTE|[12]
11:41:09.4 (368680285)|STATEMENT_EXECUTE|[16]
11:41:09.4 (368688095)|STATEMENT_EXECUTE|[22]
11:41:09.368 (368706886)|CUMULATIVE_LIMIT_USAGE
11:41:09.368 (368706886)|LIMIT_USAGE_FOR_NS|(default)|
  Number of SOQL queries: 1 out of 100
  Number of query rows: 1 out of 50000
  Number of SOSL queries: 0 out of 20
  Number of DML statements: 2 out of 150
  Number of Publish Immediate DML: 0 out of 150
  Number of DML rows: 2 out of 10000
  Maximum CPU time: 0 out of 10000
  Maximum heap size: 0 out of 6000000
  Number of callouts: 0 out of 100
  Number of Email Invocations: 0 out of 10
  Number of future calls: 0 out of 50
  Number of queueable jobs added to the queue: 0 out of 50
  Number of Mobile Apex push calls: 0 out of 10

11:41:09.368 (368706886)|CUMULATIVE_LIMIT_USAGE_END

11:41:09.4 (369346896)|CODE_UNIT_FINISHED|OppMasterTrigger on Opportunity trigger event BeforeInsert|__sfdc_trigger/OppMasterTrigger
11:41:09.4 (424020895)|CODE_UNIT_STARTED|[EXTERNAL]|01qao00000061vt|OppMasterTrigger on Opportunity trigger event AfterInsert|__sfdc_trigger/OppMasterTrigger
11:41:09.4 (424097146)|HEAP_ALLOCATE|[EXTERNAL]|Bytes:8
11:41:09.4 (424324999)|HEAP_ALLOCATE|[EXTERNAL]|Bytes:4
11:41:09.4 (424339480)|VARIABLE_SCOPE_BEGIN|[1]|this|OppMasterTrigger|true|false
11:41:09.4 (424445201)|VARIABLE_ASSIGNMENT|[1]|this|{}|0x7faaf80f
11:41:09.4 (424524822)|HEAP_ALLOCATE|[EXTERNAL]|Bytes:4
11:41:09.4 (424533633)|VARIABLE_SCOPE_BEGIN|[1]|this|OppMasterTrigger|true|false
11:41:09.4 (424557823)|VARIABLE_ASSIGNMENT|[1]|this|{}|0x7faaf80f
11:41:09.4 (424565003)|STATEMENT_EXECUTE|[1]
11:41:09.4 (424586763)|STATEMENT_EXECUTE|[6]
11:41:09.4 (424594543)|STATEMENT_EXECUTE|[22]
11:41:09.4 (424603344)|STATEMENT_EXECUTE|[23]
11:41:09.4 (424604704)|STATEMENT_EXECUTE|[24]
11:41:09.4 (424670386)|METHOD_ENTRY|[24]|01pao0000015Cj7|OppHandler.CreateInvoiceFromOpportunity(List<Opportunity>)
11:41:09.4 (424753446)|VARIABLE_SCOPE_BEGIN|[54]|triggerNew|List<Opportunity>|true|false
11:41:09.4 (425385746)|VARIABLE_ASSIGNMENT|[54]|triggerNew|[{"LastModifiedDate":"2024-02-20T19:41:10.000Z","IsDeleted":false,"AccountId":"001ao000006gXtnAAE","HasOpportunityLineItem":false,"StageName":"Closed Won","Amount":40.00,"Probability":100,"ForecastCategory":"Closed","IsClosed":true,"CloseDate":"2024-02-20T00:00:00.000Z","Name":"Test Account - Exist (31 more) ...","SystemModstamp":"2024-02-20T19:41:10.000Z","HasOpenActivity":false,"Type":"Existing Customer -  (7 more) ...","ExpectedRevenue":40.00,"CreatedById":"005ao0000003lheAAA","OwnerId":"005ao0000003lheAAA","IsWon":true,"CreatedDate":"2024-02-20T19:41:10.000Z","HasOverdueTask":false,"Id":"006ao000000rkr7AAA","ForecastCategoryName":"Closed","IsPrivate":false,"LastModifiedById":"005ao0000003lheAAA"}]|0x658817ca
11:41:09.4 (426924060)|SYSTEM_MODE_ENTER|false
11:41:09.4 (426947350)|HEAP_ALLOCATE|[55]|Bytes:5
11:41:09.4 (426954350)|STATEMENT_EXECUTE|[54]
11:41:09.4 (426955910)|STATEMENT_EXECUTE|[55]
11:41:09.4 (426976131)|HEAP_ALLOCATE|[55]|Bytes:4
11:41:09.4 (427057222)|VARIABLE_SCOPE_BEGIN|[55]|invoiceRecords|List<Invoice__c>|true|false
11:41:09.4 (427068632)|HEAP_ALLOCATE|[EXTERNAL]|Bytes:4
11:41:09.4 (427085942)|VARIABLE_ASSIGNMENT|[55]|invoiceRecords|[]|0x36b15a3c
11:41:09.4 (427172624)|HEAP_ALLOCATE|[58]|Bytes:5
11:41:09.4 (427206844)|VARIABLE_SCOPE_BEGIN|[58]|o|Opportunity|true|false
11:41:09.4 (427610490)|VARIABLE_ASSIGNMENT|[58]|o|{"LastModifiedDate":"2024-02-20T19:41:10.000Z","IsDeleted":false,"AccountId":"001ao000006gXtnAAE","HasOpportunityLineItem":false,"StageName":"Closed Won","Amount":40.00,"Probability":100,"ForecastCategory":"Closed","IsClosed":true,"CloseDate":"2024-02-20T00:00:00.000Z","Name":"Test Account - Exist (31 more) ...","SystemModstamp":"2024-02-20T19:41:10.000Z","HasOpenActivity":false,"Type":"Existing Customer -  (7 more) ...","ExpectedRevenue":40.00,"CreatedById":"005ao0000003lheAAA","OwnerId":"005ao0000003lheAAA","IsWon":true,"CreatedDate":"2024-02-20T19:41:10.000Z","HasOverdueTask":false,"Id":"006ao000000rkr7AAA","ForecastCategoryName":"Closed","IsPrivate":false,"LastModifiedById":"005ao0000003lheAAA"}|0x1e73b665
11:41:09.4 (427624820)|STATEMENT_EXECUTE|[58]
11:41:09.4 (427660771)|STATEMENT_EXECUTE|[60]
11:41:09.4 (427662552)|STATEMENT_EXECUTE|[61]
11:41:09.4 (427691221)|METHOD_ENTRY|[61]|01pao0000015Cj7|OppHandler.CreateInvoice(Opportunity)
11:41:09.4 (427746243)|VARIABLE_SCOPE_BEGIN|[27]|o|Opportunity|true|false
11:41:09.4 (428021017)|VARIABLE_ASSIGNMENT|[27]|o|{"LastModifiedDate":"2024-02-20T19:41:10.000Z","IsDeleted":false,"AccountId":"001ao000006gXtnAAE","HasOpportunityLineItem":false,"StageName":"Closed Won","Amount":40.00,"Probability":100,"ForecastCategory":"Closed","IsClosed":true,"CloseDate":"2024-02-20T00:00:00.000Z","Name":"Test Account - Exist (31 more) ...","SystemModstamp":"2024-02-20T19:41:10.000Z","HasOpenActivity":false,"Type":"Existing Customer -  (7 more) ...","ExpectedRevenue":40.00,"CreatedById":"005ao0000003lheAAA","OwnerId":"005ao0000003lheAAA","IsWon":true,"CreatedDate":"2024-02-20T19:41:10.000Z","HasOverdueTask":false,"Id":"006ao000000rkr7AAA","ForecastCategoryName":"Closed","IsPrivate":false,"LastModifiedById":"005ao0000003lheAAA"}|0x1e73b665
11:41:09.4 (428074408)|HEAP_ALLOCATE|[28]|Bytes:5
11:41:09.4 (428079788)|STATEMENT_EXECUTE|[27]
11:41:09.4 (428081588)|STATEMENT_EXECUTE|[28]
11:41:09.4 (428108548)|HEAP_ALLOCATE|[28]|Bytes:4
11:41:09.4 (428252380)|VARIABLE_SCOPE_BEGIN|[28]|newInvoice|Invoice__c|true|false
11:41:09.4 (428268561)|VARIABLE_ASSIGNMENT|[28]|newInvoice|{}|0x67ed9416
11:41:09.4 (428272831)|STATEMENT_EXECUTE|[29]
11:41:09.4 (428469704)|VARIABLE_ASSIGNMENT|[29]|this.Opportunity__c|"006ao000000rkr7AAA"|0x67ed9416
11:41:09.4 (428477944)|STATEMENT_EXECUTE|[30]
11:41:09.4 (428547815)|VARIABLE_ASSIGNMENT|[30]|this.Amount__c|40.00|0x67ed9416
11:41:09.4 (428553245)|STATEMENT_EXECUTE|[31]
11:41:09.4 (428599906)|VARIABLE_ASSIGNMENT|[31]|this.Account__c|"001ao000006gXtnAAE"|0x67ed9416
11:41:09.4 (428605596)|STATEMENT_EXECUTE|[32]
11:41:09.4 (428716317)|HEAP_ALLOCATE|[32]|Bytes:4
11:41:09.4 (428783129)|VARIABLE_ASSIGNMENT|[32]|this.Due_Date__c|"2024-03-21T00:00:00.000Z"|0x67ed9416
11:41:09.4 (428788758)|STATEMENT_EXECUTE|[33]
11:41:09.4 (428801949)|METHOD_EXIT|[61]|01pao0000015Cj7|OppHandler.CreateInvoice(Opportunity)
11:41:09.4 (428820079)|HEAP_ALLOCATE|[EXTERNAL]|Bytes:4
11:41:09.4 (428839740)|HEAP_ALLOCATE|[58]|Bytes:5
11:41:09.4 (428853610)|VARIABLE_ASSIGNMENT|[58]|o|null|
11:41:09.4 (428902061)|STATEMENT_EXECUTE|[66]
11:41:09.4 (428903581)|STATEMENT_EXECUTE|[67]
11:41:09.4 (429012232)|DML_BEGIN|[67]|Op:Insert|Type:Invoice__c|Rows:1
11:41:09.4 (429101654)|HEAP_ALLOCATE|[EXTERNAL]|Bytes:8
11:41:09.4 (444156858)|CODE_UNIT_STARTED|[EXTERNAL]|01qao0000007bm1|masterInvoiceTrigger on Invoice trigger event BeforeInsert|__sfdc_trigger/masterInvoiceTrigger
11:41:09.4 (444255439)|HEAP_ALLOCATE|[EXTERNAL]|Bytes:8
11:41:09.4 (444551543)|HEAP_ALLOCATE|[EXTERNAL]|Bytes:4
11:41:09.4 (444577704)|VARIABLE_SCOPE_BEGIN|[1]|this|masterInvoiceTrigger|true|false
11:41:09.4 (444673235)|VARIABLE_ASSIGNMENT|[1]|this|{}|0x3e4efb94
11:41:09.4 (444827157)|HEAP_ALLOCATE|[EXTERNAL]|Bytes:4
11:41:09.4 (444959220)|VARIABLE_SCOPE_BEGIN|[1]|this|masterInvoiceTrigger|true|false
11:41:09.4 (445006570)|VARIABLE_ASSIGNMENT|[1]|this|{}|0x3e4efb94
11:41:09.4 (445020431)|STATEMENT_EXECUTE|[1]
11:41:09.4 (445076622)|STATEMENT_EXECUTE|[5]
11:41:09.4 (445086752)|STATEMENT_EXECUTE|[6]
11:41:09.4 (445096011)|STATEMENT_EXECUTE|[9]
11:41:09.4 (445103423)|STATEMENT_EXECUTE|[12]
11:41:09.4 (445110092)|STATEMENT_EXECUTE|[16]
11:41:09.445 (445123793)|CUMULATIVE_LIMIT_USAGE
11:41:09.445 (445123793)|LIMIT_USAGE_FOR_NS|(default)|
  Number of SOQL queries: 1 out of 100
  Number of query rows: 1 out of 50000
  Number of SOSL queries: 0 out of 20
  Number of DML statements: 3 out of 150
  Number of Publish Immediate DML: 0 out of 150
  Number of DML rows: 3 out of 10000
  Maximum CPU time: 0 out of 10000
  Maximum heap size: 0 out of 6000000
  Number of callouts: 0 out of 100
  Number of Email Invocations: 0 out of 10
  Number of future calls: 0 out of 50
  Number of queueable jobs added to the queue: 0 out of 50
  Number of Mobile Apex push calls: 0 out of 10

11:41:09.445 (445123793)|CUMULATIVE_LIMIT_USAGE_END

11:41:09.4 (445453408)|CODE_UNIT_FINISHED|masterInvoiceTrigger on Invoice trigger event BeforeInsert|__sfdc_trigger/masterInvoiceTrigger
11:41:09.4 (488550886)|CODE_UNIT_STARTED|[EXTERNAL]|01qao0000007bm1|masterInvoiceTrigger on Invoice trigger event AfterInsert|__sfdc_trigger/masterInvoiceTrigger
11:41:09.4 (488659349)|HEAP_ALLOCATE|[EXTERNAL]|Bytes:8
11:41:09.4 (488922193)|HEAP_ALLOCATE|[EXTERNAL]|Bytes:4
11:41:09.4 (488944763)|VARIABLE_SCOPE_BEGIN|[1]|this|masterInvoiceTrigger|true|false
11:41:09.4 (489036605)|VARIABLE_ASSIGNMENT|[1]|this|{}|0x6c433e14
11:41:09.4 (489138996)|HEAP_ALLOCATE|[EXTERNAL]|Bytes:4
11:41:09.4 (489154936)|VARIABLE_SCOPE_BEGIN|[1]|this|masterInvoiceTrigger|true|false
11:41:09.4 (489195037)|VARIABLE_ASSIGNMENT|[1]|this|{}|0x6c433e14
11:41:09.4 (489209087)|STATEMENT_EXECUTE|[1]
11:41:09.4 (489234717)|STATEMENT_EXECUTE|[5]
11:41:09.4 (489244928)|STATEMENT_EXECUTE|[16]
11:41:09.4 (489259698)|STATEMENT_EXECUTE|[17]
11:41:09.4 (489262078)|STATEMENT_EXECUTE|[18]
11:41:09.4 (494089532)|HEAP_ALLOCATE|[18]|Bytes:4
11:41:09.4 (494107743)|HEAP_ALLOCATE|[18]|Bytes:2
11:41:09.4 (494153554)|METHOD_ENTRY|[1]|01pao000001O23J|invoiceTriggerHandler.invoiceTriggerHandler()
11:41:09.4 (494161533)|STATEMENT_EXECUTE|[1]
11:41:09.4 (494166764)|STATEMENT_EXECUTE|[1]
11:41:09.4 (494185065)|HEAP_ALLOCATE|[18]|Bytes:5
11:41:09.4 (494200235)|METHOD_EXIT|[1]|invoiceTriggerHandler
11:41:09.4 (494248846)|METHOD_ENTRY|[18]|01pao000001O23J|invoiceTriggerHandler.applySharing(List<Invoice__c>)
11:41:09.4 (494362827)|VARIABLE_SCOPE_BEGIN|[3]|triggernew|List<Invoice__c>|true|false
11:41:09.4 (494817884)|VARIABLE_ASSIGNMENT|[3]|triggernew|[{"LastModifiedDate":"2024-02-20T19:41:10.000Z","IsDeleted":false,"Name__c":"INV-100020","Opportunity__c":"006ao000000rkr7AAA","Name":"a04ao000000AqgT","SystemModstamp":"2024-02-20T19:41:10.000Z","OwnerId":"005ao0000003lheAAA","CreatedById":"005ao0000003lheAAA","Amount__c":40.00,"Due_Date__c":"2024-03-21T00:00:00.000Z","CreatedDate":"2024-02-20T19:41:10.000Z","Paid__c":false,"Account__c":"001ao000006gXtnAAE","Id":"a04ao000000AqgTAAS","LastModifiedById":"005ao0000003lheAAA"}]|0x22138785
11:41:09.4 (494889045)|HEAP_ALLOCATE|[6]|Bytes:5
11:41:09.4 (494897945)|STATEMENT_EXECUTE|[3]
11:41:09.4 (494899345)|STATEMENT_EXECUTE|[6]
11:41:09.4 (494920455)|HEAP_ALLOCATE|[6]|Bytes:4
11:41:09.4 (495057668)|VARIABLE_SCOPE_BEGIN|[6]|oppIds|Set<Id>|true|false
11:41:09.4 (495113098)|VARIABLE_ASSIGNMENT|[6]|oppIds|[]|0x721a6d9a
11:41:09.4 (495427393)|HEAP_ALLOCATE|[7]|Bytes:5
11:41:09.4 (495463945)|VARIABLE_SCOPE_BEGIN|[7]|inv|Invoice__c|true|false
11:41:09.4 (495636047)|VARIABLE_ASSIGNMENT|[7]|inv|{"LastModifiedDate":"2024-02-20T19:41:10.000Z","IsDeleted":false,"Name__c":"INV-100020","Opportunity__c":"006ao000000rkr7AAA","Name":"a04ao000000AqgT","SystemModstamp":"2024-02-20T19:41:10.000Z","OwnerId":"005ao0000003lheAAA","CreatedById":"005ao0000003lheAAA","Amount__c":40.00,"Due_Date__c":"2024-03-21T00:00:00.000Z","CreatedDate":"2024-02-20T19:41:10.000Z","Paid__c":false,"Account__c":"001ao000006gXtnAAE","Id":"a04ao000000AqgTAAS","LastModifiedById":"005ao0000003lheAAA"}|0x1a3325ef
11:41:09.4 (495647517)|STATEMENT_EXECUTE|[7]
11:41:09.4 (495648987)|STATEMENT_EXECUTE|[8]
11:41:09.4 (495747909)|HEAP_ALLOCATE|[EXTERNAL]|Bytes:4
11:41:09.4 (495770269)|HEAP_ALLOCATE|[7]|Bytes:5
11:41:09.4 (495784799)|VARIABLE_ASSIGNMENT|[7]|inv|null|
11:41:09.4 (495789659)|STATEMENT_EXECUTE|[11]
11:41:09.4 (495808480)|HEAP_ALLOCATE|[11]|Bytes:4
11:41:09.4 (495822250)|VARIABLE_SCOPE_BEGIN|[11]|ownerIds|Map<Id,Id>|true|false
11:41:09.4 (495842860)|VARIABLE_ASSIGNMENT|[11]|ownerIds|{}|0x3be4ed8e
11:41:09.4 (495850720)|HEAP_ALLOCATE|[12]|Bytes:55
11:41:09.4 (495859490)|HEAP_ALLOCATE|[12]|Bytes:4
11:41:09.4 (496309607)|SOQL_EXECUTE_BEGIN|[12]|Aggregations:0|SELECT Id, OwnerId FROM Opportunity WHERE Id = :tmpVar1
11:41:09.4 (509665174)|SOQL_EXECUTE_END|[12]|Rows:1
11:41:09.4 (509738747)|HEAP_ALLOCATE|[EXTERNAL]|Bytes:8
11:41:09.4 (509991810)|HEAP_ALLOCATE|[12]|Bytes:28
11:41:09.4 (510040711)|HEAP_ALLOCATE|[12]|Bytes:8
11:41:09.4 (510061911)|HEAP_ALLOCATE|[12]|Bytes:8
11:41:09.4 (510064311)|HEAP_ALLOCATE|[12]|Bytes:8
11:41:09.4 (510076112)|VARIABLE_SCOPE_BEGIN|[15]|this|Database.QueryLocatorIterator|true|false
11:41:09.4 (510174413)|VARIABLE_ASSIGNMENT|[15]|this|{}|0x14cb6d14
11:41:09.4 (510181173)|VARIABLE_SCOPE_BEGIN|[15]|values|List<SObject>|true|false
11:41:09.4 (510213824)|VARIABLE_ASSIGNMENT|[15]|values|[{"Id":"006ao000000rkr7AAA","OwnerId":"005ao0000003lheAAA"}]|0x4a2e5c93
11:41:09.4 (510217704)|VARIABLE_SCOPE_BEGIN|[15]|ql|Database.QueryLocator|true|false
11:41:09.4 (510234944)|VARIABLE_ASSIGNMENT|[15]|ql|{"query":"SELECT Id, OwnerId F (35 more) ..."}|0x5ccd8571
11:41:09.4 (510238814)|VARIABLE_SCOPE_BEGIN|[15]|totalNumRecords|Integer|false|false
11:41:09.4 (510246324)|VARIABLE_ASSIGNMENT|[15]|totalNumRecords|1
11:41:09.4 (510249424)|VARIABLE_SCOPE_BEGIN|[15]|queryMoreSize|Integer|false|false
11:41:09.4 (510254464)|VARIABLE_ASSIGNMENT|[15]|queryMoreSize|49998
11:41:09.4 (510335105)|HEAP_ALLOCATE|[12]|Bytes:28
11:41:09.4 (510363966)|METHOD_ENTRY|[12]||Database.QueryLocatorIterator.hasNext()
11:41:09.4 (510437607)|METHOD_EXIT|[12]||Database.QueryLocatorIterator.hasNext()
11:41:09.4 (510446147)|METHOD_ENTRY|[12]||Database.QueryLocatorIterator.next()
11:41:09.4 (510541648)|METHOD_EXIT|[12]||Database.QueryLocatorIterator.next()
11:41:09.4 (510556069)|VARIABLE_SCOPE_BEGIN|[12]|o|Opportunity|true|false
11:41:09.4 (510574349)|VARIABLE_ASSIGNMENT|[12]|o|{"Id":"006ao000000rkr7AAA","OwnerId":"005ao0000003lheAAA"}|0x49b8fe2
11:41:09.4 (510580229)|STATEMENT_EXECUTE|[12]
11:41:09.4 (510581949)|STATEMENT_EXECUTE|[13]
11:41:09.4 (510747251)|HEAP_ALLOCATE|[EXTERNAL]|Bytes:-4
11:41:09.4 (510772652)|METHOD_ENTRY|[12]||Database.QueryLocatorIterator.hasNext()
11:41:09.4 (510813132)|METHOD_EXIT|[12]||Database.QueryLocatorIterator.hasNext()
11:41:09.4 (510840793)|VARIABLE_ASSIGNMENT|[12]|o|null|
11:41:09.4 (510874103)|STATEMENT_EXECUTE|[17]
11:41:09.4 (510882004)|HEAP_ALLOCATE|[17]|Bytes:94
11:41:09.4 (510907824)|HEAP_ALLOCATE|[17]|Bytes:4
11:41:09.4 (511303471)|SOQL_EXECUTE_BEGIN|[17]|Aggregations:0|SELECT ID, DeveloperName FROM Group WHERE DeveloperName = 'SVPCustomerServiceSupportA' LIMIT 1
11:41:09.4 (524590337)|SOQL_EXECUTE_END|[17]|Rows:1
11:41:09.4 (524653287)|HEAP_ALLOCATE|[17]|Bytes:8
11:41:09.4 (524697208)|HEAP_ALLOCATE|[17]|Bytes:72
11:41:09.4 (524814030)|HEAP_ALLOCATE|[17]|Bytes:8
11:41:09.4 (524836321)|HEAP_ALLOCATE|[17]|Bytes:31
11:41:09.4 (524966723)|HEAP_ALLOCATE|[17]|Bytes:12
11:41:09.4 (524982173)|VARIABLE_SCOPE_BEGIN|[17]|SVPGroup|Group|true|false
11:41:09.4 (525024803)|VARIABLE_ASSIGNMENT|[17]|SVPGroup|{"Id":"00Gao0000002u6FEAQ","DeveloperName":"SVPCustomerServiceSu (6 more) ..."}|0xbf5cae1
11:41:09.4 (525033254)|STATEMENT_EXECUTE|[19]
11:41:09.4 (525126955)|HEAP_ALLOCATE|[19]|Bytes:4
11:41:09.4 (525268607)|VARIABLE_SCOPE_BEGIN|[19]|newShares|List<Invoice__Share>|true|false
11:41:09.4 (525278457)|HEAP_ALLOCATE|[EXTERNAL]|Bytes:4
11:41:09.4 (525297187)|VARIABLE_ASSIGNMENT|[19]|newShares|[]|0x1ad26cd9
11:41:09.4 (525388299)|HEAP_ALLOCATE|[20]|Bytes:5
11:41:09.4 (525419399)|VARIABLE_SCOPE_BEGIN|[20]|inv|Invoice__c|true|false
11:41:09.4 (525654724)|VARIABLE_ASSIGNMENT|[20]|inv|{"LastModifiedDate":"2024-02-20T19:41:10.000Z","IsDeleted":false,"Name__c":"INV-100020","Opportunity__c":"006ao000000rkr7AAA","Name":"a04ao000000AqgT","SystemModstamp":"2024-02-20T19:41:10.000Z","OwnerId":"005ao0000003lheAAA","CreatedById":"005ao0000003lheAAA","Amount__c":40.00,"Due_Date__c":"2024-03-21T00:00:00.000Z","CreatedDate":"2024-02-20T19:41:10.000Z","Paid__c":false,"Account__c":"001ao000006gXtnAAE","Id":"a04ao000000AqgTAAS","LastModifiedById":"005ao0000003lheAAA"}|0x1a3325ef
11:41:09.4 (525672914)|STATEMENT_EXECUTE|[20]
11:41:09.4 (525675074)|STATEMENT_EXECUTE|[21]
11:41:09.4 (525734134)|HEAP_ALLOCATE|[21]|Bytes:4
11:41:09.4 (525935578)|VARIABLE_SCOPE_BEGIN|[21]|ownerShare|Invoice__Share|true|false
11:41:09.4 (525963418)|VARIABLE_ASSIGNMENT|[21]|ownerShare|{}|0x4a3d0104
11:41:09.4 (525970168)|STATEMENT_EXECUTE|[22]
11:41:09.4 (526192342)|VARIABLE_ASSIGNMENT|[22]|this.ParentId|"a04ao000000AqgTAAS"|0x4a3d0104
11:41:09.4 (526206892)|STATEMENT_EXECUTE|[23]
11:41:09.4 (526453636)|VARIABLE_ASSIGNMENT|[23]|this.UserOrGroupId|"005ao0000003lheAAA"|0x4a3d0104
11:41:09.4 (526465936)|STATEMENT_EXECUTE|[24]
11:41:09.4 (526472516)|HEAP_ALLOCATE|[24]|Bytes:4
11:41:09.4 (526537287)|VARIABLE_ASSIGNMENT|[24]|this.AccessLevel|"Read"|0x4a3d0104
11:41:09.4 (526546437)|STATEMENT_EXECUTE|[25]
11:41:09.4 (526550917)|HEAP_ALLOCATE|[25]|Bytes:20
11:41:09.4 (526625158)|VARIABLE_ASSIGNMENT|[25]|this.RowCause|"Opportunity_Owner__c"|0x4a3d0104
11:41:09.4 (526634738)|STATEMENT_EXECUTE|[26]
11:41:09.4 (526702979)|HEAP_ALLOCATE|[EXTERNAL]|Bytes:4
11:41:09.4 (526735510)|HEAP_ALLOCATE|[20]|Bytes:5
11:41:09.4 (526758260)|VARIABLE_ASSIGNMENT|[20]|inv|null|
11:41:09.4 (526766140)|STATEMENT_EXECUTE|[28]
11:41:09.4 (526924083)|USER_DEBUG|[28]|DEBUG|(Invoice__Share:{ParentId=a04ao000000AqgTAAS, UserOrGroupId=005ao0000003lheAAA, AccessLevel=Read, RowCause=Opportunity_Owner__c})
11:41:09.4 (526945203)|STATEMENT_EXECUTE|[29]
11:41:09.4 (527086386)|DML_BEGIN|[29]|Op:Insert|Type:Invoice__Share|Rows:1
11:41:09.4 (527203228)|HEAP_ALLOCATE|[EXTERNAL]|Bytes:8
11:41:09.4 (542958572)|DML_END|[29]
11:41:09.4 (544146441)|HEAP_ALLOCATE|[EXTERNAL]|Bytes:8
11:41:09.4 (544204431)|METHOD_EXIT|[18]|01pao000001O23J|invoiceTriggerHandler.applySharing(List<Invoice__c>)
11:41:09.4 (544246413)|STATEMENT_EXECUTE|[20]
11:41:09.4 (544262363)|STATEMENT_EXECUTE|[23]
11:41:09.4 (544279632)|STATEMENT_EXECUTE|[25]
11:41:09.544 (544313143)|CUMULATIVE_LIMIT_USAGE
11:41:09.544 (544313143)|LIMIT_USAGE_FOR_NS|(default)|
  Number of SOQL queries: 3 out of 100
  Number of query rows: 3 out of 50000
  Number of SOSL queries: 0 out of 20
  Number of DML statements: 4 out of 150
  Number of Publish Immediate DML: 0 out of 150
  Number of DML rows: 4 out of 10000
  Maximum CPU time: 0 out of 10000
  Maximum heap size: 0 out of 6000000
  Number of callouts: 0 out of 100
  Number of Email Invocations: 0 out of 10
  Number of future calls: 0 out of 50
  Number of queueable jobs added to the queue: 0 out of 50
  Number of Mobile Apex push calls: 0 out of 10

11:41:09.544 (544313143)|CUMULATIVE_LIMIT_USAGE_END

11:41:09.4 (544711069)|CODE_UNIT_FINISHED|masterInvoiceTrigger on Invoice trigger event AfterInsert|__sfdc_trigger/masterInvoiceTrigger
11:41:09.4 (562519446)|DML_END|[67]
11:41:09.4 (562597936)|HEAP_ALLOCATE|[EXTERNAL]|Bytes:8
11:41:09.4 (562647528)|SYSTEM_MODE_EXIT|false
11:41:09.4 (562671957)|METHOD_EXIT|[24]|01pao0000015Cj7|OppHandler.CreateInvoiceFromOpportunity(List<Opportunity>)
11:41:09.4 (562706348)|STATEMENT_EXECUTE|[27]
11:41:09.4 (562715259)|STATEMENT_EXECUTE|[31]
11:41:09.4 (562721428)|STATEMENT_EXECUTE|[35]
11:41:09.562 (562743749)|CUMULATIVE_LIMIT_USAGE
11:41:09.562 (562743749)|LIMIT_USAGE_FOR_NS|(default)|
  Number of SOQL queries: 3 out of 100
  Number of query rows: 3 out of 50000
  Number of SOSL queries: 0 out of 20
  Number of DML statements: 4 out of 150
  Number of Publish Immediate DML: 0 out of 150
  Number of DML rows: 4 out of 10000
  Maximum CPU time: 0 out of 10000
  Maximum heap size: 0 out of 6000000
  Number of callouts: 0 out of 100
  Number of Email Invocations: 0 out of 10
  Number of future calls: 0 out of 50
  Number of queueable jobs added to the queue: 0 out of 50
  Number of Mobile Apex push calls: 0 out of 10

11:41:09.562 (562743749)|CUMULATIVE_LIMIT_USAGE_END

11:41:09.4 (563091665)|CODE_UNIT_FINISHED|OppMasterTrigger on Opportunity trigger event AfterInsert|__sfdc_trigger/OppMasterTrigger
11:41:09.4 (580255070)|DML_END|[108]
11:41:09.4 (581371189)|STATEMENT_EXECUTE|[111]
11:41:09.4 (581432510)|HEAP_ALLOCATE|[111]|Bytes:4
11:41:09.4 (581509751)|VARIABLE_SCOPE_BEGIN|[111]|newInv|Invoice__c|true|false
11:41:09.4 (581567491)|VARIABLE_ASSIGNMENT|[111]|newInv|{}|0x75c09fb4
11:41:09.4 (581573742)|STATEMENT_EXECUTE|[112]
11:41:09.4 (581582482)|HEAP_ALLOCATE|[112]|Bytes:26
11:41:09.4 (581791255)|VARIABLE_ASSIGNMENT|[112]|this.Name|"Test Invoice #Positi (6 more) ..."|0x75c09fb4
11:41:09.4 (581799905)|STATEMENT_EXECUTE|[113]
11:41:09.4 (582960763)|HEAP_ALLOCATE|[113]|Bytes:28
11:41:09.4 (582974113)|HEAP_ALLOCATE|[113]|Bytes:28
11:41:09.4 (583093095)|VARIABLE_ASSIGNMENT|[113]|this.Amount__c|10|0x75c09fb4
11:41:09.4 (583101305)|STATEMENT_EXECUTE|[114]
11:41:09.4 (583280298)|HEAP_ALLOCATE|[114]|Bytes:4
11:41:09.4 (583345499)|HEAP_ALLOCATE|[114]|Bytes:4
11:41:09.4 (583446531)|VARIABLE_ASSIGNMENT|[114]|this.Due_Date__c|"2024-02-15T00:00:00.000Z"|0x75c09fb4
11:41:09.4 (583453301)|STATEMENT_EXECUTE|[115]
11:41:09.4 (583481301)|VARIABLE_ASSIGNMENT|[115]|this.Paid__c|false|0x75c09fb4
11:41:09.4 (583487441)|STATEMENT_EXECUTE|[116]
11:41:09.4 (583592243)|VARIABLE_ASSIGNMENT|[116]|this.Opportunity__c|"006ao000000rkr7AAA"|0x75c09fb4
11:41:09.4 (583598923)|STATEMENT_EXECUTE|[118]
11:41:09.4 (583712715)|HEAP_ALLOCATE|[EXTERNAL]|Bytes:4
11:41:09.4 (583724525)|STATEMENT_EXECUTE|[121]
11:41:09.4 (583795346)|HEAP_ALLOCATE|[121]|Bytes:98
11:41:09.4 (583822246)|SYSTEM_METHOD_ENTRY|[1]|Test.Test()
11:41:09.4 (583825537)|STATEMENT_EXECUTE|[1]
11:41:09.4 (583834746)|SYSTEM_METHOD_EXIT|[1]|Test
11:41:09.4 (583852357)|METHOD_ENTRY|[121]||System.Test.startTest()
11:41:09.4 (587319451)|METHOD_EXIT|[121]||System.Test.startTest()
11:41:09.4 (587342451)|STATEMENT_EXECUTE|[122]
11:41:09.4 (587388032)|METHOD_ENTRY|[122]|01pao000001O23J|invoiceTriggerHandler.applyLateFeeOnUnpaidInvoice(List<Invoice__c>)
11:41:09.4 (587497963)|VARIABLE_SCOPE_BEGIN|[38]|triggernew|List<Invoice__c>|true|false
11:41:09.4 (587593796)|VARIABLE_ASSIGNMENT|[38]|triggernew|[{"Name":"Test Invoice #Positi (6 more) ...","Amount__c":10,"Due_Date__c":"2024-02-15T00:00:00.000Z","Paid__c":false,"Opportunity__c":"006ao000000rkr7AAA"}]|0x2047583f
11:41:09.4 (589284331)|SYSTEM_MODE_ENTER|false
11:41:09.4 (589327802)|HEAP_ALLOCATE|[39]|Bytes:5
11:41:09.4 (589344383)|STATEMENT_EXECUTE|[38]
11:41:09.4 (589346812)|STATEMENT_EXECUTE|[39]
11:41:09.4 (589356772)|HEAP_ALLOCATE|[39]|Bytes:85
11:41:09.4 (589388812)|HEAP_ALLOCATE|[39]|Bytes:4
11:41:09.4 (590040043)|SOQL_EXECUTE_BEGIN|[39]|Aggregations:0|SELECT Id, Name, Due_Date__c, Paid__c, Amount__c FROM Invoice__c WHERE Id IN :tmpVar1
11:41:09.4 (608235136)|SOQL_EXECUTE_END|[39]|Rows:0
11:41:09.4 (608306497)|HEAP_ALLOCATE|[39]|Bytes:4
11:41:09.4 (608374228)|HEAP_ALLOCATE|[39]|Bytes:0
11:41:09.4 (608428239)|HEAP_ALLOCATE|[39]|Bytes:4
11:41:09.4 (608450499)|VARIABLE_SCOPE_BEGIN|[39]|fullInvList|List<Invoice__c>|true|false
11:41:09.4 (608485590)|VARIABLE_ASSIGNMENT|[39]|fullInvList|[]|0x445a578b
11:41:09.4 (608490920)|STATEMENT_EXECUTE|[41]
11:41:09.4 (608502650)|HEAP_ALLOCATE|[41]|Bytes:4
11:41:09.4 (608596291)|VARIABLE_SCOPE_BEGIN|[41]|invToUpdate|List<Invoice__c>|true|false
11:41:09.4 (608605171)|HEAP_ALLOCATE|[EXTERNAL]|Bytes:4
11:41:09.4 (608614022)|VARIABLE_ASSIGNMENT|[41]|invToUpdate|[]|0x1c2b1833
11:41:09.4 (608712143)|HEAP_ALLOCATE|[42]|Bytes:5
11:41:09.4 (608734753)|VARIABLE_ASSIGNMENT|[42]|i|null|
11:41:09.4 (608740313)|STATEMENT_EXECUTE|[42]
11:41:09.4 (608749534)|SYSTEM_MODE_EXIT|false
11:41:09.4 (608766924)|METHOD_EXIT|[122]|01pao000001O23J|invoiceTriggerHandler.applyLateFeeOnUnpaidInvoice(List<Invoice__c>)
11:41:09.4 (608773064)|STATEMENT_EXECUTE|[123]
11:41:09.4 (608787714)|METHOD_ENTRY|[123]||System.Test.stopTest()
11:41:09.4 (609005157)|METHOD_EXIT|[123]||System.Test.stopTest()
11:41:09.4 (609012977)|STATEMENT_EXECUTE|[124]
11:41:09.4 (609034058)|HEAP_ALLOCATE|[124]|Bytes:24
11:41:09.4 (609147020)|USER_DEBUG|[124]|DEBUG|2024-02-15 00:00:00
11:41:09.4 (609158560)|STATEMENT_EXECUTE|[125]
11:41:09.4 (609168070)|HEAP_ALLOCATE|[125]|Bytes:24
11:41:09.4 (609203360)|HEAP_ALLOCATE|[125]|Bytes:28
11:41:09.4 (609211630)|HEAP_ALLOCATE|[125]|Bytes:16
11:41:09.4 (609308842)|EXCEPTION_THROWN|[125]|System.AssertException: Assertion Failed: Incorrect Amount: Expected: 10, Actual: 11
11:41:09.4 (609540416)|HEAP_ALLOCATE|[125]|Bytes:64
11:41:09.4 (609717289)|FATAL_ERROR|System.AssertException: Assertion Failed: Incorrect Amount: Expected: 10, Actual: 11

Class.invoicescontrollertest.posInvoiceTestCase: line 125, column 1
11:41:09.4 (609733269)|FATAL_ERROR|System.AssertException: Assertion Failed: Incorrect Amount: Expected: 10, Actual: 11

Class.invoicescontrollertest.posInvoiceTestCase: line 125, column 1
11:41:09.609 (609748159)|CUMULATIVE_LIMIT_USAGE
11:41:09.609 (609748159)|LIMIT_USAGE_FOR_NS|(default)|
  Number of SOQL queries: 3 out of 100
  Number of query rows: 3 out of 50000
  Number of SOSL queries: 0 out of 20
  Number of DML statements: 4 out of 150
  Number of Publish Immediate DML: 0 out of 150
  Number of DML rows: 4 out of 10000
  Maximum CPU time: 0 out of 10000
  Maximum heap size: 0 out of 6000000
  Number of callouts: 0 out of 100
  Number of Email Invocations: 0 out of 10
  Number of future calls: 0 out of 50
  Number of queueable jobs added to the queue: 0 out of 50
  Number of Mobile Apex push calls: 0 out of 10

11:41:09.609 (609748159)|TESTING_LIMITS
11:41:09.609 (609748159)|LIMIT_USAGE_FOR_NS|(default)|
  Number of SOQL queries: 1 out of 100
  Number of query rows: 0 out of 50000
  Number of SOSL queries: 0 out of 20
  Number of DML statements: 0 out of 150
  Number of Publish Immediate DML: 0 out of 150
  Number of DML rows: 0 out of 10000
  Maximum CPU time: 0 out of 10000
  Maximum heap size: 0 out of 6000000
  Number of callouts: 0 out of 100
  Number of Email Invocations: 0 out of 10
  Number of future calls: 0 out of 50
  Number of queueable jobs added to the queue: 0 out of 50
  Number of Mobile Apex push calls: 0 out of 10

11:41:09.609 (609748159)|CUMULATIVE_LIMIT_USAGE_END

11:41:09.4 (609827681)|CODE_UNIT_FINISHED|invoicescontrollertest.posInvoiceTestCase()
11:41:09.4 (609841021)|EXECUTION_FINISHED
