59.0 APEX_CODE,FINEST;APEX_PROFILING,INFO;CALLOUT,INFO;DB,INFO;NBA,INFO;SYSTEM,DEBUG;VALIDATION,INFO;VISUALFORCE,FINER;WAVE,INFO;WORKFLOW,INFO
11:42:03.3 (3500223)|USER_INFO|[EXTERNAL]|005ao0000003lhe|alex.downs@spdex450.edu|(GMT-08:00) Pacific Standard Time (America/Los_Angeles)|GMT-08:00
11:42:03.3 (3555134)|EXECUTION_STARTED
11:42:03.3 (3582024)|CODE_UNIT_STARTED|[EXTERNAL]|01pao000001Zu6n|invoicescontrollertest.posInvoiceTestCase()
11:42:03.3 (3829509)|HEAP_ALLOCATE|[79]|Bytes:3
11:42:03.3 (3927721)|HEAP_ALLOCATE|[84]|Bytes:152
11:42:03.3 (3948471)|HEAP_ALLOCATE|[399]|Bytes:408
11:42:03.3 (3963102)|HEAP_ALLOCATE|[412]|Bytes:408
11:42:03.3 (3976062)|HEAP_ALLOCATE|[520]|Bytes:48
11:42:03.3 (4001992)|HEAP_ALLOCATE|[139]|Bytes:6
11:42:03.3 (4021272)|HEAP_ALLOCATE|[EXTERNAL]|Bytes:347
11:42:03.3 (4034053)|METHOD_ENTRY|[2]|01pao000001Zu6n|invoicescontrollertest.invoicescontrollertest()
11:42:03.3 (4042432)|STATEMENT_EXECUTE|[2]
11:42:03.3 (4049333)|STATEMENT_EXECUTE|[2]
11:42:03.3 (4055444)|METHOD_EXIT|[2]|invoicescontrollertest
11:42:03.3 (4086904)|HEAP_ALLOCATE|[52]|Bytes:5
11:42:03.3 (4113705)|HEAP_ALLOCATE|[58]|Bytes:5
11:42:03.3 (4122954)|HEAP_ALLOCATE|[66]|Bytes:7
11:42:03.3 (4173016)|STATEMENT_EXECUTE|[95]
11:42:03.3 (4176256)|STATEMENT_EXECUTE|[98]
11:42:03.3 (4277698)|HEAP_ALLOCATE|[98]|Bytes:4
11:42:03.3 (4372849)|VARIABLE_SCOPE_BEGIN|[98]|newInvoices|List<Invoice__c>|true|false
11:42:03.3 (4387249)|HEAP_ALLOCATE|[EXTERNAL]|Bytes:4
11:42:03.3 (4424860)|VARIABLE_ASSIGNMENT|[98]|newInvoices|[]|0x6a4534ba
11:42:03.3 (4431420)|STATEMENT_EXECUTE|[99]
11:42:03.3 (4435760)|HEAP_ALLOCATE|[99]|Bytes:12
11:42:03.3 (6141242)|HEAP_ALLOCATE|[99]|Bytes:10
11:42:03.3 (6177221)|METHOD_ENTRY|[2]|01pao0000018irJ|testDataFactory.testDataFactory()
11:42:03.3 (6186751)|STATEMENT_EXECUTE|[2]
11:42:03.3 (6193232)|STATEMENT_EXECUTE|[2]
11:42:03.3 (6199592)|METHOD_EXIT|[2]|testDataFactory
11:42:03.3 (6229963)|METHOD_ENTRY|[99]|01pao0000018irJ|testDataFactory.createValidAccount(String)
11:42:03.3 (6290294)|VARIABLE_SCOPE_BEGIN|[4]|aName|String|false|false
11:42:03.3 (6311245)|VARIABLE_ASSIGNMENT|[4]|aName|"Test Account"
11:42:03.3 (6339535)|STATEMENT_EXECUTE|[4]
11:42:03.3 (6342565)|STATEMENT_EXECUTE|[5]
11:42:03.3 (6369275)|HEAP_ALLOCATE|[5]|Bytes:4
11:42:03.3 (6470367)|VARIABLE_SCOPE_BEGIN|[5]|a|Account|true|false
11:42:03.3 (6512488)|VARIABLE_ASSIGNMENT|[5]|a|{}|0x85e7e99
11:42:03.3 (6518298)|STATEMENT_EXECUTE|[6]
11:42:03.3 (6616450)|VARIABLE_ASSIGNMENT|[6]|this.Name|"Test Account"|0x85e7e99
11:42:03.3 (6624380)|STATEMENT_EXECUTE|[7]
11:42:03.3 (6633199)|METHOD_EXIT|[99]|01pao0000018irJ|testDataFactory.createValidAccount(String)
11:42:03.3 (6640581)|VARIABLE_SCOPE_BEGIN|[99]|a|Account|true|false
11:42:03.3 (6655131)|VARIABLE_ASSIGNMENT|[99]|a|{"Name":"Test Account"}|0x85e7e99
11:42:03.3 (6660501)|STATEMENT_EXECUTE|[100]
11:42:03.3 (6696611)|HEAP_ALLOCATE|[100]|Bytes:8
11:42:03.3 (6720521)|DML_BEGIN|[100]|Op:Insert|Type:Account|Rows:1
11:42:03.3 (6784413)|HEAP_ALLOCATE|[EXTERNAL]|Bytes:8
11:42:03.3 (55384790)|DML_END|[100]
11:42:03.3 (55738017)|STATEMENT_EXECUTE|[101]
11:42:03.3 (55813008)|HEAP_ALLOCATE|[101]|Bytes:4
11:42:03.3 (55951570)|VARIABLE_SCOPE_BEGIN|[101]|o|Opportunity|true|false
11:42:03.3 (55988291)|VARIABLE_ASSIGNMENT|[101]|o|{}|0xefd8290
11:42:03.3 (55994891)|STATEMENT_EXECUTE|[102]
11:42:03.3 (56002662)|HEAP_ALLOCATE|[102]|Bytes:8
11:42:03.3 (56095224)|VARIABLE_ASSIGNMENT|[102]|this.Name|"test Opp"|0xefd8290
11:42:03.3 (56104163)|STATEMENT_EXECUTE|[103]
11:42:03.3 (56153014)|HEAP_ALLOCATE|[103]|Bytes:28
11:42:03.3 (56194614)|VARIABLE_ASSIGNMENT|[103]|this.Amount|40|0xefd8290
11:42:03.3 (56203465)|STATEMENT_EXECUTE|[104]
11:42:03.3 (56207875)|HEAP_ALLOCATE|[104]|Bytes:27
11:42:03.3 (56240756)|VARIABLE_ASSIGNMENT|[104]|this.Type|"Existing Customer -  (7 more) ..."|0xefd8290
11:42:03.3 (56248426)|STATEMENT_EXECUTE|[105]
11:42:03.3 (56251796)|HEAP_ALLOCATE|[105]|Bytes:10
11:42:03.3 (56278027)|VARIABLE_ASSIGNMENT|[105]|this.StageName|"Closed Won"|0xefd8290
11:42:03.3 (56284107)|STATEMENT_EXECUTE|[106]
11:42:03.3 (56374508)|HEAP_ALLOCATE|[106]|Bytes:4
11:42:03.3 (56441929)|VARIABLE_ASSIGNMENT|[106]|this.CloseDate|"2024-02-20T00:00:00.000Z"|0xefd8290
11:42:03.3 (56450040)|STATEMENT_EXECUTE|[107]
11:42:03.3 (56515761)|VARIABLE_ASSIGNMENT|[107]|this.AccountId|"001ao000006hlXoAAI"|0xefd8290
11:42:03.3 (56524050)|STATEMENT_EXECUTE|[108]
11:42:03.3 (56557082)|HEAP_ALLOCATE|[108]|Bytes:8
11:42:03.3 (56582531)|DML_BEGIN|[108]|Op:Insert|Type:Opportunity|Rows:1
11:42:03.3 (56649083)|HEAP_ALLOCATE|[EXTERNAL]|Bytes:8
11:42:03.3 (70547133)|CODE_UNIT_STARTED|[EXTERNAL]|01qao00000061vt|OppMasterTrigger on Opportunity trigger event BeforeInsert|__sfdc_trigger/OppMasterTrigger
11:42:03.3 (70606315)|HEAP_ALLOCATE|[EXTERNAL]|Bytes:8
11:42:03.3 (70747817)|HEAP_ALLOCATE|[EXTERNAL]|Bytes:4
11:42:03.3 (70770027)|VARIABLE_SCOPE_BEGIN|[1]|this|OppMasterTrigger|true|false
11:42:03.3 (70816888)|VARIABLE_ASSIGNMENT|[1]|this|{}|0x785b3b8b
11:42:03.3 (71825227)|HEAP_ALLOCATE|[EXTERNAL]|Bytes:4
11:42:03.3 (71907909)|VARIABLE_SCOPE_BEGIN|[1]|this|OppMasterTrigger|true|false
11:42:03.3 (71929578)|VARIABLE_ASSIGNMENT|[1]|this|{}|0x785b3b8b
11:42:03.3 (71938498)|STATEMENT_EXECUTE|[1]
11:42:03.3 (71966030)|STATEMENT_EXECUTE|[6]
11:42:03.3 (71973859)|STATEMENT_EXECUTE|[7]
11:42:03.3 (71975739)|STATEMENT_EXECUTE|[8]
11:42:03.3 (73953075)|HEAP_ALLOCATE|[8]|Bytes:10
11:42:03.3 (74001146)|METHOD_ENTRY|[1]|01pao0000015Cj7|OppHandler.OppHandler()
11:42:03.3 (74013436)|STATEMENT_EXECUTE|[1]
11:42:03.3 (74020146)|STATEMENT_EXECUTE|[1]
11:42:03.3 (74641217)|SYSTEM_MODE_ENTER|false
11:42:03.3 (74667919)|HEAP_ALLOCATE|[8]|Bytes:5
11:42:03.3 (74680218)|SYSTEM_MODE_EXIT|false
11:42:03.3 (74696768)|METHOD_EXIT|[1]|OppHandler
11:42:03.3 (74732409)|METHOD_ENTRY|[8]|01pao0000015Cj7|OppHandler.applyNamingConvention(List<Opportunity>)
11:42:03.3 (74772640)|VARIABLE_SCOPE_BEGIN|[3]|triggerNew|List<Opportunity>|true|false
11:42:03.3 (75492983)|VARIABLE_ASSIGNMENT|[3]|triggerNew|[{"IsDeleted":false,"AccountId":"001ao000006hlXoAAI","HasOpportunityLineItem":false,"StageName":"Closed Won","Amount":40.00,"Probability":100,"ForecastCategory":"Closed","IsClosed":true,"CloseDate":"2024-02-20T00:00:00.000Z","Name":"test Opp","HasOpenActivity":false,"Type":"Existing Customer -  (7 more) ...","OwnerId":"005ao0000003lheAAA","IsWon":true,"HasOverdueTask":false,"ForecastCategoryName":"Closed","IsPrivate":false}]|0xd871031
11:42:03.3 (75528544)|SYSTEM_MODE_ENTER|false
11:42:03.3 (75543734)|HEAP_ALLOCATE|[10]|Bytes:5
11:42:03.3 (75550904)|STATEMENT_EXECUTE|[3]
11:42:03.3 (75552994)|STATEMENT_EXECUTE|[10]
11:42:03.3 (75602055)|HEAP_ALLOCATE|[10]|Bytes:4
11:42:03.3 (75645476)|VARIABLE_SCOPE_BEGIN|[10]|parentAccounts|Map<Id,Account>|true|false
11:42:03.3 (75663396)|VARIABLE_ASSIGNMENT|[10]|parentAccounts|{}|0x5b8d44ee
11:42:03.3 (75668856)|STATEMENT_EXECUTE|[11]
11:42:03.3 (75682117)|HEAP_ALLOCATE|[11]|Bytes:4
11:42:03.3 (75748847)|VARIABLE_SCOPE_BEGIN|[11]|parentIds|Set<Id>|true|false
11:42:03.3 (75777818)|VARIABLE_ASSIGNMENT|[11]|parentIds|[]|0x3f89ed9
11:42:03.3 (75977422)|HEAP_ALLOCATE|[12]|Bytes:5
11:42:03.3 (76002502)|HEAP_ALLOCATE|[12]|Bytes:4
11:42:03.3 (76014502)|VARIABLE_SCOPE_BEGIN|[12]|o|Opportunity|true|false
11:42:03.3 (76575902)|VARIABLE_ASSIGNMENT|[12]|o|{"IsDeleted":false,"AccountId":"001ao000006hlXoAAI","HasOpportunityLineItem":false,"StageName":"Closed Won","Amount":40.00,"Probability":100,"ForecastCategory":"Closed","IsClosed":true,"CloseDate":"2024-02-20T00:00:00.000Z","Name":"test Opp","HasOpenActivity":false,"Type":"Existing Customer -  (7 more) ...","OwnerId":"005ao0000003lheAAA","IsWon":true,"HasOverdueTask":false,"ForecastCategoryName":"Closed","IsPrivate":false}|0x3da1c10a
11:42:03.3 (76590433)|STATEMENT_EXECUTE|[12]
11:42:03.3 (76593303)|STATEMENT_EXECUTE|[13]
11:42:03.3 (76664524)|HEAP_ALLOCATE|[EXTERNAL]|Bytes:4
11:42:03.3 (76688324)|HEAP_ALLOCATE|[12]|Bytes:5
11:42:03.3 (76704565)|VARIABLE_ASSIGNMENT|[12]|o|null|
11:42:03.3 (76712665)|HEAP_ALLOCATE|[15]|Bytes:48
11:42:03.3 (76727975)|HEAP_ALLOCATE|[15]|Bytes:4
11:42:03.3 (76737815)|HEAP_ALLOCATE|[15]|Bytes:7
11:42:03.3 (77071811)|SOQL_EXECUTE_BEGIN|[15]|Aggregations:0|SELECT Id, Name FROM Account WHERE Id = :tmpVar1
11:42:03.3 (80735968)|SOQL_EXECUTE_END|[15]|Rows:1
11:42:03.3 (80771808)|HEAP_ALLOCATE|[EXTERNAL]|Bytes:8
11:42:03.3 (80926260)|HEAP_ALLOCATE|[15]|Bytes:54
11:42:03.3 (80937431)|HEAP_ALLOCATE|[15]|Bytes:8
11:42:03.3 (80948401)|SYSTEM_METHOD_ENTRY|[7]|QueryLocatorIterator.QueryLocatorIterator()
11:42:03.3 (80955421)|STATEMENT_EXECUTE|[7]
11:42:03.3 (80965381)|SYSTEM_METHOD_EXIT|[7]|QueryLocatorIterator
11:42:03.3 (80974722)|HEAP_ALLOCATE|[15]|Bytes:28
11:42:03.3 (81008022)|HEAP_ALLOCATE|[15]|Bytes:8
11:42:03.3 (81024433)|HEAP_ALLOCATE|[15]|Bytes:8
11:42:03.3 (81028853)|HEAP_ALLOCATE|[15]|Bytes:8
11:42:03.3 (81034203)|VARIABLE_SCOPE_BEGIN|[15]|this|Database.QueryLocatorIterator|true|false
11:42:03.3 (81072063)|VARIABLE_ASSIGNMENT|[15]|this|{}|0x58f0522e
11:42:03.3 (81078954)|VARIABLE_SCOPE_BEGIN|[15]|values|List<SObject>|true|false
11:42:03.3 (81100964)|VARIABLE_ASSIGNMENT|[15]|values|[{"Id":"001ao000006hlXoAAI","Name":"Test Account"}]|0xe32d695
11:42:03.3 (81106263)|VARIABLE_SCOPE_BEGIN|[15]|ql|Database.QueryLocator|true|false
11:42:03.3 (81123555)|VARIABLE_ASSIGNMENT|[15]|ql|{"query":"SELECT Id, Name FROM (28 more) ..."}|0x3f77420c
11:42:03.3 (81128755)|VARIABLE_SCOPE_BEGIN|[15]|totalNumRecords|Integer|false|false
11:42:03.3 (81136675)|VARIABLE_ASSIGNMENT|[15]|totalNumRecords|1
11:42:03.3 (81140695)|VARIABLE_SCOPE_BEGIN|[15]|queryMoreSize|Integer|false|false
11:42:03.3 (81146225)|VARIABLE_ASSIGNMENT|[15]|queryMoreSize|49999
11:42:03.3 (81889958)|HEAP_ALLOCATE|[15]|Bytes:28
11:42:03.3 (81921479)|METHOD_ENTRY|[15]||Database.QueryLocatorIterator.hasNext()
11:42:03.3 (82015040)|METHOD_EXIT|[15]||Database.QueryLocatorIterator.hasNext()
11:42:03.3 (82026731)|METHOD_ENTRY|[15]||Database.QueryLocatorIterator.next()
11:42:03.3 (82105772)|METHOD_EXIT|[15]||Database.QueryLocatorIterator.next()
11:42:03.3 (82118242)|VARIABLE_SCOPE_BEGIN|[15]|a|Account|true|false
11:42:03.3 (82139242)|VARIABLE_ASSIGNMENT|[15]|a|{"Id":"001ao000006hlXoAAI","Name":"Test Account"}|0x71254381
11:42:03.3 (82145973)|STATEMENT_EXECUTE|[15]
11:42:03.3 (82148393)|STATEMENT_EXECUTE|[16]
11:42:03.3 (82200334)|HEAP_ALLOCATE|[EXTERNAL]|Bytes:-4
11:42:03.3 (82213024)|METHOD_ENTRY|[15]||Database.QueryLocatorIterator.hasNext()
11:42:03.3 (82232014)|METHOD_EXIT|[15]||Database.QueryLocatorIterator.hasNext()
11:42:03.3 (82240814)|VARIABLE_ASSIGNMENT|[15]|a|null|
11:42:03.3 (82294105)|HEAP_ALLOCATE|[21]|Bytes:5
11:42:03.3 (82312396)|HEAP_ALLOCATE|[21]|Bytes:4
11:42:03.3 (82320436)|VARIABLE_SCOPE_BEGIN|[21]|o|Opportunity|true|false
11:42:03.3 (82647201)|VARIABLE_ASSIGNMENT|[21]|o|{"IsDeleted":false,"AccountId":"001ao000006hlXoAAI","HasOpportunityLineItem":false,"StageName":"Closed Won","Amount":40.00,"Probability":100,"ForecastCategory":"Closed","IsClosed":true,"CloseDate":"2024-02-20T00:00:00.000Z","Name":"test Opp","HasOpenActivity":false,"Type":"Existing Customer -  (7 more) ...","OwnerId":"005ao0000003lheAAA","IsWon":true,"HasOverdueTask":false,"ForecastCategoryName":"Closed","IsPrivate":false}|0x3da1c10a
11:42:03.3 (82661132)|STATEMENT_EXECUTE|[21]
11:42:03.3 (82663592)|STATEMENT_EXECUTE|[22]
11:42:03.3 (82741653)|HEAP_ALLOCATE|[22]|Bytes:3
11:42:03.3 (82845295)|HEAP_ALLOCATE|[23]|Bytes:1
11:42:03.3 (82858685)|HEAP_ALLOCATE|[23]|Bytes:1
11:42:03.3 (82871466)|HEAP_ALLOCATE|[22]|Bytes:47
11:42:03.3 (82903056)|HEAP_ALLOCATE|[23]|Bytes:4
11:42:03.3 (82917587)|HEAP_ALLOCATE|[22]|Bytes:51
11:42:03.3 (83217953)|VARIABLE_ASSIGNMENT|[22]|this.Name|"Test Account - Exist (31 more) ..."|0x3da1c10a
11:42:03.3 (83243582)|HEAP_ALLOCATE|[21]|Bytes:5
11:42:03.3 (83259062)|VARIABLE_ASSIGNMENT|[21]|o|null|
11:42:03.3 (83267542)|SYSTEM_MODE_EXIT|false
11:42:03.3 (83278004)|METHOD_EXIT|[8]|01pao0000015Cj7|OppHandler.applyNamingConvention(List<Opportunity>)
11:42:03.3 (83294884)|STATEMENT_EXECUTE|[12]
11:42:03.3 (83304294)|STATEMENT_EXECUTE|[16]
11:42:03.3 (83312794)|STATEMENT_EXECUTE|[22]
11:42:03.83 (83325094)|CUMULATIVE_LIMIT_USAGE
11:42:03.83 (83325094)|LIMIT_USAGE_FOR_NS|(default)|
  Number of SOQL queries: 1 out of 100
  Number of query rows: 1 out of 50000
  Number of SOSL queries: 0 out of 20
  Number of DML statements: 2 out of 150
  Number of Publish Immediate DML: 0 out of 150
  Number of DML rows: 2 out of 10000
  Maximum CPU time: 0 out of 10000
  Maximum heap size: 0 out of 6000000
  Number of callouts: 0 out of 100
  Number of Email Invocations: 0 out of 10
  Number of future calls: 0 out of 50
  Number of queueable jobs added to the queue: 0 out of 50
  Number of Mobile Apex push calls: 0 out of 10

11:42:03.83 (83325094)|CUMULATIVE_LIMIT_USAGE_END

11:42:03.3 (83844754)|CODE_UNIT_FINISHED|OppMasterTrigger on Opportunity trigger event BeforeInsert|__sfdc_trigger/OppMasterTrigger
11:42:03.3 (115597657)|CODE_UNIT_STARTED|[EXTERNAL]|01qao00000061vt|OppMasterTrigger on Opportunity trigger event AfterInsert|__sfdc_trigger/OppMasterTrigger
11:42:03.3 (115665638)|HEAP_ALLOCATE|[EXTERNAL]|Bytes:8
11:42:03.3 (115811921)|HEAP_ALLOCATE|[EXTERNAL]|Bytes:4
11:42:03.3 (115857381)|VARIABLE_SCOPE_BEGIN|[1]|this|OppMasterTrigger|true|false
11:42:03.3 (115924793)|VARIABLE_ASSIGNMENT|[1]|this|{}|0x984105a
11:42:03.3 (115964983)|HEAP_ALLOCATE|[EXTERNAL]|Bytes:4
11:42:03.3 (115973173)|VARIABLE_SCOPE_BEGIN|[1]|this|OppMasterTrigger|true|false
11:42:03.3 (115986364)|VARIABLE_ASSIGNMENT|[1]|this|{}|0x984105a
11:42:03.3 (115993764)|STATEMENT_EXECUTE|[1]
11:42:03.3 (116012794)|STATEMENT_EXECUTE|[6]
11:42:03.3 (116022884)|STATEMENT_EXECUTE|[22]
11:42:03.3 (116031494)|STATEMENT_EXECUTE|[23]
11:42:03.3 (116033824)|STATEMENT_EXECUTE|[24]
11:42:03.3 (116088065)|METHOD_ENTRY|[24]|01pao0000015Cj7|OppHandler.CreateInvoiceFromOpportunity(List<Opportunity>)
11:42:03.3 (116127776)|VARIABLE_SCOPE_BEGIN|[54]|triggerNew|List<Opportunity>|true|false
11:42:03.3 (116614715)|VARIABLE_ASSIGNMENT|[54]|triggerNew|[{"LastModifiedDate":"2024-02-20T19:42:03.000Z","IsDeleted":false,"AccountId":"001ao000006hlXoAAI","HasOpportunityLineItem":false,"StageName":"Closed Won","Amount":40.00,"Probability":100,"ForecastCategory":"Closed","IsClosed":true,"CloseDate":"2024-02-20T00:00:00.000Z","Name":"Test Account - Exist (31 more) ...","SystemModstamp":"2024-02-20T19:42:03.000Z","HasOpenActivity":false,"Type":"Existing Customer -  (7 more) ...","ExpectedRevenue":40.00,"CreatedById":"005ao0000003lheAAA","OwnerId":"005ao0000003lheAAA","IsWon":true,"CreatedDate":"2024-02-20T19:42:03.000Z","HasOverdueTask":false,"Id":"006ao000000rhVmAAI","ForecastCategoryName":"Closed","IsPrivate":false,"LastModifiedById":"005ao0000003lheAAA"}]|0x489d8fb8
11:42:03.3 (117330808)|SYSTEM_MODE_ENTER|false
11:42:03.3 (117355828)|HEAP_ALLOCATE|[55]|Bytes:5
11:42:03.3 (117364238)|STATEMENT_EXECUTE|[54]
11:42:03.3 (117367228)|STATEMENT_EXECUTE|[55]
11:42:03.3 (117381958)|HEAP_ALLOCATE|[55]|Bytes:4
11:42:03.3 (117427260)|VARIABLE_SCOPE_BEGIN|[55]|invoiceRecords|List<Invoice__c>|true|false
11:42:03.3 (117437620)|HEAP_ALLOCATE|[EXTERNAL]|Bytes:4
11:42:03.3 (117450309)|VARIABLE_ASSIGNMENT|[55]|invoiceRecords|[]|0x1c45a0b0
11:42:03.3 (117545132)|HEAP_ALLOCATE|[58]|Bytes:5
11:42:03.3 (117576232)|VARIABLE_SCOPE_BEGIN|[58]|o|Opportunity|true|false
11:42:03.3 (117897258)|VARIABLE_ASSIGNMENT|[58]|o|{"LastModifiedDate":"2024-02-20T19:42:03.000Z","IsDeleted":false,"AccountId":"001ao000006hlXoAAI","HasOpportunityLineItem":false,"StageName":"Closed Won","Amount":40.00,"Probability":100,"ForecastCategory":"Closed","IsClosed":true,"CloseDate":"2024-02-20T00:00:00.000Z","Name":"Test Account - Exist (31 more) ...","SystemModstamp":"2024-02-20T19:42:03.000Z","HasOpenActivity":false,"Type":"Existing Customer -  (7 more) ...","ExpectedRevenue":40.00,"CreatedById":"005ao0000003lheAAA","OwnerId":"005ao0000003lheAAA","IsWon":true,"CreatedDate":"2024-02-20T19:42:03.000Z","HasOverdueTask":false,"Id":"006ao000000rhVmAAI","ForecastCategoryName":"Closed","IsPrivate":false,"LastModifiedById":"005ao0000003lheAAA"}|0x356a75a2
11:42:03.3 (117913248)|STATEMENT_EXECUTE|[58]
11:42:03.3 (117946539)|STATEMENT_EXECUTE|[60]
11:42:03.3 (117949679)|STATEMENT_EXECUTE|[61]
11:42:03.3 (117969289)|METHOD_ENTRY|[61]|01pao0000015Cj7|OppHandler.CreateInvoice(Opportunity)
11:42:03.3 (117998169)|VARIABLE_SCOPE_BEGIN|[27]|o|Opportunity|true|false
11:42:03.3 (118287645)|VARIABLE_ASSIGNMENT|[27]|o|{"LastModifiedDate":"2024-02-20T19:42:03.000Z","IsDeleted":false,"AccountId":"001ao000006hlXoAAI","HasOpportunityLineItem":false,"StageName":"Closed Won","Amount":40.00,"Probability":100,"ForecastCategory":"Closed","IsClosed":true,"CloseDate":"2024-02-20T00:00:00.000Z","Name":"Test Account - Exist (31 more) ...","SystemModstamp":"2024-02-20T19:42:03.000Z","HasOpenActivity":false,"Type":"Existing Customer -  (7 more) ...","ExpectedRevenue":40.00,"CreatedById":"005ao0000003lheAAA","OwnerId":"005ao0000003lheAAA","IsWon":true,"CreatedDate":"2024-02-20T19:42:03.000Z","HasOverdueTask":false,"Id":"006ao000000rhVmAAI","ForecastCategoryName":"Closed","IsPrivate":false,"LastModifiedById":"005ao0000003lheAAA"}|0x356a75a2
11:42:03.3 (118319246)|HEAP_ALLOCATE|[28]|Bytes:5
11:42:03.3 (118326006)|STATEMENT_EXECUTE|[27]
11:42:03.3 (118328296)|STATEMENT_EXECUTE|[28]
11:42:03.3 (118358036)|HEAP_ALLOCATE|[28]|Bytes:4
11:42:03.3 (118501879)|VARIABLE_SCOPE_BEGIN|[28]|newInvoice|Invoice__c|true|false
11:42:03.3 (118520649)|VARIABLE_ASSIGNMENT|[28]|newInvoice|{}|0x51980119
11:42:03.3 (118526499)|STATEMENT_EXECUTE|[29]
11:42:03.3 (118693742)|VARIABLE_ASSIGNMENT|[29]|this.Opportunity__c|"006ao000000rhVmAAI"|0x51980119
11:42:03.3 (118706033)|STATEMENT_EXECUTE|[30]
11:42:03.3 (118763344)|VARIABLE_ASSIGNMENT|[30]|this.Amount__c|40.00|0x51980119
11:42:03.3 (118770634)|STATEMENT_EXECUTE|[31]
11:42:03.3 (118861565)|VARIABLE_ASSIGNMENT|[31]|this.Account__c|"001ao000006hlXoAAI"|0x51980119
11:42:03.3 (118871856)|STATEMENT_EXECUTE|[32]
11:42:03.3 (118984607)|HEAP_ALLOCATE|[32]|Bytes:4
11:42:03.3 (119055699)|VARIABLE_ASSIGNMENT|[32]|this.Due_Date__c|"2024-03-21T00:00:00.000Z"|0x51980119
11:42:03.3 (119065569)|STATEMENT_EXECUTE|[33]
11:42:03.3 (119078989)|METHOD_EXIT|[61]|01pao0000015Cj7|OppHandler.CreateInvoice(Opportunity)
11:42:03.3 (119105920)|HEAP_ALLOCATE|[EXTERNAL]|Bytes:4
11:42:03.3 (119123840)|HEAP_ALLOCATE|[58]|Bytes:5
11:42:03.3 (119138210)|VARIABLE_ASSIGNMENT|[58]|o|null|
11:42:03.3 (119167931)|STATEMENT_EXECUTE|[66]
11:42:03.3 (119171151)|STATEMENT_EXECUTE|[67]
11:42:03.3 (119240382)|DML_BEGIN|[67]|Op:Insert|Type:Invoice__c|Rows:1
11:42:03.3 (119371914)|HEAP_ALLOCATE|[EXTERNAL]|Bytes:8
11:42:03.3 (123034450)|CODE_UNIT_STARTED|[EXTERNAL]|01qao0000007bm1|masterInvoiceTrigger on Invoice trigger event BeforeInsert|__sfdc_trigger/masterInvoiceTrigger
11:42:03.3 (123075522)|HEAP_ALLOCATE|[EXTERNAL]|Bytes:8
11:42:03.3 (123191954)|HEAP_ALLOCATE|[EXTERNAL]|Bytes:4
11:42:03.3 (123207034)|VARIABLE_SCOPE_BEGIN|[1]|this|masterInvoiceTrigger|true|false
11:42:03.3 (123238845)|VARIABLE_ASSIGNMENT|[1]|this|{}|0x20702853
11:42:03.3 (123313556)|HEAP_ALLOCATE|[EXTERNAL]|Bytes:4
11:42:03.3 (123409218)|VARIABLE_SCOPE_BEGIN|[1]|this|masterInvoiceTrigger|true|false
11:42:03.3 (123432158)|VARIABLE_ASSIGNMENT|[1]|this|{}|0x20702853
11:42:03.3 (123440468)|STATEMENT_EXECUTE|[1]
11:42:03.3 (123453329)|STATEMENT_EXECUTE|[5]
11:42:03.3 (123467139)|STATEMENT_EXECUTE|[6]
11:42:03.3 (123472399)|STATEMENT_EXECUTE|[9]
11:42:03.3 (123477828)|STATEMENT_EXECUTE|[12]
11:42:03.3 (123483979)|STATEMENT_EXECUTE|[16]
11:42:03.123 (123495800)|CUMULATIVE_LIMIT_USAGE
11:42:03.123 (123495800)|LIMIT_USAGE_FOR_NS|(default)|
  Number of SOQL queries: 1 out of 100
  Number of query rows: 1 out of 50000
  Number of SOSL queries: 0 out of 20
  Number of DML statements: 3 out of 150
  Number of Publish Immediate DML: 0 out of 150
  Number of DML rows: 3 out of 10000
  Maximum CPU time: 0 out of 10000
  Maximum heap size: 0 out of 6000000
  Number of callouts: 0 out of 100
  Number of Email Invocations: 0 out of 10
  Number of future calls: 0 out of 50
  Number of queueable jobs added to the queue: 0 out of 50
  Number of Mobile Apex push calls: 0 out of 10

11:42:03.123 (123495800)|CUMULATIVE_LIMIT_USAGE_END

11:42:03.3 (123788345)|CODE_UNIT_FINISHED|masterInvoiceTrigger on Invoice trigger event BeforeInsert|__sfdc_trigger/masterInvoiceTrigger
11:42:03.3 (141502095)|CODE_UNIT_STARTED|[EXTERNAL]|01qao0000007bm1|masterInvoiceTrigger on Invoice trigger event AfterInsert|__sfdc_trigger/masterInvoiceTrigger
11:42:03.3 (141546575)|HEAP_ALLOCATE|[EXTERNAL]|Bytes:8
11:42:03.3 (141660368)|HEAP_ALLOCATE|[EXTERNAL]|Bytes:4
11:42:03.3 (141672228)|VARIABLE_SCOPE_BEGIN|[1]|this|masterInvoiceTrigger|true|false
11:42:03.3 (141699648)|VARIABLE_ASSIGNMENT|[1]|this|{}|0x16e06f84
11:42:03.3 (141728109)|HEAP_ALLOCATE|[EXTERNAL]|Bytes:4
11:42:03.3 (141734069)|VARIABLE_SCOPE_BEGIN|[1]|this|masterInvoiceTrigger|true|false
11:42:03.3 (141746758)|VARIABLE_ASSIGNMENT|[1]|this|{}|0x16e06f84
11:42:03.3 (141753219)|STATEMENT_EXECUTE|[1]
11:42:03.3 (141765869)|STATEMENT_EXECUTE|[5]
11:42:03.3 (141774210)|STATEMENT_EXECUTE|[16]
11:42:03.3 (141780870)|STATEMENT_EXECUTE|[17]
11:42:03.3 (141783390)|STATEMENT_EXECUTE|[18]
11:42:03.3 (144168303)|HEAP_ALLOCATE|[18]|Bytes:4
11:42:03.3 (144185272)|HEAP_ALLOCATE|[18]|Bytes:2
11:42:03.3 (144214894)|METHOD_ENTRY|[1]|01pao000001O23J|invoiceTriggerHandler.invoiceTriggerHandler()
11:42:03.3 (144225264)|STATEMENT_EXECUTE|[1]
11:42:03.3 (144231304)|STATEMENT_EXECUTE|[1]
11:42:03.3 (144244704)|HEAP_ALLOCATE|[18]|Bytes:5
11:42:03.3 (144259114)|METHOD_EXIT|[1]|invoiceTriggerHandler
11:42:03.3 (144288524)|METHOD_ENTRY|[18]|01pao000001O23J|invoiceTriggerHandler.applySharing(List<Invoice__c>)
11:42:03.3 (144322665)|VARIABLE_SCOPE_BEGIN|[3]|triggernew|List<Invoice__c>|true|false
11:42:03.3 (144656281)|VARIABLE_ASSIGNMENT|[3]|triggernew|[{"LastModifiedDate":"2024-02-20T19:42:03.000Z","IsDeleted":false,"Name__c":"INV-100020","Opportunity__c":"006ao000000rhVmAAI","Name":"a04ao000000Aq70","SystemModstamp":"2024-02-20T19:42:03.000Z","OwnerId":"005ao0000003lheAAA","CreatedById":"005ao0000003lheAAA","Amount__c":40.00,"Due_Date__c":"2024-03-21T00:00:00.000Z","CreatedDate":"2024-02-20T19:42:03.000Z","Paid__c":false,"Account__c":"001ao000006hlXoAAI","Id":"a04ao000000Aq70AAC","LastModifiedById":"005ao0000003lheAAA"}]|0x33419d11
11:42:03.3 (144690152)|HEAP_ALLOCATE|[6]|Bytes:5
11:42:03.3 (144697592)|STATEMENT_EXECUTE|[3]
11:42:03.3 (144700312)|STATEMENT_EXECUTE|[6]
11:42:03.3 (144713592)|HEAP_ALLOCATE|[6]|Bytes:4
11:42:03.3 (144789884)|VARIABLE_SCOPE_BEGIN|[6]|oppIds|Set<Id>|true|false
11:42:03.3 (144830784)|VARIABLE_ASSIGNMENT|[6]|oppIds|[]|0x1d11bf93
11:42:03.3 (144994787)|HEAP_ALLOCATE|[7]|Bytes:5
11:42:03.3 (145025788)|VARIABLE_SCOPE_BEGIN|[7]|inv|Invoice__c|true|false
11:42:03.3 (145171360)|VARIABLE_ASSIGNMENT|[7]|inv|{"LastModifiedDate":"2024-02-20T19:42:03.000Z","IsDeleted":false,"Name__c":"INV-100020","Opportunity__c":"006ao000000rhVmAAI","Name":"a04ao000000Aq70","SystemModstamp":"2024-02-20T19:42:03.000Z","OwnerId":"005ao0000003lheAAA","CreatedById":"005ao0000003lheAAA","Amount__c":40.00,"Due_Date__c":"2024-03-21T00:00:00.000Z","CreatedDate":"2024-02-20T19:42:03.000Z","Paid__c":false,"Account__c":"001ao000006hlXoAAI","Id":"a04ao000000Aq70AAC","LastModifiedById":"005ao0000003lheAAA"}|0x60f03370
11:42:03.3 (145185801)|STATEMENT_EXECUTE|[7]
11:42:03.3 (145188671)|STATEMENT_EXECUTE|[8]
11:42:03.3 (145244342)|HEAP_ALLOCATE|[EXTERNAL]|Bytes:4
11:42:03.3 (145304243)|HEAP_ALLOCATE|[7]|Bytes:5
11:42:03.3 (145321313)|VARIABLE_ASSIGNMENT|[7]|inv|null|
11:42:03.3 (145327293)|STATEMENT_EXECUTE|[11]
11:42:03.3 (145342373)|HEAP_ALLOCATE|[11]|Bytes:4
11:42:03.3 (145355214)|VARIABLE_SCOPE_BEGIN|[11]|ownerIds|Map<Id,Id>|true|false
11:42:03.3 (145372574)|VARIABLE_ASSIGNMENT|[11]|ownerIds|{}|0x700df5da
11:42:03.3 (145380364)|HEAP_ALLOCATE|[12]|Bytes:55
11:42:03.3 (145390424)|HEAP_ALLOCATE|[12]|Bytes:4
11:42:03.3 (145757571)|SOQL_EXECUTE_BEGIN|[12]|Aggregations:0|SELECT Id, OwnerId FROM Opportunity WHERE Id = :tmpVar1
11:42:03.3 (149454137)|SOQL_EXECUTE_END|[12]|Rows:1
11:42:03.3 (149487408)|HEAP_ALLOCATE|[EXTERNAL]|Bytes:8
11:42:03.3 (149597721)|HEAP_ALLOCATE|[12]|Bytes:28
11:42:03.3 (149625831)|HEAP_ALLOCATE|[12]|Bytes:8
11:42:03.3 (149638801)|HEAP_ALLOCATE|[12]|Bytes:8
11:42:03.3 (149642931)|HEAP_ALLOCATE|[12]|Bytes:8
11:42:03.3 (149648711)|VARIABLE_SCOPE_BEGIN|[15]|this|Database.QueryLocatorIterator|true|false
11:42:03.3 (149684221)|VARIABLE_ASSIGNMENT|[15]|this|{}|0x6f3dac7a
11:42:03.3 (149691221)|VARIABLE_SCOPE_BEGIN|[15]|values|List<SObject>|true|false
11:42:03.3 (149709542)|VARIABLE_ASSIGNMENT|[15]|values|[{"Id":"006ao000000rhVmAAI","OwnerId":"005ao0000003lheAAA"}]|0x3c0295fc
11:42:03.3 (149715393)|VARIABLE_SCOPE_BEGIN|[15]|ql|Database.QueryLocator|true|false
11:42:03.3 (149732523)|VARIABLE_ASSIGNMENT|[15]|ql|{"query":"SELECT Id, OwnerId F (35 more) ..."}|0x507b5f25
11:42:03.3 (149737323)|VARIABLE_SCOPE_BEGIN|[15]|totalNumRecords|Integer|false|false
11:42:03.3 (149744923)|VARIABLE_ASSIGNMENT|[15]|totalNumRecords|1
11:42:03.3 (149748653)|VARIABLE_SCOPE_BEGIN|[15]|queryMoreSize|Integer|false|false
11:42:03.3 (149754113)|VARIABLE_ASSIGNMENT|[15]|queryMoreSize|49998
11:42:03.3 (149805474)|HEAP_ALLOCATE|[12]|Bytes:28
11:42:03.3 (149823064)|METHOD_ENTRY|[12]||Database.QueryLocatorIterator.hasNext()
11:42:03.3 (149863975)|METHOD_EXIT|[12]||Database.QueryLocatorIterator.hasNext()
11:42:03.3 (149872704)|METHOD_ENTRY|[12]||Database.QueryLocatorIterator.next()
11:42:03.3 (149939957)|METHOD_EXIT|[12]||Database.QueryLocatorIterator.next()
11:42:03.3 (149951537)|VARIABLE_SCOPE_BEGIN|[12]|o|Opportunity|true|false
11:42:03.3 (149965997)|VARIABLE_ASSIGNMENT|[12]|o|{"Id":"006ao000000rhVmAAI","OwnerId":"005ao0000003lheAAA"}|0x40082e0
11:42:03.3 (149972077)|STATEMENT_EXECUTE|[12]
11:42:03.3 (149974457)|STATEMENT_EXECUTE|[13]
11:42:03.3 (150045187)|HEAP_ALLOCATE|[EXTERNAL]|Bytes:-4
11:42:03.3 (150060269)|METHOD_ENTRY|[12]||Database.QueryLocatorIterator.hasNext()
11:42:03.3 (150079209)|METHOD_EXIT|[12]||Database.QueryLocatorIterator.hasNext()
11:42:03.3 (150089729)|VARIABLE_ASSIGNMENT|[12]|o|null|
11:42:03.3 (150107120)|STATEMENT_EXECUTE|[17]
11:42:03.3 (150111700)|HEAP_ALLOCATE|[17]|Bytes:94
11:42:03.3 (150124330)|HEAP_ALLOCATE|[17]|Bytes:4
11:42:03.3 (150455506)|SOQL_EXECUTE_BEGIN|[17]|Aggregations:0|SELECT ID, DeveloperName FROM Group WHERE DeveloperName = 'SVPCustomerServiceSupportA' LIMIT 1
11:42:03.3 (157105035)|SOQL_EXECUTE_END|[17]|Rows:1
11:42:03.3 (157136436)|HEAP_ALLOCATE|[17]|Bytes:8
11:42:03.3 (157170177)|HEAP_ALLOCATE|[17]|Bytes:72
11:42:03.3 (157240089)|HEAP_ALLOCATE|[17]|Bytes:8
11:42:03.3 (157256619)|HEAP_ALLOCATE|[17]|Bytes:31
11:42:03.3 (157327829)|HEAP_ALLOCATE|[17]|Bytes:12
11:42:03.3 (157339919)|VARIABLE_SCOPE_BEGIN|[17]|SVPGroup|Group|true|false
11:42:03.3 (157365221)|VARIABLE_ASSIGNMENT|[17]|SVPGroup|{"Id":"00Gao0000002u6FEAQ","DeveloperName":"SVPCustomerServiceSu (6 more) ..."}|0x1ea31ea2
11:42:03.3 (157371621)|STATEMENT_EXECUTE|[19]
11:42:03.3 (157447222)|HEAP_ALLOCATE|[19]|Bytes:4
11:42:03.3 (157509872)|VARIABLE_SCOPE_BEGIN|[19]|newShares|List<Invoice__Share>|true|false
11:42:03.3 (157521443)|HEAP_ALLOCATE|[EXTERNAL]|Bytes:4
11:42:03.3 (157533363)|VARIABLE_ASSIGNMENT|[19]|newShares|[]|0x207e8a6
11:42:03.3 (157582705)|HEAP_ALLOCATE|[20]|Bytes:5
11:42:03.3 (157606195)|VARIABLE_SCOPE_BEGIN|[20]|inv|Invoice__c|true|false
11:42:03.3 (157757238)|VARIABLE_ASSIGNMENT|[20]|inv|{"LastModifiedDate":"2024-02-20T19:42:03.000Z","IsDeleted":false,"Name__c":"INV-100020","Opportunity__c":"006ao000000rhVmAAI","Name":"a04ao000000Aq70","SystemModstamp":"2024-02-20T19:42:03.000Z","OwnerId":"005ao0000003lheAAA","CreatedById":"005ao0000003lheAAA","Amount__c":40.00,"Due_Date__c":"2024-03-21T00:00:00.000Z","CreatedDate":"2024-02-20T19:42:03.000Z","Paid__c":false,"Account__c":"001ao000006hlXoAAI","Id":"a04ao000000Aq70AAC","LastModifiedById":"005ao0000003lheAAA"}|0x60f03370
11:42:03.3 (157769687)|STATEMENT_EXECUTE|[20]
11:42:03.3 (157773238)|STATEMENT_EXECUTE|[21]
11:42:03.3 (157812728)|HEAP_ALLOCATE|[21]|Bytes:4
11:42:03.3 (157915541)|VARIABLE_SCOPE_BEGIN|[21]|ownerShare|Invoice__Share|true|false
11:42:03.3 (157932281)|VARIABLE_ASSIGNMENT|[21]|ownerShare|{}|0x27a5905
11:42:03.3 (157938391)|STATEMENT_EXECUTE|[22]
11:42:03.3 (158076333)|VARIABLE_ASSIGNMENT|[22]|this.ParentId|"a04ao000000Aq70AAC"|0x27a5905
11:42:03.3 (158086844)|STATEMENT_EXECUTE|[23]
11:42:03.3 (158196886)|VARIABLE_ASSIGNMENT|[23]|this.UserOrGroupId|"005ao0000003lheAAA"|0x27a5905
11:42:03.3 (158207506)|STATEMENT_EXECUTE|[24]
11:42:03.3 (158211956)|HEAP_ALLOCATE|[24]|Bytes:4
11:42:03.3 (158247246)|VARIABLE_ASSIGNMENT|[24]|this.AccessLevel|"Read"|0x27a5905
11:42:03.3 (158254427)|STATEMENT_EXECUTE|[25]
11:42:03.3 (158257917)|HEAP_ALLOCATE|[25]|Bytes:20
11:42:03.3 (158298957)|VARIABLE_ASSIGNMENT|[25]|this.RowCause|"Opportunity_Owner__c"|0x27a5905
11:42:03.3 (158307048)|STATEMENT_EXECUTE|[26]
11:42:03.3 (158342188)|HEAP_ALLOCATE|[EXTERNAL]|Bytes:4
11:42:03.3 (158363289)|HEAP_ALLOCATE|[20]|Bytes:5
11:42:03.3 (158377829)|VARIABLE_ASSIGNMENT|[20]|inv|null|
11:42:03.3 (158383159)|STATEMENT_EXECUTE|[28]
11:42:03.3 (158489281)|USER_DEBUG|[28]|DEBUG|(Invoice__Share:{ParentId=a04ao000000Aq70AAC, UserOrGroupId=005ao0000003lheAAA, AccessLevel=Read, RowCause=Opportunity_Owner__c})
11:42:03.3 (158504051)|STATEMENT_EXECUTE|[29]
11:42:03.3 (158568362)|DML_BEGIN|[29]|Op:Insert|Type:Invoice__Share|Rows:1
11:42:03.3 (158632883)|HEAP_ALLOCATE|[EXTERNAL]|Bytes:8
11:42:03.3 (173718946)|DML_END|[29]
11:42:03.3 (174067452)|HEAP_ALLOCATE|[EXTERNAL]|Bytes:8
11:42:03.3 (174103283)|METHOD_EXIT|[18]|01pao000001O23J|invoiceTriggerHandler.applySharing(List<Invoice__c>)
11:42:03.3 (174123343)|STATEMENT_EXECUTE|[20]
11:42:03.3 (174132683)|STATEMENT_EXECUTE|[23]
11:42:03.3 (174143173)|STATEMENT_EXECUTE|[25]
11:42:03.174 (174161074)|CUMULATIVE_LIMIT_USAGE
11:42:03.174 (174161074)|LIMIT_USAGE_FOR_NS|(default)|
  Number of SOQL queries: 3 out of 100
  Number of query rows: 3 out of 50000
  Number of SOSL queries: 0 out of 20
  Number of DML statements: 4 out of 150
  Number of Publish Immediate DML: 0 out of 150
  Number of DML rows: 4 out of 10000
  Maximum CPU time: 0 out of 10000
  Maximum heap size: 0 out of 6000000
  Number of callouts: 0 out of 100
  Number of Email Invocations: 0 out of 10
  Number of future calls: 0 out of 50
  Number of queueable jobs added to the queue: 0 out of 50
  Number of Mobile Apex push calls: 0 out of 10

11:42:03.174 (174161074)|CUMULATIVE_LIMIT_USAGE_END

11:42:03.3 (174393088)|CODE_UNIT_FINISHED|masterInvoiceTrigger on Invoice trigger event AfterInsert|__sfdc_trigger/masterInvoiceTrigger
11:42:03.3 (176578147)|DML_END|[67]
11:42:03.3 (176618348)|HEAP_ALLOCATE|[EXTERNAL]|Bytes:8
11:42:03.3 (176647599)|SYSTEM_MODE_EXIT|false
11:42:03.3 (176665169)|METHOD_EXIT|[24]|01pao0000015Cj7|OppHandler.CreateInvoiceFromOpportunity(List<Opportunity>)
11:42:03.3 (176685289)|STATEMENT_EXECUTE|[27]
11:42:03.3 (176695970)|STATEMENT_EXECUTE|[31]
11:42:03.3 (176704530)|STATEMENT_EXECUTE|[35]
11:42:03.176 (176719900)|CUMULATIVE_LIMIT_USAGE
11:42:03.176 (176719900)|LIMIT_USAGE_FOR_NS|(default)|
  Number of SOQL queries: 3 out of 100
  Number of query rows: 3 out of 50000
  Number of SOSL queries: 0 out of 20
  Number of DML statements: 4 out of 150
  Number of Publish Immediate DML: 0 out of 150
  Number of DML rows: 4 out of 10000
  Maximum CPU time: 0 out of 10000
  Maximum heap size: 0 out of 6000000
  Number of callouts: 0 out of 100
  Number of Email Invocations: 0 out of 10
  Number of future calls: 0 out of 50
  Number of queueable jobs added to the queue: 0 out of 50
  Number of Mobile Apex push calls: 0 out of 10

11:42:03.176 (176719900)|CUMULATIVE_LIMIT_USAGE_END

11:42:03.3 (176952974)|CODE_UNIT_FINISHED|OppMasterTrigger on Opportunity trigger event AfterInsert|__sfdc_trigger/OppMasterTrigger
11:42:03.3 (178934800)|DML_END|[108]
11:42:03.3 (179293636)|STATEMENT_EXECUTE|[111]
11:42:03.3 (179323677)|HEAP_ALLOCATE|[111]|Bytes:4
11:42:03.3 (179396658)|VARIABLE_SCOPE_BEGIN|[111]|newInv|Invoice__c|true|false
11:42:03.3 (179425609)|VARIABLE_ASSIGNMENT|[111]|newInv|{}|0x1c470abc
11:42:03.3 (179431969)|STATEMENT_EXECUTE|[112]
11:42:03.3 (179438749)|HEAP_ALLOCATE|[112]|Bytes:26
11:42:03.3 (179530751)|VARIABLE_ASSIGNMENT|[112]|this.Name|"Test Invoice #Positi (6 more) ..."|0x1c470abc
11:42:03.3 (179542941)|STATEMENT_EXECUTE|[113]
11:42:03.3 (179588442)|HEAP_ALLOCATE|[113]|Bytes:28
11:42:03.3 (179598492)|HEAP_ALLOCATE|[113]|Bytes:28
11:42:03.3 (179668383)|VARIABLE_ASSIGNMENT|[113]|this.Amount__c|10|0x1c470abc
11:42:03.3 (179680653)|STATEMENT_EXECUTE|[114]
11:42:03.3 (179786085)|HEAP_ALLOCATE|[114]|Bytes:4
11:42:03.3 (179829016)|HEAP_ALLOCATE|[114]|Bytes:4
11:42:03.3 (179914337)|VARIABLE_ASSIGNMENT|[114]|this.Due_Date__c|"2024-02-15T00:00:00.000Z"|0x1c470abc
11:42:03.3 (179928908)|STATEMENT_EXECUTE|[115]
11:42:03.3 (179976358)|VARIABLE_ASSIGNMENT|[115]|this.Paid__c|false|0x1c470abc
11:42:03.3 (179984759)|STATEMENT_EXECUTE|[116]
11:42:03.3 (180038060)|VARIABLE_ASSIGNMENT|[116]|this.Opportunity__c|"006ao000000rhVmAAI"|0x1c470abc
11:42:03.3 (180046480)|STATEMENT_EXECUTE|[118]
11:42:03.3 (180089940)|HEAP_ALLOCATE|[EXTERNAL]|Bytes:4
11:42:03.3 (180100081)|STATEMENT_EXECUTE|[121]
11:42:03.3 (180158642)|HEAP_ALLOCATE|[121]|Bytes:98
11:42:03.3 (180177032)|SYSTEM_METHOD_ENTRY|[1]|Test.Test()
11:42:03.3 (180184132)|STATEMENT_EXECUTE|[1]
11:42:03.3 (180195772)|SYSTEM_METHOD_EXIT|[1]|Test
11:42:03.3 (180209683)|METHOD_ENTRY|[121]||System.Test.startTest()
11:42:03.3 (181957954)|METHOD_EXIT|[121]||System.Test.startTest()
11:42:03.3 (181974435)|STATEMENT_EXECUTE|[122]
11:42:03.3 (182002045)|METHOD_ENTRY|[122]|01pao000001O23J|invoiceTriggerHandler.applyLateFeeOnUnpaidInvoice(List<Invoice__c>)
11:42:03.3 (182045116)|VARIABLE_SCOPE_BEGIN|[38]|triggernew|List<Invoice__c>|true|false
11:42:03.3 (182107517)|VARIABLE_ASSIGNMENT|[38]|triggernew|[{"Name":"Test Invoice #Positi (6 more) ...","Amount__c":10,"Due_Date__c":"2024-02-15T00:00:00.000Z","Paid__c":false,"Opportunity__c":"006ao000000rhVmAAI"}]|0x6a4534ba
11:42:03.3 (182136338)|SYSTEM_MODE_ENTER|false
11:42:03.3 (182149598)|HEAP_ALLOCATE|[39]|Bytes:5
11:42:03.3 (182155978)|STATEMENT_EXECUTE|[38]
11:42:03.3 (182158398)|STATEMENT_EXECUTE|[39]
11:42:03.3 (182162528)|HEAP_ALLOCATE|[39]|Bytes:85
11:42:03.3 (182179968)|HEAP_ALLOCATE|[39]|Bytes:4
11:42:03.3 (182693037)|SOQL_EXECUTE_BEGIN|[39]|Aggregations:0|SELECT Id, Name, Due_Date__c, Paid__c, Amount__c FROM Invoice__c WHERE Id IN :tmpVar1
11:42:03.3 (187574346)|SOQL_EXECUTE_END|[39]|Rows:0
11:42:03.3 (187608796)|HEAP_ALLOCATE|[39]|Bytes:4
11:42:03.3 (187641097)|HEAP_ALLOCATE|[39]|Bytes:0
11:42:03.3 (187671607)|HEAP_ALLOCATE|[39]|Bytes:4
11:42:03.3 (187685868)|VARIABLE_SCOPE_BEGIN|[39]|fullInvList|List<Invoice__c>|true|false
11:42:03.3 (187707958)|VARIABLE_ASSIGNMENT|[39]|fullInvList|[]|0xb390b0c
11:42:03.3 (187715518)|STATEMENT_EXECUTE|[41]
11:42:03.3 (187726038)|HEAP_ALLOCATE|[41]|Bytes:4
11:42:03.3 (187768089)|VARIABLE_SCOPE_BEGIN|[41]|invToUpdate|List<Invoice__c>|true|false
11:42:03.3 (187779539)|HEAP_ALLOCATE|[EXTERNAL]|Bytes:4
11:42:03.3 (187788309)|VARIABLE_ASSIGNMENT|[41]|invToUpdate|[]|0xea100f1
11:42:03.3 (187847630)|HEAP_ALLOCATE|[42]|Bytes:5
11:42:03.3 (187869501)|VARIABLE_ASSIGNMENT|[42]|i|null|
11:42:03.3 (187878921)|STATEMENT_EXECUTE|[42]
11:42:03.3 (187887421)|SYSTEM_MODE_EXIT|false
11:42:03.3 (187902121)|METHOD_EXIT|[122]|01pao000001O23J|invoiceTriggerHandler.applyLateFeeOnUnpaidInvoice(List<Invoice__c>)
11:42:03.3 (187910161)|STATEMENT_EXECUTE|[123]
11:42:03.3 (187925732)|METHOD_ENTRY|[123]||System.Test.stopTest()
11:42:03.3 (188077784)|METHOD_EXIT|[123]||System.Test.stopTest()
11:42:03.3 (188090105)|STATEMENT_EXECUTE|[124]
11:42:03.3 (188108485)|HEAP_ALLOCATE|[124]|Bytes:24
11:42:03.3 (188198627)|USER_DEBUG|[124]|DEBUG|2024-02-15 00:00:00
11:42:03.3 (188216307)|STATEMENT_EXECUTE|[125]
11:42:03.3 (188227967)|HEAP_ALLOCATE|[125]|Bytes:24
11:42:03.3 (188265978)|HEAP_ALLOCATE|[125]|Bytes:28
11:42:03.3 (188277308)|HEAP_ALLOCATE|[125]|Bytes:16
11:42:03.3 (188359749)|EXCEPTION_THROWN|[125]|System.AssertException: Assertion Failed: Incorrect Amount: Expected: 10, Actual: 11
11:42:03.3 (188591764)|HEAP_ALLOCATE|[125]|Bytes:64
11:42:03.3 (188740206)|FATAL_ERROR|System.AssertException: Assertion Failed: Incorrect Amount: Expected: 10, Actual: 11

Class.invoicescontrollertest.posInvoiceTestCase: line 125, column 1
11:42:03.3 (188757197)|FATAL_ERROR|System.AssertException: Assertion Failed: Incorrect Amount: Expected: 10, Actual: 11

Class.invoicescontrollertest.posInvoiceTestCase: line 125, column 1
11:42:03.188 (188773267)|CUMULATIVE_LIMIT_USAGE
11:42:03.188 (188773267)|LIMIT_USAGE_FOR_NS|(default)|
  Number of SOQL queries: 3 out of 100
  Number of query rows: 3 out of 50000
  Number of SOSL queries: 0 out of 20
  Number of DML statements: 4 out of 150
  Number of Publish Immediate DML: 0 out of 150
  Number of DML rows: 4 out of 10000
  Maximum CPU time: 0 out of 10000
  Maximum heap size: 0 out of 6000000
  Number of callouts: 0 out of 100
  Number of Email Invocations: 0 out of 10
  Number of future calls: 0 out of 50
  Number of queueable jobs added to the queue: 0 out of 50
  Number of Mobile Apex push calls: 0 out of 10

11:42:03.188 (188773267)|TESTING_LIMITS
11:42:03.188 (188773267)|LIMIT_USAGE_FOR_NS|(default)|
  Number of SOQL queries: 1 out of 100
  Number of query rows: 0 out of 50000
  Number of SOSL queries: 0 out of 20
  Number of DML statements: 0 out of 150
  Number of Publish Immediate DML: 0 out of 150
  Number of DML rows: 0 out of 10000
  Maximum CPU time: 0 out of 10000
  Maximum heap size: 0 out of 6000000
  Number of callouts: 0 out of 100
  Number of Email Invocations: 0 out of 10
  Number of future calls: 0 out of 50
  Number of queueable jobs added to the queue: 0 out of 50
  Number of Mobile Apex push calls: 0 out of 10

11:42:03.188 (188773267)|CUMULATIVE_LIMIT_USAGE_END

11:42:03.3 (188841299)|CODE_UNIT_FINISHED|invoicescontrollertest.posInvoiceTestCase()
11:42:03.3 (188854448)|EXECUTION_FINISHED
