59.0 APEX_CODE,FINEST;APEX_PROFILING,INFO;CALLOUT,INFO;DB,INFO;NBA,INFO;SYSTEM,DEBUG;VALIDATION,INFO;VISUALFORCE,FINER;WAVE,INFO;WORKFLOW,INFO
11:32:00.3 (3670516)|USER_INFO|[EXTERNAL]|005ao0000003lhe|alex.downs@spdex450.edu|(GMT-08:00) Pacific Standard Time (America/Los_Angeles)|GMT-08:00
11:32:00.3 (3713857)|EXECUTION_STARTED
11:32:00.3 (3739068)|CODE_UNIT_STARTED|[EXTERNAL]|01pao000001Zu6n|invoicescontrollertest.posInvoiceTestCase()
11:32:00.3 (3969032)|HEAP_ALLOCATE|[79]|Bytes:3
11:32:00.3 (4071023)|HEAP_ALLOCATE|[84]|Bytes:152
11:32:00.3 (4087744)|HEAP_ALLOCATE|[399]|Bytes:408
11:32:00.3 (4099965)|HEAP_ALLOCATE|[412]|Bytes:408
11:32:00.3 (4111014)|HEAP_ALLOCATE|[520]|Bytes:48
11:32:00.3 (4136864)|HEAP_ALLOCATE|[139]|Bytes:6
11:32:00.3 (4151735)|HEAP_ALLOCATE|[EXTERNAL]|Bytes:347
11:32:00.3 (4181945)|METHOD_ENTRY|[2]|01pao000001Zu6n|invoicescontrollertest.invoicescontrollertest()
11:32:00.3 (4189286)|STATEMENT_EXECUTE|[2]
11:32:00.3 (4195455)|STATEMENT_EXECUTE|[2]
11:32:00.3 (4201207)|METHOD_EXIT|[2]|invoicescontrollertest
11:32:00.3 (4230487)|HEAP_ALLOCATE|[52]|Bytes:5
11:32:00.3 (4274678)|HEAP_ALLOCATE|[58]|Bytes:5
11:32:00.3 (4283118)|HEAP_ALLOCATE|[66]|Bytes:7
11:32:00.3 (4332129)|STATEMENT_EXECUTE|[95]
11:32:00.3 (4335468)|STATEMENT_EXECUTE|[98]
11:32:00.3 (4428740)|HEAP_ALLOCATE|[98]|Bytes:4
11:32:00.3 (4518812)|VARIABLE_SCOPE_BEGIN|[98]|newInvoices|List<Invoice__c>|true|false
11:32:00.3 (4554263)|HEAP_ALLOCATE|[EXTERNAL]|Bytes:4
11:32:00.3 (4591523)|VARIABLE_ASSIGNMENT|[98]|newInvoices|[]|0x424e3980
11:32:00.3 (4596704)|STATEMENT_EXECUTE|[99]
11:32:00.3 (4599854)|HEAP_ALLOCATE|[99]|Bytes:12
11:32:00.3 (6592289)|HEAP_ALLOCATE|[99]|Bytes:10
11:32:00.3 (6621820)|METHOD_ENTRY|[2]|01pao0000018irJ|testDataFactory.testDataFactory()
11:32:00.3 (6629070)|STATEMENT_EXECUTE|[2]
11:32:00.3 (6632980)|STATEMENT_EXECUTE|[2]
11:32:00.3 (6638410)|METHOD_EXIT|[2]|testDataFactory
11:32:00.3 (6664611)|METHOD_ENTRY|[99]|01pao0000018irJ|testDataFactory.createValidAccount(String)
11:32:00.3 (6721071)|VARIABLE_SCOPE_BEGIN|[4]|aName|String|false|false
11:32:00.3 (6737813)|VARIABLE_ASSIGNMENT|[4]|aName|"Test Account"
11:32:00.3 (6761773)|STATEMENT_EXECUTE|[4]
11:32:00.3 (6762952)|STATEMENT_EXECUTE|[5]
11:32:00.3 (6786603)|HEAP_ALLOCATE|[5]|Bytes:4
11:32:00.3 (6877485)|VARIABLE_SCOPE_BEGIN|[5]|a|Account|true|false
11:32:00.3 (6901024)|VARIABLE_ASSIGNMENT|[5]|a|{}|0x2ff6ebce
11:32:00.3 (6905075)|STATEMENT_EXECUTE|[6]
11:32:00.3 (6998337)|VARIABLE_ASSIGNMENT|[6]|this.Name|"Test Account"|0x2ff6ebce
11:32:00.3 (7003767)|STATEMENT_EXECUTE|[7]
11:32:00.3 (7011476)|METHOD_EXIT|[99]|01pao0000018irJ|testDataFactory.createValidAccount(String)
11:32:00.3 (7018117)|VARIABLE_SCOPE_BEGIN|[99]|a|Account|true|false
11:32:00.3 (7035107)|VARIABLE_ASSIGNMENT|[99]|a|{"Name":"Test Account"}|0x2ff6ebce
11:32:00.3 (7039258)|STATEMENT_EXECUTE|[100]
11:32:00.3 (7071368)|HEAP_ALLOCATE|[100]|Bytes:8
11:32:00.3 (7091939)|DML_BEGIN|[100]|Op:Insert|Type:Account|Rows:1
11:32:00.3 (7148930)|HEAP_ALLOCATE|[EXTERNAL]|Bytes:8
11:32:00.3 (62396519)|DML_END|[100]
11:32:00.3 (62720656)|STATEMENT_EXECUTE|[101]
11:32:00.3 (62790987)|HEAP_ALLOCATE|[101]|Bytes:4
11:32:00.3 (62930560)|VARIABLE_SCOPE_BEGIN|[101]|o|Opportunity|true|false
11:32:00.3 (62965520)|VARIABLE_ASSIGNMENT|[101]|o|{}|0x7304d491
11:32:00.3 (62970590)|STATEMENT_EXECUTE|[102]
11:32:00.3 (62977911)|HEAP_ALLOCATE|[102]|Bytes:8
11:32:00.3 (63076072)|VARIABLE_ASSIGNMENT|[102]|this.Name|"test Opp"|0x7304d491
11:32:00.3 (63083202)|STATEMENT_EXECUTE|[103]
11:32:00.3 (63128673)|HEAP_ALLOCATE|[103]|Bytes:28
11:32:00.3 (63167874)|VARIABLE_ASSIGNMENT|[103]|this.Amount|40|0x7304d491
11:32:00.3 (63173544)|STATEMENT_EXECUTE|[104]
11:32:00.3 (63177004)|HEAP_ALLOCATE|[104]|Bytes:27
11:32:00.3 (63205865)|VARIABLE_ASSIGNMENT|[104]|this.Type|"Existing Customer -  (7 more) ..."|0x7304d491
11:32:00.3 (63211155)|STATEMENT_EXECUTE|[105]
11:32:00.3 (63213475)|HEAP_ALLOCATE|[105]|Bytes:10
11:32:00.3 (63235355)|VARIABLE_ASSIGNMENT|[105]|this.StageName|"Closed Won"|0x7304d491
11:32:00.3 (63239694)|STATEMENT_EXECUTE|[106]
11:32:00.3 (63356657)|HEAP_ALLOCATE|[106]|Bytes:4
11:32:00.3 (63422628)|VARIABLE_ASSIGNMENT|[106]|this.CloseDate|"2024-02-20T00:00:00.000Z"|0x7304d491
11:32:00.3 (63429739)|STATEMENT_EXECUTE|[107]
11:32:00.3 (63493590)|VARIABLE_ASSIGNMENT|[107]|this.AccountId|"001ao000006gMMzAAM"|0x7304d491
11:32:00.3 (63499450)|STATEMENT_EXECUTE|[108]
11:32:00.3 (63532650)|HEAP_ALLOCATE|[108]|Bytes:8
11:32:00.3 (63556471)|DML_BEGIN|[108]|Op:Insert|Type:Opportunity|Rows:1
11:32:00.3 (63625852)|HEAP_ALLOCATE|[EXTERNAL]|Bytes:8
11:32:00.3 (74090632)|CODE_UNIT_STARTED|[EXTERNAL]|01qao00000061vt|OppMasterTrigger on Opportunity trigger event BeforeInsert|__sfdc_trigger/OppMasterTrigger
11:32:00.3 (74133272)|HEAP_ALLOCATE|[EXTERNAL]|Bytes:8
11:32:00.3 (74253774)|HEAP_ALLOCATE|[EXTERNAL]|Bytes:4
11:32:00.3 (74269385)|VARIABLE_SCOPE_BEGIN|[1]|this|OppMasterTrigger|true|false
11:32:00.3 (74309655)|VARIABLE_ASSIGNMENT|[1]|this|{}|0xa190d8d
11:32:00.3 (74360466)|HEAP_ALLOCATE|[EXTERNAL]|Bytes:4
11:32:00.3 (74434708)|VARIABLE_SCOPE_BEGIN|[1]|this|OppMasterTrigger|true|false
11:32:00.3 (74450988)|VARIABLE_ASSIGNMENT|[1]|this|{}|0xa190d8d
11:32:00.3 (74457458)|STATEMENT_EXECUTE|[1]
11:32:00.3 (74481288)|STATEMENT_EXECUTE|[6]
11:32:00.3 (74487469)|STATEMENT_EXECUTE|[7]
11:32:00.3 (74488539)|STATEMENT_EXECUTE|[8]
11:32:00.3 (76746670)|HEAP_ALLOCATE|[8]|Bytes:10
11:32:00.3 (76789150)|METHOD_ENTRY|[1]|01pao0000015Cj7|OppHandler.OppHandler()
11:32:00.3 (76799111)|STATEMENT_EXECUTE|[1]
11:32:00.3 (76804281)|STATEMENT_EXECUTE|[1]
11:32:00.3 (77465302)|SYSTEM_MODE_ENTER|false
11:32:00.3 (77484003)|HEAP_ALLOCATE|[8]|Bytes:5
11:32:00.3 (77492823)|SYSTEM_MODE_EXIT|false
11:32:00.3 (77507553)|METHOD_EXIT|[1]|OppHandler
11:32:00.3 (77537304)|METHOD_ENTRY|[8]|01pao0000015Cj7|OppHandler.applyNamingConvention(List<Opportunity>)
11:32:00.3 (77569664)|VARIABLE_SCOPE_BEGIN|[3]|triggerNew|List<Opportunity>|true|false
11:32:00.3 (78200726)|VARIABLE_ASSIGNMENT|[3]|triggerNew|[{"IsDeleted":false,"AccountId":"001ao000006gMMzAAM","HasOpportunityLineItem":false,"StageName":"Closed Won","Amount":40.00,"Probability":100,"ForecastCategory":"Closed","IsClosed":true,"CloseDate":"2024-02-20T00:00:00.000Z","Name":"test Opp","HasOpenActivity":false,"Type":"Existing Customer -  (7 more) ...","OwnerId":"005ao0000003lheAAA","IsWon":true,"HasOverdueTask":false,"ForecastCategoryName":"Closed","IsPrivate":false}]|0x428c4c38
11:32:00.3 (78228636)|SYSTEM_MODE_ENTER|false
11:32:00.3 (78237177)|HEAP_ALLOCATE|[10]|Bytes:5
11:32:00.3 (78242116)|STATEMENT_EXECUTE|[3]
11:32:00.3 (78243286)|STATEMENT_EXECUTE|[10]
11:32:00.3 (78284418)|HEAP_ALLOCATE|[10]|Bytes:4
11:32:00.3 (78327278)|VARIABLE_SCOPE_BEGIN|[10]|parentAccounts|Map<Id,Account>|true|false
11:32:00.3 (78346238)|VARIABLE_ASSIGNMENT|[10]|parentAccounts|{}|0x2475ba0d
11:32:00.3 (78352059)|STATEMENT_EXECUTE|[11]
11:32:00.3 (78367318)|HEAP_ALLOCATE|[11]|Bytes:4
11:32:00.3 (78449360)|VARIABLE_SCOPE_BEGIN|[11]|parentIds|Set<Id>|true|false
11:32:00.3 (78486232)|VARIABLE_ASSIGNMENT|[11]|parentIds|[]|0x4868d85d
11:32:00.3 (78732765)|HEAP_ALLOCATE|[12]|Bytes:5
11:32:00.3 (78778997)|HEAP_ALLOCATE|[12]|Bytes:4
11:32:00.3 (78790867)|VARIABLE_SCOPE_BEGIN|[12]|o|Opportunity|true|false
11:32:00.3 (79345927)|VARIABLE_ASSIGNMENT|[12]|o|{"IsDeleted":false,"AccountId":"001ao000006gMMzAAM","HasOpportunityLineItem":false,"StageName":"Closed Won","Amount":40.00,"Probability":100,"ForecastCategory":"Closed","IsClosed":true,"CloseDate":"2024-02-20T00:00:00.000Z","Name":"test Opp","HasOpenActivity":false,"Type":"Existing Customer -  (7 more) ...","OwnerId":"005ao0000003lheAAA","IsWon":true,"HasOverdueTask":false,"ForecastCategoryName":"Closed","IsPrivate":false}|0x52a4afe7
11:32:00.3 (79357657)|STATEMENT_EXECUTE|[12]
11:32:00.3 (79359057)|STATEMENT_EXECUTE|[13]
11:32:00.3 (79429608)|HEAP_ALLOCATE|[EXTERNAL]|Bytes:4
11:32:00.3 (79450879)|HEAP_ALLOCATE|[12]|Bytes:5
11:32:00.3 (79465199)|VARIABLE_ASSIGNMENT|[12]|o|null|
11:32:00.3 (79471799)|HEAP_ALLOCATE|[15]|Bytes:48
11:32:00.3 (79485389)|HEAP_ALLOCATE|[15]|Bytes:4
11:32:00.3 (79494059)|HEAP_ALLOCATE|[15]|Bytes:7
11:32:00.3 (79853816)|SOQL_EXECUTE_BEGIN|[15]|Aggregations:0|SELECT Id, Name FROM Account WHERE Id = :tmpVar1
11:32:00.3 (85085780)|SOQL_EXECUTE_END|[15]|Rows:1
11:32:00.3 (85118551)|HEAP_ALLOCATE|[EXTERNAL]|Bytes:8
11:32:00.3 (85286414)|HEAP_ALLOCATE|[15]|Bytes:54
11:32:00.3 (85294654)|HEAP_ALLOCATE|[15]|Bytes:8
11:32:00.3 (85305314)|SYSTEM_METHOD_ENTRY|[7]|QueryLocatorIterator.QueryLocatorIterator()
11:32:00.3 (85311374)|STATEMENT_EXECUTE|[7]
11:32:00.3 (85322305)|SYSTEM_METHOD_EXIT|[7]|QueryLocatorIterator
11:32:00.3 (85329065)|HEAP_ALLOCATE|[15]|Bytes:28
11:32:00.3 (85364215)|HEAP_ALLOCATE|[15]|Bytes:8
11:32:00.3 (85379086)|HEAP_ALLOCATE|[15]|Bytes:8
11:32:00.3 (85382486)|HEAP_ALLOCATE|[15]|Bytes:8
11:32:00.3 (85386796)|VARIABLE_SCOPE_BEGIN|[15]|this|Database.QueryLocatorIterator|true|false
11:32:00.3 (85422956)|VARIABLE_ASSIGNMENT|[15]|this|{}|0x123f0397
11:32:00.3 (85428146)|VARIABLE_SCOPE_BEGIN|[15]|values|List<SObject>|true|false
11:32:00.3 (85448217)|VARIABLE_ASSIGNMENT|[15]|values|[{"Id":"001ao000006gMMzAAM","Name":"Test Account"}]|0x521bbb3b
11:32:00.3 (85451917)|VARIABLE_SCOPE_BEGIN|[15]|ql|Database.QueryLocator|true|false
11:32:00.3 (85469817)|VARIABLE_ASSIGNMENT|[15]|ql|{"query":"SELECT Id, Name FROM (28 more) ..."}|0x2a5dd139
11:32:00.3 (85474337)|VARIABLE_SCOPE_BEGIN|[15]|totalNumRecords|Integer|false|false
11:32:00.3 (85480407)|VARIABLE_ASSIGNMENT|[15]|totalNumRecords|1
11:32:00.3 (85483167)|VARIABLE_SCOPE_BEGIN|[15]|queryMoreSize|Integer|false|false
11:32:00.3 (85487767)|VARIABLE_ASSIGNMENT|[15]|queryMoreSize|49999
11:32:00.3 (86304733)|HEAP_ALLOCATE|[15]|Bytes:28
11:32:00.3 (86370703)|METHOD_ENTRY|[15]||Database.QueryLocatorIterator.hasNext()
11:32:00.3 (86465025)|METHOD_EXIT|[15]||Database.QueryLocatorIterator.hasNext()
11:32:00.3 (86474035)|METHOD_ENTRY|[15]||Database.QueryLocatorIterator.next()
11:32:00.3 (86550737)|METHOD_EXIT|[15]||Database.QueryLocatorIterator.next()
11:32:00.3 (86560427)|VARIABLE_SCOPE_BEGIN|[15]|a|Account|true|false
11:32:00.3 (86579298)|VARIABLE_ASSIGNMENT|[15]|a|{"Id":"001ao000006gMMzAAM","Name":"Test Account"}|0x24fea7dc
11:32:00.3 (86584827)|STATEMENT_EXECUTE|[15]
11:32:00.3 (86586077)|STATEMENT_EXECUTE|[16]
11:32:00.3 (86635598)|HEAP_ALLOCATE|[EXTERNAL]|Bytes:-4
11:32:00.3 (86645868)|METHOD_ENTRY|[15]||Database.QueryLocatorIterator.hasNext()
11:32:00.3 (86662379)|METHOD_EXIT|[15]||Database.QueryLocatorIterator.hasNext()
11:32:00.3 (86669518)|VARIABLE_ASSIGNMENT|[15]|a|null|
11:32:00.3 (86721869)|HEAP_ALLOCATE|[21]|Bytes:5
11:32:00.3 (86736821)|HEAP_ALLOCATE|[21]|Bytes:4
11:32:00.3 (86743581)|VARIABLE_SCOPE_BEGIN|[21]|o|Opportunity|true|false
11:32:00.3 (87072157)|VARIABLE_ASSIGNMENT|[21]|o|{"IsDeleted":false,"AccountId":"001ao000006gMMzAAM","HasOpportunityLineItem":false,"StageName":"Closed Won","Amount":40.00,"Probability":100,"ForecastCategory":"Closed","IsClosed":true,"CloseDate":"2024-02-20T00:00:00.000Z","Name":"test Opp","HasOpenActivity":false,"Type":"Existing Customer -  (7 more) ...","OwnerId":"005ao0000003lheAAA","IsWon":true,"HasOverdueTask":false,"ForecastCategoryName":"Closed","IsPrivate":false}|0x52a4afe7
11:32:00.3 (87083877)|STATEMENT_EXECUTE|[21]
11:32:00.3 (87085317)|STATEMENT_EXECUTE|[22]
11:32:00.3 (87165018)|HEAP_ALLOCATE|[22]|Bytes:3
11:32:00.3 (87269840)|HEAP_ALLOCATE|[23]|Bytes:1
11:32:00.3 (87280790)|HEAP_ALLOCATE|[23]|Bytes:1
11:32:00.3 (87292061)|HEAP_ALLOCATE|[22]|Bytes:47
11:32:00.3 (87339821)|HEAP_ALLOCATE|[23]|Bytes:4
11:32:00.3 (87351572)|HEAP_ALLOCATE|[22]|Bytes:51
11:32:00.3 (87654917)|VARIABLE_ASSIGNMENT|[22]|this.Name|"Test Account - Exist (31 more) ..."|0x52a4afe7
11:32:00.3 (87677417)|HEAP_ALLOCATE|[21]|Bytes:5
11:32:00.3 (87691458)|VARIABLE_ASSIGNMENT|[21]|o|null|
11:32:00.3 (87698848)|SYSTEM_MODE_EXIT|false
11:32:00.3 (87708708)|METHOD_EXIT|[8]|01pao0000015Cj7|OppHandler.applyNamingConvention(List<Opportunity>)
11:32:00.3 (87724898)|STATEMENT_EXECUTE|[12]
11:32:00.3 (87732768)|STATEMENT_EXECUTE|[16]
11:32:00.3 (87741118)|STATEMENT_EXECUTE|[22]
11:32:00.87 (87754369)|CUMULATIVE_LIMIT_USAGE
11:32:00.87 (87754369)|LIMIT_USAGE_FOR_NS|(default)|
  Number of SOQL queries: 1 out of 100
  Number of query rows: 1 out of 50000
  Number of SOSL queries: 0 out of 20
  Number of DML statements: 2 out of 150
  Number of Publish Immediate DML: 0 out of 150
  Number of DML rows: 2 out of 10000
  Maximum CPU time: 0 out of 10000
  Maximum heap size: 0 out of 6000000
  Number of callouts: 0 out of 100
  Number of Email Invocations: 0 out of 10
  Number of future calls: 0 out of 50
  Number of queueable jobs added to the queue: 0 out of 50
  Number of Mobile Apex push calls: 0 out of 10

11:32:00.87 (87754369)|CUMULATIVE_LIMIT_USAGE_END

11:32:00.3 (88237537)|CODE_UNIT_FINISHED|OppMasterTrigger on Opportunity trigger event BeforeInsert|__sfdc_trigger/OppMasterTrigger
11:32:00.3 (124265370)|CODE_UNIT_STARTED|[EXTERNAL]|01qao00000061vt|OppMasterTrigger on Opportunity trigger event AfterInsert|__sfdc_trigger/OppMasterTrigger
11:32:00.3 (124325040)|HEAP_ALLOCATE|[EXTERNAL]|Bytes:8
11:32:00.3 (124461544)|HEAP_ALLOCATE|[EXTERNAL]|Bytes:4
11:32:00.3 (124473684)|VARIABLE_SCOPE_BEGIN|[1]|this|OppMasterTrigger|true|false
11:32:00.3 (124508435)|VARIABLE_ASSIGNMENT|[1]|this|{}|0x718b7628
11:32:00.3 (124542445)|HEAP_ALLOCATE|[EXTERNAL]|Bytes:4
11:32:00.3 (124548525)|VARIABLE_SCOPE_BEGIN|[1]|this|OppMasterTrigger|true|false
11:32:00.3 (124558185)|VARIABLE_ASSIGNMENT|[1]|this|{}|0x718b7628
11:32:00.3 (124563966)|STATEMENT_EXECUTE|[1]
11:32:00.3 (124579136)|STATEMENT_EXECUTE|[6]
11:32:00.3 (124587096)|STATEMENT_EXECUTE|[22]
11:32:00.3 (124594036)|STATEMENT_EXECUTE|[23]
11:32:00.3 (124595546)|STATEMENT_EXECUTE|[24]
11:32:00.3 (124646637)|METHOD_ENTRY|[24]|01pao0000015Cj7|OppHandler.CreateInvoiceFromOpportunity(List<Opportunity>)
11:32:00.3 (124680128)|VARIABLE_SCOPE_BEGIN|[54]|triggerNew|List<Opportunity>|true|false
11:32:00.3 (125123726)|VARIABLE_ASSIGNMENT|[54]|triggerNew|[{"LastModifiedDate":"2024-02-20T19:32:00.000Z","IsDeleted":false,"AccountId":"001ao000006gMMzAAM","HasOpportunityLineItem":false,"StageName":"Closed Won","Amount":40.00,"Probability":100,"ForecastCategory":"Closed","IsClosed":true,"CloseDate":"2024-02-20T00:00:00.000Z","Name":"Test Account - Exist (31 more) ...","SystemModstamp":"2024-02-20T19:32:00.000Z","HasOpenActivity":false,"Type":"Existing Customer -  (7 more) ...","ExpectedRevenue":40.00,"CreatedById":"005ao0000003lheAAA","OwnerId":"005ao0000003lheAAA","IsWon":true,"CreatedDate":"2024-02-20T19:32:00.000Z","HasOverdueTask":false,"Id":"006ao000000rZLjAAM","ForecastCategoryName":"Closed","IsPrivate":false,"LastModifiedById":"005ao0000003lheAAA"}]|0x681bc579
11:32:00.3 (125739656)|SYSTEM_MODE_ENTER|false
11:32:00.3 (125757747)|HEAP_ALLOCATE|[55]|Bytes:5
11:32:00.3 (125764567)|STATEMENT_EXECUTE|[54]
11:32:00.3 (125766457)|STATEMENT_EXECUTE|[55]
11:32:00.3 (125779398)|HEAP_ALLOCATE|[55]|Bytes:4
11:32:00.3 (125823938)|VARIABLE_SCOPE_BEGIN|[55]|invoiceRecords|List<Invoice__c>|true|false
11:32:00.3 (125832448)|HEAP_ALLOCATE|[EXTERNAL]|Bytes:4
11:32:00.3 (125843068)|VARIABLE_ASSIGNMENT|[55]|invoiceRecords|[]|0x30b406df
11:32:00.3 (125891419)|HEAP_ALLOCATE|[58]|Bytes:5
11:32:00.3 (125916610)|VARIABLE_SCOPE_BEGIN|[58]|o|Opportunity|true|false
11:32:00.3 (126180464)|VARIABLE_ASSIGNMENT|[58]|o|{"LastModifiedDate":"2024-02-20T19:32:00.000Z","IsDeleted":false,"AccountId":"001ao000006gMMzAAM","HasOpportunityLineItem":false,"StageName":"Closed Won","Amount":40.00,"Probability":100,"ForecastCategory":"Closed","IsClosed":true,"CloseDate":"2024-02-20T00:00:00.000Z","Name":"Test Account - Exist (31 more) ...","SystemModstamp":"2024-02-20T19:32:00.000Z","HasOpenActivity":false,"Type":"Existing Customer -  (7 more) ...","ExpectedRevenue":40.00,"CreatedById":"005ao0000003lheAAA","OwnerId":"005ao0000003lheAAA","IsWon":true,"CreatedDate":"2024-02-20T19:32:00.000Z","HasOverdueTask":false,"Id":"006ao000000rZLjAAM","ForecastCategoryName":"Closed","IsPrivate":false,"LastModifiedById":"005ao0000003lheAAA"}|0x1a240cd7
11:32:00.3 (126193616)|STATEMENT_EXECUTE|[58]
11:32:00.3 (126220715)|STATEMENT_EXECUTE|[60]
11:32:00.3 (126221945)|STATEMENT_EXECUTE|[61]
11:32:00.3 (126238745)|METHOD_ENTRY|[61]|01pao0000015Cj7|OppHandler.CreateInvoice(Opportunity)
11:32:00.3 (126265386)|VARIABLE_SCOPE_BEGIN|[27]|o|Opportunity|true|false
11:32:00.3 (127956217)|VARIABLE_ASSIGNMENT|[27]|o|{"LastModifiedDate":"2024-02-20T19:32:00.000Z","IsDeleted":false,"AccountId":"001ao000006gMMzAAM","HasOpportunityLineItem":false,"StageName":"Closed Won","Amount":40.00,"Probability":100,"ForecastCategory":"Closed","IsClosed":true,"CloseDate":"2024-02-20T00:00:00.000Z","Name":"Test Account - Exist (31 more) ...","SystemModstamp":"2024-02-20T19:32:00.000Z","HasOpenActivity":false,"Type":"Existing Customer -  (7 more) ...","ExpectedRevenue":40.00,"CreatedById":"005ao0000003lheAAA","OwnerId":"005ao0000003lheAAA","IsWon":true,"CreatedDate":"2024-02-20T19:32:00.000Z","HasOverdueTask":false,"Id":"006ao000000rZLjAAM","ForecastCategoryName":"Closed","IsPrivate":false,"LastModifiedById":"005ao0000003lheAAA"}|0x1a240cd7
11:32:00.3 (127982317)|HEAP_ALLOCATE|[28]|Bytes:5
11:32:00.3 (127986907)|STATEMENT_EXECUTE|[27]
11:32:00.3 (127988057)|STATEMENT_EXECUTE|[28]
11:32:00.3 (128017948)|HEAP_ALLOCATE|[28]|Bytes:4
11:32:00.3 (128117550)|VARIABLE_SCOPE_BEGIN|[28]|newInvoice|Invoice__c|true|false
11:32:00.3 (128131450)|VARIABLE_ASSIGNMENT|[28]|newInvoice|{}|0x7f4f1b2a
11:32:00.3 (128136900)|STATEMENT_EXECUTE|[29]
11:32:00.3 (128279143)|VARIABLE_ASSIGNMENT|[29]|this.Opportunity__c|"006ao000000rZLjAAM"|0x7f4f1b2a
11:32:00.3 (128286964)|STATEMENT_EXECUTE|[30]
11:32:00.3 (128341054)|VARIABLE_ASSIGNMENT|[30]|this.Amount__c|40.00|0x7f4f1b2a
11:32:00.3 (128347494)|STATEMENT_EXECUTE|[31]
11:32:00.3 (128382845)|VARIABLE_ASSIGNMENT|[31]|this.Account__c|"001ao000006gMMzAAM"|0x7f4f1b2a
11:32:00.3 (128387674)|STATEMENT_EXECUTE|[32]
11:32:00.3 (128471127)|HEAP_ALLOCATE|[32]|Bytes:4
11:32:00.3 (128521947)|VARIABLE_ASSIGNMENT|[32]|this.Due_Date__c|"2024-03-21T00:00:00.000Z"|0x7f4f1b2a
11:32:00.3 (128527697)|STATEMENT_EXECUTE|[33]
11:32:00.3 (128538617)|METHOD_EXIT|[61]|01pao0000015Cj7|OppHandler.CreateInvoice(Opportunity)
11:32:00.3 (128554637)|HEAP_ALLOCATE|[EXTERNAL]|Bytes:4
11:32:00.3 (128570358)|HEAP_ALLOCATE|[58]|Bytes:5
11:32:00.3 (128582778)|VARIABLE_ASSIGNMENT|[58]|o|null|
11:32:00.3 (128609049)|STATEMENT_EXECUTE|[66]
11:32:00.3 (128610978)|STATEMENT_EXECUTE|[67]
11:32:00.3 (128674080)|DML_BEGIN|[67]|Op:Insert|Type:Invoice__c|Rows:1
11:32:00.3 (128741812)|HEAP_ALLOCATE|[EXTERNAL]|Bytes:8
11:32:00.3 (131562451)|CODE_UNIT_STARTED|[EXTERNAL]|01qao0000007bm1|masterInvoiceTrigger on Invoice trigger event BeforeInsert|__sfdc_trigger/masterInvoiceTrigger
11:32:00.3 (131597442)|HEAP_ALLOCATE|[EXTERNAL]|Bytes:8
11:32:00.3 (131690814)|HEAP_ALLOCATE|[EXTERNAL]|Bytes:4
11:32:00.3 (131702404)|VARIABLE_SCOPE_BEGIN|[1]|this|masterInvoiceTrigger|true|false
11:32:00.3 (131731934)|VARIABLE_ASSIGNMENT|[1]|this|{}|0x23fdea54
11:32:00.3 (131776066)|HEAP_ALLOCATE|[EXTERNAL]|Bytes:4
11:32:00.3 (131840767)|VARIABLE_SCOPE_BEGIN|[1]|this|masterInvoiceTrigger|true|false
11:32:00.3 (131854528)|VARIABLE_ASSIGNMENT|[1]|this|{}|0x23fdea54
11:32:00.3 (131861148)|STATEMENT_EXECUTE|[1]
11:32:00.3 (131870897)|STATEMENT_EXECUTE|[5]
11:32:00.3 (131874388)|STATEMENT_EXECUTE|[6]
11:32:00.3 (131878078)|STATEMENT_EXECUTE|[9]
11:32:00.3 (131882028)|STATEMENT_EXECUTE|[12]
11:32:00.3 (131887358)|STATEMENT_EXECUTE|[16]
11:32:00.131 (131897417)|CUMULATIVE_LIMIT_USAGE
11:32:00.131 (131897417)|LIMIT_USAGE_FOR_NS|(default)|
  Number of SOQL queries: 1 out of 100
  Number of query rows: 1 out of 50000
  Number of SOSL queries: 0 out of 20
  Number of DML statements: 3 out of 150
  Number of Publish Immediate DML: 0 out of 150
  Number of DML rows: 3 out of 10000
  Maximum CPU time: 0 out of 10000
  Maximum heap size: 0 out of 6000000
  Number of callouts: 0 out of 100
  Number of Email Invocations: 0 out of 10
  Number of future calls: 0 out of 50
  Number of queueable jobs added to the queue: 0 out of 50
  Number of Mobile Apex push calls: 0 out of 10

11:32:00.131 (131897417)|CUMULATIVE_LIMIT_USAGE_END

11:32:00.3 (132109301)|CODE_UNIT_FINISHED|masterInvoiceTrigger on Invoice trigger event BeforeInsert|__sfdc_trigger/masterInvoiceTrigger
11:32:00.3 (149123650)|CODE_UNIT_STARTED|[EXTERNAL]|01qao0000007bm1|masterInvoiceTrigger on Invoice trigger event AfterInsert|__sfdc_trigger/masterInvoiceTrigger
11:32:00.3 (149158960)|HEAP_ALLOCATE|[EXTERNAL]|Bytes:8
11:32:00.3 (149239252)|HEAP_ALLOCATE|[EXTERNAL]|Bytes:4
11:32:00.3 (149246732)|VARIABLE_SCOPE_BEGIN|[1]|this|masterInvoiceTrigger|true|false
11:32:00.3 (149268762)|VARIABLE_ASSIGNMENT|[1]|this|{}|0x61059c96
11:32:00.3 (149293213)|HEAP_ALLOCATE|[EXTERNAL]|Bytes:4
11:32:00.3 (149297903)|VARIABLE_SCOPE_BEGIN|[1]|this|masterInvoiceTrigger|true|false
11:32:00.3 (149308383)|VARIABLE_ASSIGNMENT|[1]|this|{}|0x61059c96
11:32:00.3 (149313923)|STATEMENT_EXECUTE|[1]
11:32:00.3 (149322863)|STATEMENT_EXECUTE|[5]
11:32:00.3 (149329053)|STATEMENT_EXECUTE|[16]
11:32:00.3 (149334814)|STATEMENT_EXECUTE|[17]
11:32:00.3 (149336344)|STATEMENT_EXECUTE|[18]
11:32:00.3 (151670346)|HEAP_ALLOCATE|[18]|Bytes:4
11:32:00.3 (151681746)|HEAP_ALLOCATE|[18]|Bytes:2
11:32:00.3 (151707697)|METHOD_ENTRY|[1]|01pao000001O23J|invoiceTriggerHandler.invoiceTriggerHandler()
11:32:00.3 (151715667)|STATEMENT_EXECUTE|[1]
11:32:00.3 (151720777)|STATEMENT_EXECUTE|[1]
11:32:00.3 (151729217)|HEAP_ALLOCATE|[18]|Bytes:5
11:32:00.3 (151741377)|METHOD_EXIT|[1]|invoiceTriggerHandler
11:32:00.3 (151766798)|METHOD_ENTRY|[18]|01pao000001O23J|invoiceTriggerHandler.applySharing(List<Invoice__c>)
11:32:00.3 (151798318)|VARIABLE_SCOPE_BEGIN|[3]|triggernew|List<Invoice__c>|true|false
11:32:00.3 (152080053)|VARIABLE_ASSIGNMENT|[3]|triggernew|[{"LastModifiedDate":"2024-02-20T19:32:00.000Z","IsDeleted":false,"Name__c":"INV-100020","Opportunity__c":"006ao000000rZLjAAM","Name":"a04ao000000AlzR","SystemModstamp":"2024-02-20T19:32:00.000Z","OwnerId":"005ao0000003lheAAA","CreatedById":"005ao0000003lheAAA","Amount__c":40.00,"Due_Date__c":"2024-03-21T00:00:00.000Z","CreatedDate":"2024-02-20T19:32:00.000Z","Paid__c":false,"Account__c":"001ao000006gMMzAAM","Id":"a04ao000000AlzRAAS","LastModifiedById":"005ao0000003lheAAA"}]|0x7e3a33f1
11:32:00.3 (152107444)|HEAP_ALLOCATE|[6]|Bytes:5
11:32:00.3 (152112664)|STATEMENT_EXECUTE|[3]
11:32:00.3 (152113894)|STATEMENT_EXECUTE|[6]
11:32:00.3 (152126964)|HEAP_ALLOCATE|[6]|Bytes:4
11:32:00.3 (152187025)|VARIABLE_SCOPE_BEGIN|[6]|oppIds|Set<Id>|true|false
11:32:00.3 (152215197)|VARIABLE_ASSIGNMENT|[6]|oppIds|[]|0xa82803
11:32:00.3 (152368418)|HEAP_ALLOCATE|[7]|Bytes:5
11:32:00.3 (152391709)|VARIABLE_SCOPE_BEGIN|[7]|inv|Invoice__c|true|false
11:32:00.3 (152517061)|VARIABLE_ASSIGNMENT|[7]|inv|{"LastModifiedDate":"2024-02-20T19:32:00.000Z","IsDeleted":false,"Name__c":"INV-100020","Opportunity__c":"006ao000000rZLjAAM","Name":"a04ao000000AlzR","SystemModstamp":"2024-02-20T19:32:00.000Z","OwnerId":"005ao0000003lheAAA","CreatedById":"005ao0000003lheAAA","Amount__c":40.00,"Due_Date__c":"2024-03-21T00:00:00.000Z","CreatedDate":"2024-02-20T19:32:00.000Z","Paid__c":false,"Account__c":"001ao000006gMMzAAM","Id":"a04ao000000AlzRAAS","LastModifiedById":"005ao0000003lheAAA"}|0x393733d7
11:32:00.3 (152528852)|STATEMENT_EXECUTE|[7]
11:32:00.3 (152530162)|STATEMENT_EXECUTE|[8]
11:32:00.3 (152580632)|HEAP_ALLOCATE|[EXTERNAL]|Bytes:4
11:32:00.3 (152598334)|HEAP_ALLOCATE|[7]|Bytes:5
11:32:00.3 (152610244)|VARIABLE_ASSIGNMENT|[7]|inv|null|
11:32:00.3 (152615774)|STATEMENT_EXECUTE|[11]
11:32:00.3 (152628903)|HEAP_ALLOCATE|[11]|Bytes:4
11:32:00.3 (152638953)|VARIABLE_SCOPE_BEGIN|[11]|ownerIds|Map<Id,Id>|true|false
11:32:00.3 (152653234)|VARIABLE_ASSIGNMENT|[11]|ownerIds|{}|0x789efcc2
11:32:00.3 (152659375)|HEAP_ALLOCATE|[12]|Bytes:55
11:32:00.3 (152668295)|HEAP_ALLOCATE|[12]|Bytes:4
11:32:00.3 (153027451)|SOQL_EXECUTE_BEGIN|[12]|Aggregations:0|SELECT Id, OwnerId FROM Opportunity WHERE Id = :tmpVar1
11:32:00.3 (158664033)|SOQL_EXECUTE_END|[12]|Rows:1
11:32:00.3 (158696294)|HEAP_ALLOCATE|[EXTERNAL]|Bytes:8
11:32:00.3 (158807736)|HEAP_ALLOCATE|[12]|Bytes:28
11:32:00.3 (158833646)|HEAP_ALLOCATE|[12]|Bytes:8
11:32:00.3 (158845356)|HEAP_ALLOCATE|[12]|Bytes:8
11:32:00.3 (158848926)|HEAP_ALLOCATE|[12]|Bytes:8
11:32:00.3 (158854106)|VARIABLE_SCOPE_BEGIN|[15]|this|Database.QueryLocatorIterator|true|false
11:32:00.3 (158887207)|VARIABLE_ASSIGNMENT|[15]|this|{}|0x1b82fd30
11:32:00.3 (158891997)|VARIABLE_SCOPE_BEGIN|[15]|values|List<SObject>|true|false
11:32:00.3 (158908917)|VARIABLE_ASSIGNMENT|[15]|values|[{"Id":"006ao000000rZLjAAM","OwnerId":"005ao0000003lheAAA"}]|0xabadff1
11:32:00.3 (158913747)|VARIABLE_SCOPE_BEGIN|[15]|ql|Database.QueryLocator|true|false
11:32:00.3 (158931108)|VARIABLE_ASSIGNMENT|[15]|ql|{"query":"SELECT Id, OwnerId F (35 more) ..."}|0x4be0e754
11:32:00.3 (158935148)|VARIABLE_SCOPE_BEGIN|[15]|totalNumRecords|Integer|false|false
11:32:00.3 (158941658)|VARIABLE_ASSIGNMENT|[15]|totalNumRecords|1
11:32:00.3 (158944468)|VARIABLE_SCOPE_BEGIN|[15]|queryMoreSize|Integer|false|false
11:32:00.3 (158949528)|VARIABLE_ASSIGNMENT|[15]|queryMoreSize|49998
11:32:00.3 (158999969)|HEAP_ALLOCATE|[12]|Bytes:28
11:32:00.3 (159017489)|METHOD_ENTRY|[12]||Database.QueryLocatorIterator.hasNext()
11:32:00.3 (159056570)|METHOD_EXIT|[12]||Database.QueryLocatorIterator.hasNext()
11:32:00.3 (159062890)|METHOD_ENTRY|[12]||Database.QueryLocatorIterator.next()
11:32:00.3 (159126241)|METHOD_EXIT|[12]||Database.QueryLocatorIterator.next()
11:32:00.3 (159135251)|VARIABLE_SCOPE_BEGIN|[12]|o|Opportunity|true|false
11:32:00.3 (159149762)|VARIABLE_ASSIGNMENT|[12]|o|{"Id":"006ao000000rZLjAAM","OwnerId":"005ao0000003lheAAA"}|0x1d807dc
11:32:00.3 (159155192)|STATEMENT_EXECUTE|[12]
11:32:00.3 (159156502)|STATEMENT_EXECUTE|[13]
11:32:00.3 (159231133)|HEAP_ALLOCATE|[EXTERNAL]|Bytes:-4
11:32:00.3 (159243653)|METHOD_ENTRY|[12]||Database.QueryLocatorIterator.hasNext()
11:32:00.3 (159260334)|METHOD_EXIT|[12]||Database.QueryLocatorIterator.hasNext()
11:32:00.3 (159268724)|VARIABLE_ASSIGNMENT|[12]|o|null|
11:32:00.3 (159287034)|STATEMENT_EXECUTE|[17]
11:32:00.3 (159291644)|HEAP_ALLOCATE|[17]|Bytes:94
11:32:00.3 (159303454)|HEAP_ALLOCATE|[17]|Bytes:4
11:32:00.3 (159637370)|SOQL_EXECUTE_BEGIN|[17]|Aggregations:0|SELECT ID, DeveloperName FROM Group WHERE DeveloperName = 'SVPCustomerServiceSupportA' LIMIT 1
11:32:00.3 (164103011)|SOQL_EXECUTE_END|[17]|Rows:1
11:32:00.3 (164125481)|HEAP_ALLOCATE|[17]|Bytes:8
11:32:00.3 (164151322)|HEAP_ALLOCATE|[17]|Bytes:72
11:32:00.3 (164214393)|HEAP_ALLOCATE|[17]|Bytes:8
11:32:00.3 (164224974)|HEAP_ALLOCATE|[17]|Bytes:31
11:32:00.3 (164318425)|HEAP_ALLOCATE|[17]|Bytes:12
11:32:00.3 (164328745)|VARIABLE_SCOPE_BEGIN|[17]|SVPGroup|Group|true|false
11:32:00.3 (164349776)|VARIABLE_ASSIGNMENT|[17]|SVPGroup|{"Id":"00Gao0000002u6FEAQ","DeveloperName":"SVPCustomerServiceSu (6 more) ..."}|0x407a074b
11:32:00.3 (164355596)|STATEMENT_EXECUTE|[19]
11:32:00.3 (164424657)|HEAP_ALLOCATE|[19]|Bytes:4
11:32:00.3 (164477758)|VARIABLE_SCOPE_BEGIN|[19]|newShares|List<Invoice__Share>|true|false
11:32:00.3 (164485668)|HEAP_ALLOCATE|[EXTERNAL]|Bytes:4
11:32:00.3 (164494268)|VARIABLE_ASSIGNMENT|[19]|newShares|[]|0x4bcc45d6
11:32:00.3 (164531649)|HEAP_ALLOCATE|[20]|Bytes:5
11:32:00.3 (164550049)|VARIABLE_SCOPE_BEGIN|[20]|inv|Invoice__c|true|false
11:32:00.3 (164687872)|VARIABLE_ASSIGNMENT|[20]|inv|{"LastModifiedDate":"2024-02-20T19:32:00.000Z","IsDeleted":false,"Name__c":"INV-100020","Opportunity__c":"006ao000000rZLjAAM","Name":"a04ao000000AlzR","SystemModstamp":"2024-02-20T19:32:00.000Z","OwnerId":"005ao0000003lheAAA","CreatedById":"005ao0000003lheAAA","Amount__c":40.00,"Due_Date__c":"2024-03-21T00:00:00.000Z","CreatedDate":"2024-02-20T19:32:00.000Z","Paid__c":false,"Account__c":"001ao000006gMMzAAM","Id":"a04ao000000AlzRAAS","LastModifiedById":"005ao0000003lheAAA"}|0x393733d7
11:32:00.3 (164699862)|STATEMENT_EXECUTE|[20]
11:32:00.3 (164701372)|STATEMENT_EXECUTE|[21]
11:32:00.3 (164735293)|HEAP_ALLOCATE|[21]|Bytes:4
11:32:00.3 (164832814)|VARIABLE_SCOPE_BEGIN|[21]|ownerShare|Invoice__Share|true|false
11:32:00.3 (164847725)|VARIABLE_ASSIGNMENT|[21]|ownerShare|{}|0x294cefcc
11:32:00.3 (164852195)|STATEMENT_EXECUTE|[22]
11:32:00.3 (164978347)|VARIABLE_ASSIGNMENT|[22]|this.ParentId|"a04ao000000AlzRAAS"|0x294cefcc
11:32:00.3 (164984727)|STATEMENT_EXECUTE|[23]
11:32:00.3 (165083429)|VARIABLE_ASSIGNMENT|[23]|this.UserOrGroupId|"005ao0000003lheAAA"|0x294cefcc
11:32:00.3 (165091839)|STATEMENT_EXECUTE|[24]
11:32:00.3 (165095379)|HEAP_ALLOCATE|[24]|Bytes:4
11:32:00.3 (165127360)|VARIABLE_ASSIGNMENT|[24]|this.AccessLevel|"Read"|0x294cefcc
11:32:00.3 (165132540)|STATEMENT_EXECUTE|[25]
11:32:00.3 (165135450)|HEAP_ALLOCATE|[25]|Bytes:20
11:32:00.3 (165185031)|VARIABLE_ASSIGNMENT|[25]|this.RowCause|"Opportunity_Owner__c"|0x294cefcc
11:32:00.3 (165191201)|STATEMENT_EXECUTE|[26]
11:32:00.3 (165223091)|HEAP_ALLOCATE|[EXTERNAL]|Bytes:4
11:32:00.3 (165242252)|HEAP_ALLOCATE|[20]|Bytes:5
11:32:00.3 (165255352)|VARIABLE_ASSIGNMENT|[20]|inv|null|
11:32:00.3 (165259542)|STATEMENT_EXECUTE|[28]
11:32:00.3 (165345043)|USER_DEBUG|[28]|DEBUG|(Invoice__Share:{ParentId=a04ao000000AlzRAAS, UserOrGroupId=005ao0000003lheAAA, AccessLevel=Read, RowCause=Opportunity_Owner__c})
11:32:00.3 (165355404)|STATEMENT_EXECUTE|[29]
11:32:00.3 (165415956)|DML_BEGIN|[29]|Op:Insert|Type:Invoice__Share|Rows:1
11:32:00.3 (165473906)|HEAP_ALLOCATE|[EXTERNAL]|Bytes:8
11:32:00.3 (176182810)|DML_END|[29]
11:32:00.3 (176523117)|HEAP_ALLOCATE|[EXTERNAL]|Bytes:8
11:32:00.3 (176549386)|METHOD_EXIT|[18]|01pao000001O23J|invoiceTriggerHandler.applySharing(List<Invoice__c>)
11:32:00.3 (176565797)|STATEMENT_EXECUTE|[20]
11:32:00.3 (176573976)|STATEMENT_EXECUTE|[23]
11:32:00.3 (176582718)|STATEMENT_EXECUTE|[25]
11:32:00.176 (176598608)|CUMULATIVE_LIMIT_USAGE
11:32:00.176 (176598608)|LIMIT_USAGE_FOR_NS|(default)|
  Number of SOQL queries: 3 out of 100
  Number of query rows: 3 out of 50000
  Number of SOSL queries: 0 out of 20
  Number of DML statements: 4 out of 150
  Number of Publish Immediate DML: 0 out of 150
  Number of DML rows: 4 out of 10000
  Maximum CPU time: 0 out of 10000
  Maximum heap size: 0 out of 6000000
  Number of callouts: 0 out of 100
  Number of Email Invocations: 0 out of 10
  Number of future calls: 0 out of 50
  Number of queueable jobs added to the queue: 0 out of 50
  Number of Mobile Apex push calls: 0 out of 10

11:32:00.176 (176598608)|CUMULATIVE_LIMIT_USAGE_END

11:32:00.3 (176821671)|CODE_UNIT_FINISHED|masterInvoiceTrigger on Invoice trigger event AfterInsert|__sfdc_trigger/masterInvoiceTrigger
11:32:00.3 (180351926)|DML_END|[67]
11:32:00.3 (180384386)|HEAP_ALLOCATE|[EXTERNAL]|Bytes:8
11:32:00.3 (180407777)|SYSTEM_MODE_EXIT|false
11:32:00.3 (180419837)|METHOD_EXIT|[24]|01pao0000015Cj7|OppHandler.CreateInvoiceFromOpportunity(List<Opportunity>)
11:32:00.3 (180433107)|STATEMENT_EXECUTE|[27]
11:32:00.3 (180439387)|STATEMENT_EXECUTE|[31]
11:32:00.3 (180444247)|STATEMENT_EXECUTE|[35]
11:32:00.180 (180457627)|CUMULATIVE_LIMIT_USAGE
11:32:00.180 (180457627)|LIMIT_USAGE_FOR_NS|(default)|
  Number of SOQL queries: 3 out of 100
  Number of query rows: 3 out of 50000
  Number of SOSL queries: 0 out of 20
  Number of DML statements: 4 out of 150
  Number of Publish Immediate DML: 0 out of 150
  Number of DML rows: 4 out of 10000
  Maximum CPU time: 0 out of 10000
  Maximum heap size: 0 out of 6000000
  Number of callouts: 0 out of 100
  Number of Email Invocations: 0 out of 10
  Number of future calls: 0 out of 50
  Number of queueable jobs added to the queue: 0 out of 50
  Number of Mobile Apex push calls: 0 out of 10

11:32:00.180 (180457627)|CUMULATIVE_LIMIT_USAGE_END

11:32:00.3 (180654691)|CODE_UNIT_FINISHED|OppMasterTrigger on Opportunity trigger event AfterInsert|__sfdc_trigger/OppMasterTrigger
11:32:00.3 (184403750)|DML_END|[108]
11:32:00.3 (184773245)|STATEMENT_EXECUTE|[111]
11:32:00.3 (184800056)|HEAP_ALLOCATE|[111]|Bytes:4
11:32:00.3 (184845677)|VARIABLE_SCOPE_BEGIN|[111]|newInv|Invoice__c|true|false
11:32:00.3 (184872678)|VARIABLE_ASSIGNMENT|[111]|newInv|{}|0x12bced4c
11:32:00.3 (184877638)|STATEMENT_EXECUTE|[112]
11:32:00.3 (184883518)|HEAP_ALLOCATE|[112]|Bytes:26
11:32:00.3 (184977810)|VARIABLE_ASSIGNMENT|[112]|this.Name|"Test Invoice #Positi (6 more) ..."|0x12bced4c
11:32:00.3 (184984290)|STATEMENT_EXECUTE|[113]
11:32:00.3 (185020520)|HEAP_ALLOCATE|[113]|Bytes:28
11:32:00.3 (185026791)|HEAP_ALLOCATE|[113]|Bytes:28
11:32:00.3 (185073431)|VARIABLE_ASSIGNMENT|[113]|this.Amount__c|10|0x12bced4c
11:32:00.3 (185078281)|STATEMENT_EXECUTE|[114]
11:32:00.3 (185160502)|HEAP_ALLOCATE|[114]|Bytes:4
11:32:00.3 (185185453)|HEAP_ALLOCATE|[114]|Bytes:4
11:32:00.3 (185237724)|VARIABLE_ASSIGNMENT|[114]|this.Due_Date__c|"2024-02-15T00:00:00.000Z"|0x12bced4c
11:32:00.3 (185243734)|STATEMENT_EXECUTE|[115]
11:32:00.3 (185267405)|VARIABLE_ASSIGNMENT|[115]|this.Paid__c|false|0x12bced4c
11:32:00.3 (185272384)|STATEMENT_EXECUTE|[116]
11:32:00.3 (185323766)|VARIABLE_ASSIGNMENT|[116]|this.Opportunity__c|"006ao000000rZLjAAM"|0x12bced4c
11:32:00.3 (185329686)|STATEMENT_EXECUTE|[118]
11:32:00.3 (185367437)|HEAP_ALLOCATE|[EXTERNAL]|Bytes:4
11:32:00.3 (185375627)|STATEMENT_EXECUTE|[121]
11:32:00.3 (185429918)|HEAP_ALLOCATE|[121]|Bytes:98
11:32:00.3 (185445948)|SYSTEM_METHOD_ENTRY|[1]|Test.Test()
11:32:00.3 (185453338)|STATEMENT_EXECUTE|[1]
11:32:00.3 (185463018)|SYSTEM_METHOD_EXIT|[1]|Test
11:32:00.3 (185476158)|METHOD_ENTRY|[121]||System.Test.startTest()
11:32:00.3 (187571516)|METHOD_EXIT|[121]||System.Test.startTest()
11:32:00.3 (187581586)|STATEMENT_EXECUTE|[122]
11:32:00.3 (187602866)|METHOD_ENTRY|[122]|01pao000001O23J|invoiceTriggerHandler.applyLateFeeOnUnpaidInvoice(List<Invoice__c>)
11:32:00.3 (187633397)|VARIABLE_SCOPE_BEGIN|[38]|triggernew|List<Invoice__c>|true|false
11:32:00.3 (187677238)|VARIABLE_ASSIGNMENT|[38]|triggernew|[{"Name":"Test Invoice #Positi (6 more) ...","Amount__c":10,"Due_Date__c":"2024-02-15T00:00:00.000Z","Paid__c":false,"Opportunity__c":"006ao000000rZLjAAM"}]|0x424e3980
11:32:00.3 (187697548)|SYSTEM_MODE_ENTER|false
11:32:00.3 (187706859)|HEAP_ALLOCATE|[39]|Bytes:5
11:32:00.3 (187711099)|STATEMENT_EXECUTE|[38]
11:32:00.3 (187712529)|STATEMENT_EXECUTE|[39]
11:32:00.3 (187715628)|HEAP_ALLOCATE|[39]|Bytes:79
11:32:00.3 (187731359)|HEAP_ALLOCATE|[39]|Bytes:4
11:32:00.3 (188149537)|SOQL_EXECUTE_BEGIN|[39]|Aggregations:0|SELECT Id, Due_Date__c, Paid__c, Amount__c FROM Invoice__c WHERE Id IN :tmpVar1
11:32:00.3 (190421788)|SOQL_EXECUTE_END|[39]|Rows:0
11:32:00.3 (190448298)|HEAP_ALLOCATE|[39]|Bytes:4
11:32:00.3 (190471699)|HEAP_ALLOCATE|[39]|Bytes:0
11:32:00.3 (190498078)|HEAP_ALLOCATE|[39]|Bytes:4
11:32:00.3 (190508499)|VARIABLE_SCOPE_BEGIN|[39]|fullInvList|List<Invoice__c>|true|false
11:32:00.3 (190525910)|VARIABLE_ASSIGNMENT|[39]|fullInvList|[]|0x30e5615
11:32:00.3 (190530110)|STATEMENT_EXECUTE|[41]
11:32:00.3 (190536970)|HEAP_ALLOCATE|[41]|Bytes:4
11:32:00.3 (190570781)|VARIABLE_SCOPE_BEGIN|[41]|invToUpdate|List<Invoice__c>|true|false
11:32:00.3 (190577560)|HEAP_ALLOCATE|[EXTERNAL]|Bytes:4
11:32:00.3 (190582751)|VARIABLE_ASSIGNMENT|[41]|invToUpdate|[]|0x561afd89
11:32:00.3 (190625822)|HEAP_ALLOCATE|[42]|Bytes:5
11:32:00.3 (190640161)|VARIABLE_ASSIGNMENT|[42]|i|null|
11:32:00.3 (190645212)|STATEMENT_EXECUTE|[42]
11:32:00.3 (190649232)|SYSTEM_MODE_EXIT|false
11:32:00.3 (190658552)|METHOD_EXIT|[122]|01pao000001O23J|invoiceTriggerHandler.applyLateFeeOnUnpaidInvoice(List<Invoice__c>)
11:32:00.3 (190663432)|STATEMENT_EXECUTE|[123]
11:32:00.3 (190672232)|METHOD_ENTRY|[123]||System.Test.stopTest()
11:32:00.3 (190783304)|METHOD_EXIT|[123]||System.Test.stopTest()
11:32:00.3 (190788544)|STATEMENT_EXECUTE|[124]
11:32:00.3 (190802735)|HEAP_ALLOCATE|[124]|Bytes:24
11:32:00.3 (190871176)|USER_DEBUG|[124]|DEBUG|2024-02-15 00:00:00
11:32:00.3 (190881086)|STATEMENT_EXECUTE|[125]
11:32:00.3 (190887696)|HEAP_ALLOCATE|[125]|Bytes:24
11:32:00.3 (190910377)|HEAP_ALLOCATE|[125]|Bytes:28
11:32:00.3 (190916177)|HEAP_ALLOCATE|[125]|Bytes:16
11:32:00.3 (190996548)|EXCEPTION_THROWN|[125]|System.AssertException: Assertion Failed: Incorrect Amount: Expected: 10, Actual: 11
11:32:00.3 (191157001)|HEAP_ALLOCATE|[125]|Bytes:64
11:32:00.3 (191245943)|FATAL_ERROR|System.AssertException: Assertion Failed: Incorrect Amount: Expected: 10, Actual: 11

Class.invoicescontrollertest.posInvoiceTestCase: line 125, column 1
11:32:00.3 (191256903)|FATAL_ERROR|System.AssertException: Assertion Failed: Incorrect Amount: Expected: 10, Actual: 11

Class.invoicescontrollertest.posInvoiceTestCase: line 125, column 1
11:32:00.191 (191269683)|CUMULATIVE_LIMIT_USAGE
11:32:00.191 (191269683)|LIMIT_USAGE_FOR_NS|(default)|
  Number of SOQL queries: 3 out of 100
  Number of query rows: 3 out of 50000
  Number of SOSL queries: 0 out of 20
  Number of DML statements: 4 out of 150
  Number of Publish Immediate DML: 0 out of 150
  Number of DML rows: 4 out of 10000
  Maximum CPU time: 0 out of 10000
  Maximum heap size: 0 out of 6000000
  Number of callouts: 0 out of 100
  Number of Email Invocations: 0 out of 10
  Number of future calls: 0 out of 50
  Number of queueable jobs added to the queue: 0 out of 50
  Number of Mobile Apex push calls: 0 out of 10

11:32:00.191 (191269683)|TESTING_LIMITS
11:32:00.191 (191269683)|LIMIT_USAGE_FOR_NS|(default)|
  Number of SOQL queries: 1 out of 100
  Number of query rows: 0 out of 50000
  Number of SOSL queries: 0 out of 20
  Number of DML statements: 0 out of 150
  Number of Publish Immediate DML: 0 out of 150
  Number of DML rows: 0 out of 10000
  Maximum CPU time: 0 out of 10000
  Maximum heap size: 0 out of 6000000
  Number of callouts: 0 out of 100
  Number of Email Invocations: 0 out of 10
  Number of future calls: 0 out of 50
  Number of queueable jobs added to the queue: 0 out of 50
  Number of Mobile Apex push calls: 0 out of 10

11:32:00.191 (191269683)|CUMULATIVE_LIMIT_USAGE_END

11:32:00.3 (191342484)|CODE_UNIT_FINISHED|invoicescontrollertest.posInvoiceTestCase()
11:32:00.3 (191353494)|EXECUTION_FINISHED
