59.0 APEX_CODE,FINEST;APEX_PROFILING,INFO;CALLOUT,INFO;DB,INFO;NBA,INFO;SYSTEM,DEBUG;VALIDATION,INFO;VISUALFORCE,FINER;WAVE,INFO;WORKFLOW,INFO
11:43:37.4 (4652648)|USER_INFO|[EXTERNAL]|005ao0000003lhe|alex.downs@spdex450.edu|(GMT-08:00) Pacific Standard Time (America/Los_Angeles)|GMT-08:00
11:43:37.4 (4726902)|EXECUTION_STARTED
11:43:37.4 (4755074)|CODE_UNIT_STARTED|[EXTERNAL]|01pao000001Zu6n|invoicescontrollertest.posInvoiceTestCase()
11:43:37.4 (5159985)|HEAP_ALLOCATE|[79]|Bytes:3
11:43:37.4 (6190690)|HEAP_ALLOCATE|[84]|Bytes:152
11:43:37.4 (6243863)|HEAP_ALLOCATE|[399]|Bytes:408
11:43:37.4 (6309477)|HEAP_ALLOCATE|[412]|Bytes:408
11:43:37.4 (6330158)|HEAP_ALLOCATE|[520]|Bytes:48
11:43:37.4 (6369690)|HEAP_ALLOCATE|[139]|Bytes:6
11:43:37.4 (6400351)|HEAP_ALLOCATE|[EXTERNAL]|Bytes:347
11:43:37.4 (17734347)|METHOD_ENTRY|[2]|01pao000001Zu6n|invoicescontrollertest.invoicescontrollertest()
11:43:37.4 (17750157)|STATEMENT_EXECUTE|[2]
11:43:37.4 (17759748)|STATEMENT_EXECUTE|[2]
11:43:37.4 (17776929)|METHOD_EXIT|[2]|invoicescontrollertest
11:43:37.4 (17824672)|HEAP_ALLOCATE|[52]|Bytes:5
11:43:37.4 (17858044)|HEAP_ALLOCATE|[58]|Bytes:5
11:43:37.4 (17867474)|HEAP_ALLOCATE|[66]|Bytes:7
11:43:37.4 (17921427)|STATEMENT_EXECUTE|[95]
11:43:37.4 (17923847)|STATEMENT_EXECUTE|[98]
11:43:37.4 (18092506)|HEAP_ALLOCATE|[98]|Bytes:4
11:43:37.4 (18236014)|VARIABLE_SCOPE_BEGIN|[98]|newInvoices|List<Invoice__c>|true|false
11:43:37.4 (18295887)|HEAP_ALLOCATE|[EXTERNAL]|Bytes:4
11:43:37.4 (18376161)|VARIABLE_ASSIGNMENT|[98]|newInvoices|[]|0x1bbc6c6e
11:43:37.4 (18381691)|STATEMENT_EXECUTE|[99]
11:43:37.4 (18385422)|HEAP_ALLOCATE|[99]|Bytes:12
11:43:37.4 (25401597)|HEAP_ALLOCATE|[99]|Bytes:10
11:43:37.4 (25452790)|METHOD_ENTRY|[2]|01pao0000018irJ|testDataFactory.testDataFactory()
11:43:37.4 (25460700)|STATEMENT_EXECUTE|[2]
11:43:37.4 (25466180)|STATEMENT_EXECUTE|[2]
11:43:37.4 (25474930)|METHOD_EXIT|[2]|testDataFactory
11:43:37.4 (25586696)|METHOD_ENTRY|[99]|01pao0000018irJ|testDataFactory.createValidAccount(String)
11:43:37.4 (25681132)|VARIABLE_SCOPE_BEGIN|[4]|aName|String|false|false
11:43:37.4 (25710753)|VARIABLE_ASSIGNMENT|[4]|aName|"Test Account"
11:43:37.4 (25768145)|STATEMENT_EXECUTE|[4]
11:43:37.4 (25769556)|STATEMENT_EXECUTE|[5]
11:43:37.4 (25798458)|HEAP_ALLOCATE|[5]|Bytes:4
11:43:37.4 (25922024)|VARIABLE_SCOPE_BEGIN|[5]|a|Account|true|false
11:43:37.4 (25975897)|VARIABLE_ASSIGNMENT|[5]|a|{}|0x30d2ed8b
11:43:37.4 (25981428)|STATEMENT_EXECUTE|[6]
11:43:37.4 (26119785)|VARIABLE_ASSIGNMENT|[6]|this.Name|"Test Account"|0x30d2ed8b
11:43:37.4 (26130365)|STATEMENT_EXECUTE|[7]
11:43:37.4 (26163157)|METHOD_EXIT|[99]|01pao0000018irJ|testDataFactory.createValidAccount(String)
11:43:37.4 (26178658)|VARIABLE_SCOPE_BEGIN|[99]|a|Account|true|false
11:43:37.4 (26193739)|VARIABLE_ASSIGNMENT|[99]|a|{"Name":"Test Account"}|0x30d2ed8b
11:43:37.4 (26197689)|STATEMENT_EXECUTE|[100]
11:43:37.4 (26249272)|HEAP_ALLOCATE|[100]|Bytes:8
11:43:37.4 (26275743)|DML_BEGIN|[100]|Op:Insert|Type:Account|Rows:1
11:43:37.4 (26361678)|HEAP_ALLOCATE|[EXTERNAL]|Bytes:8
11:43:37.4 (247227025)|DML_END|[100]
11:43:37.4 (248348665)|STATEMENT_EXECUTE|[101]
11:43:37.4 (248437038)|HEAP_ALLOCATE|[101]|Bytes:4
11:43:37.4 (248650581)|VARIABLE_SCOPE_BEGIN|[101]|o|Opportunity|true|false
11:43:37.4 (248692323)|VARIABLE_ASSIGNMENT|[101]|o|{}|0x1f747c25
11:43:37.4 (248699633)|STATEMENT_EXECUTE|[102]
11:43:37.4 (248707904)|HEAP_ALLOCATE|[102]|Bytes:8
11:43:37.4 (248835711)|VARIABLE_ASSIGNMENT|[102]|this.Name|"test Opp"|0x1f747c25
11:43:37.4 (248845921)|STATEMENT_EXECUTE|[103]
11:43:37.4 (248910204)|HEAP_ALLOCATE|[103]|Bytes:28
11:43:37.4 (248987039)|VARIABLE_ASSIGNMENT|[103]|this.Amount|40|0x1f747c25
11:43:37.4 (248997769)|STATEMENT_EXECUTE|[104]
11:43:37.4 (249004269)|HEAP_ALLOCATE|[104]|Bytes:27
11:43:37.4 (249060992)|VARIABLE_ASSIGNMENT|[104]|this.Type|"Existing Customer -  (7 more) ..."|0x1f747c25
11:43:37.4 (249069663)|STATEMENT_EXECUTE|[105]
11:43:37.4 (249073323)|HEAP_ALLOCATE|[105]|Bytes:10
11:43:37.4 (249109985)|VARIABLE_ASSIGNMENT|[105]|this.StageName|"Closed Won"|0x1f747c25
11:43:37.4 (249118096)|STATEMENT_EXECUTE|[106]
11:43:37.4 (249263533)|HEAP_ALLOCATE|[106]|Bytes:4
11:43:37.4 (249359738)|VARIABLE_ASSIGNMENT|[106]|this.CloseDate|"2024-02-20T00:00:00.000Z"|0x1f747c25
11:43:37.4 (249370879)|STATEMENT_EXECUTE|[107]
11:43:37.4 (249484505)|VARIABLE_ASSIGNMENT|[107]|this.AccountId|"001ao000006iDYwAAM"|0x1f747c25
11:43:37.4 (249493835)|STATEMENT_EXECUTE|[108]
11:43:37.4 (249551058)|HEAP_ALLOCATE|[108]|Bytes:8
11:43:37.4 (249582880)|DML_BEGIN|[108]|Op:Insert|Type:Opportunity|Rows:1
11:43:37.4 (249657814)|HEAP_ALLOCATE|[EXTERNAL]|Bytes:8
11:43:37.4 (338920623)|CODE_UNIT_STARTED|[EXTERNAL]|01qao00000061vt|OppMasterTrigger on Opportunity trigger event BeforeInsert|__sfdc_trigger/OppMasterTrigger
11:43:37.4 (339003097)|HEAP_ALLOCATE|[EXTERNAL]|Bytes:8
11:43:37.4 (339199457)|HEAP_ALLOCATE|[EXTERNAL]|Bytes:4
11:43:37.4 (339230899)|VARIABLE_SCOPE_BEGIN|[1]|this|OppMasterTrigger|true|false
11:43:37.4 (339315063)|VARIABLE_ASSIGNMENT|[1]|this|{}|0x2f6f84b7
11:43:37.4 (339409648)|HEAP_ALLOCATE|[EXTERNAL]|Bytes:4
11:43:37.4 (339505163)|VARIABLE_SCOPE_BEGIN|[1]|this|OppMasterTrigger|true|false
11:43:37.4 (339531475)|VARIABLE_ASSIGNMENT|[1]|this|{}|0x2f6f84b7
11:43:37.4 (339540485)|STATEMENT_EXECUTE|[1]
11:43:37.4 (339573207)|STATEMENT_EXECUTE|[6]
11:43:37.4 (339580607)|STATEMENT_EXECUTE|[7]
11:43:37.4 (339582588)|STATEMENT_EXECUTE|[8]
11:43:37.4 (343439044)|HEAP_ALLOCATE|[8]|Bytes:10
11:43:37.4 (343502977)|METHOD_ENTRY|[1]|01pao0000015Cj7|OppHandler.OppHandler()
11:43:37.4 (343512738)|STATEMENT_EXECUTE|[1]
11:43:37.4 (343519568)|STATEMENT_EXECUTE|[1]
11:43:37.4 (344945644)|SYSTEM_MODE_ENTER|false
11:43:37.4 (344979146)|HEAP_ALLOCATE|[8]|Bytes:5
11:43:37.4 (344992756)|SYSTEM_MODE_EXIT|false
11:43:37.4 (345016368)|METHOD_EXIT|[1]|OppHandler
11:43:37.4 (345067240)|METHOD_ENTRY|[8]|01pao0000015Cj7|OppHandler.applyNamingConvention(List<Opportunity>)
11:43:37.4 (345127223)|VARIABLE_SCOPE_BEGIN|[3]|triggerNew|List<Opportunity>|true|false
11:43:37.4 (346088705)|VARIABLE_ASSIGNMENT|[3]|triggerNew|[{"IsDeleted":false,"AccountId":"001ao000006iDYwAAM","HasOpportunityLineItem":false,"StageName":"Closed Won","Amount":40.00,"Probability":100,"ForecastCategory":"Closed","IsClosed":true,"CloseDate":"2024-02-20T00:00:00.000Z","Name":"test Opp","HasOpenActivity":false,"Type":"Existing Customer -  (7 more) ...","OwnerId":"005ao0000003lheAAA","IsWon":true,"HasOverdueTask":false,"ForecastCategoryName":"Closed","IsPrivate":false}]|0x51fd245d
11:43:37.4 (346130447)|SYSTEM_MODE_ENTER|false
11:43:37.4 (346144638)|HEAP_ALLOCATE|[10]|Bytes:5
11:43:37.4 (346152848)|STATEMENT_EXECUTE|[3]
11:43:37.4 (346154429)|STATEMENT_EXECUTE|[10]
11:43:37.4 (346225373)|HEAP_ALLOCATE|[10]|Bytes:4
11:43:37.4 (346294116)|VARIABLE_SCOPE_BEGIN|[10]|parentAccounts|Map<Id,Account>|true|false
11:43:37.4 (346317598)|VARIABLE_ASSIGNMENT|[10]|parentAccounts|{}|0x115c94fe
11:43:37.4 (346323747)|STATEMENT_EXECUTE|[11]
11:43:37.4 (346339099)|HEAP_ALLOCATE|[11]|Bytes:4
11:43:37.4 (346444833)|VARIABLE_SCOPE_BEGIN|[11]|parentIds|Set<Id>|true|false
11:43:37.4 (346485026)|VARIABLE_ASSIGNMENT|[11]|parentIds|[]|0x287ef2ff
11:43:37.4 (346729999)|HEAP_ALLOCATE|[12]|Bytes:5
11:43:37.4 (346767961)|HEAP_ALLOCATE|[12]|Bytes:4
11:43:37.4 (346781182)|VARIABLE_SCOPE_BEGIN|[12]|o|Opportunity|true|false
11:43:37.4 (347468649)|VARIABLE_ASSIGNMENT|[12]|o|{"IsDeleted":false,"AccountId":"001ao000006iDYwAAM","HasOpportunityLineItem":false,"StageName":"Closed Won","Amount":40.00,"Probability":100,"ForecastCategory":"Closed","IsClosed":true,"CloseDate":"2024-02-20T00:00:00.000Z","Name":"test Opp","HasOpenActivity":false,"Type":"Existing Customer -  (7 more) ...","OwnerId":"005ao0000003lheAAA","IsWon":true,"HasOverdueTask":false,"ForecastCategoryName":"Closed","IsPrivate":false}|0x6fd3319a
11:43:37.4 (347483559)|STATEMENT_EXECUTE|[12]
11:43:37.4 (347485449)|STATEMENT_EXECUTE|[13]
11:43:37.4 (347576104)|HEAP_ALLOCATE|[EXTERNAL]|Bytes:4
11:43:37.4 (347604996)|HEAP_ALLOCATE|[12]|Bytes:5
11:43:37.4 (347622097)|VARIABLE_ASSIGNMENT|[12]|o|null|
11:43:37.4 (347630527)|HEAP_ALLOCATE|[15]|Bytes:48
11:43:37.4 (347648498)|HEAP_ALLOCATE|[15]|Bytes:4
11:43:37.4 (347659739)|HEAP_ALLOCATE|[15]|Bytes:7
11:43:37.4 (348062380)|SOQL_EXECUTE_BEGIN|[15]|Aggregations:0|SELECT Id, Name FROM Account WHERE Id = :tmpVar1
11:43:37.4 (360664794)|SOQL_EXECUTE_END|[15]|Rows:1
11:43:37.4 (360723907)|HEAP_ALLOCATE|[EXTERNAL]|Bytes:8
11:43:37.4 (360996731)|HEAP_ALLOCATE|[15]|Bytes:54
11:43:37.4 (361009672)|HEAP_ALLOCATE|[15]|Bytes:8
11:43:37.4 (361038043)|SYSTEM_METHOD_ENTRY|[7]|QueryLocatorIterator.QueryLocatorIterator()
11:43:37.4 (361044344)|STATEMENT_EXECUTE|[7]
11:43:37.4 (361062385)|SYSTEM_METHOD_EXIT|[7]|QueryLocatorIterator
11:43:37.4 (361075515)|HEAP_ALLOCATE|[15]|Bytes:28
11:43:37.4 (361139310)|HEAP_ALLOCATE|[15]|Bytes:8
11:43:37.4 (361161960)|HEAP_ALLOCATE|[15]|Bytes:8
11:43:37.4 (361165911)|HEAP_ALLOCATE|[15]|Bytes:8
11:43:37.4 (361180731)|VARIABLE_SCOPE_BEGIN|[15]|this|Database.QueryLocatorIterator|true|false
11:43:37.4 (361242064)|VARIABLE_ASSIGNMENT|[15]|this|{}|0x6975b368
11:43:37.4 (361252116)|VARIABLE_SCOPE_BEGIN|[15]|values|List<SObject>|true|false
11:43:37.4 (361291358)|VARIABLE_ASSIGNMENT|[15]|values|[{"Id":"001ao000006iDYwAAM","Name":"Test Account"}]|0xe8404f3
11:43:37.4 (361297078)|VARIABLE_SCOPE_BEGIN|[15]|ql|Database.QueryLocator|true|false
11:43:37.4 (361315848)|VARIABLE_ASSIGNMENT|[15]|ql|{"query":"SELECT Id, Name FROM (28 more) ..."}|0x3ade686a
11:43:37.4 (361319879)|VARIABLE_SCOPE_BEGIN|[15]|totalNumRecords|Integer|false|false
11:43:37.4 (361327880)|VARIABLE_ASSIGNMENT|[15]|totalNumRecords|1
11:43:37.4 (361331040)|VARIABLE_SCOPE_BEGIN|[15]|queryMoreSize|Integer|false|false
11:43:37.4 (361335659)|VARIABLE_ASSIGNMENT|[15]|queryMoreSize|49999
11:43:37.4 (362861221)|HEAP_ALLOCATE|[15]|Bytes:28
11:43:37.4 (362903573)|METHOD_ENTRY|[15]||Database.QueryLocatorIterator.hasNext()
11:43:37.4 (363044751)|METHOD_EXIT|[15]||Database.QueryLocatorIterator.hasNext()
11:43:37.4 (363057131)|METHOD_ENTRY|[15]||Database.QueryLocatorIterator.next()
11:43:37.4 (363158207)|METHOD_EXIT|[15]||Database.QueryLocatorIterator.next()
11:43:37.4 (363171578)|VARIABLE_SCOPE_BEGIN|[15]|a|Account|true|false
11:43:37.4 (363196569)|VARIABLE_ASSIGNMENT|[15]|a|{"Id":"001ao000006iDYwAAM","Name":"Test Account"}|0x6030090
11:43:37.4 (363204509)|STATEMENT_EXECUTE|[15]
11:43:37.4 (363206169)|STATEMENT_EXECUTE|[16]
11:43:37.4 (363278493)|HEAP_ALLOCATE|[EXTERNAL]|Bytes:-4
11:43:37.4 (363293244)|METHOD_ENTRY|[15]||Database.QueryLocatorIterator.hasNext()
11:43:37.4 (363313265)|METHOD_EXIT|[15]||Database.QueryLocatorIterator.hasNext()
11:43:37.4 (363324996)|VARIABLE_ASSIGNMENT|[15]|a|null|
11:43:37.4 (363400760)|HEAP_ALLOCATE|[21]|Bytes:5
11:43:37.4 (363423681)|HEAP_ALLOCATE|[21]|Bytes:4
11:43:37.4 (363431441)|VARIABLE_SCOPE_BEGIN|[21]|o|Opportunity|true|false
11:43:37.4 (363943799)|VARIABLE_ASSIGNMENT|[21]|o|{"IsDeleted":false,"AccountId":"001ao000006iDYwAAM","HasOpportunityLineItem":false,"StageName":"Closed Won","Amount":40.00,"Probability":100,"ForecastCategory":"Closed","IsClosed":true,"CloseDate":"2024-02-20T00:00:00.000Z","Name":"test Opp","HasOpenActivity":false,"Type":"Existing Customer -  (7 more) ...","OwnerId":"005ao0000003lheAAA","IsWon":true,"HasOverdueTask":false,"ForecastCategoryName":"Closed","IsPrivate":false}|0x6fd3319a
11:43:37.4 (363958569)|STATEMENT_EXECUTE|[21]
11:43:37.4 (363960509)|STATEMENT_EXECUTE|[22]
11:43:37.4 (364079976)|HEAP_ALLOCATE|[22]|Bytes:3
11:43:37.4 (364263455)|HEAP_ALLOCATE|[23]|Bytes:1
11:43:37.4 (364282176)|HEAP_ALLOCATE|[23]|Bytes:1
11:43:37.4 (364298507)|HEAP_ALLOCATE|[22]|Bytes:47
11:43:37.4 (364364492)|HEAP_ALLOCATE|[23]|Bytes:4
11:43:37.4 (364382683)|HEAP_ALLOCATE|[22]|Bytes:51
11:43:37.4 (366369258)|VARIABLE_ASSIGNMENT|[22]|this.Name|"Test Account - Exist (31 more) ..."|0x6fd3319a
11:43:37.4 (366451603)|HEAP_ALLOCATE|[21]|Bytes:5
11:43:37.4 (366489956)|VARIABLE_ASSIGNMENT|[21]|o|null|
11:43:37.4 (366501495)|SYSTEM_MODE_EXIT|false
11:43:37.4 (366523096)|METHOD_EXIT|[8]|01pao0000015Cj7|OppHandler.applyNamingConvention(List<Opportunity>)
11:43:37.4 (366548888)|STATEMENT_EXECUTE|[12]
11:43:37.4 (366560559)|STATEMENT_EXECUTE|[16]
11:43:37.4 (366567529)|STATEMENT_EXECUTE|[22]
11:43:37.366 (366589521)|CUMULATIVE_LIMIT_USAGE
11:43:37.366 (366589521)|LIMIT_USAGE_FOR_NS|(default)|
  Number of SOQL queries: 1 out of 100
  Number of query rows: 1 out of 50000
  Number of SOSL queries: 0 out of 20
  Number of DML statements: 2 out of 150
  Number of Publish Immediate DML: 0 out of 150
  Number of DML rows: 2 out of 10000
  Maximum CPU time: 0 out of 10000
  Maximum heap size: 0 out of 6000000
  Number of callouts: 0 out of 100
  Number of Email Invocations: 0 out of 10
  Number of future calls: 0 out of 50
  Number of queueable jobs added to the queue: 0 out of 50
  Number of Mobile Apex push calls: 0 out of 10

11:43:37.366 (366589521)|CUMULATIVE_LIMIT_USAGE_END

11:43:37.4 (367287208)|CODE_UNIT_FINISHED|OppMasterTrigger on Opportunity trigger event BeforeInsert|__sfdc_trigger/OppMasterTrigger
11:43:37.4 (414488159)|CODE_UNIT_STARTED|[EXTERNAL]|01qao00000061vt|OppMasterTrigger on Opportunity trigger event AfterInsert|__sfdc_trigger/OppMasterTrigger
11:43:37.4 (414566942)|HEAP_ALLOCATE|[EXTERNAL]|Bytes:8
11:43:37.4 (414756992)|HEAP_ALLOCATE|[EXTERNAL]|Bytes:4
11:43:37.4 (414781185)|VARIABLE_SCOPE_BEGIN|[1]|this|OppMasterTrigger|true|false
11:43:37.4 (414843287)|VARIABLE_ASSIGNMENT|[1]|this|{}|0x1e89d6ac
11:43:37.4 (414911302)|HEAP_ALLOCATE|[EXTERNAL]|Bytes:4
11:43:37.4 (414923961)|VARIABLE_SCOPE_BEGIN|[1]|this|OppMasterTrigger|true|false
11:43:37.4 (414947194)|VARIABLE_ASSIGNMENT|[1]|this|{}|0x1e89d6ac
11:43:37.4 (414956074)|STATEMENT_EXECUTE|[1]
11:43:37.4 (414979755)|STATEMENT_EXECUTE|[6]
11:43:37.4 (414988605)|STATEMENT_EXECUTE|[22]
11:43:37.4 (414998765)|STATEMENT_EXECUTE|[23]
11:43:37.4 (415000415)|STATEMENT_EXECUTE|[24]
11:43:37.4 (415172035)|METHOD_ENTRY|[24]|01pao0000015Cj7|OppHandler.CreateInvoiceFromOpportunity(List<Opportunity>)
11:43:37.4 (415247649)|VARIABLE_SCOPE_BEGIN|[54]|triggerNew|List<Opportunity>|true|false
11:43:37.4 (416065813)|VARIABLE_ASSIGNMENT|[54]|triggerNew|[{"LastModifiedDate":"2024-02-20T19:43:37.000Z","IsDeleted":false,"AccountId":"001ao000006iDYwAAM","HasOpportunityLineItem":false,"StageName":"Closed Won","Amount":40.00,"Probability":100,"ForecastCategory":"Closed","IsClosed":true,"CloseDate":"2024-02-20T00:00:00.000Z","Name":"Test Account - Exist (31 more) ...","SystemModstamp":"2024-02-20T19:43:37.000Z","HasOpenActivity":false,"Type":"Existing Customer -  (7 more) ...","ExpectedRevenue":40.00,"CreatedById":"005ao0000003lheAAA","OwnerId":"005ao0000003lheAAA","IsWon":true,"CreatedDate":"2024-02-20T19:43:37.000Z","HasOverdueTask":false,"Id":"006ao000000rk8iAAA","ForecastCategoryName":"Closed","IsPrivate":false,"LastModifiedById":"005ao0000003lheAAA"}]|0x9bb72a3
11:43:37.4 (417525980)|SYSTEM_MODE_ENTER|false
11:43:37.4 (417552382)|HEAP_ALLOCATE|[55]|Bytes:5
11:43:37.4 (417563173)|STATEMENT_EXECUTE|[54]
11:43:37.4 (417565582)|STATEMENT_EXECUTE|[55]
11:43:37.4 (417586605)|HEAP_ALLOCATE|[55]|Bytes:4
11:43:37.4 (417658557)|VARIABLE_SCOPE_BEGIN|[55]|invoiceRecords|List<Invoice__c>|true|false
11:43:37.4 (417673419)|HEAP_ALLOCATE|[EXTERNAL]|Bytes:4
11:43:37.4 (417730521)|VARIABLE_ASSIGNMENT|[55]|invoiceRecords|[]|0x2026ec25
11:43:37.4 (417867959)|HEAP_ALLOCATE|[58]|Bytes:5
11:43:37.4 (417907392)|VARIABLE_SCOPE_BEGIN|[58]|o|Opportunity|true|false
11:43:37.4 (418280190)|VARIABLE_ASSIGNMENT|[58]|o|{"LastModifiedDate":"2024-02-20T19:43:37.000Z","IsDeleted":false,"AccountId":"001ao000006iDYwAAM","HasOpportunityLineItem":false,"StageName":"Closed Won","Amount":40.00,"Probability":100,"ForecastCategory":"Closed","IsClosed":true,"CloseDate":"2024-02-20T00:00:00.000Z","Name":"Test Account - Exist (31 more) ...","SystemModstamp":"2024-02-20T19:43:37.000Z","HasOpenActivity":false,"Type":"Existing Customer -  (7 more) ...","ExpectedRevenue":40.00,"CreatedById":"005ao0000003lheAAA","OwnerId":"005ao0000003lheAAA","IsWon":true,"CreatedDate":"2024-02-20T19:43:37.000Z","HasOverdueTask":false,"Id":"006ao000000rk8iAAA","ForecastCategoryName":"Closed","IsPrivate":false,"LastModifiedById":"005ao0000003lheAAA"}|0x704a723b
11:43:37.4 (418294052)|STATEMENT_EXECUTE|[58]
11:43:37.4 (418328014)|STATEMENT_EXECUTE|[60]
11:43:37.4 (418329644)|STATEMENT_EXECUTE|[61]
11:43:37.4 (418356325)|METHOD_ENTRY|[61]|01pao0000015Cj7|OppHandler.CreateInvoice(Opportunity)
11:43:37.4 (418412088)|VARIABLE_SCOPE_BEGIN|[27]|o|Opportunity|true|false
11:43:37.4 (419868136)|VARIABLE_ASSIGNMENT|[27]|o|{"LastModifiedDate":"2024-02-20T19:43:37.000Z","IsDeleted":false,"AccountId":"001ao000006iDYwAAM","HasOpportunityLineItem":false,"StageName":"Closed Won","Amount":40.00,"Probability":100,"ForecastCategory":"Closed","IsClosed":true,"CloseDate":"2024-02-20T00:00:00.000Z","Name":"Test Account - Exist (31 more) ...","SystemModstamp":"2024-02-20T19:43:37.000Z","HasOpenActivity":false,"Type":"Existing Customer -  (7 more) ...","ExpectedRevenue":40.00,"CreatedById":"005ao0000003lheAAA","OwnerId":"005ao0000003lheAAA","IsWon":true,"CreatedDate":"2024-02-20T19:43:37.000Z","HasOverdueTask":false,"Id":"006ao000000rk8iAAA","ForecastCategoryName":"Closed","IsPrivate":false,"LastModifiedById":"005ao0000003lheAAA"}|0x704a723b
11:43:37.4 (419918658)|HEAP_ALLOCATE|[28]|Bytes:5
11:43:37.4 (419923869)|STATEMENT_EXECUTE|[27]
11:43:37.4 (419925359)|STATEMENT_EXECUTE|[28]
11:43:37.4 (419958040)|HEAP_ALLOCATE|[28]|Bytes:4
11:43:37.4 (420142031)|VARIABLE_SCOPE_BEGIN|[28]|newInvoice|Invoice__c|true|false
11:43:37.4 (420183783)|VARIABLE_ASSIGNMENT|[28]|newInvoice|{}|0x67b3e8b8
11:43:37.4 (420188864)|STATEMENT_EXECUTE|[29]
11:43:37.4 (420336700)|VARIABLE_ASSIGNMENT|[29]|this.Opportunity__c|"006ao000000rk8iAAA"|0x67b3e8b8
11:43:37.4 (420344392)|STATEMENT_EXECUTE|[30]
11:43:37.4 (420402784)|VARIABLE_ASSIGNMENT|[30]|this.Amount__c|40.00|0x67b3e8b8
11:43:37.4 (420408155)|STATEMENT_EXECUTE|[31]
11:43:37.4 (420448197)|VARIABLE_ASSIGNMENT|[31]|this.Account__c|"001ao000006iDYwAAM"|0x67b3e8b8
11:43:37.4 (420476219)|STATEMENT_EXECUTE|[32]
11:43:37.4 (420574174)|HEAP_ALLOCATE|[32]|Bytes:4
11:43:37.4 (420630196)|VARIABLE_ASSIGNMENT|[32]|this.Due_Date__c|"2024-03-21T00:00:00.000Z"|0x67b3e8b8
11:43:37.4 (420635737)|STATEMENT_EXECUTE|[33]
11:43:37.4 (420646628)|METHOD_EXIT|[61]|01pao0000015Cj7|OppHandler.CreateInvoice(Opportunity)
11:43:37.4 (420665689)|HEAP_ALLOCATE|[EXTERNAL]|Bytes:4
11:43:37.4 (420684750)|HEAP_ALLOCATE|[58]|Bytes:5
11:43:37.4 (420697821)|VARIABLE_ASSIGNMENT|[58]|o|null|
11:43:37.4 (420730672)|STATEMENT_EXECUTE|[66]
11:43:37.4 (420732852)|STATEMENT_EXECUTE|[67]
11:43:37.4 (420880209)|DML_BEGIN|[67]|Op:Insert|Type:Invoice__c|Rows:1
11:43:37.4 (420969165)|HEAP_ALLOCATE|[EXTERNAL]|Bytes:8
11:43:37.4 (435013245)|CODE_UNIT_STARTED|[EXTERNAL]|01qao0000007bm1|masterInvoiceTrigger on Invoice trigger event BeforeInsert|__sfdc_trigger/masterInvoiceTrigger
11:43:37.4 (435095999)|HEAP_ALLOCATE|[EXTERNAL]|Bytes:8
11:43:37.4 (435332602)|HEAP_ALLOCATE|[EXTERNAL]|Bytes:4
11:43:37.4 (435366654)|VARIABLE_SCOPE_BEGIN|[1]|this|masterInvoiceTrigger|true|false
11:43:37.4 (435437327)|VARIABLE_ASSIGNMENT|[1]|this|{}|0x721a2263
11:43:37.4 (435541943)|HEAP_ALLOCATE|[EXTERNAL]|Bytes:4
11:43:37.4 (435665050)|VARIABLE_SCOPE_BEGIN|[1]|this|masterInvoiceTrigger|true|false
11:43:37.4 (435713582)|VARIABLE_ASSIGNMENT|[1]|this|{}|0x721a2263
11:43:37.4 (435728313)|STATEMENT_EXECUTE|[1]
11:43:37.4 (435753415)|STATEMENT_EXECUTE|[5]
11:43:37.4 (435760434)|STATEMENT_EXECUTE|[6]
11:43:37.4 (435766905)|STATEMENT_EXECUTE|[9]
11:43:37.4 (435775035)|STATEMENT_EXECUTE|[12]
11:43:37.4 (435781786)|STATEMENT_EXECUTE|[16]
11:43:37.435 (435795706)|CUMULATIVE_LIMIT_USAGE
11:43:37.435 (435795706)|LIMIT_USAGE_FOR_NS|(default)|
  Number of SOQL queries: 1 out of 100
  Number of query rows: 1 out of 50000
  Number of SOSL queries: 0 out of 20
  Number of DML statements: 3 out of 150
  Number of Publish Immediate DML: 0 out of 150
  Number of DML rows: 3 out of 10000
  Maximum CPU time: 0 out of 10000
  Maximum heap size: 0 out of 6000000
  Number of callouts: 0 out of 100
  Number of Email Invocations: 0 out of 10
  Number of future calls: 0 out of 50
  Number of queueable jobs added to the queue: 0 out of 50
  Number of Mobile Apex push calls: 0 out of 10

11:43:37.435 (435795706)|CUMULATIVE_LIMIT_USAGE_END

11:43:37.4 (436087353)|CODE_UNIT_FINISHED|masterInvoiceTrigger on Invoice trigger event BeforeInsert|__sfdc_trigger/masterInvoiceTrigger
11:43:37.4 (474619820)|CODE_UNIT_STARTED|[EXTERNAL]|01qao0000007bm1|masterInvoiceTrigger on Invoice trigger event AfterInsert|__sfdc_trigger/masterInvoiceTrigger
11:43:37.4 (474687874)|HEAP_ALLOCATE|[EXTERNAL]|Bytes:8
11:43:37.4 (474905976)|HEAP_ALLOCATE|[EXTERNAL]|Bytes:4
11:43:37.4 (474930407)|VARIABLE_SCOPE_BEGIN|[1]|this|masterInvoiceTrigger|true|false
11:43:37.4 (474982460)|VARIABLE_ASSIGNMENT|[1]|this|{}|0x10149516
11:43:37.4 (475043713)|HEAP_ALLOCATE|[EXTERNAL]|Bytes:4
11:43:37.4 (475056884)|VARIABLE_SCOPE_BEGIN|[1]|this|masterInvoiceTrigger|true|false
11:43:37.4 (475126177)|VARIABLE_ASSIGNMENT|[1]|this|{}|0x10149516
11:43:37.4 (475142148)|STATEMENT_EXECUTE|[1]
11:43:37.4 (475168441)|STATEMENT_EXECUTE|[5]
11:43:37.4 (475178201)|STATEMENT_EXECUTE|[16]
11:43:37.4 (475192231)|STATEMENT_EXECUTE|[17]
11:43:37.4 (475194602)|STATEMENT_EXECUTE|[18]
11:43:37.4 (479279040)|HEAP_ALLOCATE|[18]|Bytes:4
11:43:37.4 (479292630)|HEAP_ALLOCATE|[18]|Bytes:2
11:43:37.4 (479331942)|METHOD_ENTRY|[1]|01pao000001O23J|invoiceTriggerHandler.invoiceTriggerHandler()
11:43:37.4 (479338853)|STATEMENT_EXECUTE|[1]
11:43:37.4 (479345533)|STATEMENT_EXECUTE|[1]
11:43:37.4 (479359754)|HEAP_ALLOCATE|[18]|Bytes:5
11:43:37.4 (479374315)|METHOD_EXIT|[1]|invoiceTriggerHandler
11:43:37.4 (479414767)|METHOD_ENTRY|[18]|01pao000001O23J|invoiceTriggerHandler.applySharing(List<Invoice__c>)
11:43:37.4 (479464449)|VARIABLE_SCOPE_BEGIN|[3]|triggernew|List<Invoice__c>|true|false
11:43:37.4 (479845030)|VARIABLE_ASSIGNMENT|[3]|triggernew|[{"LastModifiedDate":"2024-02-20T19:43:37.000Z","IsDeleted":false,"Name__c":"INV-100020","Opportunity__c":"006ao000000rk8iAAA","Name":"a04ao000000AqlJ","SystemModstamp":"2024-02-20T19:43:37.000Z","OwnerId":"005ao0000003lheAAA","CreatedById":"005ao0000003lheAAA","Amount__c":40.00,"Due_Date__c":"2024-03-21T00:00:00.000Z","CreatedDate":"2024-02-20T19:43:37.000Z","Paid__c":false,"Account__c":"001ao000006iDYwAAM","Id":"a04ao000000AqlJAAS","LastModifiedById":"005ao0000003lheAAA"}]|0x15876f78
11:43:37.4 (479886512)|HEAP_ALLOCATE|[6]|Bytes:5
11:43:37.4 (479894872)|STATEMENT_EXECUTE|[3]
11:43:37.4 (479896622)|STATEMENT_EXECUTE|[6]
11:43:37.4 (479914033)|HEAP_ALLOCATE|[6]|Bytes:4
11:43:37.4 (480017639)|VARIABLE_SCOPE_BEGIN|[6]|oppIds|Set<Id>|true|false
11:43:37.4 (480064241)|VARIABLE_ASSIGNMENT|[6]|oppIds|[]|0x5791d11f
11:43:37.4 (480335636)|HEAP_ALLOCATE|[7]|Bytes:5
11:43:37.4 (480375608)|VARIABLE_SCOPE_BEGIN|[7]|inv|Invoice__c|true|false
11:43:37.4 (480571378)|VARIABLE_ASSIGNMENT|[7]|inv|{"LastModifiedDate":"2024-02-20T19:43:37.000Z","IsDeleted":false,"Name__c":"INV-100020","Opportunity__c":"006ao000000rk8iAAA","Name":"a04ao000000AqlJ","SystemModstamp":"2024-02-20T19:43:37.000Z","OwnerId":"005ao0000003lheAAA","CreatedById":"005ao0000003lheAAA","Amount__c":40.00,"Due_Date__c":"2024-03-21T00:00:00.000Z","CreatedDate":"2024-02-20T19:43:37.000Z","Paid__c":false,"Account__c":"001ao000006iDYwAAM","Id":"a04ao000000AqlJAAS","LastModifiedById":"005ao0000003lheAAA"}|0x73e2034d
11:43:37.4 (480587979)|STATEMENT_EXECUTE|[7]
11:43:37.4 (480589919)|STATEMENT_EXECUTE|[8]
11:43:37.4 (480675904)|HEAP_ALLOCATE|[EXTERNAL]|Bytes:4
11:43:37.4 (480704245)|HEAP_ALLOCATE|[7]|Bytes:5
11:43:37.4 (480724206)|VARIABLE_ASSIGNMENT|[7]|inv|null|
11:43:37.4 (480730997)|STATEMENT_EXECUTE|[11]
11:43:37.4 (480750379)|HEAP_ALLOCATE|[11]|Bytes:4
11:43:37.4 (480766608)|VARIABLE_SCOPE_BEGIN|[11]|ownerIds|Map<Id,Id>|true|false
11:43:37.4 (480787541)|VARIABLE_ASSIGNMENT|[11]|ownerIds|{}|0x2aa22d07
11:43:37.4 (480842162)|HEAP_ALLOCATE|[12]|Bytes:55
11:43:37.4 (480859193)|HEAP_ALLOCATE|[12]|Bytes:4
11:43:37.4 (481302418)|SOQL_EXECUTE_BEGIN|[12]|Aggregations:0|SELECT Id, OwnerId FROM Opportunity WHERE Id = :tmpVar1
11:43:37.4 (493545011)|SOQL_EXECUTE_END|[12]|Rows:1
11:43:37.4 (493596074)|HEAP_ALLOCATE|[EXTERNAL]|Bytes:8
11:43:37.4 (493762252)|HEAP_ALLOCATE|[12]|Bytes:28
11:43:37.4 (493802435)|HEAP_ALLOCATE|[12]|Bytes:8
11:43:37.4 (493815465)|HEAP_ALLOCATE|[12]|Bytes:8
11:43:37.4 (493818225)|HEAP_ALLOCATE|[12]|Bytes:8
11:43:37.4 (493830466)|VARIABLE_SCOPE_BEGIN|[15]|this|Database.QueryLocatorIterator|true|false
11:43:37.4 (493883009)|VARIABLE_ASSIGNMENT|[15]|this|{}|0x48397b53
11:43:37.4 (493888920)|VARIABLE_SCOPE_BEGIN|[15]|values|List<SObject>|true|false
11:43:37.4 (493920021)|VARIABLE_ASSIGNMENT|[15]|values|[{"Id":"006ao000000rk8iAAA","OwnerId":"005ao0000003lheAAA"}]|0x196e6c3
11:43:37.4 (493925131)|VARIABLE_SCOPE_BEGIN|[15]|ql|Database.QueryLocator|true|false
11:43:37.4 (493942403)|VARIABLE_ASSIGNMENT|[15]|ql|{"query":"SELECT Id, OwnerId F (35 more) ..."}|0x684f3e59
11:43:37.4 (493946302)|VARIABLE_SCOPE_BEGIN|[15]|totalNumRecords|Integer|false|false
11:43:37.4 (493953743)|VARIABLE_ASSIGNMENT|[15]|totalNumRecords|1
11:43:37.4 (493956933)|VARIABLE_SCOPE_BEGIN|[15]|queryMoreSize|Integer|false|false
11:43:37.4 (493961653)|VARIABLE_ASSIGNMENT|[15]|queryMoreSize|49998
11:43:37.4 (494062958)|HEAP_ALLOCATE|[12]|Bytes:28
11:43:37.4 (494090760)|METHOD_ENTRY|[12]||Database.QueryLocatorIterator.hasNext()
11:43:37.4 (494146774)|METHOD_EXIT|[12]||Database.QueryLocatorIterator.hasNext()
11:43:37.4 (494154633)|METHOD_ENTRY|[12]||Database.QueryLocatorIterator.next()
11:43:37.4 (494227618)|METHOD_EXIT|[12]||Database.QueryLocatorIterator.next()
11:43:37.4 (494239139)|VARIABLE_SCOPE_BEGIN|[12]|o|Opportunity|true|false
11:43:37.4 (494255590)|VARIABLE_ASSIGNMENT|[12]|o|{"Id":"006ao000000rk8iAAA","OwnerId":"005ao0000003lheAAA"}|0x55c3cda0
11:43:37.4 (494261919)|STATEMENT_EXECUTE|[12]
11:43:37.4 (494263540)|STATEMENT_EXECUTE|[13]
11:43:37.4 (494362534)|HEAP_ALLOCATE|[EXTERNAL]|Bytes:-4
11:43:37.4 (494376485)|METHOD_ENTRY|[12]||Database.QueryLocatorIterator.hasNext()
11:43:37.4 (494411668)|METHOD_EXIT|[12]||Database.QueryLocatorIterator.hasNext()
11:43:37.4 (494434048)|VARIABLE_ASSIGNMENT|[12]|o|null|
11:43:37.4 (494463610)|STATEMENT_EXECUTE|[17]
11:43:37.4 (494468911)|HEAP_ALLOCATE|[17]|Bytes:94
11:43:37.4 (494488232)|HEAP_ALLOCATE|[17]|Bytes:4
11:43:37.4 (494828679)|SOQL_EXECUTE_BEGIN|[17]|Aggregations:0|SELECT ID, DeveloperName FROM Group WHERE DeveloperName = 'SVPCustomerServiceSupportA' LIMIT 1
11:43:37.4 (500921865)|SOQL_EXECUTE_END|[17]|Rows:1
11:43:37.4 (500956697)|HEAP_ALLOCATE|[17]|Bytes:8
11:43:37.4 (500991679)|HEAP_ALLOCATE|[17]|Bytes:72
11:43:37.4 (501075953)|HEAP_ALLOCATE|[17]|Bytes:8
11:43:37.4 (501091094)|HEAP_ALLOCATE|[17]|Bytes:31
11:43:37.4 (501167218)|HEAP_ALLOCATE|[17]|Bytes:12
11:43:37.4 (501177889)|VARIABLE_SCOPE_BEGIN|[17]|SVPGroup|Group|true|false
11:43:37.4 (501206380)|VARIABLE_ASSIGNMENT|[17]|SVPGroup|{"Id":"00Gao0000002u6FEAQ","DeveloperName":"SVPCustomerServiceSu (6 more) ..."}|0x24de7ccd
11:43:37.4 (501211871)|STATEMENT_EXECUTE|[19]
11:43:37.4 (501300265)|HEAP_ALLOCATE|[19]|Bytes:4
11:43:37.4 (501377589)|VARIABLE_SCOPE_BEGIN|[19]|newShares|List<Invoice__Share>|true|false
11:43:37.4 (501401651)|HEAP_ALLOCATE|[EXTERNAL]|Bytes:4
11:43:37.4 (501418531)|VARIABLE_ASSIGNMENT|[19]|newShares|[]|0x7f58b5c3
11:43:37.4 (501479215)|HEAP_ALLOCATE|[20]|Bytes:5
11:43:37.4 (501501246)|VARIABLE_SCOPE_BEGIN|[20]|inv|Invoice__c|true|false
11:43:37.4 (501697417)|VARIABLE_ASSIGNMENT|[20]|inv|{"LastModifiedDate":"2024-02-20T19:43:37.000Z","IsDeleted":false,"Name__c":"INV-100020","Opportunity__c":"006ao000000rk8iAAA","Name":"a04ao000000AqlJ","SystemModstamp":"2024-02-20T19:43:37.000Z","OwnerId":"005ao0000003lheAAA","CreatedById":"005ao0000003lheAAA","Amount__c":40.00,"Due_Date__c":"2024-03-21T00:00:00.000Z","CreatedDate":"2024-02-20T19:43:37.000Z","Paid__c":false,"Account__c":"001ao000006iDYwAAM","Id":"a04ao000000AqlJAAS","LastModifiedById":"005ao0000003lheAAA"}|0x73e2034d
11:43:37.4 (501708027)|STATEMENT_EXECUTE|[20]
11:43:37.4 (501709717)|STATEMENT_EXECUTE|[21]
11:43:37.4 (501747599)|HEAP_ALLOCATE|[21]|Bytes:4
11:43:37.4 (501875227)|VARIABLE_SCOPE_BEGIN|[21]|ownerShare|Invoice__Share|true|false
11:43:37.4 (501890737)|VARIABLE_ASSIGNMENT|[21]|ownerShare|{}|0x14318233
11:43:37.4 (501931079)|STATEMENT_EXECUTE|[22]
11:43:37.4 (502118120)|VARIABLE_ASSIGNMENT|[22]|this.ParentId|"a04ao000000AqlJAAS"|0x14318233
11:43:37.4 (502126489)|STATEMENT_EXECUTE|[23]
11:43:37.4 (502251087)|VARIABLE_ASSIGNMENT|[23]|this.UserOrGroupId|"005ao0000003lheAAA"|0x14318233
11:43:37.4 (502258276)|STATEMENT_EXECUTE|[24]
11:43:37.4 (502261986)|HEAP_ALLOCATE|[24]|Bytes:4
11:43:37.4 (502294339)|VARIABLE_ASSIGNMENT|[24]|this.AccessLevel|"Read"|0x14318233
11:43:37.4 (502299489)|STATEMENT_EXECUTE|[25]
11:43:37.4 (502301899)|HEAP_ALLOCATE|[25]|Bytes:20
11:43:37.4 (502339781)|VARIABLE_ASSIGNMENT|[25]|this.RowCause|"Opportunity_Owner__c"|0x14318233
11:43:37.4 (502345161)|STATEMENT_EXECUTE|[26]
11:43:37.4 (502375762)|HEAP_ALLOCATE|[EXTERNAL]|Bytes:4
11:43:37.4 (502401514)|HEAP_ALLOCATE|[20]|Bytes:5
11:43:37.4 (502417335)|VARIABLE_ASSIGNMENT|[20]|inv|null|
11:43:37.4 (502422725)|STATEMENT_EXECUTE|[28]
11:43:37.4 (502542632)|USER_DEBUG|[28]|DEBUG|(Invoice__Share:{ParentId=a04ao000000AqlJAAS, UserOrGroupId=005ao0000003lheAAA, AccessLevel=Read, RowCause=Opportunity_Owner__c})
11:43:37.4 (502555842)|STATEMENT_EXECUTE|[29]
11:43:37.4 (502643237)|DML_BEGIN|[29]|Op:Insert|Type:Invoice__Share|Rows:1
11:43:37.4 (502707100)|HEAP_ALLOCATE|[EXTERNAL]|Bytes:8
11:43:37.4 (517776956)|DML_END|[29]
11:43:37.4 (518962829)|HEAP_ALLOCATE|[EXTERNAL]|Bytes:8
11:43:37.4 (519014802)|METHOD_EXIT|[18]|01pao000001O23J|invoiceTriggerHandler.applySharing(List<Invoice__c>)
11:43:37.4 (519078734)|STATEMENT_EXECUTE|[20]
11:43:37.4 (519097736)|STATEMENT_EXECUTE|[23]
11:43:37.4 (519120127)|STATEMENT_EXECUTE|[25]
11:43:37.519 (519143749)|CUMULATIVE_LIMIT_USAGE
11:43:37.519 (519143749)|LIMIT_USAGE_FOR_NS|(default)|
  Number of SOQL queries: 3 out of 100
  Number of query rows: 3 out of 50000
  Number of SOSL queries: 0 out of 20
  Number of DML statements: 4 out of 150
  Number of Publish Immediate DML: 0 out of 150
  Number of DML rows: 4 out of 10000
  Maximum CPU time: 0 out of 10000
  Maximum heap size: 0 out of 6000000
  Number of callouts: 0 out of 100
  Number of Email Invocations: 0 out of 10
  Number of future calls: 0 out of 50
  Number of queueable jobs added to the queue: 0 out of 50
  Number of Mobile Apex push calls: 0 out of 10

11:43:37.519 (519143749)|CUMULATIVE_LIMIT_USAGE_END

11:43:37.4 (519447725)|CODE_UNIT_FINISHED|masterInvoiceTrigger on Invoice trigger event AfterInsert|__sfdc_trigger/masterInvoiceTrigger
11:43:37.4 (535678092)|DML_END|[67]
11:43:37.4 (535743315)|HEAP_ALLOCATE|[EXTERNAL]|Bytes:8
11:43:37.4 (535791468)|SYSTEM_MODE_EXIT|false
11:43:37.4 (535815919)|METHOD_EXIT|[24]|01pao0000015Cj7|OppHandler.CreateInvoiceFromOpportunity(List<Opportunity>)
11:43:37.4 (535845430)|STATEMENT_EXECUTE|[27]
11:43:37.4 (535856531)|STATEMENT_EXECUTE|[31]
11:43:37.4 (535863681)|STATEMENT_EXECUTE|[35]
11:43:37.535 (535886283)|CUMULATIVE_LIMIT_USAGE
11:43:37.535 (535886283)|LIMIT_USAGE_FOR_NS|(default)|
  Number of SOQL queries: 3 out of 100
  Number of query rows: 3 out of 50000
  Number of SOSL queries: 0 out of 20
  Number of DML statements: 4 out of 150
  Number of Publish Immediate DML: 0 out of 150
  Number of DML rows: 4 out of 10000
  Maximum CPU time: 0 out of 10000
  Maximum heap size: 0 out of 6000000
  Number of callouts: 0 out of 100
  Number of Email Invocations: 0 out of 10
  Number of future calls: 0 out of 50
  Number of queueable jobs added to the queue: 0 out of 50
  Number of Mobile Apex push calls: 0 out of 10

11:43:37.535 (535886283)|CUMULATIVE_LIMIT_USAGE_END

11:43:37.4 (536186860)|CODE_UNIT_FINISHED|OppMasterTrigger on Opportunity trigger event AfterInsert|__sfdc_trigger/OppMasterTrigger
11:43:37.4 (554255694)|DML_END|[108]
11:43:37.4 (555394445)|STATEMENT_EXECUTE|[111]
11:43:37.4 (555441448)|HEAP_ALLOCATE|[111]|Bytes:4
11:43:37.4 (555516841)|VARIABLE_SCOPE_BEGIN|[111]|newInv|Invoice__c|true|false
11:43:37.4 (555547272)|VARIABLE_ASSIGNMENT|[111]|newInv|{}|0x1d052dbb
11:43:37.4 (555552313)|STATEMENT_EXECUTE|[112]
11:43:37.4 (555559633)|HEAP_ALLOCATE|[112]|Bytes:26
11:43:37.4 (555675199)|VARIABLE_ASSIGNMENT|[112]|this.Name|"Test Invoice #Positi (6 more) ..."|0x1d052dbb
11:43:37.4 (555681929)|STATEMENT_EXECUTE|[113]
11:43:37.4 (555734323)|HEAP_ALLOCATE|[113]|Bytes:28
11:43:37.4 (555739023)|HEAP_ALLOCATE|[113]|Bytes:28
11:43:37.4 (555798987)|VARIABLE_ASSIGNMENT|[113]|this.Amount__c|10|0x1d052dbb
11:43:37.4 (555805167)|STATEMENT_EXECUTE|[114]
11:43:37.4 (555907132)|HEAP_ALLOCATE|[114]|Bytes:4
11:43:37.4 (555937134)|HEAP_ALLOCATE|[114]|Bytes:4
11:43:37.4 (556003998)|VARIABLE_ASSIGNMENT|[114]|this.Due_Date__c|"2024-02-15T00:00:00.000Z"|0x1d052dbb
11:43:37.4 (556010558)|STATEMENT_EXECUTE|[115]
11:43:37.4 (556036369)|VARIABLE_ASSIGNMENT|[115]|this.Paid__c|false|0x1d052dbb
11:43:37.4 (556041869)|STATEMENT_EXECUTE|[116]
11:43:37.4 (556101463)|VARIABLE_ASSIGNMENT|[116]|this.Opportunity__c|"006ao000000rk8iAAA"|0x1d052dbb
11:43:37.4 (556107063)|STATEMENT_EXECUTE|[118]
11:43:37.4 (556158166)|HEAP_ALLOCATE|[EXTERNAL]|Bytes:4
11:43:37.4 (556167226)|STATEMENT_EXECUTE|[122]
11:43:37.4 (556251491)|HEAP_ALLOCATE|[122]|Bytes:98
11:43:37.4 (556281752)|SYSTEM_METHOD_ENTRY|[1]|Test.Test()
11:43:37.4 (556286012)|STATEMENT_EXECUTE|[1]
11:43:37.4 (556296663)|SYSTEM_METHOD_EXIT|[1]|Test
11:43:37.4 (556313654)|METHOD_ENTRY|[122]||System.Test.startTest()
11:43:37.4 (559443151)|METHOD_EXIT|[122]||System.Test.startTest()
11:43:37.4 (559455692)|STATEMENT_EXECUTE|[123]
11:43:37.4 (559480233)|METHOD_ENTRY|[123]|01pao000001O23J|invoiceTriggerHandler.applyLateFeeOnUnpaidInvoice(List<Invoice__c>)
11:43:37.4 (559520255)|VARIABLE_SCOPE_BEGIN|[38]|triggernew|List<Invoice__c>|true|false
11:43:37.4 (559576188)|VARIABLE_ASSIGNMENT|[38]|triggernew|[{"Name":"Test Invoice #Positi (6 more) ...","Amount__c":10,"Due_Date__c":"2024-02-15T00:00:00.000Z","Paid__c":false,"Opportunity__c":"006ao000000rk8iAAA"}]|0x1bbc6c6e
11:43:37.4 (561047087)|SYSTEM_MODE_ENTER|false
11:43:37.4 (561066748)|HEAP_ALLOCATE|[39]|Bytes:5
11:43:37.4 (561072977)|STATEMENT_EXECUTE|[38]
11:43:37.4 (561074728)|STATEMENT_EXECUTE|[39]
11:43:37.4 (561078999)|HEAP_ALLOCATE|[39]|Bytes:85
11:43:37.4 (561101430)|HEAP_ALLOCATE|[39]|Bytes:4
11:43:37.4 (561572345)|SOQL_EXECUTE_BEGIN|[39]|Aggregations:0|SELECT Id, Name, Due_Date__c, Paid__c, Amount__c FROM Invoice__c WHERE Id IN :tmpVar1
11:43:37.4 (579176516)|SOQL_EXECUTE_END|[39]|Rows:0
11:43:37.4 (579227587)|HEAP_ALLOCATE|[39]|Bytes:4
11:43:37.4 (579265760)|HEAP_ALLOCATE|[39]|Bytes:0
11:43:37.4 (579306222)|HEAP_ALLOCATE|[39]|Bytes:4
11:43:37.4 (579331294)|VARIABLE_SCOPE_BEGIN|[39]|fullInvList|List<Invoice__c>|true|false
11:43:37.4 (579362456)|VARIABLE_ASSIGNMENT|[39]|fullInvList|[]|0x16dcbc77
11:43:37.4 (579368616)|STATEMENT_EXECUTE|[41]
11:43:37.4 (579379986)|HEAP_ALLOCATE|[41]|Bytes:4
11:43:37.4 (579437189)|VARIABLE_SCOPE_BEGIN|[41]|invToUpdate|List<Invoice__c>|true|false
11:43:37.4 (579444629)|HEAP_ALLOCATE|[EXTERNAL]|Bytes:4
11:43:37.4 (579450999)|VARIABLE_ASSIGNMENT|[41]|invToUpdate|[]|0x15978659
11:43:37.4 (579523313)|HEAP_ALLOCATE|[42]|Bytes:5
11:43:37.4 (579547335)|VARIABLE_ASSIGNMENT|[42]|i|null|
11:43:37.4 (579553426)|STATEMENT_EXECUTE|[42]
11:43:37.4 (579558866)|SYSTEM_MODE_EXIT|false
11:43:37.4 (579574766)|METHOD_EXIT|[123]|01pao000001O23J|invoiceTriggerHandler.applyLateFeeOnUnpaidInvoice(List<Invoice__c>)
11:43:37.4 (579579846)|STATEMENT_EXECUTE|[124]
11:43:37.4 (579595758)|METHOD_ENTRY|[124]||System.Test.stopTest()
11:43:37.4 (579744295)|METHOD_EXIT|[124]||System.Test.stopTest()
11:43:37.4 (579750316)|STATEMENT_EXECUTE|[125]
11:43:37.4 (579765167)|HEAP_ALLOCATE|[125]|Bytes:24
11:43:37.4 (579861412)|USER_DEBUG|[125]|DEBUG|2024-02-15 00:00:00
11:43:37.4 (579871813)|STATEMENT_EXECUTE|[126]
11:43:37.4 (579877923)|HEAP_ALLOCATE|[126]|Bytes:24
11:43:37.4 (579907503)|HEAP_ALLOCATE|[126]|Bytes:28
11:43:37.4 (579915115)|HEAP_ALLOCATE|[126]|Bytes:16
11:43:37.4 (580037481)|EXCEPTION_THROWN|[126]|System.AssertException: Assertion Failed: Incorrect Amount: Expected: 10, Actual: 11
11:43:37.4 (580275244)|HEAP_ALLOCATE|[126]|Bytes:64
11:43:37.4 (580375239)|FATAL_ERROR|System.AssertException: Assertion Failed: Incorrect Amount: Expected: 10, Actual: 11

Class.invoicescontrollertest.posInvoiceTestCase: line 126, column 1
11:43:37.4 (580386340)|FATAL_ERROR|System.AssertException: Assertion Failed: Incorrect Amount: Expected: 10, Actual: 11

Class.invoicescontrollertest.posInvoiceTestCase: line 126, column 1
11:43:37.580 (580399501)|CUMULATIVE_LIMIT_USAGE
11:43:37.580 (580399501)|LIMIT_USAGE_FOR_NS|(default)|
  Number of SOQL queries: 3 out of 100
  Number of query rows: 3 out of 50000
  Number of SOSL queries: 0 out of 20
  Number of DML statements: 4 out of 150
  Number of Publish Immediate DML: 0 out of 150
  Number of DML rows: 4 out of 10000
  Maximum CPU time: 0 out of 10000
  Maximum heap size: 0 out of 6000000
  Number of callouts: 0 out of 100
  Number of Email Invocations: 0 out of 10
  Number of future calls: 0 out of 50
  Number of queueable jobs added to the queue: 0 out of 50
  Number of Mobile Apex push calls: 0 out of 10

11:43:37.580 (580399501)|TESTING_LIMITS
11:43:37.580 (580399501)|LIMIT_USAGE_FOR_NS|(default)|
  Number of SOQL queries: 1 out of 100
  Number of query rows: 0 out of 50000
  Number of SOSL queries: 0 out of 20
  Number of DML statements: 0 out of 150
  Number of Publish Immediate DML: 0 out of 150
  Number of DML rows: 0 out of 10000
  Maximum CPU time: 0 out of 10000
  Maximum heap size: 0 out of 6000000
  Number of callouts: 0 out of 100
  Number of Email Invocations: 0 out of 10
  Number of future calls: 0 out of 50
  Number of queueable jobs added to the queue: 0 out of 50
  Number of Mobile Apex push calls: 0 out of 10

11:43:37.580 (580399501)|CUMULATIVE_LIMIT_USAGE_END

11:43:37.4 (580473975)|CODE_UNIT_FINISHED|invoicescontrollertest.posInvoiceTestCase()
11:43:37.4 (580486015)|EXECUTION_FINISHED
