59.0 APEX_CODE,FINEST;APEX_PROFILING,INFO;CALLOUT,INFO;DB,INFO;NBA,INFO;SYSTEM,DEBUG;VALIDATION,INFO;VISUALFORCE,FINER;WAVE,INFO;WORKFLOW,INFO
11:41:28.4 (4937860)|USER_INFO|[EXTERNAL]|005ao0000003lhe|alex.downs@spdex450.edu|(GMT-08:00) Pacific Standard Time (America/Los_Angeles)|GMT-08:00
11:41:28.4 (4991301)|EXECUTION_STARTED
11:41:28.4 (5017261)|CODE_UNIT_STARTED|[EXTERNAL]|01pao000001Zu6n|invoicescontrollertest.posInvoiceTestCase()
11:41:28.4 (5266996)|HEAP_ALLOCATE|[79]|Bytes:3
11:41:28.4 (5389188)|HEAP_ALLOCATE|[84]|Bytes:152
11:41:28.4 (5411508)|HEAP_ALLOCATE|[399]|Bytes:408
11:41:28.4 (5426419)|HEAP_ALLOCATE|[412]|Bytes:408
11:41:28.4 (5438080)|HEAP_ALLOCATE|[520]|Bytes:48
11:41:28.4 (5465129)|HEAP_ALLOCATE|[139]|Bytes:6
11:41:28.4 (5484340)|HEAP_ALLOCATE|[EXTERNAL]|Bytes:347
11:41:28.4 (5515980)|METHOD_ENTRY|[2]|01pao000001Zu6n|invoicescontrollertest.invoicescontrollertest()
11:41:28.4 (5525430)|STATEMENT_EXECUTE|[2]
11:41:28.4 (5532682)|STATEMENT_EXECUTE|[2]
11:41:28.4 (5539111)|METHOD_EXIT|[2]|invoicescontrollertest
11:41:28.4 (5570651)|HEAP_ALLOCATE|[52]|Bytes:5
11:41:28.4 (5598283)|HEAP_ALLOCATE|[58]|Bytes:5
11:41:28.4 (5607763)|HEAP_ALLOCATE|[66]|Bytes:7
11:41:28.4 (5658473)|STATEMENT_EXECUTE|[95]
11:41:28.4 (5661724)|STATEMENT_EXECUTE|[98]
11:41:28.4 (5770675)|HEAP_ALLOCATE|[98]|Bytes:4
11:41:28.4 (5877717)|VARIABLE_SCOPE_BEGIN|[98]|newInvoices|List<Invoice__c>|true|false
11:41:28.4 (5919298)|HEAP_ALLOCATE|[EXTERNAL]|Bytes:4
11:41:28.4 (5956969)|VARIABLE_ASSIGNMENT|[98]|newInvoices|[]|0xcfc118
11:41:28.4 (5963859)|STATEMENT_EXECUTE|[99]
11:41:28.4 (5968419)|HEAP_ALLOCATE|[99]|Bytes:12
11:41:28.4 (8817551)|HEAP_ALLOCATE|[99]|Bytes:10
11:41:28.4 (8852401)|METHOD_ENTRY|[2]|01pao0000018irJ|testDataFactory.testDataFactory()
11:41:28.4 (8861411)|STATEMENT_EXECUTE|[2]
11:41:28.4 (8867571)|STATEMENT_EXECUTE|[2]
11:41:28.4 (8874382)|METHOD_EXIT|[2]|testDataFactory
11:41:28.4 (8919993)|METHOD_ENTRY|[99]|01pao0000018irJ|testDataFactory.createValidAccount(String)
11:41:28.4 (8990413)|VARIABLE_SCOPE_BEGIN|[4]|aName|String|false|false
11:41:28.4 (9010034)|VARIABLE_ASSIGNMENT|[4]|aName|"Test Account"
11:41:28.4 (9047875)|STATEMENT_EXECUTE|[4]
11:41:28.4 (9051195)|STATEMENT_EXECUTE|[5]
11:41:28.4 (9077966)|HEAP_ALLOCATE|[5]|Bytes:4
11:41:28.4 (9190238)|VARIABLE_SCOPE_BEGIN|[5]|a|Account|true|false
11:41:28.4 (9225468)|VARIABLE_ASSIGNMENT|[5]|a|{}|0x6ac7aea5
11:41:28.4 (9234577)|STATEMENT_EXECUTE|[6]
11:41:28.4 (9362431)|VARIABLE_ASSIGNMENT|[6]|this.Name|"Test Account"|0x6ac7aea5
11:41:28.4 (9371891)|STATEMENT_EXECUTE|[7]
11:41:28.4 (9381460)|METHOD_EXIT|[99]|01pao0000018irJ|testDataFactory.createValidAccount(String)
11:41:28.4 (9397571)|VARIABLE_SCOPE_BEGIN|[99]|a|Account|true|false
11:41:28.4 (9414741)|VARIABLE_ASSIGNMENT|[99]|a|{"Name":"Test Account"}|0x6ac7aea5
11:41:28.4 (9420072)|STATEMENT_EXECUTE|[100]
11:41:28.4 (9457252)|HEAP_ALLOCATE|[100]|Bytes:8
11:41:28.4 (9481243)|DML_BEGIN|[100]|Op:Insert|Type:Account|Rows:1
11:41:28.4 (9542054)|HEAP_ALLOCATE|[EXTERNAL]|Bytes:8
11:41:28.4 (78967198)|DML_END|[100]
11:41:28.4 (79331954)|STATEMENT_EXECUTE|[101]
11:41:28.4 (79435986)|HEAP_ALLOCATE|[101]|Bytes:4
11:41:28.4 (79597639)|VARIABLE_SCOPE_BEGIN|[101]|o|Opportunity|true|false
11:41:28.4 (79640050)|VARIABLE_ASSIGNMENT|[101]|o|{}|0x2ccb53c8
11:41:28.4 (79648110)|STATEMENT_EXECUTE|[102]
11:41:28.4 (79657120)|HEAP_ALLOCATE|[102]|Bytes:8
11:41:28.4 (79781582)|VARIABLE_ASSIGNMENT|[102]|this.Name|"test Opp"|0x2ccb53c8
11:41:28.4 (79791842)|STATEMENT_EXECUTE|[103]
11:41:28.4 (79841573)|HEAP_ALLOCATE|[103]|Bytes:28
11:41:28.4 (79890164)|VARIABLE_ASSIGNMENT|[103]|this.Amount|40|0x2ccb53c8
11:41:28.4 (79897404)|STATEMENT_EXECUTE|[104]
11:41:28.4 (79901764)|HEAP_ALLOCATE|[104]|Bytes:27
11:41:28.4 (79937045)|VARIABLE_ASSIGNMENT|[104]|this.Type|"Existing Customer -  (7 more) ..."|0x2ccb53c8
11:41:28.4 (79944135)|STATEMENT_EXECUTE|[105]
11:41:28.4 (79948105)|HEAP_ALLOCATE|[105]|Bytes:10
11:41:28.4 (79976486)|VARIABLE_ASSIGNMENT|[105]|this.StageName|"Closed Won"|0x2ccb53c8
11:41:28.4 (79983477)|STATEMENT_EXECUTE|[106]
11:41:28.4 (80095098)|HEAP_ALLOCATE|[106]|Bytes:4
11:41:28.4 (80184939)|VARIABLE_ASSIGNMENT|[106]|this.CloseDate|"2024-02-20T00:00:00.000Z"|0x2ccb53c8
11:41:28.4 (80195210)|STATEMENT_EXECUTE|[107]
11:41:28.4 (80315662)|VARIABLE_ASSIGNMENT|[107]|this.AccountId|"001ao000006h1GlAAI"|0x2ccb53c8
11:41:28.4 (80326403)|STATEMENT_EXECUTE|[108]
11:41:28.4 (80363683)|HEAP_ALLOCATE|[108]|Bytes:8
11:41:28.4 (80390204)|DML_BEGIN|[108]|Op:Insert|Type:Opportunity|Rows:1
11:41:28.4 (80465824)|HEAP_ALLOCATE|[EXTERNAL]|Bytes:8
11:41:28.4 (97225890)|CODE_UNIT_STARTED|[EXTERNAL]|01qao00000061vt|OppMasterTrigger on Opportunity trigger event BeforeInsert|__sfdc_trigger/OppMasterTrigger
11:41:28.4 (97313342)|HEAP_ALLOCATE|[EXTERNAL]|Bytes:8
11:41:28.4 (97478855)|HEAP_ALLOCATE|[EXTERNAL]|Bytes:4
11:41:28.4 (97507555)|VARIABLE_SCOPE_BEGIN|[1]|this|OppMasterTrigger|true|false
11:41:28.4 (97568746)|VARIABLE_ASSIGNMENT|[1]|this|{}|0x1894b85
11:41:28.4 (97632277)|HEAP_ALLOCATE|[EXTERNAL]|Bytes:4
11:41:28.4 (97743499)|VARIABLE_SCOPE_BEGIN|[1]|this|OppMasterTrigger|true|false
11:41:28.4 (97767780)|VARIABLE_ASSIGNMENT|[1]|this|{}|0x1894b85
11:41:28.4 (97777710)|STATEMENT_EXECUTE|[1]
11:41:28.4 (97807790)|STATEMENT_EXECUTE|[6]
11:41:28.4 (97815301)|STATEMENT_EXECUTE|[7]
11:41:28.4 (97817261)|STATEMENT_EXECUTE|[8]
11:41:28.4 (100843746)|HEAP_ALLOCATE|[8]|Bytes:10
11:41:28.4 (100919957)|METHOD_ENTRY|[1]|01pao0000015Cj7|OppHandler.OppHandler()
11:41:28.4 (100932757)|STATEMENT_EXECUTE|[1]
11:41:28.4 (100939837)|STATEMENT_EXECUTE|[1]
11:41:28.4 (101661210)|SYSTEM_MODE_ENTER|false
11:41:28.4 (101724712)|HEAP_ALLOCATE|[8]|Bytes:5
11:41:28.4 (101741502)|SYSTEM_MODE_EXIT|false
11:41:28.4 (101774473)|METHOD_EXIT|[1]|OppHandler
11:41:28.4 (101821234)|METHOD_ENTRY|[8]|01pao0000015Cj7|OppHandler.applyNamingConvention(List<Opportunity>)
11:41:28.4 (101875965)|VARIABLE_SCOPE_BEGIN|[3]|triggerNew|List<Opportunity>|true|false
11:41:28.4 (103033116)|VARIABLE_ASSIGNMENT|[3]|triggerNew|[{"IsDeleted":false,"AccountId":"001ao000006h1GlAAI","HasOpportunityLineItem":false,"StageName":"Closed Won","Amount":40.00,"Probability":100,"ForecastCategory":"Closed","IsClosed":true,"CloseDate":"2024-02-20T00:00:00.000Z","Name":"test Opp","HasOpenActivity":false,"Type":"Existing Customer -  (7 more) ...","OwnerId":"005ao0000003lheAAA","IsWon":true,"HasOverdueTask":false,"ForecastCategoryName":"Closed","IsPrivate":false}]|0x44561522
11:41:28.4 (103086826)|SYSTEM_MODE_ENTER|false
11:41:28.4 (103113807)|HEAP_ALLOCATE|[10]|Bytes:5
11:41:28.4 (103122157)|STATEMENT_EXECUTE|[3]
11:41:28.4 (103125347)|STATEMENT_EXECUTE|[10]
11:41:28.4 (103184918)|HEAP_ALLOCATE|[10]|Bytes:4
11:41:28.4 (103235689)|VARIABLE_SCOPE_BEGIN|[10]|parentAccounts|Map<Id,Account>|true|false
11:41:28.4 (103259710)|VARIABLE_ASSIGNMENT|[10]|parentAccounts|{}|0x3b8cc6b3
11:41:28.4 (103267720)|STATEMENT_EXECUTE|[11]
11:41:28.4 (103282980)|HEAP_ALLOCATE|[11]|Bytes:4
11:41:28.4 (103366051)|VARIABLE_SCOPE_BEGIN|[11]|parentIds|Set<Id>|true|false
11:41:28.4 (103421912)|VARIABLE_ASSIGNMENT|[11]|parentIds|[]|0x4dcd82fd
11:41:28.4 (103708888)|HEAP_ALLOCATE|[12]|Bytes:5
11:41:28.4 (103814739)|HEAP_ALLOCATE|[12]|Bytes:4
11:41:28.4 (103836170)|VARIABLE_SCOPE_BEGIN|[12]|o|Opportunity|true|false
11:41:28.4 (104675806)|VARIABLE_ASSIGNMENT|[12]|o|{"IsDeleted":false,"AccountId":"001ao000006h1GlAAI","HasOpportunityLineItem":false,"StageName":"Closed Won","Amount":40.00,"Probability":100,"ForecastCategory":"Closed","IsClosed":true,"CloseDate":"2024-02-20T00:00:00.000Z","Name":"test Opp","HasOpenActivity":false,"Type":"Existing Customer -  (7 more) ...","OwnerId":"005ao0000003lheAAA","IsWon":true,"HasOverdueTask":false,"ForecastCategoryName":"Closed","IsPrivate":false}|0x2e08952e
11:41:28.4 (104701576)|STATEMENT_EXECUTE|[12]
11:41:28.4 (104704566)|STATEMENT_EXECUTE|[13]
11:41:28.4 (104805868)|HEAP_ALLOCATE|[EXTERNAL]|Bytes:4
11:41:28.4 (104842598)|HEAP_ALLOCATE|[12]|Bytes:5
11:41:28.4 (104866198)|VARIABLE_ASSIGNMENT|[12]|o|null|
11:41:28.4 (104912570)|HEAP_ALLOCATE|[15]|Bytes:48
11:41:28.4 (104940511)|HEAP_ALLOCATE|[15]|Bytes:4
11:41:28.4 (104955141)|HEAP_ALLOCATE|[15]|Bytes:7
11:41:28.4 (105495320)|SOQL_EXECUTE_BEGIN|[15]|Aggregations:0|SELECT Id, Name FROM Account WHERE Id = :tmpVar1
11:41:28.4 (111999979)|SOQL_EXECUTE_END|[15]|Rows:1
11:41:28.4 (112056329)|HEAP_ALLOCATE|[EXTERNAL]|Bytes:8
11:41:28.4 (112381156)|HEAP_ALLOCATE|[15]|Bytes:54
11:41:28.4 (112397836)|HEAP_ALLOCATE|[15]|Bytes:8
11:41:28.4 (112414067)|SYSTEM_METHOD_ENTRY|[7]|QueryLocatorIterator.QueryLocatorIterator()
11:41:28.4 (112422046)|STATEMENT_EXECUTE|[7]
11:41:28.4 (112436277)|SYSTEM_METHOD_EXIT|[7]|QueryLocatorIterator
11:41:28.4 (112447726)|HEAP_ALLOCATE|[15]|Bytes:28
11:41:28.4 (112506937)|HEAP_ALLOCATE|[15]|Bytes:8
11:41:28.4 (112526418)|HEAP_ALLOCATE|[15]|Bytes:8
11:41:28.4 (112531249)|HEAP_ALLOCATE|[15]|Bytes:8
11:41:28.4 (112538058)|VARIABLE_SCOPE_BEGIN|[15]|this|Database.QueryLocatorIterator|true|false
11:41:28.4 (112593410)|VARIABLE_ASSIGNMENT|[15]|this|{}|0x75f66fec
11:41:28.4 (112600390)|VARIABLE_SCOPE_BEGIN|[15]|values|List<SObject>|true|false
11:41:28.4 (112629041)|VARIABLE_ASSIGNMENT|[15]|values|[{"Id":"001ao000006h1GlAAI","Name":"Test Account"}]|0x1fb42128
11:41:28.4 (112634471)|VARIABLE_SCOPE_BEGIN|[15]|ql|Database.QueryLocator|true|false
11:41:28.4 (112652971)|VARIABLE_ASSIGNMENT|[15]|ql|{"query":"SELECT Id, Name FROM (28 more) ..."}|0x59ae6116
11:41:28.4 (112658401)|VARIABLE_SCOPE_BEGIN|[15]|totalNumRecords|Integer|false|false
11:41:28.4 (112667820)|VARIABLE_ASSIGNMENT|[15]|totalNumRecords|1
11:41:28.4 (112671751)|VARIABLE_SCOPE_BEGIN|[15]|queryMoreSize|Integer|false|false
11:41:28.4 (112677671)|VARIABLE_ASSIGNMENT|[15]|queryMoreSize|49999
11:41:28.4 (113497026)|HEAP_ALLOCATE|[15]|Bytes:28
11:41:28.4 (113536027)|METHOD_ENTRY|[15]||Database.QueryLocatorIterator.hasNext()
11:41:28.4 (113689869)|METHOD_EXIT|[15]||Database.QueryLocatorIterator.hasNext()
11:41:28.4 (113708770)|METHOD_ENTRY|[15]||Database.QueryLocatorIterator.next()
11:41:28.4 (113812052)|METHOD_EXIT|[15]||Database.QueryLocatorIterator.next()
11:41:28.4 (113837902)|VARIABLE_SCOPE_BEGIN|[15]|a|Account|true|false
11:41:28.4 (113872693)|VARIABLE_ASSIGNMENT|[15]|a|{"Id":"001ao000006h1GlAAI","Name":"Test Account"}|0x59dec553
11:41:28.4 (113881473)|STATEMENT_EXECUTE|[15]
11:41:28.4 (113884253)|STATEMENT_EXECUTE|[16]
11:41:28.4 (113962564)|HEAP_ALLOCATE|[EXTERNAL]|Bytes:-4
11:41:28.4 (113983285)|METHOD_ENTRY|[15]||Database.QueryLocatorIterator.hasNext()
11:41:28.4 (114009125)|METHOD_EXIT|[15]||Database.QueryLocatorIterator.hasNext()
11:41:28.4 (114022275)|VARIABLE_ASSIGNMENT|[15]|a|null|
11:41:28.4 (114099197)|HEAP_ALLOCATE|[21]|Bytes:5
11:41:28.4 (114134657)|HEAP_ALLOCATE|[21]|Bytes:4
11:41:28.4 (114146099)|VARIABLE_SCOPE_BEGIN|[21]|o|Opportunity|true|false
11:41:28.4 (114609936)|VARIABLE_ASSIGNMENT|[21]|o|{"IsDeleted":false,"AccountId":"001ao000006h1GlAAI","HasOpportunityLineItem":false,"StageName":"Closed Won","Amount":40.00,"Probability":100,"ForecastCategory":"Closed","IsClosed":true,"CloseDate":"2024-02-20T00:00:00.000Z","Name":"test Opp","HasOpenActivity":false,"Type":"Existing Customer -  (7 more) ...","OwnerId":"005ao0000003lheAAA","IsWon":true,"HasOverdueTask":false,"ForecastCategoryName":"Closed","IsPrivate":false}|0x2e08952e
11:41:28.4 (114625107)|STATEMENT_EXECUTE|[21]
11:41:28.4 (114628446)|STATEMENT_EXECUTE|[22]
11:41:28.4 (114741418)|HEAP_ALLOCATE|[22]|Bytes:3
11:41:28.4 (114873362)|HEAP_ALLOCATE|[23]|Bytes:1
11:41:28.4 (114889221)|HEAP_ALLOCATE|[23]|Bytes:1
11:41:28.4 (114903691)|HEAP_ALLOCATE|[22]|Bytes:47
11:41:28.4 (114942993)|HEAP_ALLOCATE|[23]|Bytes:4
11:41:28.4 (114960942)|HEAP_ALLOCATE|[22]|Bytes:51
11:41:28.4 (115483643)|VARIABLE_ASSIGNMENT|[22]|this.Name|"Test Account - Exist (31 more) ..."|0x2e08952e
11:41:28.4 (115543833)|HEAP_ALLOCATE|[21]|Bytes:5
11:41:28.4 (115563473)|VARIABLE_ASSIGNMENT|[21]|o|null|
11:41:28.4 (115575793)|SYSTEM_MODE_EXIT|false
11:41:28.4 (115592073)|METHOD_EXIT|[8]|01pao0000015Cj7|OppHandler.applyNamingConvention(List<Opportunity>)
11:41:28.4 (115616165)|STATEMENT_EXECUTE|[12]
11:41:28.4 (115627325)|STATEMENT_EXECUTE|[16]
11:41:28.4 (115638205)|STATEMENT_EXECUTE|[22]
11:41:28.115 (115665206)|CUMULATIVE_LIMIT_USAGE
11:41:28.115 (115665206)|LIMIT_USAGE_FOR_NS|(default)|
  Number of SOQL queries: 1 out of 100
  Number of query rows: 1 out of 50000
  Number of SOSL queries: 0 out of 20
  Number of DML statements: 2 out of 150
  Number of Publish Immediate DML: 0 out of 150
  Number of DML rows: 2 out of 10000
  Maximum CPU time: 0 out of 10000
  Maximum heap size: 0 out of 6000000
  Number of callouts: 0 out of 100
  Number of Email Invocations: 0 out of 10
  Number of future calls: 0 out of 50
  Number of queueable jobs added to the queue: 0 out of 50
  Number of Mobile Apex push calls: 0 out of 10

11:41:28.115 (115665206)|CUMULATIVE_LIMIT_USAGE_END

11:41:28.4 (116384159)|CODE_UNIT_FINISHED|OppMasterTrigger on Opportunity trigger event BeforeInsert|__sfdc_trigger/OppMasterTrigger
11:41:28.4 (147201809)|CODE_UNIT_STARTED|[EXTERNAL]|01qao00000061vt|OppMasterTrigger on Opportunity trigger event AfterInsert|__sfdc_trigger/OppMasterTrigger
11:41:28.4 (147296151)|HEAP_ALLOCATE|[EXTERNAL]|Bytes:8
11:41:28.4 (147523986)|HEAP_ALLOCATE|[EXTERNAL]|Bytes:4
11:41:28.4 (147547436)|VARIABLE_SCOPE_BEGIN|[1]|this|OppMasterTrigger|true|false
11:41:28.4 (147601137)|VARIABLE_ASSIGNMENT|[1]|this|{}|0x7d3f9b54
11:41:28.4 (147655528)|HEAP_ALLOCATE|[EXTERNAL]|Bytes:4
11:41:28.4 (147666698)|VARIABLE_SCOPE_BEGIN|[1]|this|OppMasterTrigger|true|false
11:41:28.4 (147685578)|VARIABLE_ASSIGNMENT|[1]|this|{}|0x7d3f9b54
11:41:28.4 (147697019)|STATEMENT_EXECUTE|[1]
11:41:28.4 (147720749)|STATEMENT_EXECUTE|[6]
11:41:28.4 (147733829)|STATEMENT_EXECUTE|[22]
11:41:28.4 (147748780)|STATEMENT_EXECUTE|[23]
11:41:28.4 (147752500)|STATEMENT_EXECUTE|[24]
11:41:28.4 (147828801)|METHOD_ENTRY|[24]|01pao0000015Cj7|OppHandler.CreateInvoiceFromOpportunity(List<Opportunity>)
11:41:28.4 (147875862)|VARIABLE_SCOPE_BEGIN|[54]|triggerNew|List<Opportunity>|true|false
11:41:28.4 (149709305)|VARIABLE_ASSIGNMENT|[54]|triggerNew|[{"LastModifiedDate":"2024-02-20T19:41:28.000Z","IsDeleted":false,"AccountId":"001ao000006h1GlAAI","HasOpportunityLineItem":false,"StageName":"Closed Won","Amount":40.00,"Probability":100,"ForecastCategory":"Closed","IsClosed":true,"CloseDate":"2024-02-20T00:00:00.000Z","Name":"Test Account - Exist (31 more) ...","SystemModstamp":"2024-02-20T19:41:28.000Z","HasOpenActivity":false,"Type":"Existing Customer -  (7 more) ...","ExpectedRevenue":40.00,"CreatedById":"005ao0000003lheAAA","OwnerId":"005ao0000003lheAAA","IsWon":true,"CreatedDate":"2024-02-20T19:41:28.000Z","HasOverdueTask":false,"Id":"006ao000000rksjAAA","ForecastCategoryName":"Closed","IsPrivate":false,"LastModifiedById":"005ao0000003lheAAA"}]|0x281fa248
11:41:28.4 (150410148)|SYSTEM_MODE_ENTER|false
11:41:28.4 (150438428)|HEAP_ALLOCATE|[55]|Bytes:5
11:41:28.4 (150447739)|STATEMENT_EXECUTE|[54]
11:41:28.4 (150450479)|STATEMENT_EXECUTE|[55]
11:41:28.4 (150468059)|HEAP_ALLOCATE|[55]|Bytes:4
11:41:28.4 (150523860)|VARIABLE_SCOPE_BEGIN|[55]|invoiceRecords|List<Invoice__c>|true|false
11:41:28.4 (150539950)|HEAP_ALLOCATE|[EXTERNAL]|Bytes:4
11:41:28.4 (150556851)|VARIABLE_ASSIGNMENT|[55]|invoiceRecords|[]|0x172dfc93
11:41:28.4 (150620402)|HEAP_ALLOCATE|[58]|Bytes:5
11:41:28.4 (150654952)|VARIABLE_SCOPE_BEGIN|[58]|o|Opportunity|true|false
11:41:28.4 (150996048)|VARIABLE_ASSIGNMENT|[58]|o|{"LastModifiedDate":"2024-02-20T19:41:28.000Z","IsDeleted":false,"AccountId":"001ao000006h1GlAAI","HasOpportunityLineItem":false,"StageName":"Closed Won","Amount":40.00,"Probability":100,"ForecastCategory":"Closed","IsClosed":true,"CloseDate":"2024-02-20T00:00:00.000Z","Name":"Test Account - Exist (31 more) ...","SystemModstamp":"2024-02-20T19:41:28.000Z","HasOpenActivity":false,"Type":"Existing Customer -  (7 more) ...","ExpectedRevenue":40.00,"CreatedById":"005ao0000003lheAAA","OwnerId":"005ao0000003lheAAA","IsWon":true,"CreatedDate":"2024-02-20T19:41:28.000Z","HasOverdueTask":false,"Id":"006ao000000rksjAAA","ForecastCategoryName":"Closed","IsPrivate":false,"LastModifiedById":"005ao0000003lheAAA"}|0x16c93019
11:41:28.4 (151011729)|STATEMENT_EXECUTE|[58]
11:41:28.4 (151048859)|STATEMENT_EXECUTE|[60]
11:41:28.4 (151051879)|STATEMENT_EXECUTE|[61]
11:41:28.4 (151074570)|METHOD_ENTRY|[61]|01pao0000015Cj7|OppHandler.CreateInvoice(Opportunity)
11:41:28.4 (151108480)|VARIABLE_SCOPE_BEGIN|[27]|o|Opportunity|true|false
11:41:28.4 (151367885)|VARIABLE_ASSIGNMENT|[27]|o|{"LastModifiedDate":"2024-02-20T19:41:28.000Z","IsDeleted":false,"AccountId":"001ao000006h1GlAAI","HasOpportunityLineItem":false,"StageName":"Closed Won","Amount":40.00,"Probability":100,"ForecastCategory":"Closed","IsClosed":true,"CloseDate":"2024-02-20T00:00:00.000Z","Name":"Test Account - Exist (31 more) ...","SystemModstamp":"2024-02-20T19:41:28.000Z","HasOpenActivity":false,"Type":"Existing Customer -  (7 more) ...","ExpectedRevenue":40.00,"CreatedById":"005ao0000003lheAAA","OwnerId":"005ao0000003lheAAA","IsWon":true,"CreatedDate":"2024-02-20T19:41:28.000Z","HasOverdueTask":false,"Id":"006ao000000rksjAAA","ForecastCategoryName":"Closed","IsPrivate":false,"LastModifiedById":"005ao0000003lheAAA"}|0x16c93019
11:41:28.4 (151419766)|HEAP_ALLOCATE|[28]|Bytes:5
11:41:28.4 (151427406)|STATEMENT_EXECUTE|[27]
11:41:28.4 (151429577)|STATEMENT_EXECUTE|[28]
11:41:28.4 (151461757)|HEAP_ALLOCATE|[28]|Bytes:4
11:41:28.4 (151576009)|VARIABLE_SCOPE_BEGIN|[28]|newInvoice|Invoice__c|true|false
11:41:28.4 (151595069)|VARIABLE_ASSIGNMENT|[28]|newInvoice|{}|0x1ed0babc
11:41:28.4 (151601359)|STATEMENT_EXECUTE|[29]
11:41:28.4 (151749672)|VARIABLE_ASSIGNMENT|[29]|this.Opportunity__c|"006ao000000rksjAAA"|0x1ed0babc
11:41:28.4 (151760532)|STATEMENT_EXECUTE|[30]
11:41:28.4 (151822093)|VARIABLE_ASSIGNMENT|[30]|this.Amount__c|40.00|0x1ed0babc
11:41:28.4 (151831043)|STATEMENT_EXECUTE|[31]
11:41:28.4 (151876244)|VARIABLE_ASSIGNMENT|[31]|this.Account__c|"001ao000006h1GlAAI"|0x1ed0babc
11:41:28.4 (151883724)|STATEMENT_EXECUTE|[32]
11:41:28.4 (151972627)|HEAP_ALLOCATE|[32]|Bytes:4
11:41:28.4 (152037828)|VARIABLE_ASSIGNMENT|[32]|this.Due_Date__c|"2024-03-21T00:00:00.000Z"|0x1ed0babc
11:41:28.4 (152047588)|STATEMENT_EXECUTE|[33]
11:41:28.4 (152061087)|METHOD_EXIT|[61]|01pao0000015Cj7|OppHandler.CreateInvoice(Opportunity)
11:41:28.4 (152082349)|HEAP_ALLOCATE|[EXTERNAL]|Bytes:4
11:41:28.4 (152102648)|HEAP_ALLOCATE|[58]|Bytes:5
11:41:28.4 (152117328)|VARIABLE_ASSIGNMENT|[58]|o|null|
11:41:28.4 (152148310)|STATEMENT_EXECUTE|[66]
11:41:28.4 (152151579)|STATEMENT_EXECUTE|[67]
11:41:28.4 (152228010)|DML_BEGIN|[67]|Op:Insert|Type:Invoice__c|Rows:1
11:41:28.4 (152348062)|HEAP_ALLOCATE|[EXTERNAL]|Bytes:8
11:41:28.4 (155517491)|CODE_UNIT_STARTED|[EXTERNAL]|01qao0000007bm1|masterInvoiceTrigger on Invoice trigger event BeforeInsert|__sfdc_trigger/masterInvoiceTrigger
11:41:28.4 (155563342)|HEAP_ALLOCATE|[EXTERNAL]|Bytes:8
11:41:28.4 (155680444)|HEAP_ALLOCATE|[EXTERNAL]|Bytes:4
11:41:28.4 (155696834)|VARIABLE_SCOPE_BEGIN|[1]|this|masterInvoiceTrigger|true|false
11:41:28.4 (155737835)|VARIABLE_ASSIGNMENT|[1]|this|{}|0x6a44c581
11:41:28.4 (155792246)|HEAP_ALLOCATE|[EXTERNAL]|Bytes:4
11:41:28.4 (155865717)|VARIABLE_SCOPE_BEGIN|[1]|this|masterInvoiceTrigger|true|false
11:41:28.4 (155883798)|VARIABLE_ASSIGNMENT|[1]|this|{}|0x6a44c581
11:41:28.4 (155891308)|STATEMENT_EXECUTE|[1]
11:41:28.4 (155904098)|STATEMENT_EXECUTE|[5]
11:41:28.4 (155909828)|STATEMENT_EXECUTE|[6]
11:41:28.4 (155914428)|STATEMENT_EXECUTE|[9]
11:41:28.4 (155919618)|STATEMENT_EXECUTE|[12]
11:41:28.4 (155926838)|STATEMENT_EXECUTE|[16]
11:41:28.155 (155938669)|CUMULATIVE_LIMIT_USAGE
11:41:28.155 (155938669)|LIMIT_USAGE_FOR_NS|(default)|
  Number of SOQL queries: 1 out of 100
  Number of query rows: 1 out of 50000
  Number of SOSL queries: 0 out of 20
  Number of DML statements: 3 out of 150
  Number of Publish Immediate DML: 0 out of 150
  Number of DML rows: 3 out of 10000
  Maximum CPU time: 0 out of 10000
  Maximum heap size: 0 out of 6000000
  Number of callouts: 0 out of 100
  Number of Email Invocations: 0 out of 10
  Number of future calls: 0 out of 50
  Number of queueable jobs added to the queue: 0 out of 50
  Number of Mobile Apex push calls: 0 out of 10

11:41:28.155 (155938669)|CUMULATIVE_LIMIT_USAGE_END

11:41:28.4 (156220834)|CODE_UNIT_FINISHED|masterInvoiceTrigger on Invoice trigger event BeforeInsert|__sfdc_trigger/masterInvoiceTrigger
11:41:28.4 (175879291)|CODE_UNIT_STARTED|[EXTERNAL]|01qao0000007bm1|masterInvoiceTrigger on Invoice trigger event AfterInsert|__sfdc_trigger/masterInvoiceTrigger
11:41:28.4 (175954602)|HEAP_ALLOCATE|[EXTERNAL]|Bytes:8
11:41:28.4 (176114245)|HEAP_ALLOCATE|[EXTERNAL]|Bytes:4
11:41:28.4 (176131936)|VARIABLE_SCOPE_BEGIN|[1]|this|masterInvoiceTrigger|true|false
11:41:28.4 (176175256)|VARIABLE_ASSIGNMENT|[1]|this|{}|0x3b408751
11:41:28.4 (176214977)|HEAP_ALLOCATE|[EXTERNAL]|Bytes:4
11:41:28.4 (176223017)|VARIABLE_SCOPE_BEGIN|[1]|this|masterInvoiceTrigger|true|false
11:41:28.4 (176235879)|VARIABLE_ASSIGNMENT|[1]|this|{}|0x3b408751
11:41:28.4 (176244029)|STATEMENT_EXECUTE|[1]
11:41:28.4 (176293379)|STATEMENT_EXECUTE|[5]
11:41:28.4 (176304339)|STATEMENT_EXECUTE|[16]
11:41:28.4 (176314130)|STATEMENT_EXECUTE|[17]
11:41:28.4 (176316530)|STATEMENT_EXECUTE|[18]
11:41:28.4 (181925881)|HEAP_ALLOCATE|[18]|Bytes:4
11:41:28.4 (181945302)|HEAP_ALLOCATE|[18]|Bytes:2
11:41:28.4 (181979363)|METHOD_ENTRY|[1]|01pao000001O23J|invoiceTriggerHandler.invoiceTriggerHandler()
11:41:28.4 (181991943)|STATEMENT_EXECUTE|[1]
11:41:28.4 (181999533)|STATEMENT_EXECUTE|[1]
11:41:28.4 (182015903)|HEAP_ALLOCATE|[18]|Bytes:5
11:41:28.4 (182033194)|METHOD_EXIT|[1]|invoiceTriggerHandler
11:41:28.4 (182072374)|METHOD_ENTRY|[18]|01pao000001O23J|invoiceTriggerHandler.applySharing(List<Invoice__c>)
11:41:28.4 (182117015)|VARIABLE_SCOPE_BEGIN|[3]|triggernew|List<Invoice__c>|true|false
11:41:28.4 (182476382)|VARIABLE_ASSIGNMENT|[3]|triggernew|[{"LastModifiedDate":"2024-02-20T19:41:28.000Z","IsDeleted":false,"Name__c":"INV-100020","Opportunity__c":"006ao000000rksjAAA","Name":"a04ao000000Aqi5","SystemModstamp":"2024-02-20T19:41:28.000Z","OwnerId":"005ao0000003lheAAA","CreatedById":"005ao0000003lheAAA","Amount__c":40.00,"Due_Date__c":"2024-03-21T00:00:00.000Z","CreatedDate":"2024-02-20T19:41:28.000Z","Paid__c":false,"Account__c":"001ao000006h1GlAAI","Id":"a04ao000000Aqi5AAC","LastModifiedById":"005ao0000003lheAAA"}]|0x6722253
11:41:28.4 (182515042)|HEAP_ALLOCATE|[6]|Bytes:5
11:41:28.4 (182523542)|STATEMENT_EXECUTE|[3]
11:41:28.4 (182526233)|STATEMENT_EXECUTE|[6]
11:41:28.4 (182541883)|HEAP_ALLOCATE|[6]|Bytes:4
11:41:28.4 (182615144)|VARIABLE_SCOPE_BEGIN|[6]|oppIds|Set<Id>|true|false
11:41:28.4 (182649175)|VARIABLE_ASSIGNMENT|[6]|oppIds|[]|0x6609350e
11:41:28.4 (182808408)|HEAP_ALLOCATE|[7]|Bytes:5
11:41:28.4 (182839868)|VARIABLE_SCOPE_BEGIN|[7]|inv|Invoice__c|true|false
11:41:28.4 (182976471)|VARIABLE_ASSIGNMENT|[7]|inv|{"LastModifiedDate":"2024-02-20T19:41:28.000Z","IsDeleted":false,"Name__c":"INV-100020","Opportunity__c":"006ao000000rksjAAA","Name":"a04ao000000Aqi5","SystemModstamp":"2024-02-20T19:41:28.000Z","OwnerId":"005ao0000003lheAAA","CreatedById":"005ao0000003lheAAA","Amount__c":40.00,"Due_Date__c":"2024-03-21T00:00:00.000Z","CreatedDate":"2024-02-20T19:41:28.000Z","Paid__c":false,"Account__c":"001ao000006h1GlAAI","Id":"a04ao000000Aqi5AAC","LastModifiedById":"005ao0000003lheAAA"}|0x26ea0186
11:41:28.4 (182989821)|STATEMENT_EXECUTE|[7]
11:41:28.4 (182992571)|STATEMENT_EXECUTE|[8]
11:41:28.4 (183058932)|HEAP_ALLOCATE|[EXTERNAL]|Bytes:4
11:41:28.4 (183080252)|HEAP_ALLOCATE|[7]|Bytes:5
11:41:28.4 (183095503)|VARIABLE_ASSIGNMENT|[7]|inv|null|
11:41:28.4 (183102874)|STATEMENT_EXECUTE|[11]
11:41:28.4 (183119123)|HEAP_ALLOCATE|[11]|Bytes:4
11:41:28.4 (183131783)|VARIABLE_SCOPE_BEGIN|[11]|ownerIds|Map<Id,Id>|true|false
11:41:28.4 (183148364)|VARIABLE_ASSIGNMENT|[11]|ownerIds|{}|0x964e110
11:41:28.4 (183155484)|HEAP_ALLOCATE|[12]|Bytes:55
11:41:28.4 (183165204)|HEAP_ALLOCATE|[12]|Bytes:4
11:41:28.4 (183584021)|SOQL_EXECUTE_BEGIN|[12]|Aggregations:0|SELECT Id, OwnerId FROM Opportunity WHERE Id = :tmpVar1
11:41:28.4 (187920431)|SOQL_EXECUTE_END|[12]|Rows:1
11:41:28.4 (187961391)|HEAP_ALLOCATE|[EXTERNAL]|Bytes:8
11:41:28.4 (188088804)|HEAP_ALLOCATE|[12]|Bytes:28
11:41:28.4 (188123774)|HEAP_ALLOCATE|[12]|Bytes:8
11:41:28.4 (188137014)|HEAP_ALLOCATE|[12]|Bytes:8
11:41:28.4 (188141094)|HEAP_ALLOCATE|[12]|Bytes:8
11:41:28.4 (188148185)|VARIABLE_SCOPE_BEGIN|[15]|this|Database.QueryLocatorIterator|true|false
11:41:28.4 (188189395)|VARIABLE_ASSIGNMENT|[15]|this|{}|0x49d9d121
11:41:28.4 (188196275)|VARIABLE_SCOPE_BEGIN|[15]|values|List<SObject>|true|false
11:41:28.4 (188217156)|VARIABLE_ASSIGNMENT|[15]|values|[{"Id":"006ao000000rksjAAA","OwnerId":"005ao0000003lheAAA"}]|0x482f52ea
11:41:28.4 (188222436)|VARIABLE_SCOPE_BEGIN|[15]|ql|Database.QueryLocator|true|false
11:41:28.4 (188240196)|VARIABLE_ASSIGNMENT|[15]|ql|{"query":"SELECT Id, OwnerId F (35 more) ..."}|0x74de02c0
11:41:28.4 (188245916)|VARIABLE_SCOPE_BEGIN|[15]|totalNumRecords|Integer|false|false
11:41:28.4 (188253866)|VARIABLE_ASSIGNMENT|[15]|totalNumRecords|1
11:41:28.4 (188287777)|VARIABLE_SCOPE_BEGIN|[15]|queryMoreSize|Integer|false|false
11:41:28.4 (188299377)|VARIABLE_ASSIGNMENT|[15]|queryMoreSize|49998
11:41:28.4 (188357938)|HEAP_ALLOCATE|[12]|Bytes:28
11:41:28.4 (188386429)|METHOD_ENTRY|[12]||Database.QueryLocatorIterator.hasNext()
11:41:28.4 (188436220)|METHOD_EXIT|[12]||Database.QueryLocatorIterator.hasNext()
11:41:28.4 (188445080)|METHOD_ENTRY|[12]||Database.QueryLocatorIterator.next()
11:41:28.4 (188517721)|METHOD_EXIT|[12]||Database.QueryLocatorIterator.next()
11:41:28.4 (188530041)|VARIABLE_SCOPE_BEGIN|[12]|o|Opportunity|true|false
11:41:28.4 (188548482)|VARIABLE_ASSIGNMENT|[12]|o|{"Id":"006ao000000rksjAAA","OwnerId":"005ao0000003lheAAA"}|0x17a1b9ae
11:41:28.4 (188555522)|STATEMENT_EXECUTE|[12]
11:41:28.4 (188558232)|STATEMENT_EXECUTE|[13]
11:41:28.4 (188644743)|HEAP_ALLOCATE|[EXTERNAL]|Bytes:-4
11:41:28.4 (188661404)|METHOD_ENTRY|[12]||Database.QueryLocatorIterator.hasNext()
11:41:28.4 (188683495)|METHOD_EXIT|[12]||Database.QueryLocatorIterator.hasNext()
11:41:28.4 (188693215)|VARIABLE_ASSIGNMENT|[12]|o|null|
11:41:28.4 (188715576)|STATEMENT_EXECUTE|[17]
11:41:28.4 (188722075)|HEAP_ALLOCATE|[17]|Bytes:94
11:41:28.4 (188739496)|HEAP_ALLOCATE|[17]|Bytes:4
11:41:28.4 (189077902)|SOQL_EXECUTE_BEGIN|[17]|Aggregations:0|SELECT ID, DeveloperName FROM Group WHERE DeveloperName = 'SVPCustomerServiceSupportA' LIMIT 1
11:41:28.4 (194562282)|SOQL_EXECUTE_END|[17]|Rows:1
11:41:28.4 (194602432)|HEAP_ALLOCATE|[17]|Bytes:8
11:41:28.4 (194642563)|HEAP_ALLOCATE|[17]|Bytes:72
11:41:28.4 (194751285)|HEAP_ALLOCATE|[17]|Bytes:8
11:41:28.4 (194811306)|HEAP_ALLOCATE|[17]|Bytes:31
11:41:28.4 (194902508)|HEAP_ALLOCATE|[17]|Bytes:12
11:41:28.4 (194944179)|VARIABLE_SCOPE_BEGIN|[17]|SVPGroup|Group|true|false
11:41:28.4 (194985730)|VARIABLE_ASSIGNMENT|[17]|SVPGroup|{"Id":"00Gao0000002u6FEAQ","DeveloperName":"SVPCustomerServiceSu (6 more) ..."}|0x62fdc2b6
11:41:28.4 (194994670)|STATEMENT_EXECUTE|[19]
11:41:28.4 (195092120)|HEAP_ALLOCATE|[19]|Bytes:4
11:41:28.4 (195200553)|VARIABLE_SCOPE_BEGIN|[19]|newShares|List<Invoice__Share>|true|false
11:41:28.4 (195212874)|HEAP_ALLOCATE|[EXTERNAL]|Bytes:4
11:41:28.4 (195229594)|VARIABLE_ASSIGNMENT|[19]|newShares|[]|0xd6b5e6e
11:41:28.4 (195309475)|HEAP_ALLOCATE|[20]|Bytes:5
11:41:28.4 (195344356)|VARIABLE_SCOPE_BEGIN|[20]|inv|Invoice__c|true|false
11:41:28.4 (195636401)|VARIABLE_ASSIGNMENT|[20]|inv|{"LastModifiedDate":"2024-02-20T19:41:28.000Z","IsDeleted":false,"Name__c":"INV-100020","Opportunity__c":"006ao000000rksjAAA","Name":"a04ao000000Aqi5","SystemModstamp":"2024-02-20T19:41:28.000Z","OwnerId":"005ao0000003lheAAA","CreatedById":"005ao0000003lheAAA","Amount__c":40.00,"Due_Date__c":"2024-03-21T00:00:00.000Z","CreatedDate":"2024-02-20T19:41:28.000Z","Paid__c":false,"Account__c":"001ao000006h1GlAAI","Id":"a04ao000000Aqi5AAC","LastModifiedById":"005ao0000003lheAAA"}|0x26ea0186
11:41:28.4 (195654691)|STATEMENT_EXECUTE|[20]
11:41:28.4 (195657671)|STATEMENT_EXECUTE|[21]
11:41:28.4 (195701852)|HEAP_ALLOCATE|[21]|Bytes:4
11:41:28.4 (195906016)|VARIABLE_SCOPE_BEGIN|[21]|ownerShare|Invoice__Share|true|false
11:41:28.4 (195945747)|VARIABLE_ASSIGNMENT|[21]|ownerShare|{}|0x12565000
11:41:28.4 (195952647)|STATEMENT_EXECUTE|[22]
11:41:28.4 (196115720)|VARIABLE_ASSIGNMENT|[22]|this.ParentId|"a04ao000000Aqi5AAC"|0x12565000
11:41:28.4 (196126880)|STATEMENT_EXECUTE|[23]
11:41:28.4 (196250092)|VARIABLE_ASSIGNMENT|[23]|this.UserOrGroupId|"005ao0000003lheAAA"|0x12565000
11:41:28.4 (196295113)|STATEMENT_EXECUTE|[24]
11:41:28.4 (196301133)|HEAP_ALLOCATE|[24]|Bytes:4
11:41:28.4 (196358484)|VARIABLE_ASSIGNMENT|[24]|this.AccessLevel|"Read"|0x12565000
11:41:28.4 (196369264)|STATEMENT_EXECUTE|[25]
11:41:28.4 (196373744)|HEAP_ALLOCATE|[25]|Bytes:20
11:41:28.4 (196423065)|VARIABLE_ASSIGNMENT|[25]|this.RowCause|"Opportunity_Owner__c"|0x12565000
11:41:28.4 (196431745)|STATEMENT_EXECUTE|[26]
11:41:28.4 (196469346)|HEAP_ALLOCATE|[EXTERNAL]|Bytes:4
11:41:28.4 (196506867)|HEAP_ALLOCATE|[20]|Bytes:5
11:41:28.4 (196523667)|VARIABLE_ASSIGNMENT|[20]|inv|null|
11:41:28.4 (196530278)|STATEMENT_EXECUTE|[28]
11:41:28.4 (196632069)|USER_DEBUG|[28]|DEBUG|(Invoice__Share:{ParentId=a04ao000000Aqi5AAC, UserOrGroupId=005ao0000003lheAAA, AccessLevel=Read, RowCause=Opportunity_Owner__c})
11:41:28.4 (196646469)|STATEMENT_EXECUTE|[29]
11:41:28.4 (196714380)|DML_BEGIN|[29]|Op:Insert|Type:Invoice__Share|Rows:1
11:41:28.4 (196818132)|HEAP_ALLOCATE|[EXTERNAL]|Bytes:8
11:41:28.4 (208108189)|DML_END|[29]
11:41:28.4 (208508006)|HEAP_ALLOCATE|[EXTERNAL]|Bytes:8
11:41:28.4 (208554846)|METHOD_EXIT|[18]|01pao000001O23J|invoiceTriggerHandler.applySharing(List<Invoice__c>)
11:41:28.4 (208579517)|STATEMENT_EXECUTE|[20]
11:41:28.4 (208589887)|STATEMENT_EXECUTE|[23]
11:41:28.4 (208601897)|STATEMENT_EXECUTE|[25]
11:41:28.208 (208622448)|CUMULATIVE_LIMIT_USAGE
11:41:28.208 (208622448)|LIMIT_USAGE_FOR_NS|(default)|
  Number of SOQL queries: 3 out of 100
  Number of query rows: 3 out of 50000
  Number of SOSL queries: 0 out of 20
  Number of DML statements: 4 out of 150
  Number of Publish Immediate DML: 0 out of 150
  Number of DML rows: 4 out of 10000
  Maximum CPU time: 0 out of 10000
  Maximum heap size: 0 out of 6000000
  Number of callouts: 0 out of 100
  Number of Email Invocations: 0 out of 10
  Number of future calls: 0 out of 50
  Number of queueable jobs added to the queue: 0 out of 50
  Number of Mobile Apex push calls: 0 out of 10

11:41:28.208 (208622448)|CUMULATIVE_LIMIT_USAGE_END

11:41:28.4 (208891072)|CODE_UNIT_FINISHED|masterInvoiceTrigger on Invoice trigger event AfterInsert|__sfdc_trigger/masterInvoiceTrigger
11:41:28.4 (212756813)|DML_END|[67]
11:41:28.4 (212796433)|HEAP_ALLOCATE|[EXTERNAL]|Bytes:8
11:41:28.4 (212825923)|SYSTEM_MODE_EXIT|false
11:41:28.4 (212843535)|METHOD_EXIT|[24]|01pao0000015Cj7|OppHandler.CreateInvoiceFromOpportunity(List<Opportunity>)
11:41:28.4 (212863895)|STATEMENT_EXECUTE|[27]
11:41:28.4 (212872855)|STATEMENT_EXECUTE|[31]
11:41:28.4 (212880775)|STATEMENT_EXECUTE|[35]
11:41:28.212 (212894405)|CUMULATIVE_LIMIT_USAGE
11:41:28.212 (212894405)|LIMIT_USAGE_FOR_NS|(default)|
  Number of SOQL queries: 3 out of 100
  Number of query rows: 3 out of 50000
  Number of SOSL queries: 0 out of 20
  Number of DML statements: 4 out of 150
  Number of Publish Immediate DML: 0 out of 150
  Number of DML rows: 4 out of 10000
  Maximum CPU time: 0 out of 10000
  Maximum heap size: 0 out of 6000000
  Number of callouts: 0 out of 100
  Number of Email Invocations: 0 out of 10
  Number of future calls: 0 out of 50
  Number of queueable jobs added to the queue: 0 out of 50
  Number of Mobile Apex push calls: 0 out of 10

11:41:28.212 (212894405)|CUMULATIVE_LIMIT_USAGE_END

11:41:28.4 (213112809)|CODE_UNIT_FINISHED|OppMasterTrigger on Opportunity trigger event AfterInsert|__sfdc_trigger/OppMasterTrigger
11:41:28.4 (216652284)|DML_END|[108]
11:41:28.4 (216991090)|STATEMENT_EXECUTE|[111]
11:41:28.4 (217028060)|HEAP_ALLOCATE|[111]|Bytes:4
11:41:28.4 (217084391)|VARIABLE_SCOPE_BEGIN|[111]|newInv|Invoice__c|true|false
11:41:28.4 (217116992)|VARIABLE_ASSIGNMENT|[111]|newInv|{}|0x4d57ff49
11:41:28.4 (217124602)|STATEMENT_EXECUTE|[112]
11:41:28.4 (217132142)|HEAP_ALLOCATE|[112]|Bytes:26
11:41:28.4 (217253974)|VARIABLE_ASSIGNMENT|[112]|this.Name|"Test Invoice #Positi (6 more) ..."|0x4d57ff49
11:41:28.4 (217262305)|STATEMENT_EXECUTE|[113]
11:41:28.4 (217305455)|HEAP_ALLOCATE|[113]|Bytes:28
11:41:28.4 (217311535)|HEAP_ALLOCATE|[113]|Bytes:28
11:41:28.4 (217367006)|VARIABLE_ASSIGNMENT|[113]|this.Amount__c|10|0x4d57ff49
11:41:28.4 (217373987)|STATEMENT_EXECUTE|[114]
11:41:28.4 (217472358)|HEAP_ALLOCATE|[114]|Bytes:4
11:41:28.4 (217501419)|HEAP_ALLOCATE|[114]|Bytes:4
11:41:28.4 (217563800)|VARIABLE_ASSIGNMENT|[114]|this.Due_Date__c|"2024-02-15T00:00:00.000Z"|0x4d57ff49
11:41:28.4 (217572170)|STATEMENT_EXECUTE|[115]
11:41:28.4 (217598102)|VARIABLE_ASSIGNMENT|[115]|this.Paid__c|false|0x4d57ff49
11:41:28.4 (217604431)|STATEMENT_EXECUTE|[116]
11:41:28.4 (217665272)|VARIABLE_ASSIGNMENT|[116]|this.Opportunity__c|"006ao000000rksjAAA"|0x4d57ff49
11:41:28.4 (217674242)|STATEMENT_EXECUTE|[118]
11:41:28.4 (217721133)|HEAP_ALLOCATE|[EXTERNAL]|Bytes:4
11:41:28.4 (217732513)|STATEMENT_EXECUTE|[121]
11:41:28.4 (217794705)|HEAP_ALLOCATE|[121]|Bytes:98
11:41:28.4 (217813534)|SYSTEM_METHOD_ENTRY|[1]|Test.Test()
11:41:28.4 (217821525)|STATEMENT_EXECUTE|[1]
11:41:28.4 (217834285)|SYSTEM_METHOD_EXIT|[1]|Test
11:41:28.4 (217850586)|METHOD_ENTRY|[121]||System.Test.startTest()
11:41:28.4 (221255388)|METHOD_EXIT|[121]||System.Test.startTest()
11:41:28.4 (221269938)|STATEMENT_EXECUTE|[122]
11:41:28.4 (221294548)|METHOD_ENTRY|[122]|01pao000001O23J|invoiceTriggerHandler.applyLateFeeOnUnpaidInvoice(List<Invoice__c>)
11:41:28.4 (221328969)|VARIABLE_SCOPE_BEGIN|[38]|triggernew|List<Invoice__c>|true|false
11:41:28.4 (221384010)|VARIABLE_ASSIGNMENT|[38]|triggernew|[{"Name":"Test Invoice #Positi (6 more) ...","Amount__c":10,"Due_Date__c":"2024-02-15T00:00:00.000Z","Paid__c":false,"Opportunity__c":"006ao000000rksjAAA"}]|0xcfc118
11:41:28.4 (221409570)|SYSTEM_MODE_ENTER|false
11:41:28.4 (221424311)|HEAP_ALLOCATE|[39]|Bytes:5
11:41:28.4 (221429781)|STATEMENT_EXECUTE|[38]
11:41:28.4 (221432421)|STATEMENT_EXECUTE|[39]
11:41:28.4 (221436391)|HEAP_ALLOCATE|[39]|Bytes:85
11:41:28.4 (221456011)|HEAP_ALLOCATE|[39]|Bytes:4
11:41:28.4 (221926840)|SOQL_EXECUTE_BEGIN|[39]|Aggregations:0|SELECT Id, Name, Due_Date__c, Paid__c, Amount__c FROM Invoice__c WHERE Id IN :tmpVar1
11:41:28.4 (227244306)|SOQL_EXECUTE_END|[39]|Rows:0
11:41:28.4 (227280827)|HEAP_ALLOCATE|[39]|Bytes:4
11:41:28.4 (227307658)|HEAP_ALLOCATE|[39]|Bytes:0
11:41:28.4 (227341528)|HEAP_ALLOCATE|[39]|Bytes:4
11:41:28.4 (227357178)|VARIABLE_SCOPE_BEGIN|[39]|fullInvList|List<Invoice__c>|true|false
11:41:28.4 (227380279)|VARIABLE_ASSIGNMENT|[39]|fullInvList|[]|0x6d729b2a
11:41:28.4 (227386499)|STATEMENT_EXECUTE|[41]
11:41:28.4 (227412799)|HEAP_ALLOCATE|[41]|Bytes:4
11:41:28.4 (227454550)|VARIABLE_SCOPE_BEGIN|[41]|invToUpdate|List<Invoice__c>|true|false
11:41:28.4 (227464460)|HEAP_ALLOCATE|[EXTERNAL]|Bytes:4
11:41:28.4 (227474120)|VARIABLE_ASSIGNMENT|[41]|invToUpdate|[]|0x47e25682
11:41:28.4 (227532482)|HEAP_ALLOCATE|[42]|Bytes:5
11:41:28.4 (227553072)|VARIABLE_ASSIGNMENT|[42]|i|null|
11:41:28.4 (227560062)|STATEMENT_EXECUTE|[42]
11:41:28.4 (227566762)|SYSTEM_MODE_EXIT|false
11:41:28.4 (227580482)|METHOD_EXIT|[122]|01pao000001O23J|invoiceTriggerHandler.applyLateFeeOnUnpaidInvoice(List<Invoice__c>)
11:41:28.4 (227587292)|STATEMENT_EXECUTE|[123]
11:41:28.4 (227598623)|METHOD_ENTRY|[123]||System.Test.stopTest()
11:41:28.4 (227735605)|METHOD_EXIT|[123]||System.Test.stopTest()
11:41:28.4 (227743555)|STATEMENT_EXECUTE|[124]
11:41:28.4 (227762056)|HEAP_ALLOCATE|[124]|Bytes:24
11:41:28.4 (227840247)|USER_DEBUG|[124]|DEBUG|2024-02-15 00:00:00
11:41:28.4 (227851977)|STATEMENT_EXECUTE|[125]
11:41:28.4 (227860737)|HEAP_ALLOCATE|[125]|Bytes:24
11:41:28.4 (227889928)|HEAP_ALLOCATE|[125]|Bytes:28
11:41:28.4 (227899788)|HEAP_ALLOCATE|[125]|Bytes:16
11:41:28.4 (227970949)|EXCEPTION_THROWN|[125]|System.AssertException: Assertion Failed: Incorrect Amount: Expected: 10, Actual: 11
11:41:28.4 (228117722)|HEAP_ALLOCATE|[125]|Bytes:64
11:41:28.4 (228211575)|FATAL_ERROR|System.AssertException: Assertion Failed: Incorrect Amount: Expected: 10, Actual: 11

Class.invoicescontrollertest.posInvoiceTestCase: line 125, column 1
11:41:28.4 (228225474)|FATAL_ERROR|System.AssertException: Assertion Failed: Incorrect Amount: Expected: 10, Actual: 11

Class.invoicescontrollertest.posInvoiceTestCase: line 125, column 1
11:41:28.228 (228240855)|CUMULATIVE_LIMIT_USAGE
11:41:28.228 (228240855)|LIMIT_USAGE_FOR_NS|(default)|
  Number of SOQL queries: 3 out of 100
  Number of query rows: 3 out of 50000
  Number of SOSL queries: 0 out of 20
  Number of DML statements: 4 out of 150
  Number of Publish Immediate DML: 0 out of 150
  Number of DML rows: 4 out of 10000
  Maximum CPU time: 0 out of 10000
  Maximum heap size: 0 out of 6000000
  Number of callouts: 0 out of 100
  Number of Email Invocations: 0 out of 10
  Number of future calls: 0 out of 50
  Number of queueable jobs added to the queue: 0 out of 50
  Number of Mobile Apex push calls: 0 out of 10

11:41:28.228 (228240855)|TESTING_LIMITS
11:41:28.228 (228240855)|LIMIT_USAGE_FOR_NS|(default)|
  Number of SOQL queries: 1 out of 100
  Number of query rows: 0 out of 50000
  Number of SOSL queries: 0 out of 20
  Number of DML statements: 0 out of 150
  Number of Publish Immediate DML: 0 out of 150
  Number of DML rows: 0 out of 10000
  Maximum CPU time: 0 out of 10000
  Maximum heap size: 0 out of 6000000
  Number of callouts: 0 out of 100
  Number of Email Invocations: 0 out of 10
  Number of future calls: 0 out of 50
  Number of queueable jobs added to the queue: 0 out of 50
  Number of Mobile Apex push calls: 0 out of 10

11:41:28.228 (228240855)|CUMULATIVE_LIMIT_USAGE_END

11:41:28.4 (228350926)|CODE_UNIT_FINISHED|invoicescontrollertest.posInvoiceTestCase()
11:41:28.4 (228367106)|EXECUTION_FINISHED
