59.0 APEX_CODE,FINEST;APEX_PROFILING,INFO;CALLOUT,INFO;DB,INFO;NBA,INFO;SYSTEM,DEBUG;VALIDATION,INFO;VISUALFORCE,FINER;WAVE,INFO;WORKFLOW,INFO
11:42:41.4 (4754181)|USER_INFO|[EXTERNAL]|005ao0000003lhe|alex.downs@spdex450.edu|(GMT-08:00) Pacific Standard Time (America/Los_Angeles)|GMT-08:00
11:42:41.4 (4822253)|EXECUTION_STARTED
11:42:41.4 (4854694)|CODE_UNIT_STARTED|[EXTERNAL]|01pao000001Zu6n|invoicescontrollertest.posInvoiceTestCase()
11:42:41.4 (5175212)|HEAP_ALLOCATE|[79]|Bytes:3
11:42:41.4 (5309596)|HEAP_ALLOCATE|[84]|Bytes:152
11:42:41.4 (5342577)|HEAP_ALLOCATE|[399]|Bytes:408
11:42:41.4 (5365767)|HEAP_ALLOCATE|[412]|Bytes:408
11:42:41.4 (5379798)|HEAP_ALLOCATE|[520]|Bytes:48
11:42:41.4 (5429499)|HEAP_ALLOCATE|[139]|Bytes:6
11:42:41.4 (5451030)|HEAP_ALLOCATE|[EXTERNAL]|Bytes:347
11:42:41.4 (5496621)|METHOD_ENTRY|[2]|01pao000001Zu6n|invoicescontrollertest.invoicescontrollertest()
11:42:41.4 (5503591)|STATEMENT_EXECUTE|[2]
11:42:41.4 (5515941)|STATEMENT_EXECUTE|[2]
11:42:41.4 (5528872)|METHOD_EXIT|[2]|invoicescontrollertest
11:42:41.4 (5564673)|HEAP_ALLOCATE|[52]|Bytes:5
11:42:41.4 (5595484)|HEAP_ALLOCATE|[58]|Bytes:5
11:42:41.4 (5605804)|HEAP_ALLOCATE|[66]|Bytes:7
11:42:41.4 (5661255)|STATEMENT_EXECUTE|[95]
11:42:41.4 (5664445)|STATEMENT_EXECUTE|[98]
11:42:41.4 (5769148)|HEAP_ALLOCATE|[98]|Bytes:4
11:42:41.4 (5862961)|VARIABLE_SCOPE_BEGIN|[98]|newInvoices|List<Invoice__c>|true|false
11:42:41.4 (5909952)|HEAP_ALLOCATE|[EXTERNAL]|Bytes:4
11:42:41.4 (5965014)|VARIABLE_ASSIGNMENT|[98]|newInvoices|[]|0x7fa979ff
11:42:41.4 (5973154)|STATEMENT_EXECUTE|[99]
11:42:41.4 (5977554)|HEAP_ALLOCATE|[99]|Bytes:12
11:42:41.4 (7901187)|HEAP_ALLOCATE|[99]|Bytes:10
11:42:41.4 (7939848)|METHOD_ENTRY|[2]|01pao0000018irJ|testDataFactory.testDataFactory()
11:42:41.4 (7947448)|STATEMENT_EXECUTE|[2]
11:42:41.4 (7952838)|STATEMENT_EXECUTE|[2]
11:42:41.4 (7961139)|METHOD_EXIT|[2]|testDataFactory
11:42:41.4 (7990599)|METHOD_ENTRY|[99]|01pao0000018irJ|testDataFactory.createValidAccount(String)
11:42:41.4 (8060881)|VARIABLE_SCOPE_BEGIN|[4]|aName|String|false|false
11:42:41.4 (8084192)|VARIABLE_ASSIGNMENT|[4]|aName|"Test Account"
11:42:41.4 (8120673)|STATEMENT_EXECUTE|[4]
11:42:41.4 (8123673)|STATEMENT_EXECUTE|[5]
11:42:41.4 (8153214)|HEAP_ALLOCATE|[5]|Bytes:4
11:42:41.4 (8286257)|VARIABLE_SCOPE_BEGIN|[5]|a|Account|true|false
11:42:41.4 (8316578)|VARIABLE_ASSIGNMENT|[5]|a|{}|0x3761c77a
11:42:41.4 (8323088)|STATEMENT_EXECUTE|[6]
11:42:41.4 (8436622)|VARIABLE_ASSIGNMENT|[6]|this.Name|"Test Account"|0x3761c77a
11:42:41.4 (8445902)|STATEMENT_EXECUTE|[7]
11:42:41.4 (8458202)|METHOD_EXIT|[99]|01pao0000018irJ|testDataFactory.createValidAccount(String)
11:42:41.4 (8467342)|VARIABLE_SCOPE_BEGIN|[99]|a|Account|true|false
11:42:41.4 (8483603)|VARIABLE_ASSIGNMENT|[99]|a|{"Name":"Test Account"}|0x3761c77a
11:42:41.4 (8489013)|STATEMENT_EXECUTE|[100]
11:42:41.4 (8533694)|HEAP_ALLOCATE|[100]|Bytes:8
11:42:41.4 (8557615)|DML_BEGIN|[100]|Op:Insert|Type:Account|Rows:1
11:42:41.4 (8629427)|HEAP_ALLOCATE|[EXTERNAL]|Bytes:8
11:42:41.4 (81208480)|DML_END|[100]
11:42:41.4 (81434616)|STATEMENT_EXECUTE|[101]
11:42:41.4 (81510227)|HEAP_ALLOCATE|[101]|Bytes:4
11:42:41.4 (81671342)|VARIABLE_SCOPE_BEGIN|[101]|o|Opportunity|true|false
11:42:41.4 (81709883)|VARIABLE_ASSIGNMENT|[101]|o|{}|0x76ead9fc
11:42:41.4 (81716033)|STATEMENT_EXECUTE|[102]
11:42:41.4 (81724184)|HEAP_ALLOCATE|[102]|Bytes:8
11:42:41.4 (81821186)|VARIABLE_ASSIGNMENT|[102]|this.Name|"test Opp"|0x76ead9fc
11:42:41.4 (81829066)|STATEMENT_EXECUTE|[103]
11:42:41.4 (81884598)|HEAP_ALLOCATE|[103]|Bytes:28
11:42:41.4 (81928949)|VARIABLE_ASSIGNMENT|[103]|this.Amount|40|0x76ead9fc
11:42:41.4 (81935779)|STATEMENT_EXECUTE|[104]
11:42:41.4 (81939269)|HEAP_ALLOCATE|[104]|Bytes:27
11:42:41.4 (81970790)|VARIABLE_ASSIGNMENT|[104]|this.Type|"Existing Customer -  (7 more) ..."|0x76ead9fc
11:42:41.4 (81978390)|STATEMENT_EXECUTE|[105]
11:42:41.4 (81981501)|HEAP_ALLOCATE|[105]|Bytes:10
11:42:41.4 (82008011)|VARIABLE_ASSIGNMENT|[105]|this.StageName|"Closed Won"|0x76ead9fc
11:42:41.4 (82014291)|STATEMENT_EXECUTE|[106]
11:42:41.4 (82113234)|HEAP_ALLOCATE|[106]|Bytes:4
11:42:41.4 (82181166)|VARIABLE_ASSIGNMENT|[106]|this.CloseDate|"2024-02-20T00:00:00.000Z"|0x76ead9fc
11:42:41.4 (82189036)|STATEMENT_EXECUTE|[107]
11:42:41.4 (82261318)|VARIABLE_ASSIGNMENT|[107]|this.AccountId|"001ao000006gvuZAAQ"|0x76ead9fc
11:42:41.4 (82269308)|STATEMENT_EXECUTE|[108]
11:42:41.4 (82305579)|HEAP_ALLOCATE|[108]|Bytes:8
11:42:41.4 (82326540)|DML_BEGIN|[108]|Op:Insert|Type:Opportunity|Rows:1
11:42:41.4 (82392622)|HEAP_ALLOCATE|[EXTERNAL]|Bytes:8
11:42:41.4 (97589828)|CODE_UNIT_STARTED|[EXTERNAL]|01qao00000061vt|OppMasterTrigger on Opportunity trigger event BeforeInsert|__sfdc_trigger/OppMasterTrigger
11:42:41.4 (97660231)|HEAP_ALLOCATE|[EXTERNAL]|Bytes:8
11:42:41.4 (97806555)|HEAP_ALLOCATE|[EXTERNAL]|Bytes:4
11:42:41.4 (97826696)|VARIABLE_SCOPE_BEGIN|[1]|this|OppMasterTrigger|true|false
11:42:41.4 (97880557)|VARIABLE_ASSIGNMENT|[1]|this|{}|0x11726ad8
11:42:41.4 (97954129)|HEAP_ALLOCATE|[EXTERNAL]|Bytes:4
11:42:41.4 (98038052)|VARIABLE_SCOPE_BEGIN|[1]|this|OppMasterTrigger|true|false
11:42:41.4 (98057052)|VARIABLE_ASSIGNMENT|[1]|this|{}|0x11726ad8
11:42:41.4 (98068542)|STATEMENT_EXECUTE|[1]
11:42:41.4 (98108093)|STATEMENT_EXECUTE|[6]
11:42:41.4 (98117144)|STATEMENT_EXECUTE|[7]
11:42:41.4 (98118924)|STATEMENT_EXECUTE|[8]
11:42:41.4 (100089817)|HEAP_ALLOCATE|[8]|Bytes:10
11:42:41.4 (100146419)|METHOD_ENTRY|[1]|01pao0000015Cj7|OppHandler.OppHandler()
11:42:41.4 (100158440)|STATEMENT_EXECUTE|[1]
11:42:41.4 (100165410)|STATEMENT_EXECUTE|[1]
11:42:41.4 (100685164)|SYSTEM_MODE_ENTER|false
11:42:41.4 (100729565)|HEAP_ALLOCATE|[8]|Bytes:5
11:42:41.4 (100740886)|SYSTEM_MODE_EXIT|false
11:42:41.4 (100755416)|METHOD_EXIT|[1]|OppHandler
11:42:41.4 (100791087)|METHOD_ENTRY|[8]|01pao0000015Cj7|OppHandler.applyNamingConvention(List<Opportunity>)
11:42:41.4 (100841168)|VARIABLE_SCOPE_BEGIN|[3]|triggerNew|List<Opportunity>|true|false
11:42:41.4 (101669392)|VARIABLE_ASSIGNMENT|[3]|triggerNew|[{"IsDeleted":false,"AccountId":"001ao000006gvuZAAQ","HasOpportunityLineItem":false,"StageName":"Closed Won","Amount":40.00,"Probability":100,"ForecastCategory":"Closed","IsClosed":true,"CloseDate":"2024-02-20T00:00:00.000Z","Name":"test Opp","HasOpenActivity":false,"Type":"Existing Customer -  (7 more) ...","OwnerId":"005ao0000003lheAAA","IsWon":true,"HasOverdueTask":false,"ForecastCategoryName":"Closed","IsPrivate":false}]|0x27e4e778
11:42:41.4 (101705132)|SYSTEM_MODE_ENTER|false
11:42:41.4 (101715322)|HEAP_ALLOCATE|[10]|Bytes:5
11:42:41.4 (101721553)|STATEMENT_EXECUTE|[3]
11:42:41.4 (101724092)|STATEMENT_EXECUTE|[10]
11:42:41.4 (101774355)|HEAP_ALLOCATE|[10]|Bytes:4
11:42:41.4 (101813775)|VARIABLE_SCOPE_BEGIN|[10]|parentAccounts|Map<Id,Account>|true|false
11:42:41.4 (101830895)|VARIABLE_ASSIGNMENT|[10]|parentAccounts|{}|0x48c3c430
11:42:41.4 (101835956)|STATEMENT_EXECUTE|[11]
11:42:41.4 (101848096)|HEAP_ALLOCATE|[11]|Bytes:4
11:42:41.4 (101909427)|VARIABLE_SCOPE_BEGIN|[11]|parentIds|Set<Id>|true|false
11:42:41.4 (101939929)|VARIABLE_ASSIGNMENT|[11]|parentIds|[]|0x5514734e
11:42:41.4 (102134294)|HEAP_ALLOCATE|[12]|Bytes:5
11:42:41.4 (102175474)|HEAP_ALLOCATE|[12]|Bytes:4
11:42:41.4 (102189705)|VARIABLE_SCOPE_BEGIN|[12]|o|Opportunity|true|false
11:42:41.4 (102725870)|VARIABLE_ASSIGNMENT|[12]|o|{"IsDeleted":false,"AccountId":"001ao000006gvuZAAQ","HasOpportunityLineItem":false,"StageName":"Closed Won","Amount":40.00,"Probability":100,"ForecastCategory":"Closed","IsClosed":true,"CloseDate":"2024-02-20T00:00:00.000Z","Name":"test Opp","HasOpenActivity":false,"Type":"Existing Customer -  (7 more) ...","OwnerId":"005ao0000003lheAAA","IsWon":true,"HasOverdueTask":false,"ForecastCategoryName":"Closed","IsPrivate":false}|0x496f2cae
11:42:41.4 (102740561)|STATEMENT_EXECUTE|[12]
11:42:41.4 (102742911)|STATEMENT_EXECUTE|[13]
11:42:41.4 (102827012)|HEAP_ALLOCATE|[EXTERNAL]|Bytes:4
11:42:41.4 (102855754)|HEAP_ALLOCATE|[12]|Bytes:5
11:42:41.4 (102875293)|VARIABLE_ASSIGNMENT|[12]|o|null|
11:42:41.4 (102883725)|HEAP_ALLOCATE|[15]|Bytes:48
11:42:41.4 (102899715)|HEAP_ALLOCATE|[15]|Bytes:4
11:42:41.4 (102909065)|HEAP_ALLOCATE|[15]|Bytes:7
11:42:41.4 (103282185)|SOQL_EXECUTE_BEGIN|[15]|Aggregations:0|SELECT Id, Name FROM Account WHERE Id = :tmpVar1
11:42:41.4 (109548968)|SOQL_EXECUTE_END|[15]|Rows:1
11:42:41.4 (109594918)|HEAP_ALLOCATE|[EXTERNAL]|Bytes:8
11:42:41.4 (109820544)|HEAP_ALLOCATE|[15]|Bytes:54
11:42:41.4 (109834005)|HEAP_ALLOCATE|[15]|Bytes:8
11:42:41.4 (109849315)|SYSTEM_METHOD_ENTRY|[7]|QueryLocatorIterator.QueryLocatorIterator()
11:42:41.4 (109854355)|STATEMENT_EXECUTE|[7]
11:42:41.4 (109868667)|SYSTEM_METHOD_EXIT|[7]|QueryLocatorIterator
11:42:41.4 (109879286)|HEAP_ALLOCATE|[15]|Bytes:28
11:42:41.4 (109924748)|HEAP_ALLOCATE|[15]|Bytes:8
11:42:41.4 (109939238)|HEAP_ALLOCATE|[15]|Bytes:8
11:42:41.4 (109943678)|HEAP_ALLOCATE|[15]|Bytes:8
11:42:41.4 (109952918)|VARIABLE_SCOPE_BEGIN|[15]|this|Database.QueryLocatorIterator|true|false
11:42:41.4 (109997980)|VARIABLE_ASSIGNMENT|[15]|this|{}|0x3896e617
11:42:41.4 (110004910)|VARIABLE_SCOPE_BEGIN|[15]|values|List<SObject>|true|false
11:42:41.4 (110031090)|VARIABLE_ASSIGNMENT|[15]|values|[{"Id":"001ao000006gvuZAAQ","Name":"Test Account"}]|0x761be2d1
11:42:41.4 (110036400)|VARIABLE_SCOPE_BEGIN|[15]|ql|Database.QueryLocator|true|false
11:42:41.4 (110055302)|VARIABLE_ASSIGNMENT|[15]|ql|{"query":"SELECT Id, Name FROM (28 more) ..."}|0x2a6e7f14
11:42:41.4 (110059822)|VARIABLE_SCOPE_BEGIN|[15]|totalNumRecords|Integer|false|false
11:42:41.4 (110067691)|VARIABLE_ASSIGNMENT|[15]|totalNumRecords|1
11:42:41.4 (110071251)|VARIABLE_SCOPE_BEGIN|[15]|queryMoreSize|Integer|false|false
11:42:41.4 (110076801)|VARIABLE_ASSIGNMENT|[15]|queryMoreSize|49999
11:42:41.4 (110694999)|HEAP_ALLOCATE|[15]|Bytes:28
11:42:41.4 (110726170)|METHOD_ENTRY|[15]||Database.QueryLocatorIterator.hasNext()
11:42:41.4 (110834032)|METHOD_EXIT|[15]||Database.QueryLocatorIterator.hasNext()
11:42:41.4 (110844423)|METHOD_ENTRY|[15]||Database.QueryLocatorIterator.next()
11:42:41.4 (110931655)|METHOD_EXIT|[15]||Database.QueryLocatorIterator.next()
11:42:41.4 (110944936)|VARIABLE_SCOPE_BEGIN|[15]|a|Account|true|false
11:42:41.4 (110963866)|VARIABLE_ASSIGNMENT|[15]|a|{"Id":"001ao000006gvuZAAQ","Name":"Test Account"}|0xe7510b1
11:42:41.4 (110970336)|STATEMENT_EXECUTE|[15]
11:42:41.4 (110972477)|STATEMENT_EXECUTE|[16]
11:42:41.4 (111030568)|HEAP_ALLOCATE|[EXTERNAL]|Bytes:-4
11:42:41.4 (111044848)|METHOD_ENTRY|[15]||Database.QueryLocatorIterator.hasNext()
11:42:41.4 (111061989)|METHOD_EXIT|[15]||Database.QueryLocatorIterator.hasNext()
11:42:41.4 (111071149)|VARIABLE_ASSIGNMENT|[15]|a|null|
11:42:41.4 (111129811)|HEAP_ALLOCATE|[21]|Bytes:5
11:42:41.4 (111150641)|HEAP_ALLOCATE|[21]|Bytes:4
11:42:41.4 (111158612)|VARIABLE_SCOPE_BEGIN|[21]|o|Opportunity|true|false
11:42:41.4 (111604204)|VARIABLE_ASSIGNMENT|[21]|o|{"IsDeleted":false,"AccountId":"001ao000006gvuZAAQ","HasOpportunityLineItem":false,"StageName":"Closed Won","Amount":40.00,"Probability":100,"ForecastCategory":"Closed","IsClosed":true,"CloseDate":"2024-02-20T00:00:00.000Z","Name":"test Opp","HasOpenActivity":false,"Type":"Existing Customer -  (7 more) ...","OwnerId":"005ao0000003lheAAA","IsWon":true,"HasOverdueTask":false,"ForecastCategoryName":"Closed","IsPrivate":false}|0x496f2cae
11:42:41.4 (111619424)|STATEMENT_EXECUTE|[21]
11:42:41.4 (111622634)|STATEMENT_EXECUTE|[22]
11:42:41.4 (111718667)|HEAP_ALLOCATE|[22]|Bytes:3
11:42:41.4 (111833290)|HEAP_ALLOCATE|[23]|Bytes:1
11:42:41.4 (111847690)|HEAP_ALLOCATE|[23]|Bytes:1
11:42:41.4 (111862121)|HEAP_ALLOCATE|[22]|Bytes:47
11:42:41.4 (111893831)|HEAP_ALLOCATE|[23]|Bytes:4
11:42:41.4 (111907272)|HEAP_ALLOCATE|[22]|Bytes:51
11:42:41.4 (112202241)|VARIABLE_ASSIGNMENT|[22]|this.Name|"Test Account - Exist (31 more) ..."|0x496f2cae
11:42:41.4 (112225490)|HEAP_ALLOCATE|[21]|Bytes:5
11:42:41.4 (112240551)|VARIABLE_ASSIGNMENT|[21]|o|null|
11:42:41.4 (112248741)|SYSTEM_MODE_EXIT|false
11:42:41.4 (112260941)|METHOD_EXIT|[8]|01pao0000015Cj7|OppHandler.applyNamingConvention(List<Opportunity>)
11:42:41.4 (112278932)|STATEMENT_EXECUTE|[12]
11:42:41.4 (112289312)|STATEMENT_EXECUTE|[16]
11:42:41.4 (112297243)|STATEMENT_EXECUTE|[22]
11:42:41.112 (112310033)|CUMULATIVE_LIMIT_USAGE
11:42:41.112 (112310033)|LIMIT_USAGE_FOR_NS|(default)|
  Number of SOQL queries: 1 out of 100
  Number of query rows: 1 out of 50000
  Number of SOSL queries: 0 out of 20
  Number of DML statements: 2 out of 150
  Number of Publish Immediate DML: 0 out of 150
  Number of DML rows: 2 out of 10000
  Maximum CPU time: 0 out of 10000
  Maximum heap size: 0 out of 6000000
  Number of callouts: 0 out of 100
  Number of Email Invocations: 0 out of 10
  Number of future calls: 0 out of 50
  Number of queueable jobs added to the queue: 0 out of 50
  Number of Mobile Apex push calls: 0 out of 10

11:42:41.112 (112310033)|CUMULATIVE_LIMIT_USAGE_END

11:42:41.4 (112917529)|CODE_UNIT_FINISHED|OppMasterTrigger on Opportunity trigger event BeforeInsert|__sfdc_trigger/OppMasterTrigger
11:42:41.4 (144354342)|CODE_UNIT_STARTED|[EXTERNAL]|01qao00000061vt|OppMasterTrigger on Opportunity trigger event AfterInsert|__sfdc_trigger/OppMasterTrigger
11:42:41.4 (144425815)|HEAP_ALLOCATE|[EXTERNAL]|Bytes:8
11:42:41.4 (144560428)|HEAP_ALLOCATE|[EXTERNAL]|Bytes:4
11:42:41.4 (144576929)|VARIABLE_SCOPE_BEGIN|[1]|this|OppMasterTrigger|true|false
11:42:41.4 (144620840)|VARIABLE_ASSIGNMENT|[1]|this|{}|0x42306ce3
11:42:41.4 (144657502)|HEAP_ALLOCATE|[EXTERNAL]|Bytes:4
11:42:41.4 (144664372)|VARIABLE_SCOPE_BEGIN|[1]|this|OppMasterTrigger|true|false
11:42:41.4 (144676761)|VARIABLE_ASSIGNMENT|[1]|this|{}|0x42306ce3
11:42:41.4 (144683831)|STATEMENT_EXECUTE|[1]
11:42:41.4 (144703752)|STATEMENT_EXECUTE|[6]
11:42:41.4 (144711682)|STATEMENT_EXECUTE|[22]
11:42:41.4 (144722653)|STATEMENT_EXECUTE|[23]
11:42:41.4 (144724453)|STATEMENT_EXECUTE|[24]
11:42:41.4 (144780225)|METHOD_ENTRY|[24]|01pao0000015Cj7|OppHandler.CreateInvoiceFromOpportunity(List<Opportunity>)
11:42:41.4 (144818576)|VARIABLE_SCOPE_BEGIN|[54]|triggerNew|List<Opportunity>|true|false
11:42:41.4 (145288329)|VARIABLE_ASSIGNMENT|[54]|triggerNew|[{"LastModifiedDate":"2024-02-20T19:42:41.000Z","IsDeleted":false,"AccountId":"001ao000006gvuZAAQ","HasOpportunityLineItem":false,"StageName":"Closed Won","Amount":40.00,"Probability":100,"ForecastCategory":"Closed","IsClosed":true,"CloseDate":"2024-02-20T00:00:00.000Z","Name":"Test Account - Exist (31 more) ...","SystemModstamp":"2024-02-20T19:42:41.000Z","HasOpenActivity":false,"Type":"Existing Customer -  (7 more) ...","ExpectedRevenue":40.00,"CreatedById":"005ao0000003lheAAA","OwnerId":"005ao0000003lheAAA","IsWon":true,"CreatedDate":"2024-02-20T19:42:41.000Z","HasOverdueTask":false,"Id":"006ao000000riqwAAA","ForecastCategoryName":"Closed","IsPrivate":false,"LastModifiedById":"005ao0000003lheAAA"}]|0x38a11396
11:42:41.4 (145935266)|SYSTEM_MODE_ENTER|false
11:42:41.4 (145967027)|HEAP_ALLOCATE|[55]|Bytes:5
11:42:41.4 (145979087)|STATEMENT_EXECUTE|[54]
11:42:41.4 (145982167)|STATEMENT_EXECUTE|[55]
11:42:41.4 (146001218)|HEAP_ALLOCATE|[55]|Bytes:4
11:42:41.4 (146061440)|VARIABLE_SCOPE_BEGIN|[55]|invoiceRecords|List<Invoice__c>|true|false
11:42:41.4 (146078540)|HEAP_ALLOCATE|[EXTERNAL]|Bytes:4
11:42:41.4 (146093470)|VARIABLE_ASSIGNMENT|[55]|invoiceRecords|[]|0x39e96f08
11:42:41.4 (146171362)|HEAP_ALLOCATE|[58]|Bytes:5
11:42:41.4 (146214754)|VARIABLE_SCOPE_BEGIN|[58]|o|Opportunity|true|false
11:42:41.4 (146564613)|VARIABLE_ASSIGNMENT|[58]|o|{"LastModifiedDate":"2024-02-20T19:42:41.000Z","IsDeleted":false,"AccountId":"001ao000006gvuZAAQ","HasOpportunityLineItem":false,"StageName":"Closed Won","Amount":40.00,"Probability":100,"ForecastCategory":"Closed","IsClosed":true,"CloseDate":"2024-02-20T00:00:00.000Z","Name":"Test Account - Exist (31 more) ...","SystemModstamp":"2024-02-20T19:42:41.000Z","HasOpenActivity":false,"Type":"Existing Customer -  (7 more) ...","ExpectedRevenue":40.00,"CreatedById":"005ao0000003lheAAA","OwnerId":"005ao0000003lheAAA","IsWon":true,"CreatedDate":"2024-02-20T19:42:41.000Z","HasOverdueTask":false,"Id":"006ao000000riqwAAA","ForecastCategoryName":"Closed","IsPrivate":false,"LastModifiedById":"005ao0000003lheAAA"}|0x78ff4ba2
11:42:41.4 (146588564)|STATEMENT_EXECUTE|[58]
11:42:41.4 (146639015)|STATEMENT_EXECUTE|[60]
11:42:41.4 (146645045)|STATEMENT_EXECUTE|[61]
11:42:41.4 (146672307)|METHOD_ENTRY|[61]|01pao0000015Cj7|OppHandler.CreateInvoice(Opportunity)
11:42:41.4 (146701708)|VARIABLE_SCOPE_BEGIN|[27]|o|Opportunity|true|false
11:42:41.4 (146929263)|VARIABLE_ASSIGNMENT|[27]|o|{"LastModifiedDate":"2024-02-20T19:42:41.000Z","IsDeleted":false,"AccountId":"001ao000006gvuZAAQ","HasOpportunityLineItem":false,"StageName":"Closed Won","Amount":40.00,"Probability":100,"ForecastCategory":"Closed","IsClosed":true,"CloseDate":"2024-02-20T00:00:00.000Z","Name":"Test Account - Exist (31 more) ...","SystemModstamp":"2024-02-20T19:42:41.000Z","HasOpenActivity":false,"Type":"Existing Customer -  (7 more) ...","ExpectedRevenue":40.00,"CreatedById":"005ao0000003lheAAA","OwnerId":"005ao0000003lheAAA","IsWon":true,"CreatedDate":"2024-02-20T19:42:41.000Z","HasOverdueTask":false,"Id":"006ao000000riqwAAA","ForecastCategoryName":"Closed","IsPrivate":false,"LastModifiedById":"005ao0000003lheAAA"}|0x78ff4ba2
11:42:41.4 (146955795)|HEAP_ALLOCATE|[28]|Bytes:5
11:42:41.4 (146961955)|STATEMENT_EXECUTE|[27]
11:42:41.4 (146964134)|STATEMENT_EXECUTE|[28]
11:42:41.4 (146999495)|HEAP_ALLOCATE|[28]|Bytes:4
11:42:41.4 (147118159)|VARIABLE_SCOPE_BEGIN|[28]|newInvoice|Invoice__c|true|false
11:42:41.4 (147133939)|VARIABLE_ASSIGNMENT|[28]|newInvoice|{}|0x4c144239
11:42:41.4 (147139309)|STATEMENT_EXECUTE|[29]
11:42:41.4 (147282583)|VARIABLE_ASSIGNMENT|[29]|this.Opportunity__c|"006ao000000riqwAAA"|0x4c144239
11:42:41.4 (147291913)|STATEMENT_EXECUTE|[30]
11:42:41.4 (147346074)|VARIABLE_ASSIGNMENT|[30]|this.Amount__c|40.00|0x4c144239
11:42:41.4 (147353434)|STATEMENT_EXECUTE|[31]
11:42:41.4 (147393327)|VARIABLE_ASSIGNMENT|[31]|this.Account__c|"001ao000006gvuZAAQ"|0x4c144239
11:42:41.4 (147400337)|STATEMENT_EXECUTE|[32]
11:42:41.4 (147518599)|HEAP_ALLOCATE|[32]|Bytes:4
11:42:41.4 (147575261)|VARIABLE_ASSIGNMENT|[32]|this.Due_Date__c|"2024-03-21T00:00:00.000Z"|0x4c144239
11:42:41.4 (147582632)|STATEMENT_EXECUTE|[33]
11:42:41.4 (147594561)|METHOD_EXIT|[61]|01pao0000015Cj7|OppHandler.CreateInvoice(Opportunity)
11:42:41.4 (147612892)|HEAP_ALLOCATE|[EXTERNAL]|Bytes:4
11:42:41.4 (147629933)|HEAP_ALLOCATE|[58]|Bytes:5
11:42:41.4 (147643722)|VARIABLE_ASSIGNMENT|[58]|o|null|
11:42:41.4 (147679794)|STATEMENT_EXECUTE|[66]
11:42:41.4 (147684374)|STATEMENT_EXECUTE|[67]
11:42:41.4 (147765897)|DML_BEGIN|[67]|Op:Insert|Type:Invoice__c|Rows:1
11:42:41.4 (147854968)|HEAP_ALLOCATE|[EXTERNAL]|Bytes:8
11:42:41.4 (150542913)|CODE_UNIT_STARTED|[EXTERNAL]|01qao0000007bm1|masterInvoiceTrigger on Invoice trigger event BeforeInsert|__sfdc_trigger/masterInvoiceTrigger
11:42:41.4 (150591954)|HEAP_ALLOCATE|[EXTERNAL]|Bytes:8
11:42:41.4 (150713517)|HEAP_ALLOCATE|[EXTERNAL]|Bytes:4
11:42:41.4 (150729928)|VARIABLE_SCOPE_BEGIN|[1]|this|masterInvoiceTrigger|true|false
11:42:41.4 (150774259)|VARIABLE_ASSIGNMENT|[1]|this|{}|0x253c441d
11:42:41.4 (150828591)|HEAP_ALLOCATE|[EXTERNAL]|Bytes:4
11:42:41.4 (150918963)|VARIABLE_SCOPE_BEGIN|[1]|this|masterInvoiceTrigger|true|false
11:42:41.4 (150940694)|VARIABLE_ASSIGNMENT|[1]|this|{}|0x253c441d
11:42:41.4 (150950674)|STATEMENT_EXECUTE|[1]
11:42:41.4 (150968434)|STATEMENT_EXECUTE|[5]
11:42:41.4 (150975304)|STATEMENT_EXECUTE|[6]
11:42:41.4 (150981575)|STATEMENT_EXECUTE|[9]
11:42:41.4 (150989545)|STATEMENT_EXECUTE|[12]
11:42:41.4 (150997275)|STATEMENT_EXECUTE|[16]
11:42:41.151 (151007285)|CUMULATIVE_LIMIT_USAGE
11:42:41.151 (151007285)|LIMIT_USAGE_FOR_NS|(default)|
  Number of SOQL queries: 1 out of 100
  Number of query rows: 1 out of 50000
  Number of SOSL queries: 0 out of 20
  Number of DML statements: 3 out of 150
  Number of Publish Immediate DML: 0 out of 150
  Number of DML rows: 3 out of 10000
  Maximum CPU time: 0 out of 10000
  Maximum heap size: 0 out of 6000000
  Number of callouts: 0 out of 100
  Number of Email Invocations: 0 out of 10
  Number of future calls: 0 out of 50
  Number of queueable jobs added to the queue: 0 out of 50
  Number of Mobile Apex push calls: 0 out of 10

11:42:41.151 (151007285)|CUMULATIVE_LIMIT_USAGE_END

11:42:41.4 (151240832)|CODE_UNIT_FINISHED|masterInvoiceTrigger on Invoice trigger event BeforeInsert|__sfdc_trigger/masterInvoiceTrigger
11:42:41.4 (170980984)|CODE_UNIT_STARTED|[EXTERNAL]|01qao0000007bm1|masterInvoiceTrigger on Invoice trigger event AfterInsert|__sfdc_trigger/masterInvoiceTrigger
11:42:41.4 (171057645)|HEAP_ALLOCATE|[EXTERNAL]|Bytes:8
11:42:41.4 (171195319)|HEAP_ALLOCATE|[EXTERNAL]|Bytes:4
11:42:41.4 (171210501)|VARIABLE_SCOPE_BEGIN|[1]|this|masterInvoiceTrigger|true|false
11:42:41.4 (171252592)|VARIABLE_ASSIGNMENT|[1]|this|{}|0x435a2b67
11:42:41.4 (171288162)|HEAP_ALLOCATE|[EXTERNAL]|Bytes:4
11:42:41.4 (171294233)|VARIABLE_SCOPE_BEGIN|[1]|this|masterInvoiceTrigger|true|false
11:42:41.4 (171305303)|VARIABLE_ASSIGNMENT|[1]|this|{}|0x435a2b67
11:42:41.4 (171312202)|STATEMENT_EXECUTE|[1]
11:42:41.4 (171332954)|STATEMENT_EXECUTE|[5]
11:42:41.4 (171340723)|STATEMENT_EXECUTE|[16]
11:42:41.4 (171350043)|STATEMENT_EXECUTE|[17]
11:42:41.4 (171351883)|STATEMENT_EXECUTE|[18]
11:42:41.4 (174608093)|HEAP_ALLOCATE|[18]|Bytes:4
11:42:41.4 (174630034)|HEAP_ALLOCATE|[18]|Bytes:2
11:42:41.4 (174668185)|METHOD_ENTRY|[1]|01pao000001O23J|invoiceTriggerHandler.invoiceTriggerHandler()
11:42:41.4 (174679355)|STATEMENT_EXECUTE|[1]
11:42:41.4 (174688506)|STATEMENT_EXECUTE|[1]
11:42:41.4 (174706816)|HEAP_ALLOCATE|[18]|Bytes:5
11:42:41.4 (174728267)|METHOD_EXIT|[1]|invoiceTriggerHandler
11:42:41.4 (174771848)|METHOD_ENTRY|[18]|01pao000001O23J|invoiceTriggerHandler.applySharing(List<Invoice__c>)
11:42:41.4 (174830109)|VARIABLE_SCOPE_BEGIN|[3]|triggernew|List<Invoice__c>|true|false
11:42:41.4 (175286922)|VARIABLE_ASSIGNMENT|[3]|triggernew|[{"LastModifiedDate":"2024-02-20T19:42:41.000Z","IsDeleted":false,"Name__c":"INV-100020","Opportunity__c":"006ao000000riqwAAA","Name":"a04ao000000AmbG","SystemModstamp":"2024-02-20T19:42:41.000Z","OwnerId":"005ao0000003lheAAA","CreatedById":"005ao0000003lheAAA","Amount__c":40.00,"Due_Date__c":"2024-03-21T00:00:00.000Z","CreatedDate":"2024-02-20T19:42:41.000Z","Paid__c":false,"Account__c":"001ao000006gvuZAAQ","Id":"a04ao000000AmbGAAS","LastModifiedById":"005ao0000003lheAAA"}]|0x6c0c9941
11:42:41.4 (175328863)|HEAP_ALLOCATE|[6]|Bytes:5
11:42:41.4 (175339683)|STATEMENT_EXECUTE|[3]
11:42:41.4 (175342593)|STATEMENT_EXECUTE|[6]
11:42:41.4 (175362034)|HEAP_ALLOCATE|[6]|Bytes:4
11:42:41.4 (175468917)|VARIABLE_SCOPE_BEGIN|[6]|oppIds|Set<Id>|true|false
11:42:41.4 (175512988)|VARIABLE_ASSIGNMENT|[6]|oppIds|[]|0x59ee1373
11:42:41.4 (175708304)|HEAP_ALLOCATE|[7]|Bytes:5
11:42:41.4 (175748774)|VARIABLE_SCOPE_BEGIN|[7]|inv|Invoice__c|true|false
11:42:41.4 (175930969)|VARIABLE_ASSIGNMENT|[7]|inv|{"LastModifiedDate":"2024-02-20T19:42:41.000Z","IsDeleted":false,"Name__c":"INV-100020","Opportunity__c":"006ao000000riqwAAA","Name":"a04ao000000AmbG","SystemModstamp":"2024-02-20T19:42:41.000Z","OwnerId":"005ao0000003lheAAA","CreatedById":"005ao0000003lheAAA","Amount__c":40.00,"Due_Date__c":"2024-03-21T00:00:00.000Z","CreatedDate":"2024-02-20T19:42:41.000Z","Paid__c":false,"Account__c":"001ao000006gvuZAAQ","Id":"a04ao000000AmbGAAS","LastModifiedById":"005ao0000003lheAAA"}|0x698aff58
11:42:41.4 (175949810)|STATEMENT_EXECUTE|[7]
11:42:41.4 (175952960)|STATEMENT_EXECUTE|[8]
11:42:41.4 (176031462)|HEAP_ALLOCATE|[EXTERNAL]|Bytes:4
11:42:41.4 (176061053)|HEAP_ALLOCATE|[7]|Bytes:5
11:42:41.4 (176083074)|VARIABLE_ASSIGNMENT|[7]|inv|null|
11:42:41.4 (176091715)|STATEMENT_EXECUTE|[11]
11:42:41.4 (176112195)|HEAP_ALLOCATE|[11]|Bytes:4
11:42:41.4 (176129445)|VARIABLE_SCOPE_BEGIN|[11]|ownerIds|Map<Id,Id>|true|false
11:42:41.4 (176152196)|VARIABLE_ASSIGNMENT|[11]|ownerIds|{}|0x40560c91
11:42:41.4 (176161295)|HEAP_ALLOCATE|[12]|Bytes:55
11:42:41.4 (176173936)|HEAP_ALLOCATE|[12]|Bytes:4
11:42:41.4 (176665919)|SOQL_EXECUTE_BEGIN|[12]|Aggregations:0|SELECT Id, OwnerId FROM Opportunity WHERE Id = :tmpVar1
11:42:41.4 (183061905)|SOQL_EXECUTE_END|[12]|Rows:1
11:42:41.4 (183123807)|HEAP_ALLOCATE|[EXTERNAL]|Bytes:8
11:42:41.4 (183351223)|HEAP_ALLOCATE|[12]|Bytes:28
11:42:41.4 (183413635)|HEAP_ALLOCATE|[12]|Bytes:8
11:42:41.4 (183472416)|HEAP_ALLOCATE|[12]|Bytes:8
11:42:41.4 (183481707)|HEAP_ALLOCATE|[12]|Bytes:8
11:42:41.4 (183495677)|VARIABLE_SCOPE_BEGIN|[15]|this|Database.QueryLocatorIterator|true|false
11:42:41.4 (183567649)|VARIABLE_ASSIGNMENT|[15]|this|{}|0x7d9b69aa
11:42:41.4 (183579279)|VARIABLE_SCOPE_BEGIN|[15]|values|List<SObject>|true|false
11:42:41.4 (183614030)|VARIABLE_ASSIGNMENT|[15]|values|[{"Id":"006ao000000riqwAAA","OwnerId":"005ao0000003lheAAA"}]|0x78dd14c2
11:42:41.4 (183622510)|VARIABLE_SCOPE_BEGIN|[15]|ql|Database.QueryLocator|true|false
11:42:41.4 (183649911)|VARIABLE_ASSIGNMENT|[15]|ql|{"query":"SELECT Id, OwnerId F (35 more) ..."}|0x13367ac1
11:42:41.4 (183658531)|VARIABLE_SCOPE_BEGIN|[15]|totalNumRecords|Integer|false|false
11:42:41.4 (183672732)|VARIABLE_ASSIGNMENT|[15]|totalNumRecords|1
11:42:41.4 (183678412)|VARIABLE_SCOPE_BEGIN|[15]|queryMoreSize|Integer|false|false
11:42:41.4 (183686452)|VARIABLE_ASSIGNMENT|[15]|queryMoreSize|49998
11:42:41.4 (183759934)|HEAP_ALLOCATE|[12]|Bytes:28
11:42:41.4 (183786695)|METHOD_ENTRY|[12]||Database.QueryLocatorIterator.hasNext()
11:42:41.4 (183840576)|METHOD_EXIT|[12]||Database.QueryLocatorIterator.hasNext()
11:42:41.4 (183849107)|METHOD_ENTRY|[12]||Database.QueryLocatorIterator.next()
11:42:41.4 (183924439)|METHOD_EXIT|[12]||Database.QueryLocatorIterator.next()
11:42:41.4 (183937269)|VARIABLE_SCOPE_BEGIN|[12]|o|Opportunity|true|false
11:42:41.4 (183956419)|VARIABLE_ASSIGNMENT|[12]|o|{"Id":"006ao000000riqwAAA","OwnerId":"005ao0000003lheAAA"}|0x19eb592d
11:42:41.4 (183963580)|STATEMENT_EXECUTE|[12]
11:42:41.4 (183966060)|STATEMENT_EXECUTE|[13]
11:42:41.4 (184076353)|HEAP_ALLOCATE|[EXTERNAL]|Bytes:-4
11:42:41.4 (184093243)|METHOD_ENTRY|[12]||Database.QueryLocatorIterator.hasNext()
11:42:41.4 (184111994)|METHOD_EXIT|[12]||Database.QueryLocatorIterator.hasNext()
11:42:41.4 (184122135)|VARIABLE_ASSIGNMENT|[12]|o|null|
11:42:41.4 (184148325)|STATEMENT_EXECUTE|[17]
11:42:41.4 (184153896)|HEAP_ALLOCATE|[17]|Bytes:94
11:42:41.4 (184172995)|HEAP_ALLOCATE|[17]|Bytes:4
11:42:41.4 (184513435)|SOQL_EXECUTE_BEGIN|[17]|Aggregations:0|SELECT ID, DeveloperName FROM Group WHERE DeveloperName = 'SVPCustomerServiceSupportA' LIMIT 1
11:42:41.4 (190687395)|SOQL_EXECUTE_END|[17]|Rows:1
11:42:41.4 (190757537)|HEAP_ALLOCATE|[17]|Bytes:8
11:42:41.4 (190833939)|HEAP_ALLOCATE|[17]|Bytes:72
11:42:41.4 (190986463)|HEAP_ALLOCATE|[17]|Bytes:8
11:42:41.4 (191025224)|HEAP_ALLOCATE|[17]|Bytes:31
11:42:41.4 (191148927)|HEAP_ALLOCATE|[17]|Bytes:12
11:42:41.4 (191178298)|VARIABLE_SCOPE_BEGIN|[17]|SVPGroup|Group|true|false
11:42:41.4 (191244760)|VARIABLE_ASSIGNMENT|[17]|SVPGroup|{"Id":"00Gao0000002u6FEAQ","DeveloperName":"SVPCustomerServiceSu (6 more) ..."}|0x6b08288d
11:42:41.4 (191260151)|STATEMENT_EXECUTE|[19]
11:42:41.4 (191378954)|HEAP_ALLOCATE|[19]|Bytes:4
11:42:41.4 (191531288)|VARIABLE_SCOPE_BEGIN|[19]|newShares|List<Invoice__Share>|true|false
11:42:41.4 (191553098)|HEAP_ALLOCATE|[EXTERNAL]|Bytes:4
11:42:41.4 (191573929)|VARIABLE_ASSIGNMENT|[19]|newShares|[]|0x712f2df7
11:42:41.4 (191673192)|HEAP_ALLOCATE|[20]|Bytes:5
11:42:41.4 (191719713)|VARIABLE_SCOPE_BEGIN|[20]|inv|Invoice__c|true|false
11:42:41.4 (192009861)|VARIABLE_ASSIGNMENT|[20]|inv|{"LastModifiedDate":"2024-02-20T19:42:41.000Z","IsDeleted":false,"Name__c":"INV-100020","Opportunity__c":"006ao000000riqwAAA","Name":"a04ao000000AmbG","SystemModstamp":"2024-02-20T19:42:41.000Z","OwnerId":"005ao0000003lheAAA","CreatedById":"005ao0000003lheAAA","Amount__c":40.00,"Due_Date__c":"2024-03-21T00:00:00.000Z","CreatedDate":"2024-02-20T19:42:41.000Z","Paid__c":false,"Account__c":"001ao000006gvuZAAQ","Id":"a04ao000000AmbGAAS","LastModifiedById":"005ao0000003lheAAA"}|0x698aff58
11:42:41.4 (192029641)|STATEMENT_EXECUTE|[20]
11:42:41.4 (192032491)|STATEMENT_EXECUTE|[21]
11:42:41.4 (192083493)|HEAP_ALLOCATE|[21]|Bytes:4
11:42:41.4 (192235768)|VARIABLE_SCOPE_BEGIN|[21]|ownerShare|Invoice__Share|true|false
11:42:41.4 (192254718)|VARIABLE_ASSIGNMENT|[21]|ownerShare|{}|0x5891446f
11:42:41.4 (192260919)|STATEMENT_EXECUTE|[22]
11:42:41.4 (192434453)|VARIABLE_ASSIGNMENT|[22]|this.ParentId|"a04ao000000AmbGAAS"|0x5891446f
11:42:41.4 (192443094)|STATEMENT_EXECUTE|[23]
11:42:41.4 (192585667)|VARIABLE_ASSIGNMENT|[23]|this.UserOrGroupId|"005ao0000003lheAAA"|0x5891446f
11:42:41.4 (192595658)|STATEMENT_EXECUTE|[24]
11:42:41.4 (192600308)|HEAP_ALLOCATE|[24]|Bytes:4
11:42:41.4 (192636049)|VARIABLE_ASSIGNMENT|[24]|this.AccessLevel|"Read"|0x5891446f
11:42:41.4 (192642459)|STATEMENT_EXECUTE|[25]
11:42:41.4 (192645798)|HEAP_ALLOCATE|[25]|Bytes:20
11:42:41.4 (192685679)|VARIABLE_ASSIGNMENT|[25]|this.RowCause|"Opportunity_Owner__c"|0x5891446f
11:42:41.4 (192692199)|STATEMENT_EXECUTE|[26]
11:42:41.4 (192728240)|HEAP_ALLOCATE|[EXTERNAL]|Bytes:4
11:42:41.4 (192755072)|HEAP_ALLOCATE|[20]|Bytes:5
11:42:41.4 (192772062)|VARIABLE_ASSIGNMENT|[20]|inv|null|
11:42:41.4 (192778082)|STATEMENT_EXECUTE|[28]
11:42:41.4 (192886045)|USER_DEBUG|[28]|DEBUG|(Invoice__Share:{ParentId=a04ao000000AmbGAAS, UserOrGroupId=005ao0000003lheAAA, AccessLevel=Read, RowCause=Opportunity_Owner__c})
11:42:41.4 (192902026)|STATEMENT_EXECUTE|[29]
11:42:41.4 (192971927)|DML_BEGIN|[29]|Op:Insert|Type:Invoice__Share|Rows:1
11:42:41.4 (193042640)|HEAP_ALLOCATE|[EXTERNAL]|Bytes:8
11:42:41.4 (204328069)|DML_END|[29]
11:42:41.4 (204669868)|HEAP_ALLOCATE|[EXTERNAL]|Bytes:8
11:42:41.4 (204732680)|METHOD_EXIT|[18]|01pao000001O23J|invoiceTriggerHandler.applySharing(List<Invoice__c>)
11:42:41.4 (204772771)|STATEMENT_EXECUTE|[20]
11:42:41.4 (204790002)|STATEMENT_EXECUTE|[23]
11:42:41.4 (204809022)|STATEMENT_EXECUTE|[25]
11:42:41.204 (204829943)|CUMULATIVE_LIMIT_USAGE
11:42:41.204 (204829943)|LIMIT_USAGE_FOR_NS|(default)|
  Number of SOQL queries: 3 out of 100
  Number of query rows: 3 out of 50000
  Number of SOSL queries: 0 out of 20
  Number of DML statements: 4 out of 150
  Number of Publish Immediate DML: 0 out of 150
  Number of DML rows: 4 out of 10000
  Maximum CPU time: 0 out of 10000
  Maximum heap size: 0 out of 6000000
  Number of callouts: 0 out of 100
  Number of Email Invocations: 0 out of 10
  Number of future calls: 0 out of 50
  Number of queueable jobs added to the queue: 0 out of 50
  Number of Mobile Apex push calls: 0 out of 10

11:42:41.204 (204829943)|CUMULATIVE_LIMIT_USAGE_END

11:42:41.4 (205107130)|CODE_UNIT_FINISHED|masterInvoiceTrigger on Invoice trigger event AfterInsert|__sfdc_trigger/masterInvoiceTrigger
11:42:41.4 (208499004)|DML_END|[67]
11:42:41.4 (208547345)|HEAP_ALLOCATE|[EXTERNAL]|Bytes:8
11:42:41.4 (208580106)|SYSTEM_MODE_EXIT|false
11:42:41.4 (208596667)|METHOD_EXIT|[24]|01pao0000015Cj7|OppHandler.CreateInvoiceFromOpportunity(List<Opportunity>)
11:42:41.4 (208614767)|STATEMENT_EXECUTE|[27]
11:42:41.4 (208624407)|STATEMENT_EXECUTE|[31]
11:42:41.4 (208631068)|STATEMENT_EXECUTE|[35]
11:42:41.208 (208643837)|CUMULATIVE_LIMIT_USAGE
11:42:41.208 (208643837)|LIMIT_USAGE_FOR_NS|(default)|
  Number of SOQL queries: 3 out of 100
  Number of query rows: 3 out of 50000
  Number of SOSL queries: 0 out of 20
  Number of DML statements: 4 out of 150
  Number of Publish Immediate DML: 0 out of 150
  Number of DML rows: 4 out of 10000
  Maximum CPU time: 0 out of 10000
  Maximum heap size: 0 out of 6000000
  Number of callouts: 0 out of 100
  Number of Email Invocations: 0 out of 10
  Number of future calls: 0 out of 50
  Number of queueable jobs added to the queue: 0 out of 50
  Number of Mobile Apex push calls: 0 out of 10

11:42:41.208 (208643837)|CUMULATIVE_LIMIT_USAGE_END

11:42:41.4 (208824922)|CODE_UNIT_FINISHED|OppMasterTrigger on Opportunity trigger event AfterInsert|__sfdc_trigger/OppMasterTrigger
11:42:41.4 (212825222)|DML_END|[108]
11:42:41.4 (212993757)|STATEMENT_EXECUTE|[111]
11:42:41.4 (213038878)|HEAP_ALLOCATE|[111]|Bytes:4
11:42:41.4 (213109960)|VARIABLE_SCOPE_BEGIN|[111]|newInv|Invoice__c|true|false
11:42:41.4 (213148151)|VARIABLE_ASSIGNMENT|[111]|newInv|{}|0x7fcb11fc
11:42:41.4 (213154631)|STATEMENT_EXECUTE|[112]
11:42:41.4 (213163001)|HEAP_ALLOCATE|[112]|Bytes:26
11:42:41.4 (213281984)|VARIABLE_ASSIGNMENT|[112]|this.Name|"Test Invoice #Positi (6 more) ..."|0x7fcb11fc
11:42:41.4 (213296435)|STATEMENT_EXECUTE|[113]
11:42:41.4 (213375618)|HEAP_ALLOCATE|[113]|Bytes:28
11:42:41.4 (213406478)|HEAP_ALLOCATE|[113]|Bytes:28
11:42:41.4 (213499181)|VARIABLE_ASSIGNMENT|[113]|this.Amount__c|10|0x7fcb11fc
11:42:41.4 (213514961)|STATEMENT_EXECUTE|[114]
11:42:41.4 (213661386)|HEAP_ALLOCATE|[114]|Bytes:4
11:42:41.4 (213720307)|HEAP_ALLOCATE|[114]|Bytes:4
11:42:41.4 (213829459)|VARIABLE_ASSIGNMENT|[114]|this.Due_Date__c|"2024-02-15T00:00:00.000Z"|0x7fcb11fc
11:42:41.4 (213847731)|STATEMENT_EXECUTE|[115]
11:42:41.4 (213898832)|VARIABLE_ASSIGNMENT|[115]|this.Paid__c|false|0x7fcb11fc
11:42:41.4 (213909901)|STATEMENT_EXECUTE|[116]
11:42:41.4 (214002845)|VARIABLE_ASSIGNMENT|[116]|this.Opportunity__c|"006ao000000riqwAAA"|0x7fcb11fc
11:42:41.4 (214017384)|STATEMENT_EXECUTE|[118]
11:42:41.4 (214089177)|HEAP_ALLOCATE|[EXTERNAL]|Bytes:4
11:42:41.4 (214108707)|STATEMENT_EXECUTE|[121]
11:42:41.4 (214196760)|HEAP_ALLOCATE|[121]|Bytes:98
11:42:41.4 (214227150)|SYSTEM_METHOD_ENTRY|[1]|Test.Test()
11:42:41.4 (214234790)|STATEMENT_EXECUTE|[1]
11:42:41.4 (214251262)|SYSTEM_METHOD_EXIT|[1]|Test
11:42:41.4 (214270092)|METHOD_ENTRY|[121]||System.Test.startTest()
11:42:41.4 (216097183)|METHOD_EXIT|[121]||System.Test.startTest()
11:42:41.4 (216111552)|STATEMENT_EXECUTE|[122]
11:42:41.4 (216135003)|METHOD_ENTRY|[122]|01pao000001O23J|invoiceTriggerHandler.applyLateFeeOnUnpaidInvoice(List<Invoice__c>)
11:42:41.4 (216170025)|VARIABLE_SCOPE_BEGIN|[38]|triggernew|List<Invoice__c>|true|false
11:42:41.4 (216228835)|VARIABLE_ASSIGNMENT|[38]|triggernew|[{"Name":"Test Invoice #Positi (6 more) ...","Amount__c":10,"Due_Date__c":"2024-02-15T00:00:00.000Z","Paid__c":false,"Opportunity__c":"006ao000000riqwAAA"}]|0x7fa979ff
11:42:41.4 (216257107)|SYSTEM_MODE_ENTER|false
11:42:41.4 (216276036)|HEAP_ALLOCATE|[39]|Bytes:5
11:42:41.4 (216284487)|STATEMENT_EXECUTE|[38]
11:42:41.4 (216287698)|STATEMENT_EXECUTE|[39]
11:42:41.4 (216292748)|HEAP_ALLOCATE|[39]|Bytes:85
11:42:41.4 (216320568)|HEAP_ALLOCATE|[39]|Bytes:4
11:42:41.4 (216979907)|SOQL_EXECUTE_BEGIN|[39]|Aggregations:0|SELECT Id, Name, Due_Date__c, Paid__c, Amount__c FROM Invoice__c WHERE Id IN :tmpVar1
11:42:41.4 (224156053)|SOQL_EXECUTE_END|[39]|Rows:0
11:42:41.4 (224214905)|HEAP_ALLOCATE|[39]|Bytes:4
11:42:41.4 (224268877)|HEAP_ALLOCATE|[39]|Bytes:0
11:42:41.4 (224320538)|HEAP_ALLOCATE|[39]|Bytes:4
11:42:41.4 (224351578)|VARIABLE_SCOPE_BEGIN|[39]|fullInvList|List<Invoice__c>|true|false
11:42:41.4 (224385349)|VARIABLE_ASSIGNMENT|[39]|fullInvList|[]|0x4353697
11:42:41.4 (224395230)|STATEMENT_EXECUTE|[41]
11:42:41.4 (224411310)|HEAP_ALLOCATE|[41]|Bytes:4
11:42:41.4 (224473663)|VARIABLE_SCOPE_BEGIN|[41]|invToUpdate|List<Invoice__c>|true|false
11:42:41.4 (224491123)|HEAP_ALLOCATE|[EXTERNAL]|Bytes:4
11:42:41.4 (224505113)|VARIABLE_ASSIGNMENT|[41]|invToUpdate|[]|0x33ba3b82
11:42:41.4 (224596926)|HEAP_ALLOCATE|[42]|Bytes:5
11:42:41.4 (224633676)|VARIABLE_ASSIGNMENT|[42]|i|null|
11:42:41.4 (224643657)|STATEMENT_EXECUTE|[42]
11:42:41.4 (224652708)|SYSTEM_MODE_EXIT|false
11:42:41.4 (224673858)|METHOD_EXIT|[122]|01pao000001O23J|invoiceTriggerHandler.applyLateFeeOnUnpaidInvoice(List<Invoice__c>)
11:42:41.4 (224683877)|STATEMENT_EXECUTE|[123]
11:42:41.4 (224702369)|METHOD_ENTRY|[123]||System.Test.stopTest()
11:42:41.4 (224900844)|METHOD_EXIT|[123]||System.Test.stopTest()
11:42:41.4 (224914115)|STATEMENT_EXECUTE|[124]
11:42:41.4 (224937475)|HEAP_ALLOCATE|[124]|Bytes:24
11:42:41.4 (225079569)|USER_DEBUG|[124]|DEBUG|2024-02-15 00:00:00
11:42:41.4 (225105180)|STATEMENT_EXECUTE|[125]
11:42:41.4 (225125610)|HEAP_ALLOCATE|[125]|Bytes:24
11:42:41.4 (225187142)|HEAP_ALLOCATE|[125]|Bytes:28
11:42:41.4 (225203683)|HEAP_ALLOCATE|[125]|Bytes:16
11:42:41.4 (225324546)|EXCEPTION_THROWN|[125]|System.AssertException: Assertion Failed: Incorrect Amount: Expected: 10, Actual: 11
11:42:41.4 (225547162)|HEAP_ALLOCATE|[125]|Bytes:64
11:42:41.4 (225667985)|FATAL_ERROR|System.AssertException: Assertion Failed: Incorrect Amount: Expected: 10, Actual: 11

Class.invoicescontrollertest.posInvoiceTestCase: line 125, column 1
11:42:41.4 (225682815)|FATAL_ERROR|System.AssertException: Assertion Failed: Incorrect Amount: Expected: 10, Actual: 11

Class.invoicescontrollertest.posInvoiceTestCase: line 125, column 1
11:42:41.225 (225698006)|CUMULATIVE_LIMIT_USAGE
11:42:41.225 (225698006)|LIMIT_USAGE_FOR_NS|(default)|
  Number of SOQL queries: 3 out of 100
  Number of query rows: 3 out of 50000
  Number of SOSL queries: 0 out of 20
  Number of DML statements: 4 out of 150
  Number of Publish Immediate DML: 0 out of 150
  Number of DML rows: 4 out of 10000
  Maximum CPU time: 0 out of 10000
  Maximum heap size: 0 out of 6000000
  Number of callouts: 0 out of 100
  Number of Email Invocations: 0 out of 10
  Number of future calls: 0 out of 50
  Number of queueable jobs added to the queue: 0 out of 50
  Number of Mobile Apex push calls: 0 out of 10

11:42:41.225 (225698006)|TESTING_LIMITS
11:42:41.225 (225698006)|LIMIT_USAGE_FOR_NS|(default)|
  Number of SOQL queries: 1 out of 100
  Number of query rows: 0 out of 50000
  Number of SOSL queries: 0 out of 20
  Number of DML statements: 0 out of 150
  Number of Publish Immediate DML: 0 out of 150
  Number of DML rows: 0 out of 10000
  Maximum CPU time: 0 out of 10000
  Maximum heap size: 0 out of 6000000
  Number of callouts: 0 out of 100
  Number of Email Invocations: 0 out of 10
  Number of future calls: 0 out of 50
  Number of queueable jobs added to the queue: 0 out of 50
  Number of Mobile Apex push calls: 0 out of 10

11:42:41.225 (225698006)|CUMULATIVE_LIMIT_USAGE_END

11:42:41.4 (225751237)|CODE_UNIT_FINISHED|invoicescontrollertest.posInvoiceTestCase()
11:42:41.4 (225765098)|EXECUTION_FINISHED
