59.0 APEX_CODE,FINEST;APEX_PROFILING,INFO;CALLOUT,INFO;DB,INFO;NBA,INFO;SYSTEM,DEBUG;VALIDATION,INFO;VISUALFORCE,FINER;WAVE,INFO;WORKFLOW,INFO
11:31:47.5 (5073500)|USER_INFO|[EXTERNAL]|005ao0000003lhe|alex.downs@spdex450.edu|(GMT-08:00) Pacific Standard Time (America/Los_Angeles)|GMT-08:00
11:31:47.5 (5156341)|EXECUTION_STARTED
11:31:47.5 (5194972)|CODE_UNIT_STARTED|[EXTERNAL]|01pao000001Zu6n|invoicescontrollertest.posInvoiceTestCase()
11:31:47.5 (5627738)|HEAP_ALLOCATE|[79]|Bytes:3
11:31:47.5 (5795211)|HEAP_ALLOCATE|[84]|Bytes:152
11:31:47.5 (5825912)|HEAP_ALLOCATE|[399]|Bytes:408
11:31:47.5 (5847712)|HEAP_ALLOCATE|[412]|Bytes:408
11:31:47.5 (5867612)|HEAP_ALLOCATE|[520]|Bytes:48
11:31:47.5 (5901883)|HEAP_ALLOCATE|[139]|Bytes:6
11:31:47.5 (5929564)|HEAP_ALLOCATE|[EXTERNAL]|Bytes:347
11:31:47.5 (5949114)|METHOD_ENTRY|[2]|01pao000001Zu6n|invoicescontrollertest.invoicescontrollertest()
11:31:47.5 (5956454)|STATEMENT_EXECUTE|[2]
11:31:47.5 (5961764)|STATEMENT_EXECUTE|[2]
11:31:47.5 (5967804)|METHOD_EXIT|[2]|invoicescontrollertest
11:31:47.5 (6017895)|HEAP_ALLOCATE|[52]|Bytes:5
11:31:47.5 (6056075)|HEAP_ALLOCATE|[58]|Bytes:5
11:31:47.5 (6069286)|HEAP_ALLOCATE|[66]|Bytes:7
11:31:47.5 (6149417)|STATEMENT_EXECUTE|[95]
11:31:47.5 (6152227)|STATEMENT_EXECUTE|[98]
11:31:47.5 (6272839)|HEAP_ALLOCATE|[98]|Bytes:4
11:31:47.5 (6459812)|VARIABLE_SCOPE_BEGIN|[98]|newInvoices|List<Invoice__c>|true|false
11:31:47.5 (6477792)|HEAP_ALLOCATE|[EXTERNAL]|Bytes:4
11:31:47.5 (6558843)|VARIABLE_ASSIGNMENT|[98]|newInvoices|[]|0x53b30904
11:31:47.5 (6569333)|STATEMENT_EXECUTE|[99]
11:31:47.5 (6574563)|HEAP_ALLOCATE|[99]|Bytes:12
11:31:47.5 (10102488)|HEAP_ALLOCATE|[99]|Bytes:10
11:31:47.5 (10143590)|METHOD_ENTRY|[2]|01pao0000018irJ|testDataFactory.testDataFactory()
11:31:47.5 (10151300)|STATEMENT_EXECUTE|[2]
11:31:47.5 (10155690)|STATEMENT_EXECUTE|[2]
11:31:47.5 (10163440)|METHOD_EXIT|[2]|testDataFactory
11:31:47.5 (10202911)|METHOD_ENTRY|[99]|01pao0000018irJ|testDataFactory.createValidAccount(String)
11:31:47.5 (10323322)|VARIABLE_SCOPE_BEGIN|[4]|aName|String|false|false
11:31:47.5 (10347063)|VARIABLE_ASSIGNMENT|[4]|aName|"Test Account"
11:31:47.5 (10398073)|STATEMENT_EXECUTE|[4]
11:31:47.5 (10400364)|STATEMENT_EXECUTE|[5]
11:31:47.5 (10441454)|HEAP_ALLOCATE|[5]|Bytes:4
11:31:47.5 (10612827)|VARIABLE_SCOPE_BEGIN|[5]|a|Account|true|false
11:31:47.5 (10649677)|VARIABLE_ASSIGNMENT|[5]|a|{}|0x6844ea35
11:31:47.5 (10657657)|STATEMENT_EXECUTE|[6]
11:31:47.5 (10814151)|VARIABLE_ASSIGNMENT|[6]|this.Name|"Test Account"|0x6844ea35
11:31:47.5 (10826090)|STATEMENT_EXECUTE|[7]
11:31:47.5 (10837440)|METHOD_EXIT|[99]|01pao0000018irJ|testDataFactory.createValidAccount(String)
11:31:47.5 (10848840)|VARIABLE_SCOPE_BEGIN|[99]|a|Account|true|false
11:31:47.5 (10871851)|VARIABLE_ASSIGNMENT|[99]|a|{"Name":"Test Account"}|0x6844ea35
11:31:47.5 (10879152)|STATEMENT_EXECUTE|[100]
11:31:47.5 (10950102)|HEAP_ALLOCATE|[100]|Bytes:8
11:31:47.5 (10988113)|DML_BEGIN|[100]|Op:Insert|Type:Account|Rows:1
11:31:47.5 (11072094)|HEAP_ALLOCATE|[EXTERNAL]|Bytes:8
11:31:47.5 (105046480)|DML_END|[100]
11:31:47.5 (106129296)|STATEMENT_EXECUTE|[101]
11:31:47.5 (106217728)|HEAP_ALLOCATE|[101]|Bytes:4
11:31:47.5 (106426350)|VARIABLE_SCOPE_BEGIN|[101]|o|Opportunity|true|false
11:31:47.5 (106471041)|VARIABLE_ASSIGNMENT|[101]|o|{}|0x21202176
11:31:47.5 (106475372)|STATEMENT_EXECUTE|[102]
11:31:47.5 (106483692)|HEAP_ALLOCATE|[102]|Bytes:8
11:31:47.5 (106620074)|VARIABLE_ASSIGNMENT|[102]|this.Name|"test Opp"|0x21202176
11:31:47.5 (106627003)|STATEMENT_EXECUTE|[103]
11:31:47.5 (106692855)|HEAP_ALLOCATE|[103]|Bytes:28
11:31:47.5 (106743485)|VARIABLE_ASSIGNMENT|[103]|this.Amount|40|0x21202176
11:31:47.5 (106748866)|STATEMENT_EXECUTE|[104]
11:31:47.5 (106752276)|HEAP_ALLOCATE|[104]|Bytes:27
11:31:47.5 (106787037)|VARIABLE_ASSIGNMENT|[104]|this.Type|"Existing Customer -  (7 more) ..."|0x21202176
11:31:47.5 (106792117)|STATEMENT_EXECUTE|[105]
11:31:47.5 (106794337)|HEAP_ALLOCATE|[105]|Bytes:10
11:31:47.5 (106826547)|VARIABLE_ASSIGNMENT|[105]|this.StageName|"Closed Won"|0x21202176
11:31:47.5 (106831948)|STATEMENT_EXECUTE|[106]
11:31:47.5 (106998300)|HEAP_ALLOCATE|[106]|Bytes:4
11:31:47.5 (107084661)|VARIABLE_ASSIGNMENT|[106]|this.CloseDate|"2024-02-20T00:00:00.000Z"|0x21202176
11:31:47.5 (107091781)|STATEMENT_EXECUTE|[107]
11:31:47.5 (107175653)|VARIABLE_ASSIGNMENT|[107]|this.AccountId|"001ao000006i1TBAAY"|0x21202176
11:31:47.5 (107181423)|STATEMENT_EXECUTE|[108]
11:31:47.5 (107242964)|HEAP_ALLOCATE|[108]|Bytes:8
11:31:47.5 (107274694)|DML_BEGIN|[108]|Op:Insert|Type:Opportunity|Rows:1
11:31:47.5 (107352165)|HEAP_ALLOCATE|[EXTERNAL]|Bytes:8
11:31:47.5 (125547191)|CODE_UNIT_STARTED|[EXTERNAL]|01qao00000061vt|OppMasterTrigger on Opportunity trigger event BeforeInsert|__sfdc_trigger/OppMasterTrigger
11:31:47.5 (125615892)|HEAP_ALLOCATE|[EXTERNAL]|Bytes:8
11:31:47.5 (125812565)|HEAP_ALLOCATE|[EXTERNAL]|Bytes:4
11:31:47.5 (125834485)|VARIABLE_SCOPE_BEGIN|[1]|this|OppMasterTrigger|true|false
11:31:47.5 (125900136)|VARIABLE_ASSIGNMENT|[1]|this|{}|0x652a0213
11:31:47.5 (125978307)|HEAP_ALLOCATE|[EXTERNAL]|Bytes:4
11:31:47.5 (126056440)|VARIABLE_SCOPE_BEGIN|[1]|this|OppMasterTrigger|true|false
11:31:47.5 (126082219)|VARIABLE_ASSIGNMENT|[1]|this|{}|0x652a0213
11:31:47.5 (126088699)|STATEMENT_EXECUTE|[1]
11:31:47.5 (126119521)|STATEMENT_EXECUTE|[6]
11:31:47.5 (126128441)|STATEMENT_EXECUTE|[7]
11:31:47.5 (126129690)|STATEMENT_EXECUTE|[8]
11:31:47.5 (129919669)|HEAP_ALLOCATE|[8]|Bytes:10
11:31:47.5 (129975830)|METHOD_ENTRY|[1]|01pao0000015Cj7|OppHandler.OppHandler()
11:31:47.5 (129981680)|STATEMENT_EXECUTE|[1]
11:31:47.5 (129985370)|STATEMENT_EXECUTE|[1]
11:31:47.5 (131360443)|SYSTEM_MODE_ENTER|false
11:31:47.5 (131408063)|HEAP_ALLOCATE|[8]|Bytes:5
11:31:47.5 (131421813)|SYSTEM_MODE_EXIT|false
11:31:47.5 (131437764)|METHOD_EXIT|[1]|OppHandler
11:31:47.5 (131478245)|METHOD_ENTRY|[8]|01pao0000015Cj7|OppHandler.applyNamingConvention(List<Opportunity>)
11:31:47.5 (131551056)|VARIABLE_SCOPE_BEGIN|[3]|triggerNew|List<Opportunity>|true|false
11:31:47.5 (132412059)|VARIABLE_ASSIGNMENT|[3]|triggerNew|[{"IsDeleted":false,"AccountId":"001ao000006i1TBAAY","HasOpportunityLineItem":false,"StageName":"Closed Won","Amount":40.00,"Probability":100,"ForecastCategory":"Closed","IsClosed":true,"CloseDate":"2024-02-20T00:00:00.000Z","Name":"test Opp","HasOpenActivity":false,"Type":"Existing Customer -  (7 more) ...","OwnerId":"005ao0000003lheAAA","IsWon":true,"HasOverdueTask":false,"ForecastCategoryName":"Closed","IsPrivate":false}]|0x83b52b9
11:31:47.5 (132460630)|SYSTEM_MODE_ENTER|false
11:31:47.5 (132474040)|HEAP_ALLOCATE|[10]|Bytes:5
11:31:47.5 (132480250)|STATEMENT_EXECUTE|[3]
11:31:47.5 (132481610)|STATEMENT_EXECUTE|[10]
11:31:47.5 (132537631)|HEAP_ALLOCATE|[10]|Bytes:4
11:31:47.5 (132609863)|VARIABLE_SCOPE_BEGIN|[10]|parentAccounts|Map<Id,Account>|true|false
11:31:47.5 (132634703)|VARIABLE_ASSIGNMENT|[10]|parentAccounts|{}|0x7326f1c6
11:31:47.5 (132639383)|STATEMENT_EXECUTE|[11]
11:31:47.5 (132654842)|HEAP_ALLOCATE|[11]|Bytes:4
11:31:47.5 (132752844)|VARIABLE_SCOPE_BEGIN|[11]|parentIds|Set<Id>|true|false
11:31:47.5 (132790294)|VARIABLE_ASSIGNMENT|[11]|parentIds|[]|0x19ec4c6a
11:31:47.5 (133121210)|HEAP_ALLOCATE|[12]|Bytes:5
11:31:47.5 (133147971)|HEAP_ALLOCATE|[12]|Bytes:4
11:31:47.5 (133161511)|VARIABLE_SCOPE_BEGIN|[12]|o|Opportunity|true|false
11:31:47.5 (135065500)|VARIABLE_ASSIGNMENT|[12]|o|{"IsDeleted":false,"AccountId":"001ao000006i1TBAAY","HasOpportunityLineItem":false,"StageName":"Closed Won","Amount":40.00,"Probability":100,"ForecastCategory":"Closed","IsClosed":true,"CloseDate":"2024-02-20T00:00:00.000Z","Name":"test Opp","HasOpenActivity":false,"Type":"Existing Customer -  (7 more) ...","OwnerId":"005ao0000003lheAAA","IsWon":true,"HasOverdueTask":false,"ForecastCategoryName":"Closed","IsPrivate":false}|0x2bc7c908
11:31:47.5 (135081271)|STATEMENT_EXECUTE|[12]
11:31:47.5 (135082621)|STATEMENT_EXECUTE|[13]
11:31:47.5 (135191482)|HEAP_ALLOCATE|[EXTERNAL]|Bytes:4
11:31:47.5 (135217543)|HEAP_ALLOCATE|[12]|Bytes:5
11:31:47.5 (135233603)|VARIABLE_ASSIGNMENT|[12]|o|null|
11:31:47.5 (135242933)|HEAP_ALLOCATE|[15]|Bytes:48
11:31:47.5 (135260283)|HEAP_ALLOCATE|[15]|Bytes:4
11:31:47.5 (135270193)|HEAP_ALLOCATE|[15]|Bytes:7
11:31:47.5 (135747731)|SOQL_EXECUTE_BEGIN|[15]|Aggregations:0|SELECT Id, Name FROM Account WHERE Id = :tmpVar1
11:31:47.5 (142182722)|SOQL_EXECUTE_END|[15]|Rows:1
11:31:47.5 (142234122)|HEAP_ALLOCATE|[EXTERNAL]|Bytes:8
11:31:47.5 (142469867)|HEAP_ALLOCATE|[15]|Bytes:54
11:31:47.5 (142479326)|HEAP_ALLOCATE|[15]|Bytes:8
11:31:47.5 (142493777)|SYSTEM_METHOD_ENTRY|[7]|QueryLocatorIterator.QueryLocatorIterator()
11:31:47.5 (142497387)|STATEMENT_EXECUTE|[7]
11:31:47.5 (142506637)|SYSTEM_METHOD_EXIT|[7]|QueryLocatorIterator
11:31:47.5 (142514398)|HEAP_ALLOCATE|[15]|Bytes:28
11:31:47.5 (142556527)|HEAP_ALLOCATE|[15]|Bytes:8
11:31:47.5 (142573959)|HEAP_ALLOCATE|[15]|Bytes:8
11:31:47.5 (142576909)|HEAP_ALLOCATE|[15]|Bytes:8
11:31:47.5 (142585128)|VARIABLE_SCOPE_BEGIN|[15]|this|Database.QueryLocatorIterator|true|false
11:31:47.5 (142658350)|VARIABLE_ASSIGNMENT|[15]|this|{}|0x480f1631
11:31:47.5 (142663700)|VARIABLE_SCOPE_BEGIN|[15]|values|List<SObject>|true|false
11:31:47.5 (142690440)|VARIABLE_ASSIGNMENT|[15]|values|[{"Id":"001ao000006i1TBAAY","Name":"Test Account"}]|0x39e5c6af
11:31:47.5 (142694620)|VARIABLE_SCOPE_BEGIN|[15]|ql|Database.QueryLocator|true|false
11:31:47.5 (142709661)|VARIABLE_ASSIGNMENT|[15]|ql|{"query":"SELECT Id, Name FROM (28 more) ..."}|0x3890195c
11:31:47.5 (142713481)|VARIABLE_SCOPE_BEGIN|[15]|totalNumRecords|Integer|false|false
11:31:47.5 (142720191)|VARIABLE_ASSIGNMENT|[15]|totalNumRecords|1
11:31:47.5 (142723171)|VARIABLE_SCOPE_BEGIN|[15]|queryMoreSize|Integer|false|false
11:31:47.5 (142728211)|VARIABLE_ASSIGNMENT|[15]|queryMoreSize|49999
11:31:47.5 (144547959)|HEAP_ALLOCATE|[15]|Bytes:28
11:31:47.5 (144621920)|METHOD_ENTRY|[15]||Database.QueryLocatorIterator.hasNext()
11:31:47.5 (144818363)|METHOD_EXIT|[15]||Database.QueryLocatorIterator.hasNext()
11:31:47.5 (144830273)|METHOD_ENTRY|[15]||Database.QueryLocatorIterator.next()
11:31:47.5 (144949986)|METHOD_EXIT|[15]||Database.QueryLocatorIterator.next()
11:31:47.5 (144965795)|VARIABLE_SCOPE_BEGIN|[15]|a|Account|true|false
11:31:47.5 (144990747)|VARIABLE_ASSIGNMENT|[15]|a|{"Id":"001ao000006i1TBAAY","Name":"Test Account"}|0x5265ca7d
11:31:47.5 (144996766)|STATEMENT_EXECUTE|[15]
11:31:47.5 (144997987)|STATEMENT_EXECUTE|[16]
11:31:47.5 (145074487)|HEAP_ALLOCATE|[EXTERNAL]|Bytes:-4
11:31:47.5 (145087108)|METHOD_ENTRY|[15]||Database.QueryLocatorIterator.hasNext()
11:31:47.5 (145108648)|METHOD_EXIT|[15]||Database.QueryLocatorIterator.hasNext()
11:31:47.5 (145117869)|VARIABLE_ASSIGNMENT|[15]|a|null|
11:31:47.5 (145192110)|HEAP_ALLOCATE|[21]|Bytes:5
11:31:47.5 (145210910)|HEAP_ALLOCATE|[21]|Bytes:4
11:31:47.5 (145218640)|VARIABLE_SCOPE_BEGIN|[21]|o|Opportunity|true|false
11:31:47.5 (146754864)|VARIABLE_ASSIGNMENT|[21]|o|{"IsDeleted":false,"AccountId":"001ao000006i1TBAAY","HasOpportunityLineItem":false,"StageName":"Closed Won","Amount":40.00,"Probability":100,"ForecastCategory":"Closed","IsClosed":true,"CloseDate":"2024-02-20T00:00:00.000Z","Name":"test Opp","HasOpenActivity":false,"Type":"Existing Customer -  (7 more) ...","OwnerId":"005ao0000003lheAAA","IsWon":true,"HasOverdueTask":false,"ForecastCategoryName":"Closed","IsPrivate":false}|0x2bc7c908
11:31:47.5 (146791545)|STATEMENT_EXECUTE|[21]
11:31:47.5 (146793555)|STATEMENT_EXECUTE|[22]
11:31:47.5 (146923637)|HEAP_ALLOCATE|[22]|Bytes:3
11:31:47.5 (147055969)|HEAP_ALLOCATE|[23]|Bytes:1
11:31:47.5 (147068299)|HEAP_ALLOCATE|[23]|Bytes:1
11:31:47.5 (147086719)|HEAP_ALLOCATE|[22]|Bytes:47
11:31:47.5 (147131480)|HEAP_ALLOCATE|[23]|Bytes:4
11:31:47.5 (147144380)|HEAP_ALLOCATE|[22]|Bytes:51
11:31:47.5 (147551387)|VARIABLE_ASSIGNMENT|[22]|this.Name|"Test Account - Exist (31 more) ..."|0x2bc7c908
11:31:47.5 (147577707)|HEAP_ALLOCATE|[21]|Bytes:5
11:31:47.5 (147593167)|VARIABLE_ASSIGNMENT|[21]|o|null|
11:31:47.5 (147604988)|SYSTEM_MODE_EXIT|false
11:31:47.5 (147618447)|METHOD_EXIT|[8]|01pao0000015Cj7|OppHandler.applyNamingConvention(List<Opportunity>)
11:31:47.5 (147639258)|STATEMENT_EXECUTE|[12]
11:31:47.5 (147646917)|STATEMENT_EXECUTE|[16]
11:31:47.5 (147653818)|STATEMENT_EXECUTE|[22]
11:31:47.147 (147669088)|CUMULATIVE_LIMIT_USAGE
11:31:47.147 (147669088)|LIMIT_USAGE_FOR_NS|(default)|
  Number of SOQL queries: 1 out of 100
  Number of query rows: 1 out of 50000
  Number of SOSL queries: 0 out of 20
  Number of DML statements: 2 out of 150
  Number of Publish Immediate DML: 0 out of 150
  Number of DML rows: 2 out of 10000
  Maximum CPU time: 0 out of 10000
  Maximum heap size: 0 out of 6000000
  Number of callouts: 0 out of 100
  Number of Email Invocations: 0 out of 10
  Number of future calls: 0 out of 50
  Number of queueable jobs added to the queue: 0 out of 50
  Number of Mobile Apex push calls: 0 out of 10

11:31:47.147 (147669088)|CUMULATIVE_LIMIT_USAGE_END

11:31:47.5 (148205387)|CODE_UNIT_FINISHED|OppMasterTrigger on Opportunity trigger event BeforeInsert|__sfdc_trigger/OppMasterTrigger
11:31:47.5 (209223975)|CODE_UNIT_STARTED|[EXTERNAL]|01qao00000061vt|OppMasterTrigger on Opportunity trigger event AfterInsert|__sfdc_trigger/OppMasterTrigger
11:31:47.5 (209293456)|HEAP_ALLOCATE|[EXTERNAL]|Bytes:8
11:31:47.5 (209511659)|HEAP_ALLOCATE|[EXTERNAL]|Bytes:4
11:31:47.5 (209526310)|VARIABLE_SCOPE_BEGIN|[1]|this|OppMasterTrigger|true|false
11:31:47.5 (209587660)|VARIABLE_ASSIGNMENT|[1]|this|{}|0x528bd8fe
11:31:47.5 (209647651)|HEAP_ALLOCATE|[EXTERNAL]|Bytes:4
11:31:47.5 (209655531)|VARIABLE_SCOPE_BEGIN|[1]|this|OppMasterTrigger|true|false
11:31:47.5 (209681042)|VARIABLE_ASSIGNMENT|[1]|this|{}|0x528bd8fe
11:31:47.5 (209691462)|STATEMENT_EXECUTE|[1]
11:31:47.5 (209716852)|STATEMENT_EXECUTE|[6]
11:31:47.5 (209727622)|STATEMENT_EXECUTE|[22]
11:31:47.5 (209740092)|STATEMENT_EXECUTE|[23]
11:31:47.5 (209741822)|STATEMENT_EXECUTE|[24]
11:31:47.5 (209815925)|METHOD_ENTRY|[24]|01pao0000015Cj7|OppHandler.CreateInvoiceFromOpportunity(List<Opportunity>)
11:31:47.5 (209891846)|VARIABLE_SCOPE_BEGIN|[54]|triggerNew|List<Opportunity>|true|false
11:31:47.5 (210623927)|VARIABLE_ASSIGNMENT|[54]|triggerNew|[{"LastModifiedDate":"2024-02-20T19:31:47.000Z","IsDeleted":false,"AccountId":"001ao000006i1TBAAY","HasOpportunityLineItem":false,"StageName":"Closed Won","Amount":40.00,"Probability":100,"ForecastCategory":"Closed","IsClosed":true,"CloseDate":"2024-02-20T00:00:00.000Z","Name":"Test Account - Exist (31 more) ...","SystemModstamp":"2024-02-20T19:31:47.000Z","HasOpenActivity":false,"Type":"Existing Customer -  (7 more) ...","ExpectedRevenue":40.00,"CreatedById":"005ao0000003lheAAA","OwnerId":"005ao0000003lheAAA","IsWon":true,"CreatedDate":"2024-02-20T19:31:47.000Z","HasOverdueTask":false,"Id":"006ao000000rjYTAAY","ForecastCategoryName":"Closed","IsPrivate":false,"LastModifiedById":"005ao0000003lheAAA"}]|0x580c5161
11:31:47.5 (212175421)|SYSTEM_MODE_ENTER|false
11:31:47.5 (212204041)|HEAP_ALLOCATE|[55]|Bytes:5
11:31:47.5 (212212371)|STATEMENT_EXECUTE|[54]
11:31:47.5 (212213761)|STATEMENT_EXECUTE|[55]
11:31:47.5 (212232382)|HEAP_ALLOCATE|[55]|Bytes:4
11:31:47.5 (212309283)|VARIABLE_SCOPE_BEGIN|[55]|invoiceRecords|List<Invoice__c>|true|false
11:31:47.5 (212318923)|HEAP_ALLOCATE|[EXTERNAL]|Bytes:4
11:31:47.5 (212336243)|VARIABLE_ASSIGNMENT|[55]|invoiceRecords|[]|0x4f52cde9
11:31:47.5 (212426374)|HEAP_ALLOCATE|[58]|Bytes:5
11:31:47.5 (212465055)|VARIABLE_SCOPE_BEGIN|[58]|o|Opportunity|true|false
11:31:47.5 (212928033)|VARIABLE_ASSIGNMENT|[58]|o|{"LastModifiedDate":"2024-02-20T19:31:47.000Z","IsDeleted":false,"AccountId":"001ao000006i1TBAAY","HasOpportunityLineItem":false,"StageName":"Closed Won","Amount":40.00,"Probability":100,"ForecastCategory":"Closed","IsClosed":true,"CloseDate":"2024-02-20T00:00:00.000Z","Name":"Test Account - Exist (31 more) ...","SystemModstamp":"2024-02-20T19:31:47.000Z","HasOpenActivity":false,"Type":"Existing Customer -  (7 more) ...","ExpectedRevenue":40.00,"CreatedById":"005ao0000003lheAAA","OwnerId":"005ao0000003lheAAA","IsWon":true,"CreatedDate":"2024-02-20T19:31:47.000Z","HasOverdueTask":false,"Id":"006ao000000rjYTAAY","ForecastCategoryName":"Closed","IsPrivate":false,"LastModifiedById":"005ao0000003lheAAA"}|0x4312b0d5
11:31:47.5 (212950403)|STATEMENT_EXECUTE|[58]
11:31:47.5 (213001274)|STATEMENT_EXECUTE|[60]
11:31:47.5 (213005574)|STATEMENT_EXECUTE|[61]
11:31:47.5 (213035515)|METHOD_ENTRY|[61]|01pao0000015Cj7|OppHandler.CreateInvoice(Opportunity)
11:31:47.5 (213099876)|VARIABLE_SCOPE_BEGIN|[27]|o|Opportunity|true|false
11:31:47.5 (213446321)|VARIABLE_ASSIGNMENT|[27]|o|{"LastModifiedDate":"2024-02-20T19:31:47.000Z","IsDeleted":false,"AccountId":"001ao000006i1TBAAY","HasOpportunityLineItem":false,"StageName":"Closed Won","Amount":40.00,"Probability":100,"ForecastCategory":"Closed","IsClosed":true,"CloseDate":"2024-02-20T00:00:00.000Z","Name":"Test Account - Exist (31 more) ...","SystemModstamp":"2024-02-20T19:31:47.000Z","HasOpenActivity":false,"Type":"Existing Customer -  (7 more) ...","ExpectedRevenue":40.00,"CreatedById":"005ao0000003lheAAA","OwnerId":"005ao0000003lheAAA","IsWon":true,"CreatedDate":"2024-02-20T19:31:47.000Z","HasOverdueTask":false,"Id":"006ao000000rjYTAAY","ForecastCategoryName":"Closed","IsPrivate":false,"LastModifiedById":"005ao0000003lheAAA"}|0x4312b0d5
11:31:47.5 (213493661)|HEAP_ALLOCATE|[28]|Bytes:5
11:31:47.5 (213498452)|STATEMENT_EXECUTE|[27]
11:31:47.5 (213499812)|STATEMENT_EXECUTE|[28]
11:31:47.5 (213537202)|HEAP_ALLOCATE|[28]|Bytes:4
11:31:47.5 (213715906)|VARIABLE_SCOPE_BEGIN|[28]|newInvoice|Invoice__c|true|false
11:31:47.5 (213740835)|VARIABLE_ASSIGNMENT|[28]|newInvoice|{}|0x6d999f4
11:31:47.5 (213748336)|STATEMENT_EXECUTE|[29]
11:31:47.5 (213924389)|VARIABLE_ASSIGNMENT|[29]|this.Opportunity__c|"006ao000000rjYTAAY"|0x6d999f4
11:31:47.5 (213932669)|STATEMENT_EXECUTE|[30]
11:31:47.5 (213995110)|VARIABLE_ASSIGNMENT|[30]|this.Amount__c|40.00|0x6d999f4
11:31:47.5 (214001260)|STATEMENT_EXECUTE|[31]
11:31:47.5 (214043061)|VARIABLE_ASSIGNMENT|[31]|this.Account__c|"001ao000006i1TBAAY"|0x6d999f4
11:31:47.5 (214048850)|STATEMENT_EXECUTE|[32]
11:31:47.5 (214158632)|HEAP_ALLOCATE|[32]|Bytes:4
11:31:47.5 (214221903)|VARIABLE_ASSIGNMENT|[32]|this.Due_Date__c|"2024-03-21T00:00:00.000Z"|0x6d999f4
11:31:47.5 (214227613)|STATEMENT_EXECUTE|[33]
11:31:47.5 (214239763)|METHOD_EXIT|[61]|01pao0000015Cj7|OppHandler.CreateInvoice(Opportunity)
11:31:47.5 (214258594)|HEAP_ALLOCATE|[EXTERNAL]|Bytes:4
11:31:47.5 (214278894)|HEAP_ALLOCATE|[58]|Bytes:5
11:31:47.5 (214291354)|VARIABLE_ASSIGNMENT|[58]|o|null|
11:31:47.5 (214338085)|STATEMENT_EXECUTE|[66]
11:31:47.5 (214339705)|STATEMENT_EXECUTE|[67]
11:31:47.5 (214440386)|DML_BEGIN|[67]|Op:Insert|Type:Invoice__c|Rows:1
11:31:47.5 (214525638)|HEAP_ALLOCATE|[EXTERNAL]|Bytes:8
11:31:47.5 (220856038)|CODE_UNIT_STARTED|[EXTERNAL]|01qao0000007bm1|masterInvoiceTrigger on Invoice trigger event BeforeInsert|__sfdc_trigger/masterInvoiceTrigger
11:31:47.5 (220916008)|HEAP_ALLOCATE|[EXTERNAL]|Bytes:8
11:31:47.5 (221082311)|HEAP_ALLOCATE|[EXTERNAL]|Bytes:4
11:31:47.5 (221098711)|VARIABLE_SCOPE_BEGIN|[1]|this|masterInvoiceTrigger|true|false
11:31:47.5 (221155212)|VARIABLE_ASSIGNMENT|[1]|this|{}|0x6b11d282
11:31:47.5 (221227893)|HEAP_ALLOCATE|[EXTERNAL]|Bytes:4
11:31:47.5 (221303234)|VARIABLE_SCOPE_BEGIN|[1]|this|masterInvoiceTrigger|true|false
11:31:47.5 (221327445)|VARIABLE_ASSIGNMENT|[1]|this|{}|0x6b11d282
11:31:47.5 (221333705)|STATEMENT_EXECUTE|[1]
11:31:47.5 (221350195)|STATEMENT_EXECUTE|[5]
11:31:47.5 (221355965)|STATEMENT_EXECUTE|[6]
11:31:47.5 (221361955)|STATEMENT_EXECUTE|[9]
11:31:47.5 (221367205)|STATEMENT_EXECUTE|[12]
11:31:47.5 (221371665)|STATEMENT_EXECUTE|[16]
11:31:47.221 (221381585)|CUMULATIVE_LIMIT_USAGE
11:31:47.221 (221381585)|LIMIT_USAGE_FOR_NS|(default)|
  Number of SOQL queries: 1 out of 100
  Number of query rows: 1 out of 50000
  Number of SOSL queries: 0 out of 20
  Number of DML statements: 3 out of 150
  Number of Publish Immediate DML: 0 out of 150
  Number of DML rows: 3 out of 10000
  Maximum CPU time: 0 out of 10000
  Maximum heap size: 0 out of 6000000
  Number of callouts: 0 out of 100
  Number of Email Invocations: 0 out of 10
  Number of future calls: 0 out of 50
  Number of queueable jobs added to the queue: 0 out of 50
  Number of Mobile Apex push calls: 0 out of 10

11:31:47.221 (221381585)|CUMULATIVE_LIMIT_USAGE_END

11:31:47.5 (221641220)|CODE_UNIT_FINISHED|masterInvoiceTrigger on Invoice trigger event BeforeInsert|__sfdc_trigger/masterInvoiceTrigger
11:31:47.5 (249411865)|CODE_UNIT_STARTED|[EXTERNAL]|01qao0000007bm1|masterInvoiceTrigger on Invoice trigger event AfterInsert|__sfdc_trigger/masterInvoiceTrigger
11:31:47.5 (249494657)|HEAP_ALLOCATE|[EXTERNAL]|Bytes:8
11:31:47.5 (249730421)|HEAP_ALLOCATE|[EXTERNAL]|Bytes:4
11:31:47.5 (249748650)|VARIABLE_SCOPE_BEGIN|[1]|this|masterInvoiceTrigger|true|false
11:31:47.5 (249827331)|VARIABLE_ASSIGNMENT|[1]|this|{}|0xc4ff074
11:31:47.5 (249906684)|HEAP_ALLOCATE|[EXTERNAL]|Bytes:4
11:31:47.5 (249918093)|VARIABLE_SCOPE_BEGIN|[1]|this|masterInvoiceTrigger|true|false
11:31:47.5 (249950744)|VARIABLE_ASSIGNMENT|[1]|this|{}|0xc4ff074
11:31:47.5 (249962884)|STATEMENT_EXECUTE|[1]
11:31:47.5 (249987295)|STATEMENT_EXECUTE|[5]
11:31:47.5 (249996115)|STATEMENT_EXECUTE|[16]
11:31:47.5 (250008755)|STATEMENT_EXECUTE|[17]
11:31:47.5 (250012375)|STATEMENT_EXECUTE|[18]
11:31:47.5 (252820349)|HEAP_ALLOCATE|[18]|Bytes:4
11:31:47.5 (252830699)|HEAP_ALLOCATE|[18]|Bytes:2
11:31:47.5 (252864600)|METHOD_ENTRY|[1]|01pao000001O23J|invoiceTriggerHandler.invoiceTriggerHandler()
11:31:47.5 (252869150)|STATEMENT_EXECUTE|[1]
11:31:47.5 (252872520)|STATEMENT_EXECUTE|[1]
11:31:47.5 (252886550)|HEAP_ALLOCATE|[18]|Bytes:5
11:31:47.5 (252898280)|METHOD_EXIT|[1]|invoiceTriggerHandler
11:31:47.5 (252934881)|METHOD_ENTRY|[18]|01pao000001O23J|invoiceTriggerHandler.applySharing(List<Invoice__c>)
11:31:47.5 (253003142)|VARIABLE_SCOPE_BEGIN|[3]|triggernew|List<Invoice__c>|true|false
11:31:47.5 (253334687)|VARIABLE_ASSIGNMENT|[3]|triggernew|[{"LastModifiedDate":"2024-02-20T19:31:47.000Z","IsDeleted":false,"Name__c":"INV-100020","Opportunity__c":"006ao000000rjYTAAY","Name":"a04ao000000Aq0X","SystemModstamp":"2024-02-20T19:31:47.000Z","OwnerId":"005ao0000003lheAAA","CreatedById":"005ao0000003lheAAA","Amount__c":40.00,"Due_Date__c":"2024-03-21T00:00:00.000Z","CreatedDate":"2024-02-20T19:31:47.000Z","Paid__c":false,"Account__c":"001ao000006i1TBAAY","Id":"a04ao000000Aq0XAAS","LastModifiedById":"005ao0000003lheAAA"}]|0x7b43678d
11:31:47.5 (253384159)|HEAP_ALLOCATE|[6]|Bytes:5
11:31:47.5 (253389738)|STATEMENT_EXECUTE|[3]
11:31:47.5 (253391368)|STATEMENT_EXECUTE|[6]
11:31:47.5 (253404708)|HEAP_ALLOCATE|[6]|Bytes:4
11:31:47.5 (253489189)|VARIABLE_SCOPE_BEGIN|[6]|oppIds|Set<Id>|true|false
11:31:47.5 (253519131)|VARIABLE_ASSIGNMENT|[6]|oppIds|[]|0x18719750
11:31:47.5 (253711564)|HEAP_ALLOCATE|[7]|Bytes:5
11:31:47.5 (253739854)|VARIABLE_SCOPE_BEGIN|[7]|inv|Invoice__c|true|false
11:31:47.5 (253888736)|VARIABLE_ASSIGNMENT|[7]|inv|{"LastModifiedDate":"2024-02-20T19:31:47.000Z","IsDeleted":false,"Name__c":"INV-100020","Opportunity__c":"006ao000000rjYTAAY","Name":"a04ao000000Aq0X","SystemModstamp":"2024-02-20T19:31:47.000Z","OwnerId":"005ao0000003lheAAA","CreatedById":"005ao0000003lheAAA","Amount__c":40.00,"Due_Date__c":"2024-03-21T00:00:00.000Z","CreatedDate":"2024-02-20T19:31:47.000Z","Paid__c":false,"Account__c":"001ao000006i1TBAAY","Id":"a04ao000000Aq0XAAS","LastModifiedById":"005ao0000003lheAAA"}|0x55c96768
11:31:47.5 (253903546)|STATEMENT_EXECUTE|[7]
11:31:47.5 (253905606)|STATEMENT_EXECUTE|[8]
11:31:47.5 (253990248)|HEAP_ALLOCATE|[EXTERNAL]|Bytes:4
11:31:47.5 (254010818)|HEAP_ALLOCATE|[7]|Bytes:5
11:31:47.5 (254025998)|VARIABLE_ASSIGNMENT|[7]|inv|null|
11:31:47.5 (254030638)|STATEMENT_EXECUTE|[11]
11:31:47.5 (254045939)|HEAP_ALLOCATE|[11]|Bytes:4
11:31:47.5 (254058329)|VARIABLE_SCOPE_BEGIN|[11]|ownerIds|Map<Id,Id>|true|false
11:31:47.5 (254078179)|VARIABLE_ASSIGNMENT|[11]|ownerIds|{}|0x4196a196
11:31:47.5 (254084659)|HEAP_ALLOCATE|[12]|Bytes:55
11:31:47.5 (254092769)|HEAP_ALLOCATE|[12]|Bytes:4
11:31:47.5 (254731229)|SOQL_EXECUTE_BEGIN|[12]|Aggregations:0|SELECT Id, OwnerId FROM Opportunity WHERE Id = :tmpVar1
11:31:47.5 (259980041)|SOQL_EXECUTE_END|[12]|Rows:1
11:31:47.5 (260022183)|HEAP_ALLOCATE|[EXTERNAL]|Bytes:8
11:31:47.5 (260170555)|HEAP_ALLOCATE|[12]|Bytes:28
11:31:47.5 (260200835)|HEAP_ALLOCATE|[12]|Bytes:8
11:31:47.5 (260212425)|HEAP_ALLOCATE|[12]|Bytes:8
11:31:47.5 (260214985)|HEAP_ALLOCATE|[12]|Bytes:8
11:31:47.5 (260221895)|VARIABLE_SCOPE_BEGIN|[15]|this|Database.QueryLocatorIterator|true|false
11:31:47.5 (260284886)|VARIABLE_ASSIGNMENT|[15]|this|{}|0x375db850
11:31:47.5 (260290147)|VARIABLE_SCOPE_BEGIN|[15]|values|List<SObject>|true|false
11:31:47.5 (260312347)|VARIABLE_ASSIGNMENT|[15]|values|[{"Id":"006ao000000rjYTAAY","OwnerId":"005ao0000003lheAAA"}]|0x3de8cee0
11:31:47.5 (260316087)|VARIABLE_SCOPE_BEGIN|[15]|ql|Database.QueryLocator|true|false
11:31:47.5 (260330287)|VARIABLE_ASSIGNMENT|[15]|ql|{"query":"SELECT Id, OwnerId F (35 more) ..."}|0x58e26e2d
11:31:47.5 (260333917)|VARIABLE_SCOPE_BEGIN|[15]|totalNumRecords|Integer|false|false
11:31:47.5 (260339807)|VARIABLE_ASSIGNMENT|[15]|totalNumRecords|1
11:31:47.5 (260342757)|VARIABLE_SCOPE_BEGIN|[15]|queryMoreSize|Integer|false|false
11:31:47.5 (260347416)|VARIABLE_ASSIGNMENT|[15]|queryMoreSize|49998
11:31:47.5 (260403678)|HEAP_ALLOCATE|[12]|Bytes:28
11:31:47.5 (260420649)|METHOD_ENTRY|[12]||Database.QueryLocatorIterator.hasNext()
11:31:47.5 (260472258)|METHOD_EXIT|[12]||Database.QueryLocatorIterator.hasNext()
11:31:47.5 (260479569)|METHOD_ENTRY|[12]||Database.QueryLocatorIterator.next()
11:31:47.5 (260574271)|METHOD_EXIT|[12]||Database.QueryLocatorIterator.next()
11:31:47.5 (260587421)|VARIABLE_SCOPE_BEGIN|[12]|o|Opportunity|true|false
11:31:47.5 (260602831)|VARIABLE_ASSIGNMENT|[12]|o|{"Id":"006ao000000rjYTAAY","OwnerId":"005ao0000003lheAAA"}|0x716f2262
11:31:47.5 (260608411)|STATEMENT_EXECUTE|[12]
11:31:47.5 (260609651)|STATEMENT_EXECUTE|[13]
11:31:47.5 (260703253)|HEAP_ALLOCATE|[EXTERNAL]|Bytes:-4
11:31:47.5 (260715813)|METHOD_ENTRY|[12]||Database.QueryLocatorIterator.hasNext()
11:31:47.5 (260738703)|METHOD_EXIT|[12]||Database.QueryLocatorIterator.hasNext()
11:31:47.5 (260747373)|VARIABLE_ASSIGNMENT|[12]|o|null|
11:31:47.5 (260766314)|STATEMENT_EXECUTE|[17]
11:31:47.5 (260769454)|HEAP_ALLOCATE|[17]|Bytes:94
11:31:47.5 (260782194)|HEAP_ALLOCATE|[17]|Bytes:4
11:31:47.5 (261137999)|SOQL_EXECUTE_BEGIN|[17]|Aggregations:0|SELECT ID, DeveloperName FROM Group WHERE DeveloperName = 'SVPCustomerServiceSupportA' LIMIT 1
11:31:47.5 (269158625)|SOQL_EXECUTE_END|[17]|Rows:1
11:31:47.5 (269199407)|HEAP_ALLOCATE|[17]|Bytes:8
11:31:47.5 (269231287)|HEAP_ALLOCATE|[17]|Bytes:72
11:31:47.5 (269311878)|HEAP_ALLOCATE|[17]|Bytes:8
11:31:47.5 (269325298)|HEAP_ALLOCATE|[17]|Bytes:31
11:31:47.5 (269427639)|HEAP_ALLOCATE|[17]|Bytes:12
11:31:47.5 (269438399)|VARIABLE_SCOPE_BEGIN|[17]|SVPGroup|Group|true|false
11:31:47.5 (269464280)|VARIABLE_ASSIGNMENT|[17]|SVPGroup|{"Id":"00Gao0000002u6FEAQ","DeveloperName":"SVPCustomerServiceSu (6 more) ..."}|0x5ff8b990
11:31:47.5 (269469941)|STATEMENT_EXECUTE|[19]
11:31:47.5 (269547212)|HEAP_ALLOCATE|[19]|Bytes:4
11:31:47.5 (269647643)|VARIABLE_SCOPE_BEGIN|[19]|newShares|List<Invoice__Share>|true|false
11:31:47.5 (269656224)|HEAP_ALLOCATE|[EXTERNAL]|Bytes:4
11:31:47.5 (269669494)|VARIABLE_ASSIGNMENT|[19]|newShares|[]|0x2e38fca7
11:31:47.5 (269735265)|HEAP_ALLOCATE|[20]|Bytes:5
11:31:47.5 (269757484)|VARIABLE_SCOPE_BEGIN|[20]|inv|Invoice__c|true|false
11:31:47.5 (269927858)|VARIABLE_ASSIGNMENT|[20]|inv|{"LastModifiedDate":"2024-02-20T19:31:47.000Z","IsDeleted":false,"Name__c":"INV-100020","Opportunity__c":"006ao000000rjYTAAY","Name":"a04ao000000Aq0X","SystemModstamp":"2024-02-20T19:31:47.000Z","OwnerId":"005ao0000003lheAAA","CreatedById":"005ao0000003lheAAA","Amount__c":40.00,"Due_Date__c":"2024-03-21T00:00:00.000Z","CreatedDate":"2024-02-20T19:31:47.000Z","Paid__c":false,"Account__c":"001ao000006i1TBAAY","Id":"a04ao000000Aq0XAAS","LastModifiedById":"005ao0000003lheAAA"}|0x55c96768
11:31:47.5 (269940368)|STATEMENT_EXECUTE|[20]
11:31:47.5 (269941808)|STATEMENT_EXECUTE|[21]
11:31:47.5 (269982218)|HEAP_ALLOCATE|[21]|Bytes:4
11:31:47.5 (270109940)|VARIABLE_SCOPE_BEGIN|[21]|ownerShare|Invoice__Share|true|false
11:31:47.5 (270126051)|VARIABLE_ASSIGNMENT|[21]|ownerShare|{}|0x37d401f9
11:31:47.5 (270130711)|STATEMENT_EXECUTE|[22]
11:31:47.5 (270276063)|VARIABLE_ASSIGNMENT|[22]|this.ParentId|"a04ao000000Aq0XAAS"|0x37d401f9
11:31:47.5 (270284253)|STATEMENT_EXECUTE|[23]
11:31:47.5 (270417765)|VARIABLE_ASSIGNMENT|[23]|this.UserOrGroupId|"005ao0000003lheAAA"|0x37d401f9
11:31:47.5 (270426115)|STATEMENT_EXECUTE|[24]
11:31:47.5 (270429426)|HEAP_ALLOCATE|[24]|Bytes:4
11:31:47.5 (270465476)|VARIABLE_ASSIGNMENT|[24]|this.AccessLevel|"Read"|0x37d401f9
11:31:47.5 (270470427)|STATEMENT_EXECUTE|[25]
11:31:47.5 (270473076)|HEAP_ALLOCATE|[25]|Bytes:20
11:31:47.5 (270516907)|VARIABLE_ASSIGNMENT|[25]|this.RowCause|"Opportunity_Owner__c"|0x37d401f9
11:31:47.5 (270521828)|STATEMENT_EXECUTE|[26]
11:31:47.5 (270567327)|HEAP_ALLOCATE|[EXTERNAL]|Bytes:4
11:31:47.5 (270586897)|HEAP_ALLOCATE|[20]|Bytes:5
11:31:47.5 (270600878)|VARIABLE_ASSIGNMENT|[20]|inv|null|
11:31:47.5 (270605509)|STATEMENT_EXECUTE|[28]
11:31:47.5 (270714739)|USER_DEBUG|[28]|DEBUG|(Invoice__Share:{ParentId=a04ao000000Aq0XAAS, UserOrGroupId=005ao0000003lheAAA, AccessLevel=Read, RowCause=Opportunity_Owner__c})
11:31:47.5 (270727041)|STATEMENT_EXECUTE|[29]
11:31:47.5 (270822272)|DML_BEGIN|[29]|Op:Insert|Type:Invoice__Share|Rows:1
11:31:47.5 (270883172)|HEAP_ALLOCATE|[EXTERNAL]|Bytes:8
11:31:47.5 (285581874)|DML_END|[29]
11:31:47.5 (286752682)|HEAP_ALLOCATE|[EXTERNAL]|Bytes:8
11:31:47.5 (286792013)|METHOD_EXIT|[18]|01pao000001O23J|invoiceTriggerHandler.applySharing(List<Invoice__c>)
11:31:47.5 (286821773)|STATEMENT_EXECUTE|[20]
11:31:47.5 (286830063)|STATEMENT_EXECUTE|[23]
11:31:47.5 (286839143)|STATEMENT_EXECUTE|[25]
11:31:47.286 (286857993)|CUMULATIVE_LIMIT_USAGE
11:31:47.286 (286857993)|LIMIT_USAGE_FOR_NS|(default)|
  Number of SOQL queries: 3 out of 100
  Number of query rows: 3 out of 50000
  Number of SOSL queries: 0 out of 20
  Number of DML statements: 4 out of 150
  Number of Publish Immediate DML: 0 out of 150
  Number of DML rows: 4 out of 10000
  Maximum CPU time: 0 out of 10000
  Maximum heap size: 0 out of 6000000
  Number of callouts: 0 out of 100
  Number of Email Invocations: 0 out of 10
  Number of future calls: 0 out of 50
  Number of queueable jobs added to the queue: 0 out of 50
  Number of Mobile Apex push calls: 0 out of 10

11:31:47.286 (286857993)|CUMULATIVE_LIMIT_USAGE_END

11:31:47.5 (287112038)|CODE_UNIT_FINISHED|masterInvoiceTrigger on Invoice trigger event AfterInsert|__sfdc_trigger/masterInvoiceTrigger
11:31:47.5 (292943009)|DML_END|[67]
11:31:47.5 (292987239)|HEAP_ALLOCATE|[EXTERNAL]|Bytes:8
11:31:47.5 (293017501)|SYSTEM_MODE_EXIT|false
11:31:47.5 (293034040)|METHOD_EXIT|[24]|01pao0000015Cj7|OppHandler.CreateInvoiceFromOpportunity(List<Opportunity>)
11:31:47.5 (293056030)|STATEMENT_EXECUTE|[27]
11:31:47.5 (293064110)|STATEMENT_EXECUTE|[31]
11:31:47.5 (293071182)|STATEMENT_EXECUTE|[35]
11:31:47.293 (293085431)|CUMULATIVE_LIMIT_USAGE
11:31:47.293 (293085431)|LIMIT_USAGE_FOR_NS|(default)|
  Number of SOQL queries: 3 out of 100
  Number of query rows: 3 out of 50000
  Number of SOSL queries: 0 out of 20
  Number of DML statements: 4 out of 150
  Number of Publish Immediate DML: 0 out of 150
  Number of DML rows: 4 out of 10000
  Maximum CPU time: 0 out of 10000
  Maximum heap size: 0 out of 6000000
  Number of callouts: 0 out of 100
  Number of Email Invocations: 0 out of 10
  Number of future calls: 0 out of 50
  Number of queueable jobs added to the queue: 0 out of 50
  Number of Mobile Apex push calls: 0 out of 10

11:31:47.293 (293085431)|CUMULATIVE_LIMIT_USAGE_END

11:31:47.5 (293309174)|CODE_UNIT_FINISHED|OppMasterTrigger on Opportunity trigger event AfterInsert|__sfdc_trigger/OppMasterTrigger
11:31:47.5 (298717950)|DML_END|[108]
11:31:47.5 (299794136)|STATEMENT_EXECUTE|[111]
11:31:47.5 (299830917)|HEAP_ALLOCATE|[111]|Bytes:4
11:31:47.5 (299891169)|VARIABLE_SCOPE_BEGIN|[111]|newInv|Invoice__c|true|false
11:31:47.5 (299923028)|VARIABLE_ASSIGNMENT|[111]|newInv|{}|0x3bff5415
11:31:47.5 (299927609)|STATEMENT_EXECUTE|[112]
11:31:47.5 (299933308)|HEAP_ALLOCATE|[112]|Bytes:26
11:31:47.5 (300036691)|VARIABLE_ASSIGNMENT|[112]|this.Name|"Test Invoice #Positi (6 more) ..."|0x3bff5415
11:31:47.5 (300043920)|STATEMENT_EXECUTE|[113]
11:31:47.5 (300095472)|HEAP_ALLOCATE|[113]|Bytes:28
11:31:47.5 (300100952)|HEAP_ALLOCATE|[113]|Bytes:28
11:31:47.5 (300148961)|VARIABLE_ASSIGNMENT|[113]|this.Amount__c|10|0x3bff5415
11:31:47.5 (300155373)|STATEMENT_EXECUTE|[114]
11:31:47.5 (300292425)|HEAP_ALLOCATE|[114]|Bytes:4
11:31:47.5 (300318655)|HEAP_ALLOCATE|[114]|Bytes:4
11:31:47.5 (300383506)|VARIABLE_ASSIGNMENT|[114]|this.Due_Date__c|"2024-02-15T00:00:00.000Z"|0x3bff5415
11:31:47.5 (300390876)|STATEMENT_EXECUTE|[115]
11:31:47.5 (300416516)|VARIABLE_ASSIGNMENT|[115]|this.Paid__c|false|0x3bff5415
11:31:47.5 (300421656)|STATEMENT_EXECUTE|[116]
11:31:47.5 (300477007)|VARIABLE_ASSIGNMENT|[116]|this.Opportunity__c|"006ao000000rjYTAAY"|0x3bff5415
11:31:47.5 (300483397)|STATEMENT_EXECUTE|[118]
11:31:47.5 (300582459)|HEAP_ALLOCATE|[EXTERNAL]|Bytes:4
11:31:47.5 (300592969)|STATEMENT_EXECUTE|[121]
11:31:47.5 (300660200)|HEAP_ALLOCATE|[121]|Bytes:98
11:31:47.5 (300684870)|SYSTEM_METHOD_ENTRY|[1]|Test.Test()
11:31:47.5 (300687890)|STATEMENT_EXECUTE|[1]
11:31:47.5 (300695471)|SYSTEM_METHOD_EXIT|[1]|Test
11:31:47.5 (300709761)|METHOD_ENTRY|[121]||System.Test.startTest()
11:31:47.5 (305516406)|METHOD_EXIT|[121]||System.Test.startTest()
11:31:47.5 (305533387)|STATEMENT_EXECUTE|[122]
11:31:47.5 (305565347)|METHOD_ENTRY|[122]|01pao000001O23J|invoiceTriggerHandler.applyLateFeeOnUnpaidInvoice(List<Invoice__c>)
11:31:47.5 (305653989)|VARIABLE_SCOPE_BEGIN|[38]|triggernew|List<Invoice__c>|true|false
11:31:47.5 (305724660)|VARIABLE_ASSIGNMENT|[38]|triggernew|[{"Name":"Test Invoice #Positi (6 more) ...","Amount__c":10,"Due_Date__c":"2024-02-15T00:00:00.000Z","Paid__c":false,"Opportunity__c":"006ao000000rjYTAAY"}]|0x53b30904
11:31:47.5 (305756240)|SYSTEM_MODE_ENTER|false
11:31:47.5 (305770850)|HEAP_ALLOCATE|[39]|Bytes:5
11:31:47.5 (305774470)|STATEMENT_EXECUTE|[38]
11:31:47.5 (305775940)|STATEMENT_EXECUTE|[39]
11:31:47.5 (305780670)|HEAP_ALLOCATE|[39]|Bytes:79
11:31:47.5 (305800591)|HEAP_ALLOCATE|[39]|Bytes:4
11:31:47.5 (306289758)|SOQL_EXECUTE_BEGIN|[39]|Aggregations:0|SELECT Id, Due_Date__c, Paid__c, Amount__c FROM Invoice__c WHERE Id IN :tmpVar1
11:31:47.5 (309955276)|SOQL_EXECUTE_END|[39]|Rows:0
11:31:47.5 (309999077)|HEAP_ALLOCATE|[39]|Bytes:4
11:31:47.5 (310028147)|HEAP_ALLOCATE|[39]|Bytes:0
11:31:47.5 (310057258)|HEAP_ALLOCATE|[39]|Bytes:4
11:31:47.5 (310066578)|VARIABLE_SCOPE_BEGIN|[39]|fullInvList|List<Invoice__c>|true|false
11:31:47.5 (310090198)|VARIABLE_ASSIGNMENT|[39]|fullInvList|[]|0x4cb1cc70
11:31:47.5 (310095068)|STATEMENT_EXECUTE|[41]
11:31:47.5 (310103208)|HEAP_ALLOCATE|[41]|Bytes:4
11:31:47.5 (310158789)|VARIABLE_SCOPE_BEGIN|[41]|invToUpdate|List<Invoice__c>|true|false
11:31:47.5 (310166439)|HEAP_ALLOCATE|[EXTERNAL]|Bytes:4
11:31:47.5 (310173829)|VARIABLE_ASSIGNMENT|[41]|invToUpdate|[]|0x6461ec35
11:31:47.5 (310243740)|HEAP_ALLOCATE|[42]|Bytes:5
11:31:47.5 (310261421)|VARIABLE_ASSIGNMENT|[42]|i|null|
11:31:47.5 (310266401)|STATEMENT_EXECUTE|[42]
11:31:47.5 (310275551)|SYSTEM_MODE_EXIT|false
11:31:47.5 (310287401)|METHOD_EXIT|[122]|01pao000001O23J|invoiceTriggerHandler.applyLateFeeOnUnpaidInvoice(List<Invoice__c>)
11:31:47.5 (310293772)|STATEMENT_EXECUTE|[123]
11:31:47.5 (310304641)|METHOD_ENTRY|[123]||System.Test.stopTest()
11:31:47.5 (310461295)|METHOD_EXIT|[123]||System.Test.stopTest()
11:31:47.5 (310467794)|STATEMENT_EXECUTE|[124]
11:31:47.5 (310482015)|HEAP_ALLOCATE|[124]|Bytes:24
11:31:47.5 (310570485)|USER_DEBUG|[124]|DEBUG|2024-02-15 00:00:00
11:31:47.5 (310580485)|STATEMENT_EXECUTE|[125]
11:31:47.5 (310587755)|HEAP_ALLOCATE|[125]|Bytes:24
11:31:47.5 (310614827)|HEAP_ALLOCATE|[125]|Bytes:28
11:31:47.5 (310621537)|HEAP_ALLOCATE|[125]|Bytes:16
11:31:47.5 (310702458)|EXCEPTION_THROWN|[125]|System.AssertException: Assertion Failed: Incorrect Amount: Expected: 10, Actual: 11
11:31:47.5 (310825900)|HEAP_ALLOCATE|[125]|Bytes:64
11:31:47.5 (310924221)|FATAL_ERROR|System.AssertException: Assertion Failed: Incorrect Amount: Expected: 10, Actual: 11

Class.invoicescontrollertest.posInvoiceTestCase: line 125, column 1
11:31:47.5 (310938452)|FATAL_ERROR|System.AssertException: Assertion Failed: Incorrect Amount: Expected: 10, Actual: 11

Class.invoicescontrollertest.posInvoiceTestCase: line 125, column 1
11:31:47.310 (310952042)|CUMULATIVE_LIMIT_USAGE
11:31:47.310 (310952042)|LIMIT_USAGE_FOR_NS|(default)|
  Number of SOQL queries: 3 out of 100
  Number of query rows: 3 out of 50000
  Number of SOSL queries: 0 out of 20
  Number of DML statements: 4 out of 150
  Number of Publish Immediate DML: 0 out of 150
  Number of DML rows: 4 out of 10000
  Maximum CPU time: 0 out of 10000
  Maximum heap size: 0 out of 6000000
  Number of callouts: 0 out of 100
  Number of Email Invocations: 0 out of 10
  Number of future calls: 0 out of 50
  Number of queueable jobs added to the queue: 0 out of 50
  Number of Mobile Apex push calls: 0 out of 10

11:31:47.310 (310952042)|TESTING_LIMITS
11:31:47.310 (310952042)|LIMIT_USAGE_FOR_NS|(default)|
  Number of SOQL queries: 1 out of 100
  Number of query rows: 0 out of 50000
  Number of SOSL queries: 0 out of 20
  Number of DML statements: 0 out of 150
  Number of Publish Immediate DML: 0 out of 150
  Number of DML rows: 0 out of 10000
  Maximum CPU time: 0 out of 10000
  Maximum heap size: 0 out of 6000000
  Number of callouts: 0 out of 100
  Number of Email Invocations: 0 out of 10
  Number of future calls: 0 out of 50
  Number of queueable jobs added to the queue: 0 out of 50
  Number of Mobile Apex push calls: 0 out of 10

11:31:47.310 (310952042)|CUMULATIVE_LIMIT_USAGE_END

11:31:47.5 (311024713)|CODE_UNIT_FINISHED|invoicescontrollertest.posInvoiceTestCase()
11:31:47.5 (311035093)|EXECUTION_FINISHED
